[0.119s] DEBUG:colcon:Command line arguments: ['/usr/bin/colcon', 'build']
[0.119s] DEBUG:colcon:Parsed command line arguments: Namespace(log_base=None, log_level=None, verb_name='build', build_base='build', install_base='install', merge_install=False, symlink_install=False, test_result_base=None, continue_on_error=False, executor='parallel', parallel_workers=12, event_handlers=None, ignore_user_meta=False, metas=['./colcon.meta'], base_paths=['.'], packages_ignore=None, packages_ignore_regex=None, paths=None, packages_up_to=None, packages_up_to_regex=None, packages_above=None, packages_above_and_dependencies=None, packages_above_depth=None, packages_select_by_dep=None, packages_skip_by_dep=None, packages_skip_up_to=None, packages_select_build_failed=False, packages_skip_build_finished=False, packages_select_test_failures=False, packages_skip_test_passed=False, packages_select=None, packages_skip=None, packages_select_regex=None, packages_skip_regex=None, packages_start=None, packages_end=None, allow_overriding=[], cmake_args=None, cmake_target=None, cmake_target_skip_unavailable=False, cmake_clean_cache=False, cmake_clean_first=False, cmake_force_configure=False, ament_cmake_args=None, catkin_cmake_args=None, catkin_skip_building_tests=False, mixin_files=None, mixin=None, verb_parser=<colcon_mixin.mixin.mixin_argument.MixinArgumentDecorator object at 0x7ce1e8566ec0>, verb_extension=<colcon_core.verb.build.BuildVerb object at 0x7ce1e8566020>, main=<bound method BuildVerb.main of <colcon_core.verb.build.BuildVerb object at 0x7ce1e8566020>>, mixin_verb=('build',))
[0.280s] Level 1:colcon.colcon_core.package_discovery:discover_packages(colcon_meta) check parameters
[0.280s] Level 1:colcon.colcon_core.package_discovery:discover_packages(recursive) check parameters
[0.280s] Level 1:colcon.colcon_core.package_discovery:discover_packages(ignore) check parameters
[0.280s] Level 1:colcon.colcon_core.package_discovery:discover_packages(path) check parameters
[0.280s] Level 1:colcon.colcon_core.package_discovery:discover_packages(colcon_meta) discover
[0.281s] Level 1:colcon.colcon_core.package_discovery:discover_packages(recursive) discover
[0.281s] INFO:colcon.colcon_core.package_discovery:Crawling recursively for packages in '/home/enryu/Desktop/Path-Following-Robot'
[0.281s] Level 1:colcon.colcon_core.package_identification:_identify(.) by extensions ['ignore', 'ignore_ament_install']
[0.281s] Level 1:colcon.colcon_core.package_identification:_identify(.) by extension 'ignore'
[0.281s] Level 1:colcon.colcon_core.package_identification:_identify(.) by extension 'ignore_ament_install'
[0.281s] Level 1:colcon.colcon_core.package_identification:_identify(.) by extensions ['colcon_pkg']
[0.281s] Level 1:colcon.colcon_core.package_identification:_identify(.) by extension 'colcon_pkg'
[0.281s] Level 1:colcon.colcon_core.package_identification:_identify(.) by extensions ['colcon_meta']
[0.281s] Level 1:colcon.colcon_core.package_identification:_identify(.) by extension 'colcon_meta'
[0.281s] Level 1:colcon.colcon_core.package_identification:_identify(.) by extensions ['ros']
[0.281s] Level 1:colcon.colcon_core.package_identification:_identify(.) by extension 'ros'
[0.291s] Level 1:colcon.colcon_core.package_identification:_identify(.) by extensions ['cmake', 'python']
[0.291s] Level 1:colcon.colcon_core.package_identification:_identify(.) by extension 'cmake'
[0.291s] Level 1:colcon.colcon_core.package_identification:_identify(.) by extension 'python'
[0.291s] Level 1:colcon.colcon_core.package_identification:_identify(.) by extensions ['python_setup_py']
[0.291s] Level 1:colcon.colcon_core.package_identification:_identify(.) by extension 'python_setup_py'
[0.291s] Level 1:colcon.colcon_core.package_identification:_identify(build) by extensions ['ignore', 'ignore_ament_install']
[0.292s] Level 1:colcon.colcon_core.package_identification:_identify(build) by extension 'ignore'
[0.292s] Level 1:colcon.colcon_core.package_identification:_identify(build) ignored
[0.292s] Level 1:colcon.colcon_core.package_identification:_identify(install) by extensions ['ignore', 'ignore_ament_install']
[0.292s] Level 1:colcon.colcon_core.package_identification:_identify(install) by extension 'ignore'
[0.292s] Level 1:colcon.colcon_core.package_identification:_identify(install) ignored
[0.292s] Level 1:colcon.colcon_core.package_identification:_identify(log) by extensions ['ignore', 'ignore_ament_install']
[0.292s] Level 1:colcon.colcon_core.package_identification:_identify(log) by extension 'ignore'
[0.292s] Level 1:colcon.colcon_core.package_identification:_identify(log) ignored
[0.292s] Level 1:colcon.colcon_core.package_identification:_identify(src) by extensions ['ignore', 'ignore_ament_install']
[0.292s] Level 1:colcon.colcon_core.package_identification:_identify(src) by extension 'ignore'
[0.292s] Level 1:colcon.colcon_core.package_identification:_identify(src) by extension 'ignore_ament_install'
[0.292s] Level 1:colcon.colcon_core.package_identification:_identify(src) by extensions ['colcon_pkg']
[0.292s] Level 1:colcon.colcon_core.package_identification:_identify(src) by extension 'colcon_pkg'
[0.292s] Level 1:colcon.colcon_core.package_identification:_identify(src) by extensions ['colcon_meta']
[0.293s] Level 1:colcon.colcon_core.package_identification:_identify(src) by extension 'colcon_meta'
[0.293s] Level 1:colcon.colcon_core.package_identification:_identify(src) by extensions ['ros']
[0.293s] Level 1:colcon.colcon_core.package_identification:_identify(src) by extension 'ros'
[0.293s] Level 1:colcon.colcon_core.package_identification:_identify(src) by extensions ['cmake', 'python']
[0.293s] Level 1:colcon.colcon_core.package_identification:_identify(src) by extension 'cmake'
[0.293s] Level 1:colcon.colcon_core.package_identification:_identify(src) by extension 'python'
[0.293s] Level 1:colcon.colcon_core.package_identification:_identify(src) by extensions ['python_setup_py']
[0.293s] Level 1:colcon.colcon_core.package_identification:_identify(src) by extension 'python_setup_py'
[0.293s] Level 1:colcon.colcon_core.package_identification:_identify(src/custom_interfaces) by extensions ['ignore', 'ignore_ament_install']
[0.293s] Level 1:colcon.colcon_core.package_identification:_identify(src/custom_interfaces) by extension 'ignore'
[0.293s] Level 1:colcon.colcon_core.package_identification:_identify(src/custom_interfaces) by extension 'ignore_ament_install'
[0.293s] Level 1:colcon.colcon_core.package_identification:_identify(src/custom_interfaces) by extensions ['colcon_pkg']
[0.293s] Level 1:colcon.colcon_core.package_identification:_identify(src/custom_interfaces) by extension 'colcon_pkg'
[0.293s] Level 1:colcon.colcon_core.package_identification:_identify(src/custom_interfaces) by extensions ['colcon_meta']
[0.293s] Level 1:colcon.colcon_core.package_identification:_identify(src/custom_interfaces) by extension 'colcon_meta'
[0.293s] Level 1:colcon.colcon_core.package_identification:_identify(src/custom_interfaces) by extensions ['ros']
[0.293s] Level 1:colcon.colcon_core.package_identification:_identify(src/custom_interfaces) by extension 'ros'
[0.296s] DEBUG:colcon.colcon_core.package_identification:Package 'src/custom_interfaces' with type 'ros.ament_cmake' and name 'custom_interfaces'
[0.296s] Level 1:colcon.colcon_core.package_identification:_identify(src/executor_pkg) by extensions ['ignore', 'ignore_ament_install']
[0.296s] Level 1:colcon.colcon_core.package_identification:_identify(src/executor_pkg) by extension 'ignore'
[0.296s] Level 1:colcon.colcon_core.package_identification:_identify(src/executor_pkg) by extension 'ignore_ament_install'
[0.296s] Level 1:colcon.colcon_core.package_identification:_identify(src/executor_pkg) by extensions ['colcon_pkg']
[0.296s] Level 1:colcon.colcon_core.package_identification:_identify(src/executor_pkg) by extension 'colcon_pkg'
[0.296s] Level 1:colcon.colcon_core.package_identification:_identify(src/executor_pkg) by extensions ['colcon_meta']
[0.296s] Level 1:colcon.colcon_core.package_identification:_identify(src/executor_pkg) by extension 'colcon_meta'
[0.296s] Level 1:colcon.colcon_core.package_identification:_identify(src/executor_pkg) by extensions ['ros']
[0.296s] Level 1:colcon.colcon_core.package_identification:_identify(src/executor_pkg) by extension 'ros'
[0.297s] DEBUG:colcon.colcon_core.package_identification:Package 'src/executor_pkg' with type 'ros.ament_cmake' and name 'executor_pkg'
[0.297s] Level 1:colcon.colcon_core.package_identification:_identify(src/robot_description) by extensions ['ignore', 'ignore_ament_install']
[0.297s] Level 1:colcon.colcon_core.package_identification:_identify(src/robot_description) by extension 'ignore'
[0.297s] Level 1:colcon.colcon_core.package_identification:_identify(src/robot_description) by extension 'ignore_ament_install'
[0.297s] Level 1:colcon.colcon_core.package_identification:_identify(src/robot_description) by extensions ['colcon_pkg']
[0.297s] Level 1:colcon.colcon_core.package_identification:_identify(src/robot_description) by extension 'colcon_pkg'
[0.297s] Level 1:colcon.colcon_core.package_identification:_identify(src/robot_description) by extensions ['colcon_meta']
[0.297s] Level 1:colcon.colcon_core.package_identification:_identify(src/robot_description) by extension 'colcon_meta'
[0.297s] Level 1:colcon.colcon_core.package_identification:_identify(src/robot_description) by extensions ['ros']
[0.297s] Level 1:colcon.colcon_core.package_identification:_identify(src/robot_description) by extension 'ros'
[0.298s] DEBUG:colcon.colcon_core.package_identification:Package 'src/robot_description' with type 'ros.ament_python' and name 'robot_description'
[0.298s] Level 1:colcon.colcon_core.package_identification:_identify(src/simple_obstacle_avoidance) by extensions ['ignore', 'ignore_ament_install']
[0.298s] Level 1:colcon.colcon_core.package_identification:_identify(src/simple_obstacle_avoidance) by extension 'ignore'
[0.298s] Level 1:colcon.colcon_core.package_identification:_identify(src/simple_obstacle_avoidance) by extension 'ignore_ament_install'
[0.298s] Level 1:colcon.colcon_core.package_identification:_identify(src/simple_obstacle_avoidance) by extensions ['colcon_pkg']
[0.298s] Level 1:colcon.colcon_core.package_identification:_identify(src/simple_obstacle_avoidance) by extension 'colcon_pkg'
[0.298s] Level 1:colcon.colcon_core.package_identification:_identify(src/simple_obstacle_avoidance) by extensions ['colcon_meta']
[0.298s] Level 1:colcon.colcon_core.package_identification:_identify(src/simple_obstacle_avoidance) by extension 'colcon_meta'
[0.298s] Level 1:colcon.colcon_core.package_identification:_identify(src/simple_obstacle_avoidance) by extensions ['ros']
[0.298s] Level 1:colcon.colcon_core.package_identification:_identify(src/simple_obstacle_avoidance) by extension 'ros'
[0.299s] DEBUG:colcon.colcon_core.package_identification:Package 'src/simple_obstacle_avoidance' with type 'ros.ament_cmake' and name 'simple_obstacle_avoidance'
[0.299s] Level 1:colcon.colcon_core.package_identification:_identify(src/topic_pkg) by extensions ['ignore', 'ignore_ament_install']
[0.299s] Level 1:colcon.colcon_core.package_identification:_identify(src/topic_pkg) by extension 'ignore'
[0.299s] Level 1:colcon.colcon_core.package_identification:_identify(src/topic_pkg) by extension 'ignore_ament_install'
[0.299s] Level 1:colcon.colcon_core.package_identification:_identify(src/topic_pkg) by extensions ['colcon_pkg']
[0.299s] Level 1:colcon.colcon_core.package_identification:_identify(src/topic_pkg) by extension 'colcon_pkg'
[0.299s] Level 1:colcon.colcon_core.package_identification:_identify(src/topic_pkg) by extensions ['colcon_meta']
[0.299s] Level 1:colcon.colcon_core.package_identification:_identify(src/topic_pkg) by extension 'colcon_meta'
[0.299s] Level 1:colcon.colcon_core.package_identification:_identify(src/topic_pkg) by extensions ['ros']
[0.299s] Level 1:colcon.colcon_core.package_identification:_identify(src/topic_pkg) by extension 'ros'
[0.300s] DEBUG:colcon.colcon_core.package_identification:Package 'src/topic_pkg' with type 'ros.ament_cmake' and name 'topic_pkg'
[0.300s] Level 1:colcon.colcon_core.package_discovery:discover_packages(recursive) using defaults
[0.300s] Level 1:colcon.colcon_core.package_discovery:discover_packages(ignore) discover
[0.300s] Level 1:colcon.colcon_core.package_discovery:discover_packages(ignore) using defaults
[0.300s] Level 1:colcon.colcon_core.package_discovery:discover_packages(path) discover
[0.300s] Level 1:colcon.colcon_core.package_discovery:discover_packages(path) using defaults
[0.325s] Level 1:colcon.colcon_core.package_discovery:discover_packages(prefix_path) check parameters
[0.325s] Level 1:colcon.colcon_core.package_discovery:discover_packages(prefix_path) discover
[0.326s] WARNING:colcon.colcon_ros.prefix_path.ament:The path '/home/enryu/Desktop/Path-Following-Robot/install/teleop_twist_keyboard' in the environment variable AMENT_PREFIX_PATH doesn't exist
[0.327s] DEBUG:colcon.colcon_installed_package_information.package_discovery:Found 5 installed packages in /home/enryu/Desktop/Path-Following-Robot/install
[0.328s] DEBUG:colcon.colcon_installed_package_information.package_discovery:Found 302 installed packages in /opt/ros/humble
[0.329s] Level 1:colcon.colcon_core.package_discovery:discover_packages(prefix_path) using defaults
[0.365s] Level 5:colcon.colcon_core.verb:set package 'custom_interfaces' build argument 'cmake_args' from command line to 'None'
[0.365s] Level 5:colcon.colcon_core.verb:set package 'custom_interfaces' build argument 'cmake_target' from command line to 'None'
[0.365s] Level 5:colcon.colcon_core.verb:set package 'custom_interfaces' build argument 'cmake_target_skip_unavailable' from command line to 'False'
[0.365s] Level 5:colcon.colcon_core.verb:set package 'custom_interfaces' build argument 'cmake_clean_cache' from command line to 'False'
[0.365s] Level 5:colcon.colcon_core.verb:set package 'custom_interfaces' build argument 'cmake_clean_first' from command line to 'False'
[0.365s] Level 5:colcon.colcon_core.verb:set package 'custom_interfaces' build argument 'cmake_force_configure' from command line to 'False'
[0.365s] Level 5:colcon.colcon_core.verb:set package 'custom_interfaces' build argument 'ament_cmake_args' from command line to 'None'
[0.365s] Level 5:colcon.colcon_core.verb:set package 'custom_interfaces' build argument 'catkin_cmake_args' from command line to 'None'
[0.365s] Level 5:colcon.colcon_core.verb:set package 'custom_interfaces' build argument 'catkin_skip_building_tests' from command line to 'False'
[0.365s] DEBUG:colcon.colcon_core.verb:Building package 'custom_interfaces' with the following arguments: {'ament_cmake_args': None, 'build_base': '/home/enryu/Desktop/Path-Following-Robot/build/custom_interfaces', 'catkin_cmake_args': None, 'catkin_skip_building_tests': False, 'cmake_args': None, 'cmake_clean_cache': False, 'cmake_clean_first': False, 'cmake_force_configure': False, 'cmake_target': None, 'cmake_target_skip_unavailable': False, 'install_base': '/home/enryu/Desktop/Path-Following-Robot/install/custom_interfaces', 'merge_install': False, 'path': '/home/enryu/Desktop/Path-Following-Robot/src/custom_interfaces', 'symlink_install': False, 'test_result_base': None}
[0.366s] Level 5:colcon.colcon_core.verb:set package 'executor_pkg' build argument 'cmake_args' from command line to 'None'
[0.366s] Level 5:colcon.colcon_core.verb:set package 'executor_pkg' build argument 'cmake_target' from command line to 'None'
[0.366s] Level 5:colcon.colcon_core.verb:set package 'executor_pkg' build argument 'cmake_target_skip_unavailable' from command line to 'False'
[0.366s] Level 5:colcon.colcon_core.verb:set package 'executor_pkg' build argument 'cmake_clean_cache' from command line to 'False'
[0.366s] Level 5:colcon.colcon_core.verb:set package 'executor_pkg' build argument 'cmake_clean_first' from command line to 'False'
[0.366s] Level 5:colcon.colcon_core.verb:set package 'executor_pkg' build argument 'cmake_force_configure' from command line to 'False'
[0.366s] Level 5:colcon.colcon_core.verb:set package 'executor_pkg' build argument 'ament_cmake_args' from command line to 'None'
[0.366s] Level 5:colcon.colcon_core.verb:set package 'executor_pkg' build argument 'catkin_cmake_args' from command line to 'None'
[0.366s] Level 5:colcon.colcon_core.verb:set package 'executor_pkg' build argument 'catkin_skip_building_tests' from command line to 'False'
[0.366s] DEBUG:colcon.colcon_core.verb:Building package 'executor_pkg' with the following arguments: {'ament_cmake_args': None, 'build_base': '/home/enryu/Desktop/Path-Following-Robot/build/executor_pkg', 'catkin_cmake_args': None, 'catkin_skip_building_tests': False, 'cmake_args': None, 'cmake_clean_cache': False, 'cmake_clean_first': False, 'cmake_force_configure': False, 'cmake_target': None, 'cmake_target_skip_unavailable': False, 'install_base': '/home/enryu/Desktop/Path-Following-Robot/install/executor_pkg', 'merge_install': False, 'path': '/home/enryu/Desktop/Path-Following-Robot/src/executor_pkg', 'symlink_install': False, 'test_result_base': None}
[0.366s] Level 5:colcon.colcon_core.verb:set package 'robot_description' build argument 'cmake_args' from command line to 'None'
[0.366s] Level 5:colcon.colcon_core.verb:set package 'robot_description' build argument 'cmake_target' from command line to 'None'
[0.366s] Level 5:colcon.colcon_core.verb:set package 'robot_description' build argument 'cmake_target_skip_unavailable' from command line to 'False'
[0.366s] Level 5:colcon.colcon_core.verb:set package 'robot_description' build argument 'cmake_clean_cache' from command line to 'False'
[0.366s] Level 5:colcon.colcon_core.verb:set package 'robot_description' build argument 'cmake_clean_first' from command line to 'False'
[0.366s] Level 5:colcon.colcon_core.verb:set package 'robot_description' build argument 'cmake_force_configure' from command line to 'False'
[0.366s] Level 5:colcon.colcon_core.verb:set package 'robot_description' build argument 'ament_cmake_args' from command line to 'None'
[0.366s] Level 5:colcon.colcon_core.verb:set package 'robot_description' build argument 'catkin_cmake_args' from command line to 'None'
[0.366s] Level 5:colcon.colcon_core.verb:set package 'robot_description' build argument 'catkin_skip_building_tests' from command line to 'False'
[0.366s] DEBUG:colcon.colcon_core.verb:Building package 'robot_description' with the following arguments: {'ament_cmake_args': None, 'build_base': '/home/enryu/Desktop/Path-Following-Robot/build/robot_description', 'catkin_cmake_args': None, 'catkin_skip_building_tests': False, 'cmake_args': None, 'cmake_clean_cache': False, 'cmake_clean_first': False, 'cmake_force_configure': False, 'cmake_target': None, 'cmake_target_skip_unavailable': False, 'install_base': '/home/enryu/Desktop/Path-Following-Robot/install/robot_description', 'merge_install': False, 'path': '/home/enryu/Desktop/Path-Following-Robot/src/robot_description', 'symlink_install': False, 'test_result_base': None}
[0.367s] Level 5:colcon.colcon_core.verb:set package 'simple_obstacle_avoidance' build argument 'cmake_args' from command line to 'None'
[0.367s] Level 5:colcon.colcon_core.verb:set package 'simple_obstacle_avoidance' build argument 'cmake_target' from command line to 'None'
[0.367s] Level 5:colcon.colcon_core.verb:set package 'simple_obstacle_avoidance' build argument 'cmake_target_skip_unavailable' from command line to 'False'
[0.367s] Level 5:colcon.colcon_core.verb:set package 'simple_obstacle_avoidance' build argument 'cmake_clean_cache' from command line to 'False'
[0.367s] Level 5:colcon.colcon_core.verb:set package 'simple_obstacle_avoidance' build argument 'cmake_clean_first' from command line to 'False'
[0.367s] Level 5:colcon.colcon_core.verb:set package 'simple_obstacle_avoidance' build argument 'cmake_force_configure' from command line to 'False'
[0.367s] Level 5:colcon.colcon_core.verb:set package 'simple_obstacle_avoidance' build argument 'ament_cmake_args' from command line to 'None'
[0.367s] Level 5:colcon.colcon_core.verb:set package 'simple_obstacle_avoidance' build argument 'catkin_cmake_args' from command line to 'None'
[0.367s] Level 5:colcon.colcon_core.verb:set package 'simple_obstacle_avoidance' build argument 'catkin_skip_building_tests' from command line to 'False'
[0.367s] DEBUG:colcon.colcon_core.verb:Building package 'simple_obstacle_avoidance' with the following arguments: {'ament_cmake_args': None, 'build_base': '/home/enryu/Desktop/Path-Following-Robot/build/simple_obstacle_avoidance', 'catkin_cmake_args': None, 'catkin_skip_building_tests': False, 'cmake_args': None, 'cmake_clean_cache': False, 'cmake_clean_first': False, 'cmake_force_configure': False, 'cmake_target': None, 'cmake_target_skip_unavailable': False, 'install_base': '/home/enryu/Desktop/Path-Following-Robot/install/simple_obstacle_avoidance', 'merge_install': False, 'path': '/home/enryu/Desktop/Path-Following-Robot/src/simple_obstacle_avoidance', 'symlink_install': False, 'test_result_base': None}
[0.367s] Level 5:colcon.colcon_core.verb:set package 'topic_pkg' build argument 'cmake_args' from command line to 'None'
[0.367s] Level 5:colcon.colcon_core.verb:set package 'topic_pkg' build argument 'cmake_target' from command line to 'None'
[0.367s] Level 5:colcon.colcon_core.verb:set package 'topic_pkg' build argument 'cmake_target_skip_unavailable' from command line to 'False'
[0.367s] Level 5:colcon.colcon_core.verb:set package 'topic_pkg' build argument 'cmake_clean_cache' from command line to 'False'
[0.367s] Level 5:colcon.colcon_core.verb:set package 'topic_pkg' build argument 'cmake_clean_first' from command line to 'False'
[0.367s] Level 5:colcon.colcon_core.verb:set package 'topic_pkg' build argument 'cmake_force_configure' from command line to 'False'
[0.367s] Level 5:colcon.colcon_core.verb:set package 'topic_pkg' build argument 'ament_cmake_args' from command line to 'None'
[0.367s] Level 5:colcon.colcon_core.verb:set package 'topic_pkg' build argument 'catkin_cmake_args' from command line to 'None'
[0.367s] Level 5:colcon.colcon_core.verb:set package 'topic_pkg' build argument 'catkin_skip_building_tests' from command line to 'False'
[0.367s] DEBUG:colcon.colcon_core.verb:Building package 'topic_pkg' with the following arguments: {'ament_cmake_args': None, 'build_base': '/home/enryu/Desktop/Path-Following-Robot/build/topic_pkg', 'catkin_cmake_args': None, 'catkin_skip_building_tests': False, 'cmake_args': None, 'cmake_clean_cache': False, 'cmake_clean_first': False, 'cmake_force_configure': False, 'cmake_target': None, 'cmake_target_skip_unavailable': False, 'install_base': '/home/enryu/Desktop/Path-Following-Robot/install/topic_pkg', 'merge_install': False, 'path': '/home/enryu/Desktop/Path-Following-Robot/src/topic_pkg', 'symlink_install': False, 'test_result_base': None}
[0.368s] INFO:colcon.colcon_core.executor:Executing jobs using 'parallel' executor
[0.368s] DEBUG:colcon.colcon_parallel_executor.executor.parallel:run_until_complete
[0.369s] INFO:colcon.colcon_ros.task.ament_cmake.build:Building ROS package in '/home/enryu/Desktop/Path-Following-Robot/src/custom_interfaces' with build type 'ament_cmake'
[0.369s] INFO:colcon.colcon_cmake.task.cmake.build:Building CMake package in '/home/enryu/Desktop/Path-Following-Robot/src/custom_interfaces'
[0.371s] INFO:colcon.colcon_core.plugin_system:Skipping extension 'colcon_core.shell.bat': Not used on non-Windows systems
[0.371s] INFO:colcon.colcon_core.shell:Skip shell extension 'powershell' for command environment: Not usable outside of PowerShell
[0.371s] DEBUG:colcon.colcon_core.shell:Skip shell extension 'dsv' for command environment
[0.374s] INFO:colcon.colcon_ros.task.ament_cmake.build:Building ROS package in '/home/enryu/Desktop/Path-Following-Robot/src/executor_pkg' with build type 'ament_cmake'
[0.374s] INFO:colcon.colcon_cmake.task.cmake.build:Building CMake package in '/home/enryu/Desktop/Path-Following-Robot/src/executor_pkg'
[0.374s] INFO:colcon.colcon_core.shell:Skip shell extension 'powershell' for command environment: Not usable outside of PowerShell
[0.374s] DEBUG:colcon.colcon_core.shell:Skip shell extension 'dsv' for command environment
[0.377s] INFO:colcon.colcon_ros.task.ament_python.build:Building ROS package in '/home/enryu/Desktop/Path-Following-Robot/src/robot_description' with build type 'ament_python'
[0.377s] Level 1:colcon.colcon_core.shell:create_environment_hook('robot_description', 'ament_prefix_path')
[0.378s] INFO:colcon.colcon_core.shell:Creating environment hook '/home/enryu/Desktop/Path-Following-Robot/install/robot_description/share/robot_description/hook/ament_prefix_path.ps1'
[0.378s] INFO:colcon.colcon_core.shell:Creating environment descriptor '/home/enryu/Desktop/Path-Following-Robot/install/robot_description/share/robot_description/hook/ament_prefix_path.dsv'
[0.378s] INFO:colcon.colcon_core.shell:Creating environment hook '/home/enryu/Desktop/Path-Following-Robot/install/robot_description/share/robot_description/hook/ament_prefix_path.sh'
[0.379s] INFO:colcon.colcon_core.shell:Skip shell extension 'powershell' for command environment: Not usable outside of PowerShell
[0.379s] DEBUG:colcon.colcon_core.shell:Skip shell extension 'dsv' for command environment
[0.382s] INFO:colcon.colcon_ros.task.ament_cmake.build:Building ROS package in '/home/enryu/Desktop/Path-Following-Robot/src/simple_obstacle_avoidance' with build type 'ament_cmake'
[0.382s] INFO:colcon.colcon_cmake.task.cmake.build:Building CMake package in '/home/enryu/Desktop/Path-Following-Robot/src/simple_obstacle_avoidance'
[0.382s] INFO:colcon.colcon_core.shell:Skip shell extension 'powershell' for command environment: Not usable outside of PowerShell
[0.382s] DEBUG:colcon.colcon_core.shell:Skip shell extension 'dsv' for command environment
[0.386s] INFO:colcon.colcon_ros.task.ament_cmake.build:Building ROS package in '/home/enryu/Desktop/Path-Following-Robot/src/topic_pkg' with build type 'ament_cmake'
[0.386s] INFO:colcon.colcon_cmake.task.cmake.build:Building CMake package in '/home/enryu/Desktop/Path-Following-Robot/src/topic_pkg'
[0.386s] INFO:colcon.colcon_core.shell:Skip shell extension 'powershell' for command environment: Not usable outside of PowerShell
[0.386s] DEBUG:colcon.colcon_core.shell:Skip shell extension 'dsv' for command environment
[0.394s] DEBUG:colcon.colcon_core.event_handler.log_command:Invoking command in '/home/enryu/Desktop/Path-Following-Robot/build/custom_interfaces': CMAKE_PREFIX_PATH=${CMAKE_PREFIX_PATH}:/home/enryu/Desktop/Path-Following-Robot/install/teleop_twist_keyboard:/home/enryu/Desktop/Path-Following-Robot/install/robot_description:/opt/ros/humble /usr/bin/cmake --build /home/enryu/Desktop/Path-Following-Robot/build/custom_interfaces -- -j12 -l12
[0.397s] DEBUG:colcon.colcon_core.event_handler.log_command:Invoking command in '/home/enryu/Desktop/Path-Following-Robot/build/executor_pkg': CMAKE_PREFIX_PATH=${CMAKE_PREFIX_PATH}:/home/enryu/Desktop/Path-Following-Robot/install/teleop_twist_keyboard:/home/enryu/Desktop/Path-Following-Robot/install/robot_description:/opt/ros/humble /usr/bin/cmake --build /home/enryu/Desktop/Path-Following-Robot/build/executor_pkg -- -j12 -l12
[0.658s] INFO:colcon.colcon_core.task.python.build:Building Python package in '/home/enryu/Desktop/Path-Following-Robot/src/robot_description'
[0.659s] INFO:colcon.colcon_core.shell:Skip shell extension 'powershell' for command environment: Not usable outside of PowerShell
[0.659s] DEBUG:colcon.colcon_core.shell:Skip shell extension 'dsv' for command environment
[0.666s] DEBUG:colcon.colcon_core.event_handler.log_command:Invoking command in '/home/enryu/Desktop/Path-Following-Robot/build/simple_obstacle_avoidance': CMAKE_PREFIX_PATH=${CMAKE_PREFIX_PATH}:/home/enryu/Desktop/Path-Following-Robot/install/teleop_twist_keyboard:/home/enryu/Desktop/Path-Following-Robot/install/robot_description:/opt/ros/humble /usr/bin/cmake --build /home/enryu/Desktop/Path-Following-Robot/build/simple_obstacle_avoidance -- -j12 -l12
[0.673s] DEBUG:colcon.colcon_core.event_handler.log_command:Invoking command in '/home/enryu/Desktop/Path-Following-Robot/build/topic_pkg': CMAKE_PREFIX_PATH=${CMAKE_PREFIX_PATH}:/home/enryu/Desktop/Path-Following-Robot/install/teleop_twist_keyboard:/home/enryu/Desktop/Path-Following-Robot/install/robot_description:/opt/ros/humble /usr/bin/cmake --build /home/enryu/Desktop/Path-Following-Robot/build/topic_pkg -- -j12 -l12
[0.673s] DEBUG:colcon.colcon_core.event_handler.log_command:Invoked command in '/home/enryu/Desktop/Path-Following-Robot/build/executor_pkg' returned '0': CMAKE_PREFIX_PATH=${CMAKE_PREFIX_PATH}:/home/enryu/Desktop/Path-Following-Robot/install/teleop_twist_keyboard:/home/enryu/Desktop/Path-Following-Robot/install/robot_description:/opt/ros/humble /usr/bin/cmake --build /home/enryu/Desktop/Path-Following-Robot/build/executor_pkg -- -j12 -l12
[0.680s] DEBUG:colcon.colcon_core.event_handler.log_command:Invoking command in '/home/enryu/Desktop/Path-Following-Robot/build/executor_pkg': CMAKE_PREFIX_PATH=${CMAKE_PREFIX_PATH}:/home/enryu/Desktop/Path-Following-Robot/install/teleop_twist_keyboard:/home/enryu/Desktop/Path-Following-Robot/install/robot_description:/opt/ros/humble /usr/bin/cmake --install /home/enryu/Desktop/Path-Following-Robot/build/executor_pkg
[0.689s] Level 1:colcon.colcon_core.environment:create_environment_scripts_only(executor_pkg)
[0.689s] DEBUG:colcon.colcon_core.event_handler.log_command:Invoked command in '/home/enryu/Desktop/Path-Following-Robot/build/executor_pkg' returned '0': CMAKE_PREFIX_PATH=${CMAKE_PREFIX_PATH}:/home/enryu/Desktop/Path-Following-Robot/install/teleop_twist_keyboard:/home/enryu/Desktop/Path-Following-Robot/install/robot_description:/opt/ros/humble /usr/bin/cmake --install /home/enryu/Desktop/Path-Following-Robot/build/executor_pkg
[0.692s] Level 1:colcon.colcon_core.environment:checking '/home/enryu/Desktop/Path-Following-Robot/install/executor_pkg' for CMake module files
[0.692s] Level 1:colcon.colcon_core.environment:checking '/home/enryu/Desktop/Path-Following-Robot/install/executor_pkg' for CMake config files
[0.692s] Level 1:colcon.colcon_core.shell:create_environment_hook('executor_pkg', 'cmake_prefix_path')
[0.692s] INFO:colcon.colcon_core.shell:Creating environment hook '/home/enryu/Desktop/Path-Following-Robot/install/executor_pkg/share/executor_pkg/hook/cmake_prefix_path.ps1'
[0.693s] INFO:colcon.colcon_core.shell:Creating environment descriptor '/home/enryu/Desktop/Path-Following-Robot/install/executor_pkg/share/executor_pkg/hook/cmake_prefix_path.dsv'
[0.693s] INFO:colcon.colcon_core.shell:Creating environment hook '/home/enryu/Desktop/Path-Following-Robot/install/executor_pkg/share/executor_pkg/hook/cmake_prefix_path.sh'
[0.694s] Level 1:colcon.colcon_core.environment:checking '/home/enryu/Desktop/Path-Following-Robot/install/executor_pkg/bin'
[0.694s] Level 1:colcon.colcon_core.environment:checking '/home/enryu/Desktop/Path-Following-Robot/install/executor_pkg/lib/pkgconfig/executor_pkg.pc'
[0.694s] Level 1:colcon.colcon_core.environment:checking '/home/enryu/Desktop/Path-Following-Robot/install/executor_pkg/lib/python3.10/site-packages'
[0.694s] Level 1:colcon.colcon_core.environment:checking '/home/enryu/Desktop/Path-Following-Robot/install/executor_pkg/bin'
[0.694s] INFO:colcon.colcon_core.shell:Creating package script '/home/enryu/Desktop/Path-Following-Robot/install/executor_pkg/share/executor_pkg/package.ps1'
[0.695s] INFO:colcon.colcon_core.shell:Creating package descriptor '/home/enryu/Desktop/Path-Following-Robot/install/executor_pkg/share/executor_pkg/package.dsv'
[0.696s] INFO:colcon.colcon_core.shell:Creating package script '/home/enryu/Desktop/Path-Following-Robot/install/executor_pkg/share/executor_pkg/package.sh'
[0.697s] INFO:colcon.colcon_core.shell:Creating package script '/home/enryu/Desktop/Path-Following-Robot/install/executor_pkg/share/executor_pkg/package.bash'
[0.699s] INFO:colcon.colcon_core.shell:Creating package script '/home/enryu/Desktop/Path-Following-Robot/install/executor_pkg/share/executor_pkg/package.zsh'
[0.700s] Level 1:colcon.colcon_core.environment:create_file_with_runtime_dependencies(/home/enryu/Desktop/Path-Following-Robot/install/executor_pkg/share/colcon-core/packages/executor_pkg)
[0.701s] Level 1:colcon.colcon_core.environment:create_environment_scripts_only(executor_pkg)
[0.701s] Level 1:colcon.colcon_core.environment:checking '/home/enryu/Desktop/Path-Following-Robot/install/executor_pkg' for CMake module files
[0.702s] Level 1:colcon.colcon_core.environment:checking '/home/enryu/Desktop/Path-Following-Robot/install/executor_pkg' for CMake config files
[0.702s] Level 1:colcon.colcon_core.shell:create_environment_hook('executor_pkg', 'cmake_prefix_path')
[0.703s] INFO:colcon.colcon_core.shell:Creating environment hook '/home/enryu/Desktop/Path-Following-Robot/install/executor_pkg/share/executor_pkg/hook/cmake_prefix_path.ps1'
[0.703s] INFO:colcon.colcon_core.shell:Creating environment descriptor '/home/enryu/Desktop/Path-Following-Robot/install/executor_pkg/share/executor_pkg/hook/cmake_prefix_path.dsv'
[0.704s] INFO:colcon.colcon_core.shell:Creating environment hook '/home/enryu/Desktop/Path-Following-Robot/install/executor_pkg/share/executor_pkg/hook/cmake_prefix_path.sh'
[0.704s] Level 1:colcon.colcon_core.environment:checking '/home/enryu/Desktop/Path-Following-Robot/install/executor_pkg/bin'
[0.704s] Level 1:colcon.colcon_core.environment:checking '/home/enryu/Desktop/Path-Following-Robot/install/executor_pkg/lib/pkgconfig/executor_pkg.pc'
[0.704s] Level 1:colcon.colcon_core.environment:checking '/home/enryu/Desktop/Path-Following-Robot/install/executor_pkg/lib/python3.10/site-packages'
[0.705s] Level 1:colcon.colcon_core.environment:checking '/home/enryu/Desktop/Path-Following-Robot/install/executor_pkg/bin'
[0.705s] INFO:colcon.colcon_core.shell:Creating package script '/home/enryu/Desktop/Path-Following-Robot/install/executor_pkg/share/executor_pkg/package.ps1'
[0.706s] INFO:colcon.colcon_core.shell:Creating package descriptor '/home/enryu/Desktop/Path-Following-Robot/install/executor_pkg/share/executor_pkg/package.dsv'
[0.707s] INFO:colcon.colcon_core.shell:Creating package script '/home/enryu/Desktop/Path-Following-Robot/install/executor_pkg/share/executor_pkg/package.sh'
[0.707s] INFO:colcon.colcon_core.shell:Creating package script '/home/enryu/Desktop/Path-Following-Robot/install/executor_pkg/share/executor_pkg/package.bash'
[0.708s] INFO:colcon.colcon_core.shell:Creating package script '/home/enryu/Desktop/Path-Following-Robot/install/executor_pkg/share/executor_pkg/package.zsh'
[0.709s] Level 1:colcon.colcon_core.environment:create_file_with_runtime_dependencies(/home/enryu/Desktop/Path-Following-Robot/install/executor_pkg/share/colcon-core/packages/executor_pkg)
[0.737s] DEBUG:colcon.colcon_core.event_handler.log_command:Invoked command in '/home/enryu/Desktop/Path-Following-Robot/build/simple_obstacle_avoidance' returned '0': CMAKE_PREFIX_PATH=${CMAKE_PREFIX_PATH}:/home/enryu/Desktop/Path-Following-Robot/install/teleop_twist_keyboard:/home/enryu/Desktop/Path-Following-Robot/install/robot_description:/opt/ros/humble /usr/bin/cmake --build /home/enryu/Desktop/Path-Following-Robot/build/simple_obstacle_avoidance -- -j12 -l12
[0.739s] DEBUG:colcon.colcon_core.event_handler.log_command:Invoking command in '/home/enryu/Desktop/Path-Following-Robot/build/simple_obstacle_avoidance': CMAKE_PREFIX_PATH=${CMAKE_PREFIX_PATH}:/home/enryu/Desktop/Path-Following-Robot/install/teleop_twist_keyboard:/home/enryu/Desktop/Path-Following-Robot/install/robot_description:/opt/ros/humble /usr/bin/cmake --install /home/enryu/Desktop/Path-Following-Robot/build/simple_obstacle_avoidance
[0.749s] Level 1:colcon.colcon_core.environment:create_environment_scripts_only(simple_obstacle_avoidance)
[0.750s] Level 1:colcon.colcon_core.environment:checking '/home/enryu/Desktop/Path-Following-Robot/install/simple_obstacle_avoidance' for CMake module files
[0.750s] DEBUG:colcon.colcon_core.event_handler.log_command:Invoked command in '/home/enryu/Desktop/Path-Following-Robot/build/simple_obstacle_avoidance' returned '0': CMAKE_PREFIX_PATH=${CMAKE_PREFIX_PATH}:/home/enryu/Desktop/Path-Following-Robot/install/teleop_twist_keyboard:/home/enryu/Desktop/Path-Following-Robot/install/robot_description:/opt/ros/humble /usr/bin/cmake --install /home/enryu/Desktop/Path-Following-Robot/build/simple_obstacle_avoidance
[0.751s] Level 1:colcon.colcon_core.environment:checking '/home/enryu/Desktop/Path-Following-Robot/install/simple_obstacle_avoidance' for CMake config files
[0.751s] Level 1:colcon.colcon_core.shell:create_environment_hook('simple_obstacle_avoidance', 'cmake_prefix_path')
[0.752s] INFO:colcon.colcon_core.shell:Creating environment hook '/home/enryu/Desktop/Path-Following-Robot/install/simple_obstacle_avoidance/share/simple_obstacle_avoidance/hook/cmake_prefix_path.ps1'
[0.752s] INFO:colcon.colcon_core.shell:Creating environment descriptor '/home/enryu/Desktop/Path-Following-Robot/install/simple_obstacle_avoidance/share/simple_obstacle_avoidance/hook/cmake_prefix_path.dsv'
[0.752s] INFO:colcon.colcon_core.shell:Creating environment hook '/home/enryu/Desktop/Path-Following-Robot/install/simple_obstacle_avoidance/share/simple_obstacle_avoidance/hook/cmake_prefix_path.sh'
[0.753s] Level 1:colcon.colcon_core.environment:checking '/home/enryu/Desktop/Path-Following-Robot/install/simple_obstacle_avoidance/lib'
[0.753s] Level 1:colcon.colcon_core.environment:checking '/home/enryu/Desktop/Path-Following-Robot/install/simple_obstacle_avoidance/bin'
[0.753s] Level 1:colcon.colcon_core.environment:checking '/home/enryu/Desktop/Path-Following-Robot/install/simple_obstacle_avoidance/lib/pkgconfig/simple_obstacle_avoidance.pc'
[0.753s] Level 1:colcon.colcon_core.environment:checking '/home/enryu/Desktop/Path-Following-Robot/install/simple_obstacle_avoidance/lib/python3.10/site-packages'
[0.754s] Level 1:colcon.colcon_core.environment:checking '/home/enryu/Desktop/Path-Following-Robot/install/simple_obstacle_avoidance/bin'
[0.754s] INFO:colcon.colcon_core.shell:Creating package script '/home/enryu/Desktop/Path-Following-Robot/install/simple_obstacle_avoidance/share/simple_obstacle_avoidance/package.ps1'
[0.754s] INFO:colcon.colcon_core.shell:Creating package descriptor '/home/enryu/Desktop/Path-Following-Robot/install/simple_obstacle_avoidance/share/simple_obstacle_avoidance/package.dsv'
[0.755s] INFO:colcon.colcon_core.shell:Creating package script '/home/enryu/Desktop/Path-Following-Robot/install/simple_obstacle_avoidance/share/simple_obstacle_avoidance/package.sh'
[0.755s] INFO:colcon.colcon_core.shell:Creating package script '/home/enryu/Desktop/Path-Following-Robot/install/simple_obstacle_avoidance/share/simple_obstacle_avoidance/package.bash'
[0.755s] INFO:colcon.colcon_core.shell:Creating package script '/home/enryu/Desktop/Path-Following-Robot/install/simple_obstacle_avoidance/share/simple_obstacle_avoidance/package.zsh'
[0.756s] Level 1:colcon.colcon_core.environment:create_file_with_runtime_dependencies(/home/enryu/Desktop/Path-Following-Robot/install/simple_obstacle_avoidance/share/colcon-core/packages/simple_obstacle_avoidance)
[0.756s] Level 1:colcon.colcon_core.environment:create_environment_scripts_only(simple_obstacle_avoidance)
[0.757s] Level 1:colcon.colcon_core.environment:checking '/home/enryu/Desktop/Path-Following-Robot/install/simple_obstacle_avoidance' for CMake module files
[0.757s] Level 1:colcon.colcon_core.environment:checking '/home/enryu/Desktop/Path-Following-Robot/install/simple_obstacle_avoidance' for CMake config files
[0.757s] Level 1:colcon.colcon_core.shell:create_environment_hook('simple_obstacle_avoidance', 'cmake_prefix_path')
[0.757s] INFO:colcon.colcon_core.shell:Creating environment hook '/home/enryu/Desktop/Path-Following-Robot/install/simple_obstacle_avoidance/share/simple_obstacle_avoidance/hook/cmake_prefix_path.ps1'
[0.758s] INFO:colcon.colcon_core.shell:Creating environment descriptor '/home/enryu/Desktop/Path-Following-Robot/install/simple_obstacle_avoidance/share/simple_obstacle_avoidance/hook/cmake_prefix_path.dsv'
[0.758s] INFO:colcon.colcon_core.shell:Creating environment hook '/home/enryu/Desktop/Path-Following-Robot/install/simple_obstacle_avoidance/share/simple_obstacle_avoidance/hook/cmake_prefix_path.sh'
[0.758s] Level 1:colcon.colcon_core.environment:checking '/home/enryu/Desktop/Path-Following-Robot/install/simple_obstacle_avoidance/lib'
[0.759s] Level 1:colcon.colcon_core.environment:checking '/home/enryu/Desktop/Path-Following-Robot/install/simple_obstacle_avoidance/bin'
[0.759s] Level 1:colcon.colcon_core.environment:checking '/home/enryu/Desktop/Path-Following-Robot/install/simple_obstacle_avoidance/lib/pkgconfig/simple_obstacle_avoidance.pc'
[0.759s] Level 1:colcon.colcon_core.environment:checking '/home/enryu/Desktop/Path-Following-Robot/install/simple_obstacle_avoidance/lib/python3.10/site-packages'
[0.759s] Level 1:colcon.colcon_core.environment:checking '/home/enryu/Desktop/Path-Following-Robot/install/simple_obstacle_avoidance/bin'
[0.759s] INFO:colcon.colcon_core.shell:Creating package script '/home/enryu/Desktop/Path-Following-Robot/install/simple_obstacle_avoidance/share/simple_obstacle_avoidance/package.ps1'
[0.760s] INFO:colcon.colcon_core.shell:Creating package descriptor '/home/enryu/Desktop/Path-Following-Robot/install/simple_obstacle_avoidance/share/simple_obstacle_avoidance/package.dsv'
[0.760s] INFO:colcon.colcon_core.shell:Creating package script '/home/enryu/Desktop/Path-Following-Robot/install/simple_obstacle_avoidance/share/simple_obstacle_avoidance/package.sh'
[0.760s] INFO:colcon.colcon_core.shell:Creating package script '/home/enryu/Desktop/Path-Following-Robot/install/simple_obstacle_avoidance/share/simple_obstacle_avoidance/package.bash'
[0.761s] INFO:colcon.colcon_core.shell:Creating package script '/home/enryu/Desktop/Path-Following-Robot/install/simple_obstacle_avoidance/share/simple_obstacle_avoidance/package.zsh'
[0.761s] Level 1:colcon.colcon_core.environment:create_file_with_runtime_dependencies(/home/enryu/Desktop/Path-Following-Robot/install/simple_obstacle_avoidance/share/colcon-core/packages/simple_obstacle_avoidance)
[0.763s] DEBUG:colcon.colcon_core.event_handler.log_command:Invoked command in '/home/enryu/Desktop/Path-Following-Robot/build/topic_pkg' returned '0': CMAKE_PREFIX_PATH=${CMAKE_PREFIX_PATH}:/home/enryu/Desktop/Path-Following-Robot/install/teleop_twist_keyboard:/home/enryu/Desktop/Path-Following-Robot/install/robot_description:/opt/ros/humble /usr/bin/cmake --build /home/enryu/Desktop/Path-Following-Robot/build/topic_pkg -- -j12 -l12
[0.765s] DEBUG:colcon.colcon_core.event_handler.log_command:Invoking command in '/home/enryu/Desktop/Path-Following-Robot/build/topic_pkg': CMAKE_PREFIX_PATH=${CMAKE_PREFIX_PATH}:/home/enryu/Desktop/Path-Following-Robot/install/teleop_twist_keyboard:/home/enryu/Desktop/Path-Following-Robot/install/robot_description:/opt/ros/humble /usr/bin/cmake --install /home/enryu/Desktop/Path-Following-Robot/build/topic_pkg
[0.775s] Level 1:colcon.colcon_core.environment:create_environment_scripts_only(topic_pkg)
[0.775s] Level 1:colcon.colcon_core.environment:checking '/home/enryu/Desktop/Path-Following-Robot/install/topic_pkg' for CMake module files
[0.776s] DEBUG:colcon.colcon_core.event_handler.log_command:Invoked command in '/home/enryu/Desktop/Path-Following-Robot/build/topic_pkg' returned '0': CMAKE_PREFIX_PATH=${CMAKE_PREFIX_PATH}:/home/enryu/Desktop/Path-Following-Robot/install/teleop_twist_keyboard:/home/enryu/Desktop/Path-Following-Robot/install/robot_description:/opt/ros/humble /usr/bin/cmake --install /home/enryu/Desktop/Path-Following-Robot/build/topic_pkg
[0.777s] Level 1:colcon.colcon_core.environment:checking '/home/enryu/Desktop/Path-Following-Robot/install/topic_pkg' for CMake config files
[0.777s] Level 1:colcon.colcon_core.shell:create_environment_hook('topic_pkg', 'cmake_prefix_path')
[0.777s] INFO:colcon.colcon_core.shell:Creating environment hook '/home/enryu/Desktop/Path-Following-Robot/install/topic_pkg/share/topic_pkg/hook/cmake_prefix_path.ps1'
[0.778s] INFO:colcon.colcon_core.shell:Creating environment descriptor '/home/enryu/Desktop/Path-Following-Robot/install/topic_pkg/share/topic_pkg/hook/cmake_prefix_path.dsv'
[0.778s] INFO:colcon.colcon_core.shell:Creating environment hook '/home/enryu/Desktop/Path-Following-Robot/install/topic_pkg/share/topic_pkg/hook/cmake_prefix_path.sh'
[0.779s] Level 1:colcon.colcon_core.environment:checking '/home/enryu/Desktop/Path-Following-Robot/install/topic_pkg/lib'
[0.779s] Level 1:colcon.colcon_core.environment:checking '/home/enryu/Desktop/Path-Following-Robot/install/topic_pkg/bin'
[0.779s] Level 1:colcon.colcon_core.environment:checking '/home/enryu/Desktop/Path-Following-Robot/install/topic_pkg/lib/pkgconfig/topic_pkg.pc'
[0.779s] Level 1:colcon.colcon_core.environment:checking '/home/enryu/Desktop/Path-Following-Robot/install/topic_pkg/lib/python3.10/site-packages'
[0.779s] Level 1:colcon.colcon_core.environment:checking '/home/enryu/Desktop/Path-Following-Robot/install/topic_pkg/bin'
[0.779s] INFO:colcon.colcon_core.shell:Creating package script '/home/enryu/Desktop/Path-Following-Robot/install/topic_pkg/share/topic_pkg/package.ps1'
[0.780s] INFO:colcon.colcon_core.shell:Creating package descriptor '/home/enryu/Desktop/Path-Following-Robot/install/topic_pkg/share/topic_pkg/package.dsv'
[0.780s] INFO:colcon.colcon_core.shell:Creating package script '/home/enryu/Desktop/Path-Following-Robot/install/topic_pkg/share/topic_pkg/package.sh'
[0.780s] INFO:colcon.colcon_core.shell:Creating package script '/home/enryu/Desktop/Path-Following-Robot/install/topic_pkg/share/topic_pkg/package.bash'
[0.781s] INFO:colcon.colcon_core.shell:Creating package script '/home/enryu/Desktop/Path-Following-Robot/install/topic_pkg/share/topic_pkg/package.zsh'
[0.781s] Level 1:colcon.colcon_core.environment:create_file_with_runtime_dependencies(/home/enryu/Desktop/Path-Following-Robot/install/topic_pkg/share/colcon-core/packages/topic_pkg)
[0.781s] Level 1:colcon.colcon_core.environment:create_environment_scripts_only(topic_pkg)
[0.782s] Level 1:colcon.colcon_core.environment:checking '/home/enryu/Desktop/Path-Following-Robot/install/topic_pkg' for CMake module files
[0.782s] Level 1:colcon.colcon_core.environment:checking '/home/enryu/Desktop/Path-Following-Robot/install/topic_pkg' for CMake config files
[0.782s] Level 1:colcon.colcon_core.shell:create_environment_hook('topic_pkg', 'cmake_prefix_path')
[0.782s] INFO:colcon.colcon_core.shell:Creating environment hook '/home/enryu/Desktop/Path-Following-Robot/install/topic_pkg/share/topic_pkg/hook/cmake_prefix_path.ps1'
[0.783s] INFO:colcon.colcon_core.shell:Creating environment descriptor '/home/enryu/Desktop/Path-Following-Robot/install/topic_pkg/share/topic_pkg/hook/cmake_prefix_path.dsv'
[0.783s] INFO:colcon.colcon_core.shell:Creating environment hook '/home/enryu/Desktop/Path-Following-Robot/install/topic_pkg/share/topic_pkg/hook/cmake_prefix_path.sh'
[0.783s] Level 1:colcon.colcon_core.environment:checking '/home/enryu/Desktop/Path-Following-Robot/install/topic_pkg/lib'
[0.784s] Level 1:colcon.colcon_core.environment:checking '/home/enryu/Desktop/Path-Following-Robot/install/topic_pkg/bin'
[0.784s] Level 1:colcon.colcon_core.environment:checking '/home/enryu/Desktop/Path-Following-Robot/install/topic_pkg/lib/pkgconfig/topic_pkg.pc'
[0.784s] Level 1:colcon.colcon_core.environment:checking '/home/enryu/Desktop/Path-Following-Robot/install/topic_pkg/lib/python3.10/site-packages'
[0.784s] Level 1:colcon.colcon_core.environment:checking '/home/enryu/Desktop/Path-Following-Robot/install/topic_pkg/bin'
[0.784s] INFO:colcon.colcon_core.shell:Creating package script '/home/enryu/Desktop/Path-Following-Robot/install/topic_pkg/share/topic_pkg/package.ps1'
[0.785s] INFO:colcon.colcon_core.shell:Creating package descriptor '/home/enryu/Desktop/Path-Following-Robot/install/topic_pkg/share/topic_pkg/package.dsv'
[0.785s] INFO:colcon.colcon_core.shell:Creating package script '/home/enryu/Desktop/Path-Following-Robot/install/topic_pkg/share/topic_pkg/package.sh'
[0.786s] INFO:colcon.colcon_core.shell:Creating package script '/home/enryu/Desktop/Path-Following-Robot/install/topic_pkg/share/topic_pkg/package.bash'
[0.786s] INFO:colcon.colcon_core.shell:Creating package script '/home/enryu/Desktop/Path-Following-Robot/install/topic_pkg/share/topic_pkg/package.zsh'
[0.786s] Level 1:colcon.colcon_core.environment:create_file_with_runtime_dependencies(/home/enryu/Desktop/Path-Following-Robot/install/topic_pkg/share/colcon-core/packages/topic_pkg)
[0.788s] DEBUG:colcon.colcon_core.event_handler.log_command:Invoked command in '/home/enryu/Desktop/Path-Following-Robot/build/custom_interfaces' returned '0': CMAKE_PREFIX_PATH=${CMAKE_PREFIX_PATH}:/home/enryu/Desktop/Path-Following-Robot/install/teleop_twist_keyboard:/home/enryu/Desktop/Path-Following-Robot/install/robot_description:/opt/ros/humble /usr/bin/cmake --build /home/enryu/Desktop/Path-Following-Robot/build/custom_interfaces -- -j12 -l12
[0.790s] DEBUG:colcon.colcon_core.event_handler.log_command:Invoking command in '/home/enryu/Desktop/Path-Following-Robot/build/custom_interfaces': CMAKE_PREFIX_PATH=${CMAKE_PREFIX_PATH}:/home/enryu/Desktop/Path-Following-Robot/install/teleop_twist_keyboard:/home/enryu/Desktop/Path-Following-Robot/install/robot_description:/opt/ros/humble /usr/bin/cmake --install /home/enryu/Desktop/Path-Following-Robot/build/custom_interfaces
[0.840s] Level 1:colcon.colcon_core.environment:create_environment_scripts_only(custom_interfaces)
[0.840s] Level 1:colcon.colcon_core.environment:checking '/home/enryu/Desktop/Path-Following-Robot/install/custom_interfaces' for CMake module files
[0.841s] DEBUG:colcon.colcon_core.event_handler.log_command:Invoked command in '/home/enryu/Desktop/Path-Following-Robot/build/custom_interfaces' returned '0': CMAKE_PREFIX_PATH=${CMAKE_PREFIX_PATH}:/home/enryu/Desktop/Path-Following-Robot/install/teleop_twist_keyboard:/home/enryu/Desktop/Path-Following-Robot/install/robot_description:/opt/ros/humble /usr/bin/cmake --install /home/enryu/Desktop/Path-Following-Robot/build/custom_interfaces
[0.841s] Level 1:colcon.colcon_core.environment:checking '/home/enryu/Desktop/Path-Following-Robot/install/custom_interfaces' for CMake config files
[0.842s] Level 1:colcon.colcon_core.shell:create_environment_hook('custom_interfaces', 'cmake_prefix_path')
[0.843s] INFO:colcon.colcon_core.shell:Creating environment hook '/home/enryu/Desktop/Path-Following-Robot/install/custom_interfaces/share/custom_interfaces/hook/cmake_prefix_path.ps1'
[0.843s] INFO:colcon.colcon_core.shell:Creating environment descriptor '/home/enryu/Desktop/Path-Following-Robot/install/custom_interfaces/share/custom_interfaces/hook/cmake_prefix_path.dsv'
[0.843s] INFO:colcon.colcon_core.shell:Creating environment hook '/home/enryu/Desktop/Path-Following-Robot/install/custom_interfaces/share/custom_interfaces/hook/cmake_prefix_path.sh'
[0.844s] Level 1:colcon.colcon_core.environment:checking '/home/enryu/Desktop/Path-Following-Robot/install/custom_interfaces/lib'
[0.844s] Level 1:colcon.colcon_core.shell:create_environment_hook('custom_interfaces', 'ld_library_path_lib')
[0.844s] INFO:colcon.colcon_core.shell:Creating environment hook '/home/enryu/Desktop/Path-Following-Robot/install/custom_interfaces/share/custom_interfaces/hook/ld_library_path_lib.ps1'
[0.845s] INFO:colcon.colcon_core.shell:Creating environment descriptor '/home/enryu/Desktop/Path-Following-Robot/install/custom_interfaces/share/custom_interfaces/hook/ld_library_path_lib.dsv'
[0.845s] INFO:colcon.colcon_core.shell:Creating environment hook '/home/enryu/Desktop/Path-Following-Robot/install/custom_interfaces/share/custom_interfaces/hook/ld_library_path_lib.sh'
[0.845s] Level 1:colcon.colcon_core.environment:checking '/home/enryu/Desktop/Path-Following-Robot/install/custom_interfaces/bin'
[0.846s] Level 1:colcon.colcon_core.environment:checking '/home/enryu/Desktop/Path-Following-Robot/install/custom_interfaces/lib/pkgconfig/custom_interfaces.pc'
[0.846s] Level 1:colcon.colcon_core.environment:checking '/home/enryu/Desktop/Path-Following-Robot/install/custom_interfaces/lib/python3.10/site-packages'
[0.846s] Level 1:colcon.colcon_core.environment:checking '/home/enryu/Desktop/Path-Following-Robot/install/custom_interfaces/bin'
[0.847s] INFO:colcon.colcon_core.shell:Creating package script '/home/enryu/Desktop/Path-Following-Robot/install/custom_interfaces/share/custom_interfaces/package.ps1'
[0.847s] INFO:colcon.colcon_core.shell:Creating package descriptor '/home/enryu/Desktop/Path-Following-Robot/install/custom_interfaces/share/custom_interfaces/package.dsv'
[0.848s] INFO:colcon.colcon_core.shell:Creating package script '/home/enryu/Desktop/Path-Following-Robot/install/custom_interfaces/share/custom_interfaces/package.sh'
[0.848s] INFO:colcon.colcon_core.shell:Creating package script '/home/enryu/Desktop/Path-Following-Robot/install/custom_interfaces/share/custom_interfaces/package.bash'
[0.848s] INFO:colcon.colcon_core.shell:Creating package script '/home/enryu/Desktop/Path-Following-Robot/install/custom_interfaces/share/custom_interfaces/package.zsh'
[0.849s] Level 1:colcon.colcon_core.environment:create_file_with_runtime_dependencies(/home/enryu/Desktop/Path-Following-Robot/install/custom_interfaces/share/colcon-core/packages/custom_interfaces)
[0.849s] Level 1:colcon.colcon_core.environment:create_environment_scripts_only(custom_interfaces)
[0.849s] Level 1:colcon.colcon_core.environment:checking '/home/enryu/Desktop/Path-Following-Robot/install/custom_interfaces' for CMake module files
[0.850s] Level 1:colcon.colcon_core.environment:checking '/home/enryu/Desktop/Path-Following-Robot/install/custom_interfaces' for CMake config files
[0.850s] Level 1:colcon.colcon_core.shell:create_environment_hook('custom_interfaces', 'cmake_prefix_path')
[0.851s] INFO:colcon.colcon_core.shell:Creating environment hook '/home/enryu/Desktop/Path-Following-Robot/install/custom_interfaces/share/custom_interfaces/hook/cmake_prefix_path.ps1'
[0.851s] INFO:colcon.colcon_core.shell:Creating environment descriptor '/home/enryu/Desktop/Path-Following-Robot/install/custom_interfaces/share/custom_interfaces/hook/cmake_prefix_path.dsv'
[0.851s] INFO:colcon.colcon_core.shell:Creating environment hook '/home/enryu/Desktop/Path-Following-Robot/install/custom_interfaces/share/custom_interfaces/hook/cmake_prefix_path.sh'
[0.852s] Level 1:colcon.colcon_core.environment:checking '/home/enryu/Desktop/Path-Following-Robot/install/custom_interfaces/lib'
[0.852s] Level 1:colcon.colcon_core.shell:create_environment_hook('custom_interfaces', 'ld_library_path_lib')
[0.852s] INFO:colcon.colcon_core.shell:Creating environment hook '/home/enryu/Desktop/Path-Following-Robot/install/custom_interfaces/share/custom_interfaces/hook/ld_library_path_lib.ps1'
[0.852s] INFO:colcon.colcon_core.shell:Creating environment descriptor '/home/enryu/Desktop/Path-Following-Robot/install/custom_interfaces/share/custom_interfaces/hook/ld_library_path_lib.dsv'
[0.853s] INFO:colcon.colcon_core.shell:Creating environment hook '/home/enryu/Desktop/Path-Following-Robot/install/custom_interfaces/share/custom_interfaces/hook/ld_library_path_lib.sh'
[0.853s] Level 1:colcon.colcon_core.environment:checking '/home/enryu/Desktop/Path-Following-Robot/install/custom_interfaces/bin'
[0.853s] Level 1:colcon.colcon_core.environment:checking '/home/enryu/Desktop/Path-Following-Robot/install/custom_interfaces/lib/pkgconfig/custom_interfaces.pc'
[0.853s] Level 1:colcon.colcon_core.environment:checking '/home/enryu/Desktop/Path-Following-Robot/install/custom_interfaces/lib/python3.10/site-packages'
[0.853s] Level 1:colcon.colcon_core.environment:checking '/home/enryu/Desktop/Path-Following-Robot/install/custom_interfaces/bin'
[0.854s] INFO:colcon.colcon_core.shell:Creating package script '/home/enryu/Desktop/Path-Following-Robot/install/custom_interfaces/share/custom_interfaces/package.ps1'
[0.854s] INFO:colcon.colcon_core.shell:Creating package descriptor '/home/enryu/Desktop/Path-Following-Robot/install/custom_interfaces/share/custom_interfaces/package.dsv'
[0.854s] INFO:colcon.colcon_core.shell:Creating package script '/home/enryu/Desktop/Path-Following-Robot/install/custom_interfaces/share/custom_interfaces/package.sh'
[0.855s] INFO:colcon.colcon_core.shell:Creating package script '/home/enryu/Desktop/Path-Following-Robot/install/custom_interfaces/share/custom_interfaces/package.bash'
[0.855s] INFO:colcon.colcon_core.shell:Creating package script '/home/enryu/Desktop/Path-Following-Robot/install/custom_interfaces/share/custom_interfaces/package.zsh'
[0.855s] Level 1:colcon.colcon_core.environment:create_file_with_runtime_dependencies(/home/enryu/Desktop/Path-Following-Robot/install/custom_interfaces/share/colcon-core/packages/custom_interfaces)
[1.029s] DEBUG:colcon.colcon_core.event_handler.log_command:Invoking command in '/home/enryu/Desktop/Path-Following-Robot/src/robot_description': PYTHONPATH=/home/enryu/Desktop/Path-Following-Robot/build/robot_description/prefix_override:/usr/lib/python3/dist-packages/colcon_core/task/python/colcon_distutils_commands:/home/enryu/Desktop/Path-Following-Robot/install/robot_description/lib/python3.10/site-packages:${PYTHONPATH} /usr/bin/python3 -W ignore:setup.py install is deprecated -W ignore:easy_install command is deprecated setup.py egg_info --egg-base ../../build/robot_description build --build-base /home/enryu/Desktop/Path-Following-Robot/build/robot_description/build install --record /home/enryu/Desktop/Path-Following-Robot/build/robot_description/install.log --single-version-externally-managed install_data
[1.308s] Level 1:colcon.colcon_core.environment:checking '/home/enryu/Desktop/Path-Following-Robot/install/robot_description' for CMake module files
[1.308s] DEBUG:colcon.colcon_core.event_handler.log_command:Invoked command in '/home/enryu/Desktop/Path-Following-Robot/src/robot_description' returned '0': PYTHONPATH=/home/enryu/Desktop/Path-Following-Robot/build/robot_description/prefix_override:/usr/lib/python3/dist-packages/colcon_core/task/python/colcon_distutils_commands:/home/enryu/Desktop/Path-Following-Robot/install/robot_description/lib/python3.10/site-packages:${PYTHONPATH} /usr/bin/python3 -W ignore:setup.py install is deprecated -W ignore:easy_install command is deprecated setup.py egg_info --egg-base ../../build/robot_description build --build-base /home/enryu/Desktop/Path-Following-Robot/build/robot_description/build install --record /home/enryu/Desktop/Path-Following-Robot/build/robot_description/install.log --single-version-externally-managed install_data
[1.309s] Level 1:colcon.colcon_core.environment:checking '/home/enryu/Desktop/Path-Following-Robot/install/robot_description' for CMake config files
[1.309s] Level 1:colcon.colcon_core.environment:checking '/home/enryu/Desktop/Path-Following-Robot/install/robot_description/lib'
[1.309s] Level 1:colcon.colcon_core.environment:checking '/home/enryu/Desktop/Path-Following-Robot/install/robot_description/bin'
[1.310s] Level 1:colcon.colcon_core.environment:checking '/home/enryu/Desktop/Path-Following-Robot/install/robot_description/lib/pkgconfig/robot_description.pc'
[1.310s] Level 1:colcon.colcon_core.environment:checking '/home/enryu/Desktop/Path-Following-Robot/install/robot_description/lib/python3.10/site-packages'
[1.310s] Level 1:colcon.colcon_core.shell:create_environment_hook('robot_description', 'pythonpath')
[1.310s] INFO:colcon.colcon_core.shell:Creating environment hook '/home/enryu/Desktop/Path-Following-Robot/install/robot_description/share/robot_description/hook/pythonpath.ps1'
[1.311s] INFO:colcon.colcon_core.shell:Creating environment descriptor '/home/enryu/Desktop/Path-Following-Robot/install/robot_description/share/robot_description/hook/pythonpath.dsv'
[1.311s] INFO:colcon.colcon_core.shell:Creating environment hook '/home/enryu/Desktop/Path-Following-Robot/install/robot_description/share/robot_description/hook/pythonpath.sh'
[1.312s] Level 1:colcon.colcon_core.environment:checking '/home/enryu/Desktop/Path-Following-Robot/install/robot_description/bin'
[1.312s] Level 1:colcon.colcon_core.environment:create_environment_scripts_only(robot_description)
[1.312s] INFO:colcon.colcon_core.shell:Creating package script '/home/enryu/Desktop/Path-Following-Robot/install/robot_description/share/robot_description/package.ps1'
[1.313s] INFO:colcon.colcon_core.shell:Creating package descriptor '/home/enryu/Desktop/Path-Following-Robot/install/robot_description/share/robot_description/package.dsv'
[1.313s] INFO:colcon.colcon_core.shell:Creating package script '/home/enryu/Desktop/Path-Following-Robot/install/robot_description/share/robot_description/package.sh'
[1.314s] INFO:colcon.colcon_core.shell:Creating package script '/home/enryu/Desktop/Path-Following-Robot/install/robot_description/share/robot_description/package.bash'
[1.314s] INFO:colcon.colcon_core.shell:Creating package script '/home/enryu/Desktop/Path-Following-Robot/install/robot_description/share/robot_description/package.zsh'
[1.314s] Level 1:colcon.colcon_core.environment:create_file_with_runtime_dependencies(/home/enryu/Desktop/Path-Following-Robot/install/robot_description/share/colcon-core/packages/robot_description)
[1.315s] DEBUG:colcon.colcon_parallel_executor.executor.parallel:closing loop
[1.315s] DEBUG:colcon.colcon_parallel_executor.executor.parallel:loop closed
[1.315s] DEBUG:colcon.colcon_parallel_executor.executor.parallel:run_until_complete finished with '0'
[1.315s] DEBUG:colcon.colcon_core.event_reactor:joining thread
[1.321s] INFO:colcon.colcon_core.plugin_system:Skipping extension 'colcon_notification.desktop_notification.terminal_notifier': Not used on non-Darwin systems
[1.321s] INFO:colcon.colcon_core.plugin_system:Skipping extension 'colcon_notification.desktop_notification.win32': Not used on non-Windows systems
[1.321s] INFO:colcon.colcon_notification.desktop_notification:Sending desktop notification using 'notify2'
[1.330s] DEBUG:colcon.colcon_core.event_reactor:joined thread
[1.330s] INFO:colcon.colcon_core.shell:Creating prefix script '/home/enryu/Desktop/Path-Following-Robot/install/local_setup.ps1'
[1.331s] INFO:colcon.colcon_core.shell:Creating prefix util module '/home/enryu/Desktop/Path-Following-Robot/install/_local_setup_util_ps1.py'
[1.333s] INFO:colcon.colcon_core.shell:Creating prefix chain script '/home/enryu/Desktop/Path-Following-Robot/install/setup.ps1'
[1.334s] INFO:colcon.colcon_core.shell:Creating prefix script '/home/enryu/Desktop/Path-Following-Robot/install/local_setup.sh'
[1.335s] INFO:colcon.colcon_core.shell:Creating prefix util module '/home/enryu/Desktop/Path-Following-Robot/install/_local_setup_util_sh.py'
[1.335s] INFO:colcon.colcon_core.shell:Creating prefix chain script '/home/enryu/Desktop/Path-Following-Robot/install/setup.sh'
[1.336s] INFO:colcon.colcon_core.shell:Creating prefix script '/home/enryu/Desktop/Path-Following-Robot/install/local_setup.bash'
[1.337s] INFO:colcon.colcon_core.shell:Creating prefix chain script '/home/enryu/Desktop/Path-Following-Robot/install/setup.bash'
[1.338s] INFO:colcon.colcon_core.shell:Creating prefix script '/home/enryu/Desktop/Path-Following-Robot/install/local_setup.zsh'
[1.338s] INFO:colcon.colcon_core.shell:Creating prefix chain script '/home/enryu/Desktop/Path-Following-Robot/install/setup.zsh'
