[0.678s] Invoking command in '/home/enryu/Desktop/Path-Following-Robot/src/robot_description': PYTHONPATH=/home/enryu/Desktop/Path-Following-Robot/build/robot_description/prefix_override:/usr/lib/python3/dist-packages/colcon_core/task/python/colcon_distutils_commands:/home/enryu/Desktop/Path-Following-Robot/install/robot_description/lib/python3.10/site-packages:${PYTHONPATH} /usr/bin/python3 -W ignore:setup.py install is deprecated -W ignore:easy_install command is deprecated setup.py egg_info --egg-base ../../build/robot_description build --build-base /home/enryu/Desktop/Path-Following-Robot/build/robot_description/build install --record /home/enryu/Desktop/Path-Following-Robot/build/robot_description/install.log --single-version-externally-managed install_data
[0.952s] running egg_info
[0.952s] writing ../../build/robot_description/robot_description.egg-info/PKG-INFO
[0.953s] writing dependency_links to ../../build/robot_description/robot_description.egg-info/dependency_links.txt
[0.953s] writing entry points to ../../build/robot_description/robot_description.egg-info/entry_points.txt
[0.953s] writing requirements to ../../build/robot_description/robot_description.egg-info/requires.txt
[0.953s] writing top-level names to ../../build/robot_description/robot_description.egg-info/top_level.txt
[0.955s] reading manifest file '../../build/robot_description/robot_description.egg-info/SOURCES.txt'
[0.957s] writing manifest file '../../build/robot_description/robot_description.egg-info/SOURCES.txt'
[0.957s] running build
[0.957s] running build_py
[0.957s] running install
[0.958s] running install_lib
[0.959s] running install_data
[0.960s] copying urdf/robot.xacro -> /home/enryu/Desktop/Path-Following-Robot/install/robot_description/share/robot_description/urdf
[0.960s] running install_egg_info
[0.961s] removing '/home/enryu/Desktop/Path-Following-Robot/install/robot_description/lib/python3.10/site-packages/robot_description-0.0.0-py3.10.egg-info' (and everything under it)
[0.962s] Copying ../../build/robot_description/robot_description.egg-info to /home/enryu/Desktop/Path-Following-Robot/install/robot_description/lib/python3.10/site-packages/robot_description-0.0.0-py3.10.egg-info
[0.962s] running install_scripts
[0.984s] Installing display_odom script to /home/enryu/Desktop/Path-Following-Robot/install/robot_description/lib/robot_description
[0.984s] Installing display_scan script to /home/enryu/Desktop/Path-Following-Robot/install/robot_description/lib/robot_description
[0.984s] writing list of installed files to '/home/enryu/Desktop/Path-Following-Robot/build/robot_description/install.log'
[1.007s] Invoked command in '/home/enryu/Desktop/Path-Following-Robot/src/robot_description' returned '0': PYTHONPATH=/home/enryu/Desktop/Path-Following-Robot/build/robot_description/prefix_override:/usr/lib/python3/dist-packages/colcon_core/task/python/colcon_distutils_commands:/home/enryu/Desktop/Path-Following-Robot/install/robot_description/lib/python3.10/site-packages:${PYTHONPATH} /usr/bin/python3 -W ignore:setup.py install is deprecated -W ignore:easy_install command is deprecated setup.py egg_info --egg-base ../../build/robot_description build --build-base /home/enryu/Desktop/Path-Following-Robot/build/robot_description/build install --record /home/enryu/Desktop/Path-Following-Robot/build/robot_description/install.log --single-version-externally-managed install_data
