[0.025s] Invoking command in '/home/enryu/Desktop/Path-Following-Robot/build/custom_interfaces': CMAKE_PREFIX_PATH=${CMAKE_PREFIX_PATH}:/home/enryu/Desktop/Path-Following-Robot/install/robot_description:/opt/ros/humble /usr/bin/cmake /home/enryu/Desktop/Path-Following-Robot/src/custom_interfaces -DCMAKE_INSTALL_PREFIX=/home/enryu/Desktop/Path-Following-Robot/install/custom_interfaces
[0.295s] -- The C compiler identification is GNU 11.4.0
[0.295s] -- The CXX compiler identification is GNU 11.4.0
[0.295s] -- Detecting C compiler ABI info
[0.296s] -- Detecting C compiler ABI info - done
[0.296s] -- Check for working C compiler: /usr/bin/cc - skipped
[0.296s] -- Detecting C compile features
[0.296s] -- Detecting C compile features - done
[0.296s] -- Detecting CXX compiler ABI info
[0.302s] -- Detecting CXX compiler ABI info - done
[0.310s] -- Check for working CXX compiler: /usr/bin/c++ - skipped
[0.310s] -- Detecting CXX compile features
[0.310s] -- Detecting CXX compile features - done
[0.313s] -- Found ament_cmake: 1.3.12 (/opt/ros/humble/share/ament_cmake/cmake)
[0.486s] -- Found Python3: /usr/bin/python3 (found version "3.10.12") found components: Interpreter 
[0.576s] -- Found rclcpp: 16.0.14 (/opt/ros/humble/share/rclcpp/cmake)
[0.617s] -- Found rosidl_generator_c: 3.1.7 (/opt/ros/humble/share/rosidl_generator_c/cmake)
[0.622s] -- Found rosidl_adapter: 3.1.7 (/opt/ros/humble/share/rosidl_adapter/cmake)
[0.630s] -- Found rosidl_generator_cpp: 3.1.7 (/opt/ros/humble/share/rosidl_generator_cpp/cmake)
[0.644s] -- Using all available rosidl_typesupport_c: rosidl_typesupport_fastrtps_c;rosidl_typesupport_introspection_c
[0.660s] -- Using all available rosidl_typesupport_cpp: rosidl_typesupport_fastrtps_cpp;rosidl_typesupport_introspection_cpp
[0.706s] -- Found rmw_implementation_cmake: 6.1.2 (/opt/ros/humble/share/rmw_implementation_cmake/cmake)
[0.706s] -- Found rmw_fastrtps_cpp: 6.2.8 (/opt/ros/humble/share/rmw_fastrtps_cpp/cmake)
[0.805s] -- Found OpenSSL: /usr/lib/x86_64-linux-gnu/libcrypto.so (found version "3.0.2")  
[0.834s] -- Found FastRTPS: /opt/ros/humble/include  
[0.875s] -- Using RMW implementation 'rmw_fastrtps_cpp' as default
[0.884s] -- Looking for pthread.h
[0.961s] -- Looking for pthread.h - found
[0.962s] -- Performing Test CMAKE_HAVE_LIBC_PTHREAD
[1.045s] -- Performing Test CMAKE_HAVE_LIBC_PTHREAD - Success
[1.047s] -- Found Threads: TRUE  
[1.116s] -- Found rosidl_default_generators: 1.2.0 (/opt/ros/humble/share/rosidl_default_generators/cmake)
[1.400s] -- Found ament_cmake_ros: 0.10.0 (/opt/ros/humble/share/ament_cmake_ros/cmake)
[1.769s] -- Using all available rosidl_typesupport_c: rosidl_typesupport_fastrtps_c;rosidl_typesupport_introspection_c
[1.899s] -- Using all available rosidl_typesupport_cpp: rosidl_typesupport_fastrtps_cpp;rosidl_typesupport_introspection_cpp
[1.924s] -- Found PythonInterp: /usr/bin/python3 (found suitable version "3.10.12", minimum required is "3.6") 
[1.926s] -- Found python_cmake_module: 0.10.0 (/opt/ros/humble/share/python_cmake_module/cmake)
[1.956s] -- Found PythonLibs: /usr/lib/x86_64-linux-gnu/libpython3.10.so (found suitable version "3.10.12", minimum required is "3.5") 
[1.957s] -- Using PYTHON_EXECUTABLE: /usr/bin/python3
[1.957s] -- Using PYTHON_INCLUDE_DIRS: /usr/include/python3.10
[1.957s] -- Using PYTHON_LIBRARIES: /usr/lib/x86_64-linux-gnu/libpython3.10.so
[1.979s] -- Found PythonExtra: .so  
[2.023s] -- Configuring done
[2.052s] -- Generating done
[2.062s] -- Build files have been written to: /home/enryu/Desktop/Path-Following-Robot/build/custom_interfaces
[2.074s] Invoked command in '/home/enryu/Desktop/Path-Following-Robot/build/custom_interfaces' returned '0': CMAKE_PREFIX_PATH=${CMAKE_PREFIX_PATH}:/home/enryu/Desktop/Path-Following-Robot/install/robot_description:/opt/ros/humble /usr/bin/cmake /home/enryu/Desktop/Path-Following-Robot/src/custom_interfaces -DCMAKE_INSTALL_PREFIX=/home/enryu/Desktop/Path-Following-Robot/install/custom_interfaces
[2.075s] Invoking command in '/home/enryu/Desktop/Path-Following-Robot/build/custom_interfaces': CMAKE_PREFIX_PATH=${CMAKE_PREFIX_PATH}:/home/enryu/Desktop/Path-Following-Robot/install/robot_description:/opt/ros/humble /usr/bin/cmake --build /home/enryu/Desktop/Path-Following-Robot/build/custom_interfaces -- -j12 -l12
[2.117s] [  3%] [34m[1mGenerating C code for ROS interfaces[0m
[2.128s] [  6%] [34m[1mGenerating C++ code for ROS interfaces[0m
[2.137s] [  6%] Built target ament_cmake_python_copy_custom_interfaces
[2.422s] [  6%] Built target custom_interfaces__cpp
[2.432s] [  9%] [32mBuilding C object CMakeFiles/custom_interfaces__rosidl_generator_c.dir/rosidl_generator_c/custom_interfaces/msg/detail/age__functions.c.o[0m
[2.436s] [ 16%] [34m[1mGenerating C++ type support dispatch for ROS interfaces[0m
[2.436s] [ 16%] [34m[1mGenerating C++ introspection for ROS interfaces[0m
[2.437s] [ 19%] [34m[1mGenerating C++ type support for eProsima Fast-RTPS[0m
[2.448s] running egg_info
[2.448s] creating custom_interfaces.egg-info
[2.448s] writing custom_interfaces.egg-info/PKG-INFO
[2.448s] writing dependency_links to custom_interfaces.egg-info/dependency_links.txt
[2.448s] writing top-level names to custom_interfaces.egg-info/top_level.txt
[2.449s] writing manifest file 'custom_interfaces.egg-info/SOURCES.txt'
[2.451s] reading manifest file 'custom_interfaces.egg-info/SOURCES.txt'
[2.452s] writing manifest file 'custom_interfaces.egg-info/SOURCES.txt'
[2.488s] [ 19%] Built target ament_cmake_python_build_custom_interfaces_egg
[2.502s] [ 22%] [32m[1mLinking C shared library libcustom_interfaces__rosidl_generator_c.so[0m
[2.548s] [ 22%] Built target custom_interfaces__rosidl_generator_c
[2.564s] [ 29%] [34m[1mGenerating C type support dispatch for ROS interfaces[0m
[2.565s] [ 29%] [34m[1mGenerating C type support for eProsima Fast-RTPS[0m
[2.565s] [ 32%] [34m[1mGenerating C introspection for ROS interfaces[0m
[2.712s] [ 35%] [32mBuilding CXX object CMakeFiles/custom_interfaces__rosidl_typesupport_fastrtps_cpp.dir/rosidl_typesupport_fastrtps_cpp/custom_interfaces/msg/detail/dds_fastrtps/age__type_support.cpp.o[0m
[2.738s] [ 38%] [32mBuilding CXX object CMakeFiles/custom_interfaces__rosidl_typesupport_introspection_cpp.dir/rosidl_typesupport_introspection_cpp/custom_interfaces/msg/detail/age__type_support.cpp.o[0m
[2.823s] [ 41%] [32mBuilding C object CMakeFiles/custom_interfaces__rosidl_typesupport_introspection_c.dir/rosidl_typesupport_introspection_c/custom_interfaces/msg/detail/age__type_support.c.o[0m
[2.824s] [ 45%] [32mBuilding CXX object CMakeFiles/custom_interfaces__rosidl_typesupport_cpp.dir/rosidl_typesupport_cpp/custom_interfaces/msg/age__type_support.cpp.o[0m
[2.875s] [ 48%] [32m[1mLinking C shared library libcustom_interfaces__rosidl_typesupport_introspection_c.so[0m
[2.923s] [ 48%] Built target custom_interfaces__rosidl_typesupport_introspection_c
[2.946s] [ 51%] [32mBuilding CXX object CMakeFiles/custom_interfaces__rosidl_typesupport_c.dir/rosidl_typesupport_c/custom_interfaces/msg/age__type_support.cpp.o[0m
[2.981s] [ 54%] [32mBuilding CXX object CMakeFiles/custom_interfaces__rosidl_typesupport_fastrtps_c.dir/rosidl_typesupport_fastrtps_c/custom_interfaces/msg/detail/age__type_support_c.cpp.o[0m
[2.991s] [ 58%] [32m[1mLinking CXX shared library libcustom_interfaces__rosidl_typesupport_c.so[0m
[3.055s] [ 58%] Built target custom_interfaces__rosidl_typesupport_c
[3.102s] [ 61%] [32m[1mLinking CXX shared library libcustom_interfaces__rosidl_typesupport_cpp.so[0m
[3.119s] [ 64%] [32m[1mLinking CXX shared library libcustom_interfaces__rosidl_typesupport_fastrtps_cpp.so[0m
[3.143s] [ 67%] [32m[1mLinking CXX shared library libcustom_interfaces__rosidl_typesupport_introspection_cpp.so[0m
[3.145s] [ 67%] Built target custom_interfaces__rosidl_typesupport_cpp
[3.188s] [ 67%] Built target custom_interfaces__rosidl_typesupport_introspection_cpp
[3.208s] [ 67%] Built target custom_interfaces__rosidl_typesupport_fastrtps_cpp
[3.387s] [ 70%] [32m[1mLinking CXX shared library libcustom_interfaces__rosidl_typesupport_fastrtps_c.so[0m
[3.469s] [ 70%] Built target custom_interfaces__rosidl_typesupport_fastrtps_c
[3.490s] [ 70%] Built target custom_interfaces
[3.511s] [ 74%] [34m[1mGenerating Python code for ROS interfaces[0m
[3.791s] [ 74%] Built target custom_interfaces__py
[3.812s] [ 77%] [32mBuilding C object CMakeFiles/custom_interfaces__rosidl_generator_py.dir/rosidl_generator_py/custom_interfaces/msg/_age_s.c.o[0m
[3.909s] [ 80%] [32m[1mLinking C shared library rosidl_generator_py/custom_interfaces/libcustom_interfaces__rosidl_generator_py.so[0m
[3.949s] [ 80%] Built target custom_interfaces__rosidl_generator_py
[3.971s] [ 87%] [32mBuilding C object CMakeFiles/custom_interfaces__rosidl_typesupport_introspection_c__pyext.dir/rosidl_generator_py/custom_interfaces/_custom_interfaces_s.ep.rosidl_typesupport_introspection_c.c.o[0m
[3.971s] [ 87%] [32mBuilding C object CMakeFiles/custom_interfaces__rosidl_typesupport_fastrtps_c__pyext.dir/rosidl_generator_py/custom_interfaces/_custom_interfaces_s.ep.rosidl_typesupport_fastrtps_c.c.o[0m
[3.971s] [ 90%] [32mBuilding C object CMakeFiles/custom_interfaces__rosidl_typesupport_c__pyext.dir/rosidl_generator_py/custom_interfaces/_custom_interfaces_s.ep.rosidl_typesupport_c.c.o[0m
[4.059s] [ 93%] [32m[1mLinking C shared library rosidl_generator_py/custom_interfaces/custom_interfaces_s__rosidl_typesupport_c.cpython-310-x86_64-linux-gnu.so[0m
[4.061s] [ 96%] [32m[1mLinking C shared library rosidl_generator_py/custom_interfaces/custom_interfaces_s__rosidl_typesupport_introspection_c.cpython-310-x86_64-linux-gnu.so[0m
[4.064s] [100%] [32m[1mLinking C shared library rosidl_generator_py/custom_interfaces/custom_interfaces_s__rosidl_typesupport_fastrtps_c.cpython-310-x86_64-linux-gnu.so[0m
[4.094s] [100%] Built target custom_interfaces__rosidl_typesupport_c__pyext
[4.097s] [100%] Built target custom_interfaces__rosidl_typesupport_introspection_c__pyext
[4.100s] [100%] Built target custom_interfaces__rosidl_typesupport_fastrtps_c__pyext
[4.113s] Invoked command in '/home/enryu/Desktop/Path-Following-Robot/build/custom_interfaces' returned '0': CMAKE_PREFIX_PATH=${CMAKE_PREFIX_PATH}:/home/enryu/Desktop/Path-Following-Robot/install/robot_description:/opt/ros/humble /usr/bin/cmake --build /home/enryu/Desktop/Path-Following-Robot/build/custom_interfaces -- -j12 -l12
[4.115s] Invoking command in '/home/enryu/Desktop/Path-Following-Robot/build/custom_interfaces': CMAKE_PREFIX_PATH=${CMAKE_PREFIX_PATH}:/home/enryu/Desktop/Path-Following-Robot/install/robot_description:/opt/ros/humble /usr/bin/cmake --install /home/enryu/Desktop/Path-Following-Robot/build/custom_interfaces
[4.123s] -- Install configuration: ""
[4.123s] -- Installing: /home/enryu/Desktop/Path-Following-Robot/install/custom_interfaces/share/ament_index/resource_index/rosidl_interfaces/custom_interfaces
[4.124s] -- Installing: /home/enryu/Desktop/Path-Following-Robot/install/custom_interfaces/include/custom_interfaces/custom_interfaces
[4.124s] -- Installing: /home/enryu/Desktop/Path-Following-Robot/install/custom_interfaces/include/custom_interfaces/custom_interfaces/msg
[4.124s] -- Installing: /home/enryu/Desktop/Path-Following-Robot/install/custom_interfaces/include/custom_interfaces/custom_interfaces/msg/age.h
[4.124s] -- Installing: /home/enryu/Desktop/Path-Following-Robot/install/custom_interfaces/include/custom_interfaces/custom_interfaces/msg/detail
[4.124s] -- Installing: /home/enryu/Desktop/Path-Following-Robot/install/custom_interfaces/include/custom_interfaces/custom_interfaces/msg/detail/age__struct.h
[4.124s] -- Installing: /home/enryu/Desktop/Path-Following-Robot/install/custom_interfaces/include/custom_interfaces/custom_interfaces/msg/detail/age__functions.c
[4.124s] -- Installing: /home/enryu/Desktop/Path-Following-Robot/install/custom_interfaces/include/custom_interfaces/custom_interfaces/msg/detail/age__type_support.h
[4.124s] -- Installing: /home/enryu/Desktop/Path-Following-Robot/install/custom_interfaces/include/custom_interfaces/custom_interfaces/msg/detail/age__functions.h
[4.124s] -- Installing: /home/enryu/Desktop/Path-Following-Robot/install/custom_interfaces/include/custom_interfaces/custom_interfaces/msg/rosidl_generator_c__visibility_control.h
[4.124s] -- Installing: /home/enryu/Desktop/Path-Following-Robot/install/custom_interfaces/share/custom_interfaces/environment/library_path.sh
[4.125s] -- Installing: /home/enryu/Desktop/Path-Following-Robot/install/custom_interfaces/share/custom_interfaces/environment/library_path.dsv
[4.125s] -- Installing: /home/enryu/Desktop/Path-Following-Robot/install/custom_interfaces/lib/libcustom_interfaces__rosidl_generator_c.so
[4.125s] -- Set runtime path of "/home/enryu/Desktop/Path-Following-Robot/install/custom_interfaces/lib/libcustom_interfaces__rosidl_generator_c.so" to ""
[4.125s] -- Up-to-date: /home/enryu/Desktop/Path-Following-Robot/install/custom_interfaces/include/custom_interfaces/custom_interfaces
[4.126s] -- Up-to-date: /home/enryu/Desktop/Path-Following-Robot/install/custom_interfaces/include/custom_interfaces/custom_interfaces/msg
[4.126s] -- Up-to-date: /home/enryu/Desktop/Path-Following-Robot/install/custom_interfaces/include/custom_interfaces/custom_interfaces/msg/detail
[4.126s] -- Installing: /home/enryu/Desktop/Path-Following-Robot/install/custom_interfaces/include/custom_interfaces/custom_interfaces/msg/detail/age__rosidl_typesupport_fastrtps_c.h
[4.126s] -- Installing: /home/enryu/Desktop/Path-Following-Robot/install/custom_interfaces/include/custom_interfaces/custom_interfaces/msg/rosidl_typesupport_fastrtps_c__visibility_control.h
[4.126s] -- Installing: /home/enryu/Desktop/Path-Following-Robot/install/custom_interfaces/lib/libcustom_interfaces__rosidl_typesupport_fastrtps_c.so
[4.126s] -- Set runtime path of "/home/enryu/Desktop/Path-Following-Robot/install/custom_interfaces/lib/libcustom_interfaces__rosidl_typesupport_fastrtps_c.so" to ""
[4.126s] -- Up-to-date: /home/enryu/Desktop/Path-Following-Robot/install/custom_interfaces/include/custom_interfaces/custom_interfaces
[4.127s] -- Up-to-date: /home/enryu/Desktop/Path-Following-Robot/install/custom_interfaces/include/custom_interfaces/custom_interfaces/msg
[4.127s] -- Installing: /home/enryu/Desktop/Path-Following-Robot/install/custom_interfaces/include/custom_interfaces/custom_interfaces/msg/age.hpp
[4.127s] -- Installing: /home/enryu/Desktop/Path-Following-Robot/install/custom_interfaces/include/custom_interfaces/custom_interfaces/msg/rosidl_generator_cpp__visibility_control.hpp
[4.127s] -- Up-to-date: /home/enryu/Desktop/Path-Following-Robot/install/custom_interfaces/include/custom_interfaces/custom_interfaces/msg/detail
[4.127s] -- Installing: /home/enryu/Desktop/Path-Following-Robot/install/custom_interfaces/include/custom_interfaces/custom_interfaces/msg/detail/age__struct.hpp
[4.127s] -- Installing: /home/enryu/Desktop/Path-Following-Robot/install/custom_interfaces/include/custom_interfaces/custom_interfaces/msg/detail/age__traits.hpp
[4.127s] -- Installing: /home/enryu/Desktop/Path-Following-Robot/install/custom_interfaces/include/custom_interfaces/custom_interfaces/msg/detail/age__type_support.hpp
[4.127s] -- Installing: /home/enryu/Desktop/Path-Following-Robot/install/custom_interfaces/include/custom_interfaces/custom_interfaces/msg/detail/age__builder.hpp
[4.127s] -- Up-to-date: /home/enryu/Desktop/Path-Following-Robot/install/custom_interfaces/include/custom_interfaces/custom_interfaces
[4.127s] -- Up-to-date: /home/enryu/Desktop/Path-Following-Robot/install/custom_interfaces/include/custom_interfaces/custom_interfaces/msg
[4.127s] -- Installing: /home/enryu/Desktop/Path-Following-Robot/install/custom_interfaces/include/custom_interfaces/custom_interfaces/msg/rosidl_typesupport_fastrtps_cpp__visibility_control.h
[4.127s] -- Up-to-date: /home/enryu/Desktop/Path-Following-Robot/install/custom_interfaces/include/custom_interfaces/custom_interfaces/msg/detail
[4.127s] -- Installing: /home/enryu/Desktop/Path-Following-Robot/install/custom_interfaces/include/custom_interfaces/custom_interfaces/msg/detail/age__rosidl_typesupport_fastrtps_cpp.hpp
[4.128s] -- Installing: /home/enryu/Desktop/Path-Following-Robot/install/custom_interfaces/include/custom_interfaces/custom_interfaces/msg/detail/dds_fastrtps
[4.128s] -- Installing: /home/enryu/Desktop/Path-Following-Robot/install/custom_interfaces/lib/libcustom_interfaces__rosidl_typesupport_fastrtps_cpp.so
[4.128s] -- Set runtime path of "/home/enryu/Desktop/Path-Following-Robot/install/custom_interfaces/lib/libcustom_interfaces__rosidl_typesupport_fastrtps_cpp.so" to ""
[4.128s] -- Up-to-date: /home/enryu/Desktop/Path-Following-Robot/install/custom_interfaces/include/custom_interfaces/custom_interfaces
[4.128s] -- Up-to-date: /home/enryu/Desktop/Path-Following-Robot/install/custom_interfaces/include/custom_interfaces/custom_interfaces/msg
[4.128s] -- Up-to-date: /home/enryu/Desktop/Path-Following-Robot/install/custom_interfaces/include/custom_interfaces/custom_interfaces/msg/detail
[4.128s] -- Installing: /home/enryu/Desktop/Path-Following-Robot/install/custom_interfaces/include/custom_interfaces/custom_interfaces/msg/detail/age__rosidl_typesupport_introspection_c.h
[4.128s] -- Installing: /home/enryu/Desktop/Path-Following-Robot/install/custom_interfaces/include/custom_interfaces/custom_interfaces/msg/detail/age__type_support.c
[4.129s] -- Installing: /home/enryu/Desktop/Path-Following-Robot/install/custom_interfaces/include/custom_interfaces/custom_interfaces/msg/rosidl_typesupport_introspection_c__visibility_control.h
[4.129s] -- Installing: /home/enryu/Desktop/Path-Following-Robot/install/custom_interfaces/lib/libcustom_interfaces__rosidl_typesupport_introspection_c.so
[4.129s] -- Set runtime path of "/home/enryu/Desktop/Path-Following-Robot/install/custom_interfaces/lib/libcustom_interfaces__rosidl_typesupport_introspection_c.so" to ""
[4.129s] -- Installing: /home/enryu/Desktop/Path-Following-Robot/install/custom_interfaces/lib/libcustom_interfaces__rosidl_typesupport_c.so
[4.130s] -- Set runtime path of "/home/enryu/Desktop/Path-Following-Robot/install/custom_interfaces/lib/libcustom_interfaces__rosidl_typesupport_c.so" to ""
[4.130s] -- Up-to-date: /home/enryu/Desktop/Path-Following-Robot/install/custom_interfaces/include/custom_interfaces/custom_interfaces
[4.130s] -- Up-to-date: /home/enryu/Desktop/Path-Following-Robot/install/custom_interfaces/include/custom_interfaces/custom_interfaces/msg
[4.130s] -- Up-to-date: /home/enryu/Desktop/Path-Following-Robot/install/custom_interfaces/include/custom_interfaces/custom_interfaces/msg/detail
[4.130s] -- Installing: /home/enryu/Desktop/Path-Following-Robot/install/custom_interfaces/include/custom_interfaces/custom_interfaces/msg/detail/age__type_support.cpp
[4.130s] -- Installing: /home/enryu/Desktop/Path-Following-Robot/install/custom_interfaces/include/custom_interfaces/custom_interfaces/msg/detail/age__rosidl_typesupport_introspection_cpp.hpp
[4.130s] -- Installing: /home/enryu/Desktop/Path-Following-Robot/install/custom_interfaces/lib/libcustom_interfaces__rosidl_typesupport_introspection_cpp.so
[4.130s] -- Set runtime path of "/home/enryu/Desktop/Path-Following-Robot/install/custom_interfaces/lib/libcustom_interfaces__rosidl_typesupport_introspection_cpp.so" to ""
[4.131s] -- Installing: /home/enryu/Desktop/Path-Following-Robot/install/custom_interfaces/lib/libcustom_interfaces__rosidl_typesupport_cpp.so
[4.131s] -- Set runtime path of "/home/enryu/Desktop/Path-Following-Robot/install/custom_interfaces/lib/libcustom_interfaces__rosidl_typesupport_cpp.so" to ""
[4.131s] -- Installing: /home/enryu/Desktop/Path-Following-Robot/install/custom_interfaces/share/custom_interfaces/environment/pythonpath.sh
[4.131s] -- Installing: /home/enryu/Desktop/Path-Following-Robot/install/custom_interfaces/share/custom_interfaces/environment/pythonpath.dsv
[4.131s] -- Installing: /home/enryu/Desktop/Path-Following-Robot/install/custom_interfaces/local/lib/python3.10/dist-packages/custom_interfaces-0.0.0-py3.10.egg-info
[4.132s] -- Installing: /home/enryu/Desktop/Path-Following-Robot/install/custom_interfaces/local/lib/python3.10/dist-packages/custom_interfaces-0.0.0-py3.10.egg-info/top_level.txt
[4.132s] -- Installing: /home/enryu/Desktop/Path-Following-Robot/install/custom_interfaces/local/lib/python3.10/dist-packages/custom_interfaces-0.0.0-py3.10.egg-info/PKG-INFO
[4.132s] -- Installing: /home/enryu/Desktop/Path-Following-Robot/install/custom_interfaces/local/lib/python3.10/dist-packages/custom_interfaces-0.0.0-py3.10.egg-info/dependency_links.txt
[4.132s] -- Installing: /home/enryu/Desktop/Path-Following-Robot/install/custom_interfaces/local/lib/python3.10/dist-packages/custom_interfaces-0.0.0-py3.10.egg-info/SOURCES.txt
[4.132s] -- Installing: /home/enryu/Desktop/Path-Following-Robot/install/custom_interfaces/local/lib/python3.10/dist-packages/custom_interfaces
[4.132s] -- Installing: /home/enryu/Desktop/Path-Following-Robot/install/custom_interfaces/local/lib/python3.10/dist-packages/custom_interfaces/_custom_interfaces_s.ep.rosidl_typesupport_fastrtps_c.c
[4.132s] -- Installing: /home/enryu/Desktop/Path-Following-Robot/install/custom_interfaces/local/lib/python3.10/dist-packages/custom_interfaces/msg
[4.132s] -- Installing: /home/enryu/Desktop/Path-Following-Robot/install/custom_interfaces/local/lib/python3.10/dist-packages/custom_interfaces/msg/_age.py
[4.132s] -- Installing: /home/enryu/Desktop/Path-Following-Robot/install/custom_interfaces/local/lib/python3.10/dist-packages/custom_interfaces/msg/__init__.py
[4.133s] -- Installing: /home/enryu/Desktop/Path-Following-Robot/install/custom_interfaces/local/lib/python3.10/dist-packages/custom_interfaces/msg/_age_s.c
[4.133s] -- Installing: /home/enryu/Desktop/Path-Following-Robot/install/custom_interfaces/local/lib/python3.10/dist-packages/custom_interfaces/custom_interfaces_s__rosidl_typesupport_introspection_c.cpython-310-x86_64-linux-gnu.so
[4.133s] -- Installing: /home/enryu/Desktop/Path-Following-Robot/install/custom_interfaces/local/lib/python3.10/dist-packages/custom_interfaces/custom_interfaces_s__rosidl_typesupport_c.cpython-310-x86_64-linux-gnu.so
[4.133s] -- Installing: /home/enryu/Desktop/Path-Following-Robot/install/custom_interfaces/local/lib/python3.10/dist-packages/custom_interfaces/libcustom_interfaces__rosidl_generator_py.so
[4.133s] -- Installing: /home/enryu/Desktop/Path-Following-Robot/install/custom_interfaces/local/lib/python3.10/dist-packages/custom_interfaces/custom_interfaces_s__rosidl_typesupport_fastrtps_c.cpython-310-x86_64-linux-gnu.so
[4.133s] -- Installing: /home/enryu/Desktop/Path-Following-Robot/install/custom_interfaces/local/lib/python3.10/dist-packages/custom_interfaces/__init__.py
[4.133s] -- Installing: /home/enryu/Desktop/Path-Following-Robot/install/custom_interfaces/local/lib/python3.10/dist-packages/custom_interfaces/_custom_interfaces_s.ep.rosidl_typesupport_introspection_c.c
[4.134s] -- Installing: /home/enryu/Desktop/Path-Following-Robot/install/custom_interfaces/local/lib/python3.10/dist-packages/custom_interfaces/_custom_interfaces_s.ep.rosidl_typesupport_c.c
[4.168s] Listing '/home/enryu/Desktop/Path-Following-Robot/install/custom_interfaces/local/lib/python3.10/dist-packages/custom_interfaces'...
[4.169s] Compiling '/home/enryu/Desktop/Path-Following-Robot/install/custom_interfaces/local/lib/python3.10/dist-packages/custom_interfaces/__init__.py'...
[4.169s] Listing '/home/enryu/Desktop/Path-Following-Robot/install/custom_interfaces/local/lib/python3.10/dist-packages/custom_interfaces/msg'...
[4.169s] Compiling '/home/enryu/Desktop/Path-Following-Robot/install/custom_interfaces/local/lib/python3.10/dist-packages/custom_interfaces/msg/__init__.py'...
[4.169s] Compiling '/home/enryu/Desktop/Path-Following-Robot/install/custom_interfaces/local/lib/python3.10/dist-packages/custom_interfaces/msg/_age.py'...
[4.174s] -- Installing: /home/enryu/Desktop/Path-Following-Robot/install/custom_interfaces/local/lib/python3.10/dist-packages/custom_interfaces/custom_interfaces_s__rosidl_typesupport_fastrtps_c.cpython-310-x86_64-linux-gnu.so
[4.174s] -- Set runtime path of "/home/enryu/Desktop/Path-Following-Robot/install/custom_interfaces/local/lib/python3.10/dist-packages/custom_interfaces/custom_interfaces_s__rosidl_typesupport_fastrtps_c.cpython-310-x86_64-linux-gnu.so" to ""
[4.174s] -- Installing: /home/enryu/Desktop/Path-Following-Robot/install/custom_interfaces/local/lib/python3.10/dist-packages/custom_interfaces/custom_interfaces_s__rosidl_typesupport_introspection_c.cpython-310-x86_64-linux-gnu.so
[4.174s] -- Set runtime path of "/home/enryu/Desktop/Path-Following-Robot/install/custom_interfaces/local/lib/python3.10/dist-packages/custom_interfaces/custom_interfaces_s__rosidl_typesupport_introspection_c.cpython-310-x86_64-linux-gnu.so" to ""
[4.175s] -- Installing: /home/enryu/Desktop/Path-Following-Robot/install/custom_interfaces/local/lib/python3.10/dist-packages/custom_interfaces/custom_interfaces_s__rosidl_typesupport_c.cpython-310-x86_64-linux-gnu.so
[4.175s] -- Set runtime path of "/home/enryu/Desktop/Path-Following-Robot/install/custom_interfaces/local/lib/python3.10/dist-packages/custom_interfaces/custom_interfaces_s__rosidl_typesupport_c.cpython-310-x86_64-linux-gnu.so" to ""
[4.175s] -- Installing: /home/enryu/Desktop/Path-Following-Robot/install/custom_interfaces/lib/libcustom_interfaces__rosidl_generator_py.so
[4.176s] -- Set runtime path of "/home/enryu/Desktop/Path-Following-Robot/install/custom_interfaces/lib/libcustom_interfaces__rosidl_generator_py.so" to ""
[4.176s] -- Installing: /home/enryu/Desktop/Path-Following-Robot/install/custom_interfaces/share/custom_interfaces/msg/Age.idl
[4.176s] -- Installing: /home/enryu/Desktop/Path-Following-Robot/install/custom_interfaces/share/custom_interfaces/msg/Age.msg
[4.176s] -- Installing: /home/enryu/Desktop/Path-Following-Robot/install/custom_interfaces/share/ament_index/resource_index/package_run_dependencies/custom_interfaces
[4.176s] -- Installing: /home/enryu/Desktop/Path-Following-Robot/install/custom_interfaces/share/ament_index/resource_index/parent_prefix_path/custom_interfaces
[4.176s] -- Installing: /home/enryu/Desktop/Path-Following-Robot/install/custom_interfaces/share/custom_interfaces/environment/ament_prefix_path.sh
[4.176s] -- Installing: /home/enryu/Desktop/Path-Following-Robot/install/custom_interfaces/share/custom_interfaces/environment/ament_prefix_path.dsv
[4.176s] -- Installing: /home/enryu/Desktop/Path-Following-Robot/install/custom_interfaces/share/custom_interfaces/environment/path.sh
[4.177s] -- Installing: /home/enryu/Desktop/Path-Following-Robot/install/custom_interfaces/share/custom_interfaces/environment/path.dsv
[4.177s] -- Installing: /home/enryu/Desktop/Path-Following-Robot/install/custom_interfaces/share/custom_interfaces/local_setup.bash
[4.177s] -- Installing: /home/enryu/Desktop/Path-Following-Robot/install/custom_interfaces/share/custom_interfaces/local_setup.sh
[4.177s] -- Installing: /home/enryu/Desktop/Path-Following-Robot/install/custom_interfaces/share/custom_interfaces/local_setup.zsh
[4.177s] -- Installing: /home/enryu/Desktop/Path-Following-Robot/install/custom_interfaces/share/custom_interfaces/local_setup.dsv
[4.177s] -- Installing: /home/enryu/Desktop/Path-Following-Robot/install/custom_interfaces/share/custom_interfaces/package.dsv
[4.177s] -- Installing: /home/enryu/Desktop/Path-Following-Robot/install/custom_interfaces/share/ament_index/resource_index/packages/custom_interfaces
[4.178s] -- Installing: /home/enryu/Desktop/Path-Following-Robot/install/custom_interfaces/share/custom_interfaces/cmake/export_custom_interfaces__rosidl_generator_cExport.cmake
[4.178s] -- Installing: /home/enryu/Desktop/Path-Following-Robot/install/custom_interfaces/share/custom_interfaces/cmake/export_custom_interfaces__rosidl_generator_cExport-noconfig.cmake
[4.178s] -- Installing: /home/enryu/Desktop/Path-Following-Robot/install/custom_interfaces/share/custom_interfaces/cmake/export_custom_interfaces__rosidl_typesupport_fastrtps_cExport.cmake
[4.178s] -- Installing: /home/enryu/Desktop/Path-Following-Robot/install/custom_interfaces/share/custom_interfaces/cmake/export_custom_interfaces__rosidl_typesupport_fastrtps_cExport-noconfig.cmake
[4.178s] -- Installing: /home/enryu/Desktop/Path-Following-Robot/install/custom_interfaces/share/custom_interfaces/cmake/export_custom_interfaces__rosidl_generator_cppExport.cmake
[4.178s] -- Installing: /home/enryu/Desktop/Path-Following-Robot/install/custom_interfaces/share/custom_interfaces/cmake/export_custom_interfaces__rosidl_typesupport_fastrtps_cppExport.cmake
[4.179s] -- Installing: /home/enryu/Desktop/Path-Following-Robot/install/custom_interfaces/share/custom_interfaces/cmake/export_custom_interfaces__rosidl_typesupport_fastrtps_cppExport-noconfig.cmake
[4.179s] -- Installing: /home/enryu/Desktop/Path-Following-Robot/install/custom_interfaces/share/custom_interfaces/cmake/custom_interfaces__rosidl_typesupport_introspection_cExport.cmake
[4.179s] -- Installing: /home/enryu/Desktop/Path-Following-Robot/install/custom_interfaces/share/custom_interfaces/cmake/custom_interfaces__rosidl_typesupport_introspection_cExport-noconfig.cmake
[4.179s] -- Installing: /home/enryu/Desktop/Path-Following-Robot/install/custom_interfaces/share/custom_interfaces/cmake/custom_interfaces__rosidl_typesupport_cExport.cmake
[4.179s] -- Installing: /home/enryu/Desktop/Path-Following-Robot/install/custom_interfaces/share/custom_interfaces/cmake/custom_interfaces__rosidl_typesupport_cExport-noconfig.cmake
[4.179s] -- Installing: /home/enryu/Desktop/Path-Following-Robot/install/custom_interfaces/share/custom_interfaces/cmake/custom_interfaces__rosidl_typesupport_introspection_cppExport.cmake
[4.179s] -- Installing: /home/enryu/Desktop/Path-Following-Robot/install/custom_interfaces/share/custom_interfaces/cmake/custom_interfaces__rosidl_typesupport_introspection_cppExport-noconfig.cmake
[4.180s] -- Installing: /home/enryu/Desktop/Path-Following-Robot/install/custom_interfaces/share/custom_interfaces/cmake/custom_interfaces__rosidl_typesupport_cppExport.cmake
[4.180s] -- Installing: /home/enryu/Desktop/Path-Following-Robot/install/custom_interfaces/share/custom_interfaces/cmake/custom_interfaces__rosidl_typesupport_cppExport-noconfig.cmake
[4.180s] -- Installing: /home/enryu/Desktop/Path-Following-Robot/install/custom_interfaces/share/custom_interfaces/cmake/export_custom_interfaces__rosidl_generator_pyExport.cmake
[4.180s] -- Installing: /home/enryu/Desktop/Path-Following-Robot/install/custom_interfaces/share/custom_interfaces/cmake/export_custom_interfaces__rosidl_generator_pyExport-noconfig.cmake
[4.180s] -- Installing: /home/enryu/Desktop/Path-Following-Robot/install/custom_interfaces/share/custom_interfaces/cmake/rosidl_cmake-extras.cmake
[4.180s] -- Installing: /home/enryu/Desktop/Path-Following-Robot/install/custom_interfaces/share/custom_interfaces/cmake/ament_cmake_export_include_directories-extras.cmake
[4.180s] -- Installing: /home/enryu/Desktop/Path-Following-Robot/install/custom_interfaces/share/custom_interfaces/cmake/ament_cmake_export_libraries-extras.cmake
[4.181s] -- Installing: /home/enryu/Desktop/Path-Following-Robot/install/custom_interfaces/share/custom_interfaces/cmake/ament_cmake_export_targets-extras.cmake
[4.181s] -- Installing: /home/enryu/Desktop/Path-Following-Robot/install/custom_interfaces/share/custom_interfaces/cmake/rosidl_cmake_export_typesupport_targets-extras.cmake
[4.181s] -- Installing: /home/enryu/Desktop/Path-Following-Robot/install/custom_interfaces/share/custom_interfaces/cmake/ament_cmake_export_dependencies-extras.cmake
[4.181s] -- Installing: /home/enryu/Desktop/Path-Following-Robot/install/custom_interfaces/share/custom_interfaces/cmake/rosidl_cmake_export_typesupport_libraries-extras.cmake
[4.181s] -- Installing: /home/enryu/Desktop/Path-Following-Robot/install/custom_interfaces/share/custom_interfaces/cmake/custom_interfacesConfig.cmake
[4.181s] -- Installing: /home/enryu/Desktop/Path-Following-Robot/install/custom_interfaces/share/custom_interfaces/cmake/custom_interfacesConfig-version.cmake
[4.181s] -- Installing: /home/enryu/Desktop/Path-Following-Robot/install/custom_interfaces/share/custom_interfaces/package.xml
[4.184s] Invoked command in '/home/enryu/Desktop/Path-Following-Robot/build/custom_interfaces' returned '0': CMAKE_PREFIX_PATH=${CMAKE_PREFIX_PATH}:/home/enryu/Desktop/Path-Following-Robot/install/robot_description:/opt/ros/humble /usr/bin/cmake --install /home/enryu/Desktop/Path-Following-Robot/build/custom_interfaces
