/home/the/.local/lib/python3.10/site-packages/setuptools/_distutils/dist.py:261: UserWarning: Unknown distribution option: 'tests_require'
  warnings.warn(msg)
running egg_info
creating ../../build/teleop_twist_keyboard/teleop_twist_keyboard.egg-info
writing ../../build/teleop_twist_keyboard/teleop_twist_keyboard.egg-info/PKG-INFO
writing dependency_links to ../../build/teleop_twist_keyboard/teleop_twist_keyboard.egg-info/dependency_links.txt
writing entry points to ../../build/teleop_twist_keyboard/teleop_twist_keyboard.egg-info/entry_points.txt
writing requirements to ../../build/teleop_twist_keyboard/teleop_twist_keyboard.egg-info/requires.txt
writing top-level names to ../../build/teleop_twist_keyboard/teleop_twist_keyboard.egg-info/top_level.txt
writing manifest file '../../build/teleop_twist_keyboard/teleop_twist_keyboard.egg-info/SOURCES.txt'
reading manifest file '../../build/teleop_twist_keyboard/teleop_twist_keyboard.egg-info/SOURCES.txt'
adding license file 'LICENSE'
writing manifest file '../../build/teleop_twist_keyboard/teleop_twist_keyboard.egg-info/SOURCES.txt'
running build
running build_py
creating /home/the/simulation_ws/build/teleop_twist_keyboard/build/lib
copying teleop_twist_keyboard.py -> /home/the/simulation_ws/build/teleop_twist_keyboard/build/lib
running install
running install_lib
copying /home/the/simulation_ws/build/teleop_twist_keyboard/build/lib/teleop_twist_keyboard.py -> /home/the/simulation_ws/install/teleop_twist_keyboard/lib/python3.10/site-packages
byte-compiling /home/the/simulation_ws/install/teleop_twist_keyboard/lib/python3.10/site-packages/teleop_twist_keyboard.py to teleop_twist_keyboard.cpython-310.pyc
running install_data
creating /home/the/simulation_ws/install/teleop_twist_keyboard/share/ament_index/resource_index/packages
copying resource/teleop_twist_keyboard -> /home/the/simulation_ws/install/teleop_twist_keyboard/share/ament_index/resource_index/packages
copying package.xml -> /home/the/simulation_ws/install/teleop_twist_keyboard/share/teleop_twist_keyboard
running install_egg_info
Copying ../../build/teleop_twist_keyboard/teleop_twist_keyboard.egg-info to /home/the/simulation_ws/install/teleop_twist_keyboard/lib/python3.10/site-packages/teleop_twist_keyboard-2.4.0-py3.10.egg-info
running install_scripts
Installing teleop_twist_keyboard script to /home/the/simulation_ws/install/teleop_twist_keyboard/lib/teleop_twist_keyboard
writing list of installed files to '/home/the/simulation_ws/build/teleop_twist_keyboard/install.log'
