[0.022s] Invoking command in '/home/enryu/Desktop/Path-Following-Robot/build/executor_pkg': CMAKE_PREFIX_PATH=${CMAKE_PREFIX_PATH}:/home/enryu/Desktop/Path-Following-Robot/install/teleop_twist_keyboard:/home/enryu/Desktop/Path-Following-Robot/install/robot_description:/opt/ros/humble /usr/bin/cmake --build /home/enryu/Desktop/Path-Following-Robot/build/executor_pkg -- -j12 -l12
[0.299s] Invoked command in '/home/enryu/Desktop/Path-Following-Robot/build/executor_pkg' returned '0': CMAKE_PREFIX_PATH=${CMAKE_PREFIX_PATH}:/home/enryu/Desktop/Path-Following-Robot/install/teleop_twist_keyboard:/home/enryu/Desktop/Path-Following-Robot/install/robot_description:/opt/ros/humble /usr/bin/cmake --build /home/enryu/Desktop/Path-Following-Robot/build/executor_pkg -- -j12 -l12
[0.305s] Invoking command in '/home/enryu/Desktop/Path-Following-Robot/build/executor_pkg': CMAKE_PREFIX_PATH=${CMAKE_PREFIX_PATH}:/home/enryu/Desktop/Path-Following-Robot/install/teleop_twist_keyboard:/home/enryu/Desktop/Path-Following-Robot/install/robot_description:/opt/ros/humble /usr/bin/cmake --install /home/enryu/Desktop/Path-Following-Robot/build/executor_pkg
[0.312s] -- Install configuration: ""
[0.312s] -- Up-to-date: /home/enryu/Desktop/Path-Following-Robot/install/executor_pkg/share/ament_index/resource_index/package_run_dependencies/executor_pkg
[0.312s] -- Up-to-date: /home/enryu/Desktop/Path-Following-Robot/install/executor_pkg/share/ament_index/resource_index/parent_prefix_path/executor_pkg
[0.313s] -- Up-to-date: /home/enryu/Desktop/Path-Following-Robot/install/executor_pkg/share/executor_pkg/environment/ament_prefix_path.sh
[0.313s] -- Up-to-date: /home/enryu/Desktop/Path-Following-Robot/install/executor_pkg/share/executor_pkg/environment/ament_prefix_path.dsv
[0.313s] -- Up-to-date: /home/enryu/Desktop/Path-Following-Robot/install/executor_pkg/share/executor_pkg/environment/path.sh
[0.313s] -- Up-to-date: /home/enryu/Desktop/Path-Following-Robot/install/executor_pkg/share/executor_pkg/environment/path.dsv
[0.313s] -- Up-to-date: /home/enryu/Desktop/Path-Following-Robot/install/executor_pkg/share/executor_pkg/local_setup.bash
[0.313s] -- Up-to-date: /home/enryu/Desktop/Path-Following-Robot/install/executor_pkg/share/executor_pkg/local_setup.sh
[0.313s] -- Up-to-date: /home/enryu/Desktop/Path-Following-Robot/install/executor_pkg/share/executor_pkg/local_setup.zsh
[0.313s] -- Up-to-date: /home/enryu/Desktop/Path-Following-Robot/install/executor_pkg/share/executor_pkg/local_setup.dsv
[0.313s] -- Up-to-date: /home/enryu/Desktop/Path-Following-Robot/install/executor_pkg/share/executor_pkg/package.dsv
[0.313s] -- Up-to-date: /home/enryu/Desktop/Path-Following-Robot/install/executor_pkg/share/ament_index/resource_index/packages/executor_pkg
[0.314s] -- Up-to-date: /home/enryu/Desktop/Path-Following-Robot/install/executor_pkg/share/executor_pkg/cmake/executor_pkgConfig.cmake
[0.314s] -- Up-to-date: /home/enryu/Desktop/Path-Following-Robot/install/executor_pkg/share/executor_pkg/cmake/executor_pkgConfig-version.cmake
[0.314s] -- Up-to-date: /home/enryu/Desktop/Path-Following-Robot/install/executor_pkg/share/executor_pkg/package.xml
[0.315s] Invoked command in '/home/enryu/Desktop/Path-Following-Robot/build/executor_pkg' returned '0': CMAKE_PREFIX_PATH=${CMAKE_PREFIX_PATH}:/home/enryu/Desktop/Path-Following-Robot/install/teleop_twist_keyboard:/home/enryu/Desktop/Path-Following-Robot/install/robot_description:/opt/ros/humble /usr/bin/cmake --install /home/enryu/Desktop/Path-Following-Robot/build/executor_pkg
