[0.019s] Invoking command in '/home/enryu/Desktop/Path-Following-Robot/build/custom_interfaces': CMAKE_PREFIX_PATH=${CMAKE_PREFIX_PATH}:/home/enryu/Desktop/Path-Following-Robot/install/robot_description:/opt/ros/humble /usr/bin/cmake /home/enryu/Desktop/Path-Following-Robot/src/custom_interfaces -DCMAKE_INSTALL_PREFIX=/home/enryu/Desktop/Path-Following-Robot/install/custom_interfaces
[0.262s] -- The C compiler identification is GNU 11.4.0
[0.262s] -- The CXX compiler identification is GNU 11.4.0
[0.263s] -- Detecting C compiler ABI info
[0.263s] -- Detecting C compiler ABI info - done
[0.263s] -- Check for working C compiler: /usr/bin/cc - skipped
[0.263s] -- Detecting C compile features
[0.263s] -- Detecting C compile features - done
[0.263s] -- Detecting CXX compiler ABI info
[0.272s] -- Detecting CXX compiler ABI info - done
[0.279s] -- Check for working CXX compiler: /usr/bin/c++ - skipped
[0.279s] -- Detecting CXX compile features
[0.280s] -- Detecting CXX compile features - done
[0.282s] -- Found ament_cmake: 1.3.11 (/opt/ros/humble/share/ament_cmake/cmake)
[0.427s] -- Found Python3: /usr/bin/python3 (found version "3.10.12") found components: Interpreter 
[0.529s] -- Found rclcpp: 16.0.12 (/opt/ros/humble/share/rclcpp/cmake)
[0.567s] -- Found rosidl_generator_c: 3.1.6 (/opt/ros/humble/share/rosidl_generator_c/cmake)
[0.572s] -- Found rosidl_adapter: 3.1.6 (/opt/ros/humble/share/rosidl_adapter/cmake)
[0.579s] -- Found rosidl_generator_cpp: 3.1.6 (/opt/ros/humble/share/rosidl_generator_cpp/cmake)
[0.590s] -- Using all available rosidl_typesupport_c: rosidl_typesupport_fastrtps_c;rosidl_typesupport_introspection_c
[0.606s] -- Using all available rosidl_typesupport_cpp: rosidl_typesupport_fastrtps_cpp;rosidl_typesupport_introspection_cpp
[0.646s] -- Found rmw_implementation_cmake: 6.1.2 (/opt/ros/humble/share/rmw_implementation_cmake/cmake)
[0.648s] -- Found rmw_fastrtps_cpp: 6.2.7 (/opt/ros/humble/share/rmw_fastrtps_cpp/cmake)
[0.731s] -- Found OpenSSL: /usr/lib/x86_64-linux-gnu/libcrypto.so (found version "3.0.2")  
[0.758s] -- Found FastRTPS: /opt/ros/humble/include  
[0.798s] -- Using RMW implementation 'rmw_fastrtps_cpp' as default
[0.805s] -- Looking for pthread.h
[0.872s] -- Looking for pthread.h - found
[0.872s] -- Performing Test CMAKE_HAVE_LIBC_PTHREAD
[0.938s] -- Performing Test CMAKE_HAVE_LIBC_PTHREAD - Success
[0.939s] -- Found Threads: TRUE  
[0.987s] -- Found rosidl_default_generators: 1.2.0 (/opt/ros/humble/share/rosidl_default_generators/cmake)
[1.217s] -- Found ament_cmake_ros: 0.10.0 (/opt/ros/humble/share/ament_cmake_ros/cmake)
[1.491s] -- Using all available rosidl_typesupport_c: rosidl_typesupport_fastrtps_c;rosidl_typesupport_introspection_c
[1.599s] -- Using all available rosidl_typesupport_cpp: rosidl_typesupport_fastrtps_cpp;rosidl_typesupport_introspection_cpp
[1.619s] -- Found PythonInterp: /usr/bin/python3 (found suitable version "3.10.12", minimum required is "3.6") 
[1.621s] -- Found python_cmake_module: 0.10.0 (/opt/ros/humble/share/python_cmake_module/cmake)
[1.645s] -- Found PythonLibs: /usr/lib/x86_64-linux-gnu/libpython3.10.so (found suitable version "3.10.12", minimum required is "3.5") 
[1.645s] -- Using PYTHON_EXECUTABLE: /usr/bin/python3
[1.645s] -- Using PYTHON_INCLUDE_DIRS: /usr/include/python3.10
[1.645s] -- Using PYTHON_LIBRARIES: /usr/lib/x86_64-linux-gnu/libpython3.10.so
[1.665s] -- Found PythonExtra: .so  
[1.702s] -- Configuring done
[1.730s] -- Generating done
[1.740s] -- Build files have been written to: /home/enryu/Desktop/Path-Following-Robot/build/custom_interfaces
[1.752s] Invoked command in '/home/enryu/Desktop/Path-Following-Robot/build/custom_interfaces' returned '0': CMAKE_PREFIX_PATH=${CMAKE_PREFIX_PATH}:/home/enryu/Desktop/Path-Following-Robot/install/robot_description:/opt/ros/humble /usr/bin/cmake /home/enryu/Desktop/Path-Following-Robot/src/custom_interfaces -DCMAKE_INSTALL_PREFIX=/home/enryu/Desktop/Path-Following-Robot/install/custom_interfaces
[1.754s] Invoking command in '/home/enryu/Desktop/Path-Following-Robot/build/custom_interfaces': CMAKE_PREFIX_PATH=${CMAKE_PREFIX_PATH}:/home/enryu/Desktop/Path-Following-Robot/install/robot_description:/opt/ros/humble /usr/bin/cmake --build /home/enryu/Desktop/Path-Following-Robot/build/custom_interfaces -- -j12 -l12
[1.790s] [  3%] [34m[1mGenerating C code for ROS interfaces[0m
[1.799s] [  6%] [34m[1mGenerating C++ code for ROS interfaces[0m
[1.807s] [  6%] Built target ament_cmake_python_copy_custom_interfaces
[2.084s] [  9%] [32mBuilding C object CMakeFiles/custom_interfaces__rosidl_generator_c.dir/rosidl_generator_c/custom_interfaces/msg/detail/age__functions.c.o[0m
[2.087s] [  9%] Built target custom_interfaces__cpp
[2.088s] running egg_info
[2.089s] creating custom_interfaces.egg-info
[2.089s] writing custom_interfaces.egg-info/PKG-INFO
[2.089s] writing dependency_links to custom_interfaces.egg-info/dependency_links.txt
[2.089s] writing top-level names to custom_interfaces.egg-info/top_level.txt
[2.090s] writing manifest file 'custom_interfaces.egg-info/SOURCES.txt'
[2.092s] reading manifest file 'custom_interfaces.egg-info/SOURCES.txt'
[2.093s] writing manifest file 'custom_interfaces.egg-info/SOURCES.txt'
[2.100s] [ 19%] [34m[1mGenerating C++ type support dispatch for ROS interfaces[0m
[2.100s] [ 19%] [34m[1mGenerating C++ introspection for ROS interfaces[0m
[2.100s] [ 19%] [34m[1mGenerating C++ type support for eProsima Fast-RTPS[0m
[2.134s] [ 19%] Built target ament_cmake_python_build_custom_interfaces_egg
[2.152s] [ 22%] [32m[1mLinking C shared library libcustom_interfaces__rosidl_generator_c.so[0m
[2.206s] [ 22%] Built target custom_interfaces__rosidl_generator_c
[2.220s] [ 32%] [34m[1mGenerating C type support dispatch for ROS interfaces[0m
[2.221s] [ 32%] [34m[1mGenerating C introspection for ROS interfaces[0m
[2.221s] [ 32%] [34m[1mGenerating C type support for eProsima Fast-RTPS[0m
[2.337s] [ 35%] [32mBuilding CXX object CMakeFiles/custom_interfaces__rosidl_typesupport_cpp.dir/rosidl_typesupport_cpp/custom_interfaces/msg/age__type_support.cpp.o[0m
[2.475s] [ 38%] [32mBuilding CXX object CMakeFiles/custom_interfaces__rosidl_typesupport_fastrtps_cpp.dir/rosidl_typesupport_fastrtps_cpp/custom_interfaces/msg/detail/dds_fastrtps/age__type_support.cpp.o[0m
[2.494s] [ 41%] [32mBuilding CXX object CMakeFiles/custom_interfaces__rosidl_typesupport_introspection_cpp.dir/rosidl_typesupport_introspection_cpp/custom_interfaces/msg/detail/age__type_support.cpp.o[0m
[2.544s] [ 45%] [32mBuilding CXX object CMakeFiles/custom_interfaces__rosidl_typesupport_c.dir/rosidl_typesupport_c/custom_interfaces/msg/age__type_support.cpp.o[0m
[2.579s] [ 48%] [32m[1mLinking CXX shared library libcustom_interfaces__rosidl_typesupport_c.so[0m
[2.616s] [ 51%] [32mBuilding C object CMakeFiles/custom_interfaces__rosidl_typesupport_introspection_c.dir/rosidl_typesupport_introspection_c/custom_interfaces/msg/detail/age__type_support.c.o[0m
[2.622s] [ 54%] [32m[1mLinking CXX shared library libcustom_interfaces__rosidl_typesupport_cpp.so[0m
[2.631s] [ 54%] Built target custom_interfaces__rosidl_typesupport_c
[2.647s] [ 58%] [32mBuilding CXX object CMakeFiles/custom_interfaces__rosidl_typesupport_fastrtps_c.dir/rosidl_typesupport_fastrtps_c/custom_interfaces/msg/detail/age__type_support_c.cpp.o[0m
[2.659s] [ 61%] [32m[1mLinking C shared library libcustom_interfaces__rosidl_typesupport_introspection_c.so[0m
[2.669s] [ 61%] Built target custom_interfaces__rosidl_typesupport_cpp
[2.691s] [ 61%] Built target custom_interfaces__rosidl_typesupport_introspection_c
[2.901s] [ 64%] [32m[1mLinking CXX shared library libcustom_interfaces__rosidl_typesupport_fastrtps_cpp.so[0m
[2.950s] [ 67%] [32m[1mLinking CXX shared library libcustom_interfaces__rosidl_typesupport_introspection_cpp.so[0m
[2.973s] [ 70%] [32m[1mLinking CXX shared library libcustom_interfaces__rosidl_typesupport_fastrtps_c.so[0m
[2.987s] [ 70%] Built target custom_interfaces__rosidl_typesupport_fastrtps_cpp
[2.993s] [ 70%] Built target custom_interfaces__rosidl_typesupport_introspection_cpp
[3.052s] [ 70%] Built target custom_interfaces__rosidl_typesupport_fastrtps_c
[3.071s] [ 70%] Built target custom_interfaces
[3.090s] [ 74%] [34m[1mGenerating Python code for ROS interfaces[0m
[3.361s] [ 74%] Built target custom_interfaces__py
[3.380s] [ 77%] [32mBuilding C object CMakeFiles/custom_interfaces__rosidl_generator_py.dir/rosidl_generator_py/custom_interfaces/msg/_age_s.c.o[0m
[3.474s] [ 80%] [32m[1mLinking C shared library rosidl_generator_py/custom_interfaces/libcustom_interfaces__rosidl_generator_py.so[0m
[3.511s] [ 80%] Built target custom_interfaces__rosidl_generator_py
[3.530s] [ 87%] [32mBuilding C object CMakeFiles/custom_interfaces__rosidl_typesupport_introspection_c__pyext.dir/rosidl_generator_py/custom_interfaces/_custom_interfaces_s.ep.rosidl_typesupport_introspection_c.c.o[0m
[3.530s] [ 87%] [32mBuilding C object CMakeFiles/custom_interfaces__rosidl_typesupport_c__pyext.dir/rosidl_generator_py/custom_interfaces/_custom_interfaces_s.ep.rosidl_typesupport_c.c.o[0m
[3.530s] [ 90%] [32mBuilding C object CMakeFiles/custom_interfaces__rosidl_typesupport_fastrtps_c__pyext.dir/rosidl_generator_py/custom_interfaces/_custom_interfaces_s.ep.rosidl_typesupport_fastrtps_c.c.o[0m
[3.621s] [ 93%] [32m[1mLinking C shared library rosidl_generator_py/custom_interfaces/custom_interfaces_s__rosidl_typesupport_introspection_c.cpython-310-x86_64-linux-gnu.so[0m
[3.624s] [ 96%] [32m[1mLinking C shared library rosidl_generator_py/custom_interfaces/custom_interfaces_s__rosidl_typesupport_fastrtps_c.cpython-310-x86_64-linux-gnu.so[0m
[3.636s] [100%] [32m[1mLinking C shared library rosidl_generator_py/custom_interfaces/custom_interfaces_s__rosidl_typesupport_c.cpython-310-x86_64-linux-gnu.so[0m
[3.657s] [100%] Built target custom_interfaces__rosidl_typesupport_fastrtps_c__pyext
[3.658s] [100%] Built target custom_interfaces__rosidl_typesupport_introspection_c__pyext
[3.670s] [100%] Built target custom_interfaces__rosidl_typesupport_c__pyext
[3.681s] Invoked command in '/home/enryu/Desktop/Path-Following-Robot/build/custom_interfaces' returned '0': CMAKE_PREFIX_PATH=${CMAKE_PREFIX_PATH}:/home/enryu/Desktop/Path-Following-Robot/install/robot_description:/opt/ros/humble /usr/bin/cmake --build /home/enryu/Desktop/Path-Following-Robot/build/custom_interfaces -- -j12 -l12
[3.692s] Invoking command in '/home/enryu/Desktop/Path-Following-Robot/build/custom_interfaces': CMAKE_PREFIX_PATH=${CMAKE_PREFIX_PATH}:/home/enryu/Desktop/Path-Following-Robot/install/robot_description:/opt/ros/humble /usr/bin/cmake --install /home/enryu/Desktop/Path-Following-Robot/build/custom_interfaces
[3.698s] -- Install configuration: ""
[3.699s] -- Installing: /home/enryu/Desktop/Path-Following-Robot/install/custom_interfaces/share/ament_index/resource_index/rosidl_interfaces/custom_interfaces
[3.699s] -- Installing: /home/enryu/Desktop/Path-Following-Robot/install/custom_interfaces/include/custom_interfaces/custom_interfaces
[3.699s] -- Installing: /home/enryu/Desktop/Path-Following-Robot/install/custom_interfaces/include/custom_interfaces/custom_interfaces/msg
[3.699s] -- Installing: /home/enryu/Desktop/Path-Following-Robot/install/custom_interfaces/include/custom_interfaces/custom_interfaces/msg/age.h
[3.699s] -- Installing: /home/enryu/Desktop/Path-Following-Robot/install/custom_interfaces/include/custom_interfaces/custom_interfaces/msg/detail
[3.699s] -- Installing: /home/enryu/Desktop/Path-Following-Robot/install/custom_interfaces/include/custom_interfaces/custom_interfaces/msg/detail/age__struct.h
[3.699s] -- Installing: /home/enryu/Desktop/Path-Following-Robot/install/custom_interfaces/include/custom_interfaces/custom_interfaces/msg/detail/age__functions.c
[3.700s] -- Installing: /home/enryu/Desktop/Path-Following-Robot/install/custom_interfaces/include/custom_interfaces/custom_interfaces/msg/detail/age__type_support.h
[3.700s] -- Installing: /home/enryu/Desktop/Path-Following-Robot/install/custom_interfaces/include/custom_interfaces/custom_interfaces/msg/detail/age__functions.h
[3.700s] -- Installing: /home/enryu/Desktop/Path-Following-Robot/install/custom_interfaces/include/custom_interfaces/custom_interfaces/msg/rosidl_generator_c__visibility_control.h
[3.700s] -- Installing: /home/enryu/Desktop/Path-Following-Robot/install/custom_interfaces/share/custom_interfaces/environment/library_path.sh
[3.700s] -- Installing: /home/enryu/Desktop/Path-Following-Robot/install/custom_interfaces/share/custom_interfaces/environment/library_path.dsv
[3.700s] -- Installing: /home/enryu/Desktop/Path-Following-Robot/install/custom_interfaces/lib/libcustom_interfaces__rosidl_generator_c.so
[3.700s] -- Set runtime path of "/home/enryu/Desktop/Path-Following-Robot/install/custom_interfaces/lib/libcustom_interfaces__rosidl_generator_c.so" to ""
[3.701s] -- Up-to-date: /home/enryu/Desktop/Path-Following-Robot/install/custom_interfaces/include/custom_interfaces/custom_interfaces
[3.701s] -- Up-to-date: /home/enryu/Desktop/Path-Following-Robot/install/custom_interfaces/include/custom_interfaces/custom_interfaces/msg
[3.701s] -- Up-to-date: /home/enryu/Desktop/Path-Following-Robot/install/custom_interfaces/include/custom_interfaces/custom_interfaces/msg/detail
[3.701s] -- Installing: /home/enryu/Desktop/Path-Following-Robot/install/custom_interfaces/include/custom_interfaces/custom_interfaces/msg/detail/age__rosidl_typesupport_fastrtps_c.h
[3.701s] -- Installing: /home/enryu/Desktop/Path-Following-Robot/install/custom_interfaces/include/custom_interfaces/custom_interfaces/msg/rosidl_typesupport_fastrtps_c__visibility_control.h
[3.701s] -- Installing: /home/enryu/Desktop/Path-Following-Robot/install/custom_interfaces/lib/libcustom_interfaces__rosidl_typesupport_fastrtps_c.so
[3.701s] -- Set runtime path of "/home/enryu/Desktop/Path-Following-Robot/install/custom_interfaces/lib/libcustom_interfaces__rosidl_typesupport_fastrtps_c.so" to ""
[3.701s] -- Up-to-date: /home/enryu/Desktop/Path-Following-Robot/install/custom_interfaces/include/custom_interfaces/custom_interfaces
[3.702s] -- Up-to-date: /home/enryu/Desktop/Path-Following-Robot/install/custom_interfaces/include/custom_interfaces/custom_interfaces/msg
[3.702s] -- Installing: /home/enryu/Desktop/Path-Following-Robot/install/custom_interfaces/include/custom_interfaces/custom_interfaces/msg/age.hpp
[3.702s] -- Installing: /home/enryu/Desktop/Path-Following-Robot/install/custom_interfaces/include/custom_interfaces/custom_interfaces/msg/rosidl_generator_cpp__visibility_control.hpp
[3.702s] -- Up-to-date: /home/enryu/Desktop/Path-Following-Robot/install/custom_interfaces/include/custom_interfaces/custom_interfaces/msg/detail
[3.702s] -- Installing: /home/enryu/Desktop/Path-Following-Robot/install/custom_interfaces/include/custom_interfaces/custom_interfaces/msg/detail/age__struct.hpp
[3.702s] -- Installing: /home/enryu/Desktop/Path-Following-Robot/install/custom_interfaces/include/custom_interfaces/custom_interfaces/msg/detail/age__traits.hpp
[3.702s] -- Installing: /home/enryu/Desktop/Path-Following-Robot/install/custom_interfaces/include/custom_interfaces/custom_interfaces/msg/detail/age__type_support.hpp
[3.702s] -- Installing: /home/enryu/Desktop/Path-Following-Robot/install/custom_interfaces/include/custom_interfaces/custom_interfaces/msg/detail/age__builder.hpp
[3.703s] -- Up-to-date: /home/enryu/Desktop/Path-Following-Robot/install/custom_interfaces/include/custom_interfaces/custom_interfaces
[3.703s] -- Up-to-date: /home/enryu/Desktop/Path-Following-Robot/install/custom_interfaces/include/custom_interfaces/custom_interfaces/msg
[3.703s] -- Installing: /home/enryu/Desktop/Path-Following-Robot/install/custom_interfaces/include/custom_interfaces/custom_interfaces/msg/rosidl_typesupport_fastrtps_cpp__visibility_control.h
[3.703s] -- Up-to-date: /home/enryu/Desktop/Path-Following-Robot/install/custom_interfaces/include/custom_interfaces/custom_interfaces/msg/detail
[3.703s] -- Installing: /home/enryu/Desktop/Path-Following-Robot/install/custom_interfaces/include/custom_interfaces/custom_interfaces/msg/detail/age__rosidl_typesupport_fastrtps_cpp.hpp
[3.703s] -- Installing: /home/enryu/Desktop/Path-Following-Robot/install/custom_interfaces/include/custom_interfaces/custom_interfaces/msg/detail/dds_fastrtps
[3.703s] -- Installing: /home/enryu/Desktop/Path-Following-Robot/install/custom_interfaces/lib/libcustom_interfaces__rosidl_typesupport_fastrtps_cpp.so
[3.703s] -- Set runtime path of "/home/enryu/Desktop/Path-Following-Robot/install/custom_interfaces/lib/libcustom_interfaces__rosidl_typesupport_fastrtps_cpp.so" to ""
[3.703s] -- Up-to-date: /home/enryu/Desktop/Path-Following-Robot/install/custom_interfaces/include/custom_interfaces/custom_interfaces
[3.704s] -- Up-to-date: /home/enryu/Desktop/Path-Following-Robot/install/custom_interfaces/include/custom_interfaces/custom_interfaces/msg
[3.704s] -- Up-to-date: /home/enryu/Desktop/Path-Following-Robot/install/custom_interfaces/include/custom_interfaces/custom_interfaces/msg/detail
[3.704s] -- Installing: /home/enryu/Desktop/Path-Following-Robot/install/custom_interfaces/include/custom_interfaces/custom_interfaces/msg/detail/age__rosidl_typesupport_introspection_c.h
[3.704s] -- Installing: /home/enryu/Desktop/Path-Following-Robot/install/custom_interfaces/include/custom_interfaces/custom_interfaces/msg/detail/age__type_support.c
[3.704s] -- Installing: /home/enryu/Desktop/Path-Following-Robot/install/custom_interfaces/include/custom_interfaces/custom_interfaces/msg/rosidl_typesupport_introspection_c__visibility_control.h
[3.704s] -- Installing: /home/enryu/Desktop/Path-Following-Robot/install/custom_interfaces/lib/libcustom_interfaces__rosidl_typesupport_introspection_c.so
[3.704s] -- Set runtime path of "/home/enryu/Desktop/Path-Following-Robot/install/custom_interfaces/lib/libcustom_interfaces__rosidl_typesupport_introspection_c.so" to ""
[3.705s] -- Installing: /home/enryu/Desktop/Path-Following-Robot/install/custom_interfaces/lib/libcustom_interfaces__rosidl_typesupport_c.so
[3.705s] -- Set runtime path of "/home/enryu/Desktop/Path-Following-Robot/install/custom_interfaces/lib/libcustom_interfaces__rosidl_typesupport_c.so" to ""
[3.705s] -- Up-to-date: /home/enryu/Desktop/Path-Following-Robot/install/custom_interfaces/include/custom_interfaces/custom_interfaces
[3.705s] -- Up-to-date: /home/enryu/Desktop/Path-Following-Robot/install/custom_interfaces/include/custom_interfaces/custom_interfaces/msg
[3.705s] -- Up-to-date: /home/enryu/Desktop/Path-Following-Robot/install/custom_interfaces/include/custom_interfaces/custom_interfaces/msg/detail
[3.705s] -- Installing: /home/enryu/Desktop/Path-Following-Robot/install/custom_interfaces/include/custom_interfaces/custom_interfaces/msg/detail/age__type_support.cpp
[3.705s] -- Installing: /home/enryu/Desktop/Path-Following-Robot/install/custom_interfaces/include/custom_interfaces/custom_interfaces/msg/detail/age__rosidl_typesupport_introspection_cpp.hpp
[3.705s] -- Installing: /home/enryu/Desktop/Path-Following-Robot/install/custom_interfaces/lib/libcustom_interfaces__rosidl_typesupport_introspection_cpp.so
[3.705s] -- Set runtime path of "/home/enryu/Desktop/Path-Following-Robot/install/custom_interfaces/lib/libcustom_interfaces__rosidl_typesupport_introspection_cpp.so" to ""
[3.706s] -- Installing: /home/enryu/Desktop/Path-Following-Robot/install/custom_interfaces/lib/libcustom_interfaces__rosidl_typesupport_cpp.so
[3.706s] -- Set runtime path of "/home/enryu/Desktop/Path-Following-Robot/install/custom_interfaces/lib/libcustom_interfaces__rosidl_typesupport_cpp.so" to ""
[3.706s] -- Installing: /home/enryu/Desktop/Path-Following-Robot/install/custom_interfaces/share/custom_interfaces/environment/pythonpath.sh
[3.706s] -- Installing: /home/enryu/Desktop/Path-Following-Robot/install/custom_interfaces/share/custom_interfaces/environment/pythonpath.dsv
[3.706s] -- Installing: /home/enryu/Desktop/Path-Following-Robot/install/custom_interfaces/local/lib/python3.10/dist-packages/custom_interfaces-0.0.0-py3.10.egg-info
[3.706s] -- Installing: /home/enryu/Desktop/Path-Following-Robot/install/custom_interfaces/local/lib/python3.10/dist-packages/custom_interfaces-0.0.0-py3.10.egg-info/top_level.txt
[3.706s] -- Installing: /home/enryu/Desktop/Path-Following-Robot/install/custom_interfaces/local/lib/python3.10/dist-packages/custom_interfaces-0.0.0-py3.10.egg-info/PKG-INFO
[3.706s] -- Installing: /home/enryu/Desktop/Path-Following-Robot/install/custom_interfaces/local/lib/python3.10/dist-packages/custom_interfaces-0.0.0-py3.10.egg-info/dependency_links.txt
[3.706s] -- Installing: /home/enryu/Desktop/Path-Following-Robot/install/custom_interfaces/local/lib/python3.10/dist-packages/custom_interfaces-0.0.0-py3.10.egg-info/SOURCES.txt
[3.707s] -- Installing: /home/enryu/Desktop/Path-Following-Robot/install/custom_interfaces/local/lib/python3.10/dist-packages/custom_interfaces
[3.707s] -- Installing: /home/enryu/Desktop/Path-Following-Robot/install/custom_interfaces/local/lib/python3.10/dist-packages/custom_interfaces/_custom_interfaces_s.ep.rosidl_typesupport_fastrtps_c.c
[3.707s] -- Installing: /home/enryu/Desktop/Path-Following-Robot/install/custom_interfaces/local/lib/python3.10/dist-packages/custom_interfaces/msg
[3.707s] -- Installing: /home/enryu/Desktop/Path-Following-Robot/install/custom_interfaces/local/lib/python3.10/dist-packages/custom_interfaces/msg/_age.py
[3.707s] -- Installing: /home/enryu/Desktop/Path-Following-Robot/install/custom_interfaces/local/lib/python3.10/dist-packages/custom_interfaces/msg/__init__.py
[3.707s] -- Installing: /home/enryu/Desktop/Path-Following-Robot/install/custom_interfaces/local/lib/python3.10/dist-packages/custom_interfaces/msg/_age_s.c
[3.707s] -- Installing: /home/enryu/Desktop/Path-Following-Robot/install/custom_interfaces/local/lib/python3.10/dist-packages/custom_interfaces/custom_interfaces_s__rosidl_typesupport_introspection_c.cpython-310-x86_64-linux-gnu.so
[3.707s] -- Installing: /home/enryu/Desktop/Path-Following-Robot/install/custom_interfaces/local/lib/python3.10/dist-packages/custom_interfaces/custom_interfaces_s__rosidl_typesupport_c.cpython-310-x86_64-linux-gnu.so
[3.708s] -- Installing: /home/enryu/Desktop/Path-Following-Robot/install/custom_interfaces/local/lib/python3.10/dist-packages/custom_interfaces/libcustom_interfaces__rosidl_generator_py.so
[3.708s] -- Installing: /home/enryu/Desktop/Path-Following-Robot/install/custom_interfaces/local/lib/python3.10/dist-packages/custom_interfaces/custom_interfaces_s__rosidl_typesupport_fastrtps_c.cpython-310-x86_64-linux-gnu.so
[3.708s] -- Installing: /home/enryu/Desktop/Path-Following-Robot/install/custom_interfaces/local/lib/python3.10/dist-packages/custom_interfaces/__init__.py
[3.708s] -- Installing: /home/enryu/Desktop/Path-Following-Robot/install/custom_interfaces/local/lib/python3.10/dist-packages/custom_interfaces/_custom_interfaces_s.ep.rosidl_typesupport_introspection_c.c
[3.708s] -- Installing: /home/enryu/Desktop/Path-Following-Robot/install/custom_interfaces/local/lib/python3.10/dist-packages/custom_interfaces/_custom_interfaces_s.ep.rosidl_typesupport_c.c
[3.741s] Listing '/home/enryu/Desktop/Path-Following-Robot/install/custom_interfaces/local/lib/python3.10/dist-packages/custom_interfaces'...
[3.741s] Compiling '/home/enryu/Desktop/Path-Following-Robot/install/custom_interfaces/local/lib/python3.10/dist-packages/custom_interfaces/__init__.py'...
[3.741s] Listing '/home/enryu/Desktop/Path-Following-Robot/install/custom_interfaces/local/lib/python3.10/dist-packages/custom_interfaces/msg'...
[3.741s] Compiling '/home/enryu/Desktop/Path-Following-Robot/install/custom_interfaces/local/lib/python3.10/dist-packages/custom_interfaces/msg/__init__.py'...
[3.741s] Compiling '/home/enryu/Desktop/Path-Following-Robot/install/custom_interfaces/local/lib/python3.10/dist-packages/custom_interfaces/msg/_age.py'...
[3.746s] -- Installing: /home/enryu/Desktop/Path-Following-Robot/install/custom_interfaces/local/lib/python3.10/dist-packages/custom_interfaces/custom_interfaces_s__rosidl_typesupport_fastrtps_c.cpython-310-x86_64-linux-gnu.so
[3.747s] -- Set runtime path of "/home/enryu/Desktop/Path-Following-Robot/install/custom_interfaces/local/lib/python3.10/dist-packages/custom_interfaces/custom_interfaces_s__rosidl_typesupport_fastrtps_c.cpython-310-x86_64-linux-gnu.so" to ""
[3.747s] -- Installing: /home/enryu/Desktop/Path-Following-Robot/install/custom_interfaces/local/lib/python3.10/dist-packages/custom_interfaces/custom_interfaces_s__rosidl_typesupport_introspection_c.cpython-310-x86_64-linux-gnu.so
[3.747s] -- Set runtime path of "/home/enryu/Desktop/Path-Following-Robot/install/custom_interfaces/local/lib/python3.10/dist-packages/custom_interfaces/custom_interfaces_s__rosidl_typesupport_introspection_c.cpython-310-x86_64-linux-gnu.so" to ""
[3.747s] -- Installing: /home/enryu/Desktop/Path-Following-Robot/install/custom_interfaces/local/lib/python3.10/dist-packages/custom_interfaces/custom_interfaces_s__rosidl_typesupport_c.cpython-310-x86_64-linux-gnu.so
[3.748s] -- Set runtime path of "/home/enryu/Desktop/Path-Following-Robot/install/custom_interfaces/local/lib/python3.10/dist-packages/custom_interfaces/custom_interfaces_s__rosidl_typesupport_c.cpython-310-x86_64-linux-gnu.so" to ""
[3.748s] -- Installing: /home/enryu/Desktop/Path-Following-Robot/install/custom_interfaces/lib/libcustom_interfaces__rosidl_generator_py.so
[3.748s] -- Set runtime path of "/home/enryu/Desktop/Path-Following-Robot/install/custom_interfaces/lib/libcustom_interfaces__rosidl_generator_py.so" to ""
[3.748s] -- Installing: /home/enryu/Desktop/Path-Following-Robot/install/custom_interfaces/share/custom_interfaces/msg/Age.idl
[3.748s] -- Installing: /home/enryu/Desktop/Path-Following-Robot/install/custom_interfaces/share/custom_interfaces/msg/Age.msg
[3.749s] -- Installing: /home/enryu/Desktop/Path-Following-Robot/install/custom_interfaces/share/ament_index/resource_index/package_run_dependencies/custom_interfaces
[3.749s] -- Installing: /home/enryu/Desktop/Path-Following-Robot/install/custom_interfaces/share/ament_index/resource_index/parent_prefix_path/custom_interfaces
[3.749s] -- Installing: /home/enryu/Desktop/Path-Following-Robot/install/custom_interfaces/share/custom_interfaces/environment/ament_prefix_path.sh
[3.749s] -- Installing: /home/enryu/Desktop/Path-Following-Robot/install/custom_interfaces/share/custom_interfaces/environment/ament_prefix_path.dsv
[3.749s] -- Installing: /home/enryu/Desktop/Path-Following-Robot/install/custom_interfaces/share/custom_interfaces/environment/path.sh
[3.749s] -- Installing: /home/enryu/Desktop/Path-Following-Robot/install/custom_interfaces/share/custom_interfaces/environment/path.dsv
[3.749s] -- Installing: /home/enryu/Desktop/Path-Following-Robot/install/custom_interfaces/share/custom_interfaces/local_setup.bash
[3.750s] -- Installing: /home/enryu/Desktop/Path-Following-Robot/install/custom_interfaces/share/custom_interfaces/local_setup.sh
[3.750s] -- Installing: /home/enryu/Desktop/Path-Following-Robot/install/custom_interfaces/share/custom_interfaces/local_setup.zsh
[3.750s] -- Installing: /home/enryu/Desktop/Path-Following-Robot/install/custom_interfaces/share/custom_interfaces/local_setup.dsv
[3.750s] -- Installing: /home/enryu/Desktop/Path-Following-Robot/install/custom_interfaces/share/custom_interfaces/package.dsv
[3.750s] -- Installing: /home/enryu/Desktop/Path-Following-Robot/install/custom_interfaces/share/ament_index/resource_index/packages/custom_interfaces
[3.750s] -- Installing: /home/enryu/Desktop/Path-Following-Robot/install/custom_interfaces/share/custom_interfaces/cmake/export_custom_interfaces__rosidl_generator_cExport.cmake
[3.750s] -- Installing: /home/enryu/Desktop/Path-Following-Robot/install/custom_interfaces/share/custom_interfaces/cmake/export_custom_interfaces__rosidl_generator_cExport-noconfig.cmake
[3.751s] -- Installing: /home/enryu/Desktop/Path-Following-Robot/install/custom_interfaces/share/custom_interfaces/cmake/export_custom_interfaces__rosidl_typesupport_fastrtps_cExport.cmake
[3.751s] -- Installing: /home/enryu/Desktop/Path-Following-Robot/install/custom_interfaces/share/custom_interfaces/cmake/export_custom_interfaces__rosidl_typesupport_fastrtps_cExport-noconfig.cmake
[3.751s] -- Installing: /home/enryu/Desktop/Path-Following-Robot/install/custom_interfaces/share/custom_interfaces/cmake/export_custom_interfaces__rosidl_generator_cppExport.cmake
[3.751s] -- Installing: /home/enryu/Desktop/Path-Following-Robot/install/custom_interfaces/share/custom_interfaces/cmake/export_custom_interfaces__rosidl_typesupport_fastrtps_cppExport.cmake
[3.751s] -- Installing: /home/enryu/Desktop/Path-Following-Robot/install/custom_interfaces/share/custom_interfaces/cmake/export_custom_interfaces__rosidl_typesupport_fastrtps_cppExport-noconfig.cmake
[3.751s] -- Installing: /home/enryu/Desktop/Path-Following-Robot/install/custom_interfaces/share/custom_interfaces/cmake/custom_interfaces__rosidl_typesupport_introspection_cExport.cmake
[3.751s] -- Installing: /home/enryu/Desktop/Path-Following-Robot/install/custom_interfaces/share/custom_interfaces/cmake/custom_interfaces__rosidl_typesupport_introspection_cExport-noconfig.cmake
[3.751s] -- Installing: /home/enryu/Desktop/Path-Following-Robot/install/custom_interfaces/share/custom_interfaces/cmake/custom_interfaces__rosidl_typesupport_cExport.cmake
[3.752s] -- Installing: /home/enryu/Desktop/Path-Following-Robot/install/custom_interfaces/share/custom_interfaces/cmake/custom_interfaces__rosidl_typesupport_cExport-noconfig.cmake
[3.752s] -- Installing: /home/enryu/Desktop/Path-Following-Robot/install/custom_interfaces/share/custom_interfaces/cmake/custom_interfaces__rosidl_typesupport_introspection_cppExport.cmake
[3.752s] -- Installing: /home/enryu/Desktop/Path-Following-Robot/install/custom_interfaces/share/custom_interfaces/cmake/custom_interfaces__rosidl_typesupport_introspection_cppExport-noconfig.cmake
[3.752s] -- Installing: /home/enryu/Desktop/Path-Following-Robot/install/custom_interfaces/share/custom_interfaces/cmake/custom_interfaces__rosidl_typesupport_cppExport.cmake
[3.752s] -- Installing: /home/enryu/Desktop/Path-Following-Robot/install/custom_interfaces/share/custom_interfaces/cmake/custom_interfaces__rosidl_typesupport_cppExport-noconfig.cmake
[3.752s] -- Installing: /home/enryu/Desktop/Path-Following-Robot/install/custom_interfaces/share/custom_interfaces/cmake/export_custom_interfaces__rosidl_generator_pyExport.cmake
[3.752s] -- Installing: /home/enryu/Desktop/Path-Following-Robot/install/custom_interfaces/share/custom_interfaces/cmake/export_custom_interfaces__rosidl_generator_pyExport-noconfig.cmake
[3.753s] -- Installing: /home/enryu/Desktop/Path-Following-Robot/install/custom_interfaces/share/custom_interfaces/cmake/rosidl_cmake-extras.cmake
[3.753s] -- Installing: /home/enryu/Desktop/Path-Following-Robot/install/custom_interfaces/share/custom_interfaces/cmake/ament_cmake_export_include_directories-extras.cmake
[3.753s] -- Installing: /home/enryu/Desktop/Path-Following-Robot/install/custom_interfaces/share/custom_interfaces/cmake/ament_cmake_export_libraries-extras.cmake
[3.753s] -- Installing: /home/enryu/Desktop/Path-Following-Robot/install/custom_interfaces/share/custom_interfaces/cmake/ament_cmake_export_targets-extras.cmake
[3.753s] -- Installing: /home/enryu/Desktop/Path-Following-Robot/install/custom_interfaces/share/custom_interfaces/cmake/rosidl_cmake_export_typesupport_targets-extras.cmake
[3.753s] -- Installing: /home/enryu/Desktop/Path-Following-Robot/install/custom_interfaces/share/custom_interfaces/cmake/ament_cmake_export_dependencies-extras.cmake
[3.753s] -- Installing: /home/enryu/Desktop/Path-Following-Robot/install/custom_interfaces/share/custom_interfaces/cmake/rosidl_cmake_export_typesupport_libraries-extras.cmake
[3.753s] -- Installing: /home/enryu/Desktop/Path-Following-Robot/install/custom_interfaces/share/custom_interfaces/cmake/custom_interfacesConfig.cmake
[3.754s] -- Installing: /home/enryu/Desktop/Path-Following-Robot/install/custom_interfaces/share/custom_interfaces/cmake/custom_interfacesConfig-version.cmake
[3.754s] -- Installing: /home/enryu/Desktop/Path-Following-Robot/install/custom_interfaces/share/custom_interfaces/package.xml
[3.757s] Invoked command in '/home/enryu/Desktop/Path-Following-Robot/build/custom_interfaces' returned '0': CMAKE_PREFIX_PATH=${CMAKE_PREFIX_PATH}:/home/enryu/Desktop/Path-Following-Robot/install/robot_description:/opt/ros/humble /usr/bin/cmake --install /home/enryu/Desktop/Path-Following-Robot/build/custom_interfaces
