[0.101s] DEBUG:colcon:Command line arguments: ['/usr/bin/colcon', 'build']
[0.101s] DEBUG:colcon:Parsed command line arguments: Namespace(log_base=None, log_level=None, verb_name='build', build_base='build', install_base='install', merge_install=False, symlink_install=False, test_result_base=None, continue_on_error=False, executor='parallel', parallel_workers=12, event_handlers=None, ignore_user_meta=False, metas=['./colcon.meta'], base_paths=['.'], packages_ignore=None, packages_ignore_regex=None, paths=None, packages_up_to=None, packages_up_to_regex=None, packages_above=None, packages_above_and_dependencies=None, packages_above_depth=None, packages_select_by_dep=None, packages_skip_by_dep=None, packages_skip_up_to=None, packages_select_build_failed=False, packages_skip_build_finished=False, packages_select_test_failures=False, packages_skip_test_passed=False, packages_select=None, packages_skip=None, packages_select_regex=None, packages_skip_regex=None, packages_start=None, packages_end=None, allow_overriding=[], cmake_args=None, cmake_target=None, cmake_target_skip_unavailable=False, cmake_clean_cache=False, cmake_clean_first=False, cmake_force_configure=False, ament_cmake_args=None, catkin_cmake_args=None, catkin_skip_building_tests=False, mixin_files=None, mixin=None, verb_parser=<colcon_mixin.mixin.mixin_argument.MixinArgumentDecorator object at 0x78f4b7452ef0>, verb_extension=<colcon_core.verb.build.BuildVerb object at 0x78f4b7452a40>, main=<bound method BuildVerb.main of <colcon_core.verb.build.BuildVerb object at 0x78f4b7452a40>>, mixin_verb=('build',))
[0.268s] Level 1:colcon.colcon_core.package_discovery:discover_packages(colcon_meta) check parameters
[0.268s] Level 1:colcon.colcon_core.package_discovery:discover_packages(recursive) check parameters
[0.268s] Level 1:colcon.colcon_core.package_discovery:discover_packages(ignore) check parameters
[0.269s] Level 1:colcon.colcon_core.package_discovery:discover_packages(path) check parameters
[0.269s] Level 1:colcon.colcon_core.package_discovery:discover_packages(colcon_meta) discover
[0.269s] Level 1:colcon.colcon_core.package_discovery:discover_packages(recursive) discover
[0.269s] INFO:colcon.colcon_core.package_discovery:Crawling recursively for packages in '/home/enryu/Desktop/Path-Following-Robot'
[0.269s] Level 1:colcon.colcon_core.package_identification:_identify(.) by extensions ['ignore', 'ignore_ament_install']
[0.269s] Level 1:colcon.colcon_core.package_identification:_identify(.) by extension 'ignore'
[0.269s] Level 1:colcon.colcon_core.package_identification:_identify(.) by extension 'ignore_ament_install'
[0.269s] Level 1:colcon.colcon_core.package_identification:_identify(.) by extensions ['colcon_pkg']
[0.269s] Level 1:colcon.colcon_core.package_identification:_identify(.) by extension 'colcon_pkg'
[0.269s] Level 1:colcon.colcon_core.package_identification:_identify(.) by extensions ['colcon_meta']
[0.269s] Level 1:colcon.colcon_core.package_identification:_identify(.) by extension 'colcon_meta'
[0.269s] Level 1:colcon.colcon_core.package_identification:_identify(.) by extensions ['ros']
[0.269s] Level 1:colcon.colcon_core.package_identification:_identify(.) by extension 'ros'
[0.279s] Level 1:colcon.colcon_core.package_identification:_identify(.) by extensions ['cmake', 'python']
[0.279s] Level 1:colcon.colcon_core.package_identification:_identify(.) by extension 'cmake'
[0.279s] Level 1:colcon.colcon_core.package_identification:_identify(.) by extension 'python'
[0.279s] Level 1:colcon.colcon_core.package_identification:_identify(.) by extensions ['python_setup_py']
[0.279s] Level 1:colcon.colcon_core.package_identification:_identify(.) by extension 'python_setup_py'
[0.279s] Level 1:colcon.colcon_core.package_identification:_identify(build) by extensions ['ignore', 'ignore_ament_install']
[0.279s] Level 1:colcon.colcon_core.package_identification:_identify(build) by extension 'ignore'
[0.279s] Level 1:colcon.colcon_core.package_identification:_identify(build) ignored
[0.279s] Level 1:colcon.colcon_core.package_identification:_identify(install) by extensions ['ignore', 'ignore_ament_install']
[0.279s] Level 1:colcon.colcon_core.package_identification:_identify(install) by extension 'ignore'
[0.279s] Level 1:colcon.colcon_core.package_identification:_identify(install) ignored
[0.279s] Level 1:colcon.colcon_core.package_identification:_identify(log) by extensions ['ignore', 'ignore_ament_install']
[0.279s] Level 1:colcon.colcon_core.package_identification:_identify(log) by extension 'ignore'
[0.279s] Level 1:colcon.colcon_core.package_identification:_identify(log) ignored
[0.279s] Level 1:colcon.colcon_core.package_identification:_identify(src) by extensions ['ignore', 'ignore_ament_install']
[0.279s] Level 1:colcon.colcon_core.package_identification:_identify(src) by extension 'ignore'
[0.280s] Level 1:colcon.colcon_core.package_identification:_identify(src) by extension 'ignore_ament_install'
[0.280s] Level 1:colcon.colcon_core.package_identification:_identify(src) by extensions ['colcon_pkg']
[0.280s] Level 1:colcon.colcon_core.package_identification:_identify(src) by extension 'colcon_pkg'
[0.280s] Level 1:colcon.colcon_core.package_identification:_identify(src) by extensions ['colcon_meta']
[0.280s] Level 1:colcon.colcon_core.package_identification:_identify(src) by extension 'colcon_meta'
[0.280s] Level 1:colcon.colcon_core.package_identification:_identify(src) by extensions ['ros']
[0.280s] Level 1:colcon.colcon_core.package_identification:_identify(src) by extension 'ros'
[0.280s] Level 1:colcon.colcon_core.package_identification:_identify(src) by extensions ['cmake', 'python']
[0.280s] Level 1:colcon.colcon_core.package_identification:_identify(src) by extension 'cmake'
[0.280s] Level 1:colcon.colcon_core.package_identification:_identify(src) by extension 'python'
[0.280s] Level 1:colcon.colcon_core.package_identification:_identify(src) by extensions ['python_setup_py']
[0.280s] Level 1:colcon.colcon_core.package_identification:_identify(src) by extension 'python_setup_py'
[0.280s] Level 1:colcon.colcon_core.package_identification:_identify(src/custom_interfaces) by extensions ['ignore', 'ignore_ament_install']
[0.280s] Level 1:colcon.colcon_core.package_identification:_identify(src/custom_interfaces) by extension 'ignore'
[0.280s] Level 1:colcon.colcon_core.package_identification:_identify(src/custom_interfaces) by extension 'ignore_ament_install'
[0.280s] Level 1:colcon.colcon_core.package_identification:_identify(src/custom_interfaces) by extensions ['colcon_pkg']
[0.280s] Level 1:colcon.colcon_core.package_identification:_identify(src/custom_interfaces) by extension 'colcon_pkg'
[0.280s] Level 1:colcon.colcon_core.package_identification:_identify(src/custom_interfaces) by extensions ['colcon_meta']
[0.280s] Level 1:colcon.colcon_core.package_identification:_identify(src/custom_interfaces) by extension 'colcon_meta'
[0.280s] Level 1:colcon.colcon_core.package_identification:_identify(src/custom_interfaces) by extensions ['ros']
[0.280s] Level 1:colcon.colcon_core.package_identification:_identify(src/custom_interfaces) by extension 'ros'
[0.283s] DEBUG:colcon.colcon_core.package_identification:Package 'src/custom_interfaces' with type 'ros.ament_cmake' and name 'custom_interfaces'
[0.283s] Level 1:colcon.colcon_core.package_identification:_identify(src/executor_pkg) by extensions ['ignore', 'ignore_ament_install']
[0.283s] Level 1:colcon.colcon_core.package_identification:_identify(src/executor_pkg) by extension 'ignore'
[0.283s] Level 1:colcon.colcon_core.package_identification:_identify(src/executor_pkg) by extension 'ignore_ament_install'
[0.283s] Level 1:colcon.colcon_core.package_identification:_identify(src/executor_pkg) by extensions ['colcon_pkg']
[0.283s] Level 1:colcon.colcon_core.package_identification:_identify(src/executor_pkg) by extension 'colcon_pkg'
[0.283s] Level 1:colcon.colcon_core.package_identification:_identify(src/executor_pkg) by extensions ['colcon_meta']
[0.283s] Level 1:colcon.colcon_core.package_identification:_identify(src/executor_pkg) by extension 'colcon_meta'
[0.283s] Level 1:colcon.colcon_core.package_identification:_identify(src/executor_pkg) by extensions ['ros']
[0.283s] Level 1:colcon.colcon_core.package_identification:_identify(src/executor_pkg) by extension 'ros'
[0.284s] DEBUG:colcon.colcon_core.package_identification:Package 'src/executor_pkg' with type 'ros.ament_cmake' and name 'executor_pkg'
[0.284s] Level 1:colcon.colcon_core.package_identification:_identify(src/robot_description) by extensions ['ignore', 'ignore_ament_install']
[0.284s] Level 1:colcon.colcon_core.package_identification:_identify(src/robot_description) by extension 'ignore'
[0.284s] Level 1:colcon.colcon_core.package_identification:_identify(src/robot_description) by extension 'ignore_ament_install'
[0.284s] Level 1:colcon.colcon_core.package_identification:_identify(src/robot_description) by extensions ['colcon_pkg']
[0.284s] Level 1:colcon.colcon_core.package_identification:_identify(src/robot_description) by extension 'colcon_pkg'
[0.284s] Level 1:colcon.colcon_core.package_identification:_identify(src/robot_description) by extensions ['colcon_meta']
[0.284s] Level 1:colcon.colcon_core.package_identification:_identify(src/robot_description) by extension 'colcon_meta'
[0.284s] Level 1:colcon.colcon_core.package_identification:_identify(src/robot_description) by extensions ['ros']
[0.284s] Level 1:colcon.colcon_core.package_identification:_identify(src/robot_description) by extension 'ros'
[0.285s] DEBUG:colcon.colcon_core.package_identification:Package 'src/robot_description' with type 'ros.ament_python' and name 'robot_description'
[0.285s] Level 1:colcon.colcon_core.package_identification:_identify(src/simple_obstacle_avoidance) by extensions ['ignore', 'ignore_ament_install']
[0.285s] Level 1:colcon.colcon_core.package_identification:_identify(src/simple_obstacle_avoidance) by extension 'ignore'
[0.285s] Level 1:colcon.colcon_core.package_identification:_identify(src/simple_obstacle_avoidance) by extension 'ignore_ament_install'
[0.285s] Level 1:colcon.colcon_core.package_identification:_identify(src/simple_obstacle_avoidance) by extensions ['colcon_pkg']
[0.285s] Level 1:colcon.colcon_core.package_identification:_identify(src/simple_obstacle_avoidance) by extension 'colcon_pkg'
[0.285s] Level 1:colcon.colcon_core.package_identification:_identify(src/simple_obstacle_avoidance) by extensions ['colcon_meta']
[0.285s] Level 1:colcon.colcon_core.package_identification:_identify(src/simple_obstacle_avoidance) by extension 'colcon_meta'
[0.285s] Level 1:colcon.colcon_core.package_identification:_identify(src/simple_obstacle_avoidance) by extensions ['ros']
[0.285s] Level 1:colcon.colcon_core.package_identification:_identify(src/simple_obstacle_avoidance) by extension 'ros'
[0.286s] DEBUG:colcon.colcon_core.package_identification:Package 'src/simple_obstacle_avoidance' with type 'ros.ament_cmake' and name 'simple_obstacle_avoidance'
[0.286s] Level 1:colcon.colcon_core.package_identification:_identify(src/topic_pkg) by extensions ['ignore', 'ignore_ament_install']
[0.286s] Level 1:colcon.colcon_core.package_identification:_identify(src/topic_pkg) by extension 'ignore'
[0.286s] Level 1:colcon.colcon_core.package_identification:_identify(src/topic_pkg) by extension 'ignore_ament_install'
[0.287s] Level 1:colcon.colcon_core.package_identification:_identify(src/topic_pkg) by extensions ['colcon_pkg']
[0.287s] Level 1:colcon.colcon_core.package_identification:_identify(src/topic_pkg) by extension 'colcon_pkg'
[0.287s] Level 1:colcon.colcon_core.package_identification:_identify(src/topic_pkg) by extensions ['colcon_meta']
[0.287s] Level 1:colcon.colcon_core.package_identification:_identify(src/topic_pkg) by extension 'colcon_meta'
[0.287s] Level 1:colcon.colcon_core.package_identification:_identify(src/topic_pkg) by extensions ['ros']
[0.287s] Level 1:colcon.colcon_core.package_identification:_identify(src/topic_pkg) by extension 'ros'
[0.287s] DEBUG:colcon.colcon_core.package_identification:Package 'src/topic_pkg' with type 'ros.ament_cmake' and name 'topic_pkg'
[0.287s] Level 1:colcon.colcon_core.package_discovery:discover_packages(recursive) using defaults
[0.287s] Level 1:colcon.colcon_core.package_discovery:discover_packages(ignore) discover
[0.287s] Level 1:colcon.colcon_core.package_discovery:discover_packages(ignore) using defaults
[0.287s] Level 1:colcon.colcon_core.package_discovery:discover_packages(path) discover
[0.287s] Level 1:colcon.colcon_core.package_discovery:discover_packages(path) using defaults
[0.312s] Level 1:colcon.colcon_core.package_discovery:discover_packages(prefix_path) check parameters
[0.312s] Level 1:colcon.colcon_core.package_discovery:discover_packages(prefix_path) discover
[0.313s] WARNING:colcon.colcon_ros.prefix_path.ament:The path '/home/enryu/Desktop/Path-Following-Robot/install/topic_pkg' in the environment variable AMENT_PREFIX_PATH doesn't exist
[0.313s] WARNING:colcon.colcon_ros.prefix_path.ament:The path '/home/enryu/Desktop/Path-Following-Robot/install/simple_obstacle_avoidance' in the environment variable AMENT_PREFIX_PATH doesn't exist
[0.313s] WARNING:colcon.colcon_ros.prefix_path.ament:The path '/home/enryu/Desktop/Path-Following-Robot/install/robot_description' in the environment variable AMENT_PREFIX_PATH doesn't exist
[0.313s] WARNING:colcon.colcon_ros.prefix_path.ament:The path '/home/enryu/Desktop/Path-Following-Robot/install/executor_pkg' in the environment variable AMENT_PREFIX_PATH doesn't exist
[0.313s] WARNING:colcon.colcon_ros.prefix_path.ament:The path '/home/enryu/Desktop/Path-Following-Robot/install/custom_interfaces' in the environment variable AMENT_PREFIX_PATH doesn't exist
[0.314s] WARNING:colcon.colcon_ros.prefix_path.catkin:The path '/home/enryu/Desktop/Path-Following-Robot/install/topic_pkg' in the environment variable CMAKE_PREFIX_PATH doesn't exist
[0.314s] WARNING:colcon.colcon_ros.prefix_path.catkin:The path '/home/enryu/Desktop/Path-Following-Robot/install/simple_obstacle_avoidance' in the environment variable CMAKE_PREFIX_PATH doesn't exist
[0.314s] WARNING:colcon.colcon_ros.prefix_path.catkin:The path '/home/enryu/Desktop/Path-Following-Robot/install/executor_pkg' in the environment variable CMAKE_PREFIX_PATH doesn't exist
[0.314s] WARNING:colcon.colcon_ros.prefix_path.catkin:The path '/home/enryu/Desktop/Path-Following-Robot/install/custom_interfaces' in the environment variable CMAKE_PREFIX_PATH doesn't exist
[0.314s] DEBUG:colcon.colcon_installed_package_information.package_discovery:Found 0 installed packages in /home/enryu/Desktop/Path-Following-Robot/install
[0.316s] DEBUG:colcon.colcon_installed_package_information.package_discovery:Found 302 installed packages in /opt/ros/humble
[0.318s] Level 1:colcon.colcon_core.package_discovery:discover_packages(prefix_path) using defaults
[0.355s] Level 5:colcon.colcon_core.verb:set package 'custom_interfaces' build argument 'cmake_args' from command line to 'None'
[0.355s] Level 5:colcon.colcon_core.verb:set package 'custom_interfaces' build argument 'cmake_target' from command line to 'None'
[0.355s] Level 5:colcon.colcon_core.verb:set package 'custom_interfaces' build argument 'cmake_target_skip_unavailable' from command line to 'False'
[0.355s] Level 5:colcon.colcon_core.verb:set package 'custom_interfaces' build argument 'cmake_clean_cache' from command line to 'False'
[0.355s] Level 5:colcon.colcon_core.verb:set package 'custom_interfaces' build argument 'cmake_clean_first' from command line to 'False'
[0.355s] Level 5:colcon.colcon_core.verb:set package 'custom_interfaces' build argument 'cmake_force_configure' from command line to 'False'
[0.355s] Level 5:colcon.colcon_core.verb:set package 'custom_interfaces' build argument 'ament_cmake_args' from command line to 'None'
[0.355s] Level 5:colcon.colcon_core.verb:set package 'custom_interfaces' build argument 'catkin_cmake_args' from command line to 'None'
[0.355s] Level 5:colcon.colcon_core.verb:set package 'custom_interfaces' build argument 'catkin_skip_building_tests' from command line to 'False'
[0.355s] DEBUG:colcon.colcon_core.verb:Building package 'custom_interfaces' with the following arguments: {'ament_cmake_args': None, 'build_base': '/home/enryu/Desktop/Path-Following-Robot/build/custom_interfaces', 'catkin_cmake_args': None, 'catkin_skip_building_tests': False, 'cmake_args': None, 'cmake_clean_cache': False, 'cmake_clean_first': False, 'cmake_force_configure': False, 'cmake_target': None, 'cmake_target_skip_unavailable': False, 'install_base': '/home/enryu/Desktop/Path-Following-Robot/install/custom_interfaces', 'merge_install': False, 'path': '/home/enryu/Desktop/Path-Following-Robot/src/custom_interfaces', 'symlink_install': False, 'test_result_base': None}
[0.355s] Level 5:colcon.colcon_core.verb:set package 'executor_pkg' build argument 'cmake_args' from command line to 'None'
[0.355s] Level 5:colcon.colcon_core.verb:set package 'executor_pkg' build argument 'cmake_target' from command line to 'None'
[0.355s] Level 5:colcon.colcon_core.verb:set package 'executor_pkg' build argument 'cmake_target_skip_unavailable' from command line to 'False'
[0.355s] Level 5:colcon.colcon_core.verb:set package 'executor_pkg' build argument 'cmake_clean_cache' from command line to 'False'
[0.355s] Level 5:colcon.colcon_core.verb:set package 'executor_pkg' build argument 'cmake_clean_first' from command line to 'False'
[0.355s] Level 5:colcon.colcon_core.verb:set package 'executor_pkg' build argument 'cmake_force_configure' from command line to 'False'
[0.355s] Level 5:colcon.colcon_core.verb:set package 'executor_pkg' build argument 'ament_cmake_args' from command line to 'None'
[0.355s] Level 5:colcon.colcon_core.verb:set package 'executor_pkg' build argument 'catkin_cmake_args' from command line to 'None'
[0.355s] Level 5:colcon.colcon_core.verb:set package 'executor_pkg' build argument 'catkin_skip_building_tests' from command line to 'False'
[0.355s] DEBUG:colcon.colcon_core.verb:Building package 'executor_pkg' with the following arguments: {'ament_cmake_args': None, 'build_base': '/home/enryu/Desktop/Path-Following-Robot/build/executor_pkg', 'catkin_cmake_args': None, 'catkin_skip_building_tests': False, 'cmake_args': None, 'cmake_clean_cache': False, 'cmake_clean_first': False, 'cmake_force_configure': False, 'cmake_target': None, 'cmake_target_skip_unavailable': False, 'install_base': '/home/enryu/Desktop/Path-Following-Robot/install/executor_pkg', 'merge_install': False, 'path': '/home/enryu/Desktop/Path-Following-Robot/src/executor_pkg', 'symlink_install': False, 'test_result_base': None}
[0.356s] Level 5:colcon.colcon_core.verb:set package 'robot_description' build argument 'cmake_args' from command line to 'None'
[0.356s] Level 5:colcon.colcon_core.verb:set package 'robot_description' build argument 'cmake_target' from command line to 'None'
[0.356s] Level 5:colcon.colcon_core.verb:set package 'robot_description' build argument 'cmake_target_skip_unavailable' from command line to 'False'
[0.356s] Level 5:colcon.colcon_core.verb:set package 'robot_description' build argument 'cmake_clean_cache' from command line to 'False'
[0.356s] Level 5:colcon.colcon_core.verb:set package 'robot_description' build argument 'cmake_clean_first' from command line to 'False'
[0.356s] Level 5:colcon.colcon_core.verb:set package 'robot_description' build argument 'cmake_force_configure' from command line to 'False'
[0.356s] Level 5:colcon.colcon_core.verb:set package 'robot_description' build argument 'ament_cmake_args' from command line to 'None'
[0.356s] Level 5:colcon.colcon_core.verb:set package 'robot_description' build argument 'catkin_cmake_args' from command line to 'None'
[0.356s] Level 5:colcon.colcon_core.verb:set package 'robot_description' build argument 'catkin_skip_building_tests' from command line to 'False'
[0.356s] DEBUG:colcon.colcon_core.verb:Building package 'robot_description' with the following arguments: {'ament_cmake_args': None, 'build_base': '/home/enryu/Desktop/Path-Following-Robot/build/robot_description', 'catkin_cmake_args': None, 'catkin_skip_building_tests': False, 'cmake_args': None, 'cmake_clean_cache': False, 'cmake_clean_first': False, 'cmake_force_configure': False, 'cmake_target': None, 'cmake_target_skip_unavailable': False, 'install_base': '/home/enryu/Desktop/Path-Following-Robot/install/robot_description', 'merge_install': False, 'path': '/home/enryu/Desktop/Path-Following-Robot/src/robot_description', 'symlink_install': False, 'test_result_base': None}
[0.356s] Level 5:colcon.colcon_core.verb:set package 'simple_obstacle_avoidance' build argument 'cmake_args' from command line to 'None'
[0.356s] Level 5:colcon.colcon_core.verb:set package 'simple_obstacle_avoidance' build argument 'cmake_target' from command line to 'None'
[0.356s] Level 5:colcon.colcon_core.verb:set package 'simple_obstacle_avoidance' build argument 'cmake_target_skip_unavailable' from command line to 'False'
[0.356s] Level 5:colcon.colcon_core.verb:set package 'simple_obstacle_avoidance' build argument 'cmake_clean_cache' from command line to 'False'
[0.356s] Level 5:colcon.colcon_core.verb:set package 'simple_obstacle_avoidance' build argument 'cmake_clean_first' from command line to 'False'
[0.356s] Level 5:colcon.colcon_core.verb:set package 'simple_obstacle_avoidance' build argument 'cmake_force_configure' from command line to 'False'
[0.356s] Level 5:colcon.colcon_core.verb:set package 'simple_obstacle_avoidance' build argument 'ament_cmake_args' from command line to 'None'
[0.356s] Level 5:colcon.colcon_core.verb:set package 'simple_obstacle_avoidance' build argument 'catkin_cmake_args' from command line to 'None'
[0.356s] Level 5:colcon.colcon_core.verb:set package 'simple_obstacle_avoidance' build argument 'catkin_skip_building_tests' from command line to 'False'
[0.356s] DEBUG:colcon.colcon_core.verb:Building package 'simple_obstacle_avoidance' with the following arguments: {'ament_cmake_args': None, 'build_base': '/home/enryu/Desktop/Path-Following-Robot/build/simple_obstacle_avoidance', 'catkin_cmake_args': None, 'catkin_skip_building_tests': False, 'cmake_args': None, 'cmake_clean_cache': False, 'cmake_clean_first': False, 'cmake_force_configure': False, 'cmake_target': None, 'cmake_target_skip_unavailable': False, 'install_base': '/home/enryu/Desktop/Path-Following-Robot/install/simple_obstacle_avoidance', 'merge_install': False, 'path': '/home/enryu/Desktop/Path-Following-Robot/src/simple_obstacle_avoidance', 'symlink_install': False, 'test_result_base': None}
[0.357s] Level 5:colcon.colcon_core.verb:set package 'topic_pkg' build argument 'cmake_args' from command line to 'None'
[0.357s] Level 5:colcon.colcon_core.verb:set package 'topic_pkg' build argument 'cmake_target' from command line to 'None'
[0.357s] Level 5:colcon.colcon_core.verb:set package 'topic_pkg' build argument 'cmake_target_skip_unavailable' from command line to 'False'
[0.357s] Level 5:colcon.colcon_core.verb:set package 'topic_pkg' build argument 'cmake_clean_cache' from command line to 'False'
[0.357s] Level 5:colcon.colcon_core.verb:set package 'topic_pkg' build argument 'cmake_clean_first' from command line to 'False'
[0.357s] Level 5:colcon.colcon_core.verb:set package 'topic_pkg' build argument 'cmake_force_configure' from command line to 'False'
[0.357s] Level 5:colcon.colcon_core.verb:set package 'topic_pkg' build argument 'ament_cmake_args' from command line to 'None'
[0.357s] Level 5:colcon.colcon_core.verb:set package 'topic_pkg' build argument 'catkin_cmake_args' from command line to 'None'
[0.357s] Level 5:colcon.colcon_core.verb:set package 'topic_pkg' build argument 'catkin_skip_building_tests' from command line to 'False'
[0.357s] DEBUG:colcon.colcon_core.verb:Building package 'topic_pkg' with the following arguments: {'ament_cmake_args': None, 'build_base': '/home/enryu/Desktop/Path-Following-Robot/build/topic_pkg', 'catkin_cmake_args': None, 'catkin_skip_building_tests': False, 'cmake_args': None, 'cmake_clean_cache': False, 'cmake_clean_first': False, 'cmake_force_configure': False, 'cmake_target': None, 'cmake_target_skip_unavailable': False, 'install_base': '/home/enryu/Desktop/Path-Following-Robot/install/topic_pkg', 'merge_install': False, 'path': '/home/enryu/Desktop/Path-Following-Robot/src/topic_pkg', 'symlink_install': False, 'test_result_base': None}
[0.357s] INFO:colcon.colcon_core.executor:Executing jobs using 'parallel' executor
[0.358s] DEBUG:colcon.colcon_parallel_executor.executor.parallel:run_until_complete
[0.358s] INFO:colcon.colcon_ros.task.ament_cmake.build:Building ROS package in '/home/enryu/Desktop/Path-Following-Robot/src/custom_interfaces' with build type 'ament_cmake'
[0.358s] INFO:colcon.colcon_cmake.task.cmake.build:Building CMake package in '/home/enryu/Desktop/Path-Following-Robot/src/custom_interfaces'
[0.360s] INFO:colcon.colcon_core.plugin_system:Skipping extension 'colcon_core.shell.bat': Not used on non-Windows systems
[0.360s] INFO:colcon.colcon_core.shell:Skip shell extension 'powershell' for command environment: Not usable outside of PowerShell
[0.360s] DEBUG:colcon.colcon_core.shell:Skip shell extension 'dsv' for command environment
[0.363s] INFO:colcon.colcon_ros.task.ament_cmake.build:Building ROS package in '/home/enryu/Desktop/Path-Following-Robot/src/executor_pkg' with build type 'ament_cmake'
[0.363s] INFO:colcon.colcon_cmake.task.cmake.build:Building CMake package in '/home/enryu/Desktop/Path-Following-Robot/src/executor_pkg'
[0.363s] INFO:colcon.colcon_core.shell:Skip shell extension 'powershell' for command environment: Not usable outside of PowerShell
[0.363s] DEBUG:colcon.colcon_core.shell:Skip shell extension 'dsv' for command environment
[0.366s] INFO:colcon.colcon_ros.task.ament_python.build:Building ROS package in '/home/enryu/Desktop/Path-Following-Robot/src/robot_description' with build type 'ament_python'
[0.366s] Level 1:colcon.colcon_core.shell:create_environment_hook('robot_description', 'ament_prefix_path')
[0.366s] INFO:colcon.colcon_core.shell:Creating environment hook '/home/enryu/Desktop/Path-Following-Robot/install/robot_description/share/robot_description/hook/ament_prefix_path.ps1'
[0.367s] INFO:colcon.colcon_core.shell:Creating environment descriptor '/home/enryu/Desktop/Path-Following-Robot/install/robot_description/share/robot_description/hook/ament_prefix_path.dsv'
[0.368s] INFO:colcon.colcon_core.shell:Creating environment hook '/home/enryu/Desktop/Path-Following-Robot/install/robot_description/share/robot_description/hook/ament_prefix_path.sh'
[0.368s] INFO:colcon.colcon_core.shell:Skip shell extension 'powershell' for command environment: Not usable outside of PowerShell
[0.368s] DEBUG:colcon.colcon_core.shell:Skip shell extension 'dsv' for command environment
[0.371s] INFO:colcon.colcon_ros.task.ament_cmake.build:Building ROS package in '/home/enryu/Desktop/Path-Following-Robot/src/simple_obstacle_avoidance' with build type 'ament_cmake'
[0.371s] INFO:colcon.colcon_cmake.task.cmake.build:Building CMake package in '/home/enryu/Desktop/Path-Following-Robot/src/simple_obstacle_avoidance'
[0.371s] INFO:colcon.colcon_core.shell:Skip shell extension 'powershell' for command environment: Not usable outside of PowerShell
[0.371s] DEBUG:colcon.colcon_core.shell:Skip shell extension 'dsv' for command environment
[0.374s] INFO:colcon.colcon_ros.task.ament_cmake.build:Building ROS package in '/home/enryu/Desktop/Path-Following-Robot/src/topic_pkg' with build type 'ament_cmake'
[0.374s] INFO:colcon.colcon_cmake.task.cmake.build:Building CMake package in '/home/enryu/Desktop/Path-Following-Robot/src/topic_pkg'
[0.375s] INFO:colcon.colcon_core.shell:Skip shell extension 'powershell' for command environment: Not usable outside of PowerShell
[0.375s] DEBUG:colcon.colcon_core.shell:Skip shell extension 'dsv' for command environment
[0.381s] DEBUG:colcon.colcon_core.event_handler.log_command:Invoking command in '/home/enryu/Desktop/Path-Following-Robot/build/custom_interfaces': CMAKE_PREFIX_PATH=${CMAKE_PREFIX_PATH}:/home/enryu/Desktop/Path-Following-Robot/install/robot_description:/opt/ros/humble /usr/bin/cmake /home/enryu/Desktop/Path-Following-Robot/src/custom_interfaces -DCMAKE_INSTALL_PREFIX=/home/enryu/Desktop/Path-Following-Robot/install/custom_interfaces
[0.383s] DEBUG:colcon.colcon_core.event_handler.log_command:Invoking command in '/home/enryu/Desktop/Path-Following-Robot/build/executor_pkg': CMAKE_PREFIX_PATH=${CMAKE_PREFIX_PATH}:/home/enryu/Desktop/Path-Following-Robot/install/robot_description:/opt/ros/humble /usr/bin/cmake /home/enryu/Desktop/Path-Following-Robot/src/executor_pkg -DCMAKE_INSTALL_PREFIX=/home/enryu/Desktop/Path-Following-Robot/install/executor_pkg
[0.638s] INFO:colcon.colcon_core.task.python.build:Building Python package in '/home/enryu/Desktop/Path-Following-Robot/src/robot_description'
[0.638s] INFO:colcon.colcon_core.shell:Skip shell extension 'powershell' for command environment: Not usable outside of PowerShell
[0.638s] DEBUG:colcon.colcon_core.shell:Skip shell extension 'dsv' for command environment
[0.644s] DEBUG:colcon.colcon_core.event_handler.log_command:Invoking command in '/home/enryu/Desktop/Path-Following-Robot/build/simple_obstacle_avoidance': CMAKE_PREFIX_PATH=${CMAKE_PREFIX_PATH}:/home/enryu/Desktop/Path-Following-Robot/install/robot_description:/opt/ros/humble /usr/bin/cmake /home/enryu/Desktop/Path-Following-Robot/src/simple_obstacle_avoidance -DCMAKE_INSTALL_PREFIX=/home/enryu/Desktop/Path-Following-Robot/install/simple_obstacle_avoidance
[0.649s] DEBUG:colcon.colcon_core.event_handler.log_command:Invoking command in '/home/enryu/Desktop/Path-Following-Robot/build/topic_pkg': CMAKE_PREFIX_PATH=${CMAKE_PREFIX_PATH}:/home/enryu/Desktop/Path-Following-Robot/install/robot_description:/opt/ros/humble /usr/bin/cmake /home/enryu/Desktop/Path-Following-Robot/src/topic_pkg -DCMAKE_INSTALL_PREFIX=/home/enryu/Desktop/Path-Following-Robot/install/topic_pkg
[1.033s] DEBUG:colcon.colcon_core.event_handler.log_command:Invoking command in '/home/enryu/Desktop/Path-Following-Robot/src/robot_description': PYTHONPATH=/home/enryu/Desktop/Path-Following-Robot/build/robot_description/prefix_override:/usr/lib/python3/dist-packages/colcon_core/task/python/colcon_distutils_commands:/home/enryu/Desktop/Path-Following-Robot/install/robot_description/lib/python3.10/site-packages:${PYTHONPATH} /usr/bin/python3 -W ignore:setup.py install is deprecated -W ignore:easy_install command is deprecated setup.py egg_info --egg-base ../../build/robot_description build --build-base /home/enryu/Desktop/Path-Following-Robot/build/robot_description/build install --record /home/enryu/Desktop/Path-Following-Robot/build/robot_description/install.log --single-version-externally-managed install_data
[1.359s] DEBUG:colcon.colcon_core.event_handler.log_command:Invoked command in '/home/enryu/Desktop/Path-Following-Robot/src/robot_description' returned '0': PYTHONPATH=/home/enryu/Desktop/Path-Following-Robot/build/robot_description/prefix_override:/usr/lib/python3/dist-packages/colcon_core/task/python/colcon_distutils_commands:/home/enryu/Desktop/Path-Following-Robot/install/robot_description/lib/python3.10/site-packages:${PYTHONPATH} /usr/bin/python3 -W ignore:setup.py install is deprecated -W ignore:easy_install command is deprecated setup.py egg_info --egg-base ../../build/robot_description build --build-base /home/enryu/Desktop/Path-Following-Robot/build/robot_description/build install --record /home/enryu/Desktop/Path-Following-Robot/build/robot_description/install.log --single-version-externally-managed install_data
[1.361s] Level 1:colcon.colcon_core.environment:checking '/home/enryu/Desktop/Path-Following-Robot/install/robot_description' for CMake module files
[1.362s] Level 1:colcon.colcon_core.environment:checking '/home/enryu/Desktop/Path-Following-Robot/install/robot_description' for CMake config files
[1.362s] Level 1:colcon.colcon_core.environment:checking '/home/enryu/Desktop/Path-Following-Robot/install/robot_description/lib'
[1.362s] Level 1:colcon.colcon_core.environment:checking '/home/enryu/Desktop/Path-Following-Robot/install/robot_description/bin'
[1.362s] Level 1:colcon.colcon_core.environment:checking '/home/enryu/Desktop/Path-Following-Robot/install/robot_description/lib/pkgconfig/robot_description.pc'
[1.363s] Level 1:colcon.colcon_core.environment:checking '/home/enryu/Desktop/Path-Following-Robot/install/robot_description/lib/python3.10/site-packages'
[1.363s] Level 1:colcon.colcon_core.shell:create_environment_hook('robot_description', 'pythonpath')
[1.363s] INFO:colcon.colcon_core.shell:Creating environment hook '/home/enryu/Desktop/Path-Following-Robot/install/robot_description/share/robot_description/hook/pythonpath.ps1'
[1.363s] INFO:colcon.colcon_core.shell:Creating environment descriptor '/home/enryu/Desktop/Path-Following-Robot/install/robot_description/share/robot_description/hook/pythonpath.dsv'
[1.364s] INFO:colcon.colcon_core.shell:Creating environment hook '/home/enryu/Desktop/Path-Following-Robot/install/robot_description/share/robot_description/hook/pythonpath.sh'
[1.364s] Level 1:colcon.colcon_core.environment:checking '/home/enryu/Desktop/Path-Following-Robot/install/robot_description/bin'
[1.364s] Level 1:colcon.colcon_core.environment:create_environment_scripts_only(robot_description)
[1.365s] INFO:colcon.colcon_core.shell:Creating package script '/home/enryu/Desktop/Path-Following-Robot/install/robot_description/share/robot_description/package.ps1'
[1.366s] INFO:colcon.colcon_core.shell:Creating package descriptor '/home/enryu/Desktop/Path-Following-Robot/install/robot_description/share/robot_description/package.dsv'
[1.367s] INFO:colcon.colcon_core.shell:Creating package script '/home/enryu/Desktop/Path-Following-Robot/install/robot_description/share/robot_description/package.sh'
[1.368s] INFO:colcon.colcon_core.shell:Creating package script '/home/enryu/Desktop/Path-Following-Robot/install/robot_description/share/robot_description/package.bash'
[1.369s] INFO:colcon.colcon_core.shell:Creating package script '/home/enryu/Desktop/Path-Following-Robot/install/robot_description/share/robot_description/package.zsh'
[1.370s] Level 1:colcon.colcon_core.environment:create_file_with_runtime_dependencies(/home/enryu/Desktop/Path-Following-Robot/install/robot_description/share/colcon-core/packages/robot_description)
[1.519s] DEBUG:colcon.colcon_core.event_handler.log_command:Invoked command in '/home/enryu/Desktop/Path-Following-Robot/build/executor_pkg' returned '0': CMAKE_PREFIX_PATH=${CMAKE_PREFIX_PATH}:/home/enryu/Desktop/Path-Following-Robot/install/robot_description:/opt/ros/humble /usr/bin/cmake /home/enryu/Desktop/Path-Following-Robot/src/executor_pkg -DCMAKE_INSTALL_PREFIX=/home/enryu/Desktop/Path-Following-Robot/install/executor_pkg
[1.521s] DEBUG:colcon.colcon_core.event_handler.log_command:Invoking command in '/home/enryu/Desktop/Path-Following-Robot/build/executor_pkg': CMAKE_PREFIX_PATH=${CMAKE_PREFIX_PATH}:/home/enryu/Desktop/Path-Following-Robot/install/robot_description:/opt/ros/humble /usr/bin/cmake --build /home/enryu/Desktop/Path-Following-Robot/build/executor_pkg -- -j12 -l12
[1.561s] DEBUG:colcon.colcon_core.event_handler.log_command:Invoked command in '/home/enryu/Desktop/Path-Following-Robot/build/executor_pkg' returned '0': CMAKE_PREFIX_PATH=${CMAKE_PREFIX_PATH}:/home/enryu/Desktop/Path-Following-Robot/install/robot_description:/opt/ros/humble /usr/bin/cmake --build /home/enryu/Desktop/Path-Following-Robot/build/executor_pkg -- -j12 -l12
[1.570s] DEBUG:colcon.colcon_core.event_handler.log_command:Invoking command in '/home/enryu/Desktop/Path-Following-Robot/build/executor_pkg': CMAKE_PREFIX_PATH=${CMAKE_PREFIX_PATH}:/home/enryu/Desktop/Path-Following-Robot/install/robot_description:/opt/ros/humble /usr/bin/cmake --install /home/enryu/Desktop/Path-Following-Robot/build/executor_pkg
[1.581s] Level 1:colcon.colcon_core.environment:create_environment_scripts_only(executor_pkg)
[1.582s] Level 1:colcon.colcon_core.environment:checking '/home/enryu/Desktop/Path-Following-Robot/install/executor_pkg' for CMake module files
[1.582s] DEBUG:colcon.colcon_core.event_handler.log_command:Invoked command in '/home/enryu/Desktop/Path-Following-Robot/build/executor_pkg' returned '0': CMAKE_PREFIX_PATH=${CMAKE_PREFIX_PATH}:/home/enryu/Desktop/Path-Following-Robot/install/robot_description:/opt/ros/humble /usr/bin/cmake --install /home/enryu/Desktop/Path-Following-Robot/build/executor_pkg
[1.583s] Level 1:colcon.colcon_core.environment:checking '/home/enryu/Desktop/Path-Following-Robot/install/executor_pkg' for CMake config files
[1.583s] Level 1:colcon.colcon_core.shell:create_environment_hook('executor_pkg', 'cmake_prefix_path')
[1.583s] INFO:colcon.colcon_core.shell:Creating environment hook '/home/enryu/Desktop/Path-Following-Robot/install/executor_pkg/share/executor_pkg/hook/cmake_prefix_path.ps1'
[1.584s] INFO:colcon.colcon_core.shell:Creating environment descriptor '/home/enryu/Desktop/Path-Following-Robot/install/executor_pkg/share/executor_pkg/hook/cmake_prefix_path.dsv'
[1.584s] INFO:colcon.colcon_core.shell:Creating environment hook '/home/enryu/Desktop/Path-Following-Robot/install/executor_pkg/share/executor_pkg/hook/cmake_prefix_path.sh'
[1.585s] Level 1:colcon.colcon_core.environment:checking '/home/enryu/Desktop/Path-Following-Robot/install/executor_pkg/bin'
[1.585s] Level 1:colcon.colcon_core.environment:checking '/home/enryu/Desktop/Path-Following-Robot/install/executor_pkg/lib/pkgconfig/executor_pkg.pc'
[1.585s] Level 1:colcon.colcon_core.environment:checking '/home/enryu/Desktop/Path-Following-Robot/install/executor_pkg/lib/python3.10/site-packages'
[1.586s] Level 1:colcon.colcon_core.environment:checking '/home/enryu/Desktop/Path-Following-Robot/install/executor_pkg/bin'
[1.586s] INFO:colcon.colcon_core.shell:Creating package script '/home/enryu/Desktop/Path-Following-Robot/install/executor_pkg/share/executor_pkg/package.ps1'
[1.587s] INFO:colcon.colcon_core.shell:Creating package descriptor '/home/enryu/Desktop/Path-Following-Robot/install/executor_pkg/share/executor_pkg/package.dsv'
[1.587s] INFO:colcon.colcon_core.shell:Creating package script '/home/enryu/Desktop/Path-Following-Robot/install/executor_pkg/share/executor_pkg/package.sh'
[1.588s] INFO:colcon.colcon_core.shell:Creating package script '/home/enryu/Desktop/Path-Following-Robot/install/executor_pkg/share/executor_pkg/package.bash'
[1.588s] INFO:colcon.colcon_core.shell:Creating package script '/home/enryu/Desktop/Path-Following-Robot/install/executor_pkg/share/executor_pkg/package.zsh'
[1.588s] Level 1:colcon.colcon_core.environment:create_file_with_runtime_dependencies(/home/enryu/Desktop/Path-Following-Robot/install/executor_pkg/share/colcon-core/packages/executor_pkg)
[1.589s] Level 1:colcon.colcon_core.environment:create_environment_scripts_only(executor_pkg)
[1.589s] Level 1:colcon.colcon_core.environment:checking '/home/enryu/Desktop/Path-Following-Robot/install/executor_pkg' for CMake module files
[1.589s] Level 1:colcon.colcon_core.environment:checking '/home/enryu/Desktop/Path-Following-Robot/install/executor_pkg' for CMake config files
[1.590s] Level 1:colcon.colcon_core.shell:create_environment_hook('executor_pkg', 'cmake_prefix_path')
[1.590s] INFO:colcon.colcon_core.shell:Creating environment hook '/home/enryu/Desktop/Path-Following-Robot/install/executor_pkg/share/executor_pkg/hook/cmake_prefix_path.ps1'
[1.590s] INFO:colcon.colcon_core.shell:Creating environment descriptor '/home/enryu/Desktop/Path-Following-Robot/install/executor_pkg/share/executor_pkg/hook/cmake_prefix_path.dsv'
[1.590s] INFO:colcon.colcon_core.shell:Creating environment hook '/home/enryu/Desktop/Path-Following-Robot/install/executor_pkg/share/executor_pkg/hook/cmake_prefix_path.sh'
[1.591s] Level 1:colcon.colcon_core.environment:checking '/home/enryu/Desktop/Path-Following-Robot/install/executor_pkg/bin'
[1.591s] Level 1:colcon.colcon_core.environment:checking '/home/enryu/Desktop/Path-Following-Robot/install/executor_pkg/lib/pkgconfig/executor_pkg.pc'
[1.591s] Level 1:colcon.colcon_core.environment:checking '/home/enryu/Desktop/Path-Following-Robot/install/executor_pkg/lib/python3.10/site-packages'
[1.591s] Level 1:colcon.colcon_core.environment:checking '/home/enryu/Desktop/Path-Following-Robot/install/executor_pkg/bin'
[1.592s] INFO:colcon.colcon_core.shell:Creating package script '/home/enryu/Desktop/Path-Following-Robot/install/executor_pkg/share/executor_pkg/package.ps1'
[1.592s] INFO:colcon.colcon_core.shell:Creating package descriptor '/home/enryu/Desktop/Path-Following-Robot/install/executor_pkg/share/executor_pkg/package.dsv'
[1.592s] INFO:colcon.colcon_core.shell:Creating package script '/home/enryu/Desktop/Path-Following-Robot/install/executor_pkg/share/executor_pkg/package.sh'
[1.593s] INFO:colcon.colcon_core.shell:Creating package script '/home/enryu/Desktop/Path-Following-Robot/install/executor_pkg/share/executor_pkg/package.bash'
[1.593s] INFO:colcon.colcon_core.shell:Creating package script '/home/enryu/Desktop/Path-Following-Robot/install/executor_pkg/share/executor_pkg/package.zsh'
[1.594s] Level 1:colcon.colcon_core.environment:create_file_with_runtime_dependencies(/home/enryu/Desktop/Path-Following-Robot/install/executor_pkg/share/colcon-core/packages/executor_pkg)
[1.888s] DEBUG:colcon.colcon_core.event_handler.log_command:Invoked command in '/home/enryu/Desktop/Path-Following-Robot/build/topic_pkg' returned '0': CMAKE_PREFIX_PATH=${CMAKE_PREFIX_PATH}:/home/enryu/Desktop/Path-Following-Robot/install/robot_description:/opt/ros/humble /usr/bin/cmake /home/enryu/Desktop/Path-Following-Robot/src/topic_pkg -DCMAKE_INSTALL_PREFIX=/home/enryu/Desktop/Path-Following-Robot/install/topic_pkg
[1.890s] DEBUG:colcon.colcon_core.event_handler.log_command:Invoking command in '/home/enryu/Desktop/Path-Following-Robot/build/topic_pkg': CMAKE_PREFIX_PATH=${CMAKE_PREFIX_PATH}:/home/enryu/Desktop/Path-Following-Robot/install/robot_description:/opt/ros/humble /usr/bin/cmake --build /home/enryu/Desktop/Path-Following-Robot/build/topic_pkg -- -j12 -l12
[1.893s] DEBUG:colcon.colcon_core.event_handler.log_command:Invoked command in '/home/enryu/Desktop/Path-Following-Robot/build/simple_obstacle_avoidance' returned '0': CMAKE_PREFIX_PATH=${CMAKE_PREFIX_PATH}:/home/enryu/Desktop/Path-Following-Robot/install/robot_description:/opt/ros/humble /usr/bin/cmake /home/enryu/Desktop/Path-Following-Robot/src/simple_obstacle_avoidance -DCMAKE_INSTALL_PREFIX=/home/enryu/Desktop/Path-Following-Robot/install/simple_obstacle_avoidance
[1.895s] DEBUG:colcon.colcon_core.event_handler.log_command:Invoking command in '/home/enryu/Desktop/Path-Following-Robot/build/simple_obstacle_avoidance': CMAKE_PREFIX_PATH=${CMAKE_PREFIX_PATH}:/home/enryu/Desktop/Path-Following-Robot/install/robot_description:/opt/ros/humble /usr/bin/cmake --build /home/enryu/Desktop/Path-Following-Robot/build/simple_obstacle_avoidance -- -j12 -l12
[2.252s] DEBUG:colcon.colcon_core.event_handler.log_command:Invoked command in '/home/enryu/Desktop/Path-Following-Robot/build/custom_interfaces' returned '0': CMAKE_PREFIX_PATH=${CMAKE_PREFIX_PATH}:/home/enryu/Desktop/Path-Following-Robot/install/robot_description:/opt/ros/humble /usr/bin/cmake /home/enryu/Desktop/Path-Following-Robot/src/custom_interfaces -DCMAKE_INSTALL_PREFIX=/home/enryu/Desktop/Path-Following-Robot/install/custom_interfaces
[2.254s] DEBUG:colcon.colcon_core.event_handler.log_command:Invoking command in '/home/enryu/Desktop/Path-Following-Robot/build/custom_interfaces': CMAKE_PREFIX_PATH=${CMAKE_PREFIX_PATH}:/home/enryu/Desktop/Path-Following-Robot/install/robot_description:/opt/ros/humble /usr/bin/cmake --build /home/enryu/Desktop/Path-Following-Robot/build/custom_interfaces -- -j12 -l12
[4.167s] DEBUG:colcon.colcon_core.event_handler.log_command:Invoked command in '/home/enryu/Desktop/Path-Following-Robot/build/custom_interfaces' returned '0': CMAKE_PREFIX_PATH=${CMAKE_PREFIX_PATH}:/home/enryu/Desktop/Path-Following-Robot/install/robot_description:/opt/ros/humble /usr/bin/cmake --build /home/enryu/Desktop/Path-Following-Robot/build/custom_interfaces -- -j12 -l12
[4.169s] DEBUG:colcon.colcon_core.event_handler.log_command:Invoking command in '/home/enryu/Desktop/Path-Following-Robot/build/custom_interfaces': CMAKE_PREFIX_PATH=${CMAKE_PREFIX_PATH}:/home/enryu/Desktop/Path-Following-Robot/install/robot_description:/opt/ros/humble /usr/bin/cmake --install /home/enryu/Desktop/Path-Following-Robot/build/custom_interfaces
[4.234s] Level 1:colcon.colcon_core.environment:create_environment_scripts_only(custom_interfaces)
[4.234s] DEBUG:colcon.colcon_core.event_handler.log_command:Invoked command in '/home/enryu/Desktop/Path-Following-Robot/build/custom_interfaces' returned '0': CMAKE_PREFIX_PATH=${CMAKE_PREFIX_PATH}:/home/enryu/Desktop/Path-Following-Robot/install/robot_description:/opt/ros/humble /usr/bin/cmake --install /home/enryu/Desktop/Path-Following-Robot/build/custom_interfaces
[4.234s] Level 1:colcon.colcon_core.environment:checking '/home/enryu/Desktop/Path-Following-Robot/install/custom_interfaces' for CMake module files
[4.235s] Level 1:colcon.colcon_core.environment:checking '/home/enryu/Desktop/Path-Following-Robot/install/custom_interfaces' for CMake config files
[4.236s] Level 1:colcon.colcon_core.shell:create_environment_hook('custom_interfaces', 'cmake_prefix_path')
[4.236s] INFO:colcon.colcon_core.shell:Creating environment hook '/home/enryu/Desktop/Path-Following-Robot/install/custom_interfaces/share/custom_interfaces/hook/cmake_prefix_path.ps1'
[4.236s] INFO:colcon.colcon_core.shell:Creating environment descriptor '/home/enryu/Desktop/Path-Following-Robot/install/custom_interfaces/share/custom_interfaces/hook/cmake_prefix_path.dsv'
[4.237s] INFO:colcon.colcon_core.shell:Creating environment hook '/home/enryu/Desktop/Path-Following-Robot/install/custom_interfaces/share/custom_interfaces/hook/cmake_prefix_path.sh'
[4.237s] Level 1:colcon.colcon_core.environment:checking '/home/enryu/Desktop/Path-Following-Robot/install/custom_interfaces/lib'
[4.237s] Level 1:colcon.colcon_core.shell:create_environment_hook('custom_interfaces', 'ld_library_path_lib')
[4.237s] INFO:colcon.colcon_core.shell:Creating environment hook '/home/enryu/Desktop/Path-Following-Robot/install/custom_interfaces/share/custom_interfaces/hook/ld_library_path_lib.ps1'
[4.238s] INFO:colcon.colcon_core.shell:Creating environment descriptor '/home/enryu/Desktop/Path-Following-Robot/install/custom_interfaces/share/custom_interfaces/hook/ld_library_path_lib.dsv'
[4.238s] INFO:colcon.colcon_core.shell:Creating environment hook '/home/enryu/Desktop/Path-Following-Robot/install/custom_interfaces/share/custom_interfaces/hook/ld_library_path_lib.sh'
[4.238s] Level 1:colcon.colcon_core.environment:checking '/home/enryu/Desktop/Path-Following-Robot/install/custom_interfaces/bin'
[4.238s] Level 1:colcon.colcon_core.environment:checking '/home/enryu/Desktop/Path-Following-Robot/install/custom_interfaces/lib/pkgconfig/custom_interfaces.pc'
[4.238s] Level 1:colcon.colcon_core.environment:checking '/home/enryu/Desktop/Path-Following-Robot/install/custom_interfaces/lib/python3.10/site-packages'
[4.239s] Level 1:colcon.colcon_core.environment:checking '/home/enryu/Desktop/Path-Following-Robot/install/custom_interfaces/bin'
[4.239s] INFO:colcon.colcon_core.shell:Creating package script '/home/enryu/Desktop/Path-Following-Robot/install/custom_interfaces/share/custom_interfaces/package.ps1'
[4.239s] INFO:colcon.colcon_core.shell:Creating package descriptor '/home/enryu/Desktop/Path-Following-Robot/install/custom_interfaces/share/custom_interfaces/package.dsv'
[4.240s] INFO:colcon.colcon_core.shell:Creating package script '/home/enryu/Desktop/Path-Following-Robot/install/custom_interfaces/share/custom_interfaces/package.sh'
[4.240s] INFO:colcon.colcon_core.shell:Creating package script '/home/enryu/Desktop/Path-Following-Robot/install/custom_interfaces/share/custom_interfaces/package.bash'
[4.241s] INFO:colcon.colcon_core.shell:Creating package script '/home/enryu/Desktop/Path-Following-Robot/install/custom_interfaces/share/custom_interfaces/package.zsh'
[4.241s] Level 1:colcon.colcon_core.environment:create_file_with_runtime_dependencies(/home/enryu/Desktop/Path-Following-Robot/install/custom_interfaces/share/colcon-core/packages/custom_interfaces)
[4.241s] Level 1:colcon.colcon_core.environment:create_environment_scripts_only(custom_interfaces)
[4.242s] Level 1:colcon.colcon_core.environment:checking '/home/enryu/Desktop/Path-Following-Robot/install/custom_interfaces' for CMake module files
[4.242s] Level 1:colcon.colcon_core.environment:checking '/home/enryu/Desktop/Path-Following-Robot/install/custom_interfaces' for CMake config files
[4.243s] Level 1:colcon.colcon_core.shell:create_environment_hook('custom_interfaces', 'cmake_prefix_path')
[4.243s] INFO:colcon.colcon_core.shell:Creating environment hook '/home/enryu/Desktop/Path-Following-Robot/install/custom_interfaces/share/custom_interfaces/hook/cmake_prefix_path.ps1'
[4.244s] INFO:colcon.colcon_core.shell:Creating environment descriptor '/home/enryu/Desktop/Path-Following-Robot/install/custom_interfaces/share/custom_interfaces/hook/cmake_prefix_path.dsv'
[4.244s] INFO:colcon.colcon_core.shell:Creating environment hook '/home/enryu/Desktop/Path-Following-Robot/install/custom_interfaces/share/custom_interfaces/hook/cmake_prefix_path.sh'
[4.244s] Level 1:colcon.colcon_core.environment:checking '/home/enryu/Desktop/Path-Following-Robot/install/custom_interfaces/lib'
[4.244s] Level 1:colcon.colcon_core.shell:create_environment_hook('custom_interfaces', 'ld_library_path_lib')
[4.245s] INFO:colcon.colcon_core.shell:Creating environment hook '/home/enryu/Desktop/Path-Following-Robot/install/custom_interfaces/share/custom_interfaces/hook/ld_library_path_lib.ps1'
[4.245s] INFO:colcon.colcon_core.shell:Creating environment descriptor '/home/enryu/Desktop/Path-Following-Robot/install/custom_interfaces/share/custom_interfaces/hook/ld_library_path_lib.dsv'
[4.245s] INFO:colcon.colcon_core.shell:Creating environment hook '/home/enryu/Desktop/Path-Following-Robot/install/custom_interfaces/share/custom_interfaces/hook/ld_library_path_lib.sh'
[4.246s] Level 1:colcon.colcon_core.environment:checking '/home/enryu/Desktop/Path-Following-Robot/install/custom_interfaces/bin'
[4.246s] Level 1:colcon.colcon_core.environment:checking '/home/enryu/Desktop/Path-Following-Robot/install/custom_interfaces/lib/pkgconfig/custom_interfaces.pc'
[4.246s] Level 1:colcon.colcon_core.environment:checking '/home/enryu/Desktop/Path-Following-Robot/install/custom_interfaces/lib/python3.10/site-packages'
[4.246s] Level 1:colcon.colcon_core.environment:checking '/home/enryu/Desktop/Path-Following-Robot/install/custom_interfaces/bin'
[4.246s] INFO:colcon.colcon_core.shell:Creating package script '/home/enryu/Desktop/Path-Following-Robot/install/custom_interfaces/share/custom_interfaces/package.ps1'
[4.247s] INFO:colcon.colcon_core.shell:Creating package descriptor '/home/enryu/Desktop/Path-Following-Robot/install/custom_interfaces/share/custom_interfaces/package.dsv'
[4.247s] INFO:colcon.colcon_core.shell:Creating package script '/home/enryu/Desktop/Path-Following-Robot/install/custom_interfaces/share/custom_interfaces/package.sh'
[4.248s] INFO:colcon.colcon_core.shell:Creating package script '/home/enryu/Desktop/Path-Following-Robot/install/custom_interfaces/share/custom_interfaces/package.bash'
[4.248s] INFO:colcon.colcon_core.shell:Creating package script '/home/enryu/Desktop/Path-Following-Robot/install/custom_interfaces/share/custom_interfaces/package.zsh'
[4.249s] Level 1:colcon.colcon_core.environment:create_file_with_runtime_dependencies(/home/enryu/Desktop/Path-Following-Robot/install/custom_interfaces/share/colcon-core/packages/custom_interfaces)
[9.905s] DEBUG:colcon.colcon_core.event_handler.log_command:Invoked command in '/home/enryu/Desktop/Path-Following-Robot/build/topic_pkg' returned '0': CMAKE_PREFIX_PATH=${CMAKE_PREFIX_PATH}:/home/enryu/Desktop/Path-Following-Robot/install/robot_description:/opt/ros/humble /usr/bin/cmake --build /home/enryu/Desktop/Path-Following-Robot/build/topic_pkg -- -j12 -l12
[9.907s] DEBUG:colcon.colcon_core.event_handler.log_command:Invoking command in '/home/enryu/Desktop/Path-Following-Robot/build/topic_pkg': CMAKE_PREFIX_PATH=${CMAKE_PREFIX_PATH}:/home/enryu/Desktop/Path-Following-Robot/install/robot_description:/opt/ros/humble /usr/bin/cmake --install /home/enryu/Desktop/Path-Following-Robot/build/topic_pkg
[9.922s] Level 1:colcon.colcon_core.environment:create_environment_scripts_only(topic_pkg)
[9.922s] Level 1:colcon.colcon_core.environment:checking '/home/enryu/Desktop/Path-Following-Robot/install/topic_pkg' for CMake module files
[9.922s] DEBUG:colcon.colcon_core.event_handler.log_command:Invoked command in '/home/enryu/Desktop/Path-Following-Robot/build/topic_pkg' returned '0': CMAKE_PREFIX_PATH=${CMAKE_PREFIX_PATH}:/home/enryu/Desktop/Path-Following-Robot/install/robot_description:/opt/ros/humble /usr/bin/cmake --install /home/enryu/Desktop/Path-Following-Robot/build/topic_pkg
[9.923s] Level 1:colcon.colcon_core.environment:checking '/home/enryu/Desktop/Path-Following-Robot/install/topic_pkg' for CMake config files
[9.923s] Level 1:colcon.colcon_core.shell:create_environment_hook('topic_pkg', 'cmake_prefix_path')
[9.923s] INFO:colcon.colcon_core.shell:Creating environment hook '/home/enryu/Desktop/Path-Following-Robot/install/topic_pkg/share/topic_pkg/hook/cmake_prefix_path.ps1'
[9.923s] INFO:colcon.colcon_core.shell:Creating environment descriptor '/home/enryu/Desktop/Path-Following-Robot/install/topic_pkg/share/topic_pkg/hook/cmake_prefix_path.dsv'
[9.924s] INFO:colcon.colcon_core.shell:Creating environment hook '/home/enryu/Desktop/Path-Following-Robot/install/topic_pkg/share/topic_pkg/hook/cmake_prefix_path.sh'
[9.924s] Level 1:colcon.colcon_core.environment:checking '/home/enryu/Desktop/Path-Following-Robot/install/topic_pkg/lib'
[9.924s] Level 1:colcon.colcon_core.environment:checking '/home/enryu/Desktop/Path-Following-Robot/install/topic_pkg/bin'
[9.924s] Level 1:colcon.colcon_core.environment:checking '/home/enryu/Desktop/Path-Following-Robot/install/topic_pkg/lib/pkgconfig/topic_pkg.pc'
[9.925s] Level 1:colcon.colcon_core.environment:checking '/home/enryu/Desktop/Path-Following-Robot/install/topic_pkg/lib/python3.10/site-packages'
[9.925s] Level 1:colcon.colcon_core.environment:checking '/home/enryu/Desktop/Path-Following-Robot/install/topic_pkg/bin'
[9.925s] INFO:colcon.colcon_core.shell:Creating package script '/home/enryu/Desktop/Path-Following-Robot/install/topic_pkg/share/topic_pkg/package.ps1'
[9.925s] INFO:colcon.colcon_core.shell:Creating package descriptor '/home/enryu/Desktop/Path-Following-Robot/install/topic_pkg/share/topic_pkg/package.dsv'
[9.926s] INFO:colcon.colcon_core.shell:Creating package script '/home/enryu/Desktop/Path-Following-Robot/install/topic_pkg/share/topic_pkg/package.sh'
[9.926s] INFO:colcon.colcon_core.shell:Creating package script '/home/enryu/Desktop/Path-Following-Robot/install/topic_pkg/share/topic_pkg/package.bash'
[9.926s] INFO:colcon.colcon_core.shell:Creating package script '/home/enryu/Desktop/Path-Following-Robot/install/topic_pkg/share/topic_pkg/package.zsh'
[9.927s] Level 1:colcon.colcon_core.environment:create_file_with_runtime_dependencies(/home/enryu/Desktop/Path-Following-Robot/install/topic_pkg/share/colcon-core/packages/topic_pkg)
[9.927s] Level 1:colcon.colcon_core.environment:create_environment_scripts_only(topic_pkg)
[9.927s] Level 1:colcon.colcon_core.environment:checking '/home/enryu/Desktop/Path-Following-Robot/install/topic_pkg' for CMake module files
[9.928s] Level 1:colcon.colcon_core.environment:checking '/home/enryu/Desktop/Path-Following-Robot/install/topic_pkg' for CMake config files
[9.928s] Level 1:colcon.colcon_core.shell:create_environment_hook('topic_pkg', 'cmake_prefix_path')
[9.928s] INFO:colcon.colcon_core.shell:Creating environment hook '/home/enryu/Desktop/Path-Following-Robot/install/topic_pkg/share/topic_pkg/hook/cmake_prefix_path.ps1'
[9.929s] INFO:colcon.colcon_core.shell:Creating environment descriptor '/home/enryu/Desktop/Path-Following-Robot/install/topic_pkg/share/topic_pkg/hook/cmake_prefix_path.dsv'
[9.929s] INFO:colcon.colcon_core.shell:Creating environment hook '/home/enryu/Desktop/Path-Following-Robot/install/topic_pkg/share/topic_pkg/hook/cmake_prefix_path.sh'
[9.929s] Level 1:colcon.colcon_core.environment:checking '/home/enryu/Desktop/Path-Following-Robot/install/topic_pkg/lib'
[9.929s] Level 1:colcon.colcon_core.environment:checking '/home/enryu/Desktop/Path-Following-Robot/install/topic_pkg/bin'
[9.929s] Level 1:colcon.colcon_core.environment:checking '/home/enryu/Desktop/Path-Following-Robot/install/topic_pkg/lib/pkgconfig/topic_pkg.pc'
[9.930s] Level 1:colcon.colcon_core.environment:checking '/home/enryu/Desktop/Path-Following-Robot/install/topic_pkg/lib/python3.10/site-packages'
[9.930s] Level 1:colcon.colcon_core.environment:checking '/home/enryu/Desktop/Path-Following-Robot/install/topic_pkg/bin'
[9.930s] INFO:colcon.colcon_core.shell:Creating package script '/home/enryu/Desktop/Path-Following-Robot/install/topic_pkg/share/topic_pkg/package.ps1'
[9.931s] INFO:colcon.colcon_core.shell:Creating package descriptor '/home/enryu/Desktop/Path-Following-Robot/install/topic_pkg/share/topic_pkg/package.dsv'
[9.931s] INFO:colcon.colcon_core.shell:Creating package script '/home/enryu/Desktop/Path-Following-Robot/install/topic_pkg/share/topic_pkg/package.sh'
[9.931s] INFO:colcon.colcon_core.shell:Creating package script '/home/enryu/Desktop/Path-Following-Robot/install/topic_pkg/share/topic_pkg/package.bash'
[9.932s] INFO:colcon.colcon_core.shell:Creating package script '/home/enryu/Desktop/Path-Following-Robot/install/topic_pkg/share/topic_pkg/package.zsh'
[9.932s] Level 1:colcon.colcon_core.environment:create_file_with_runtime_dependencies(/home/enryu/Desktop/Path-Following-Robot/install/topic_pkg/share/colcon-core/packages/topic_pkg)
[10.293s] DEBUG:colcon.colcon_core.event_handler.log_command:Invoked command in '/home/enryu/Desktop/Path-Following-Robot/build/simple_obstacle_avoidance' returned '0': CMAKE_PREFIX_PATH=${CMAKE_PREFIX_PATH}:/home/enryu/Desktop/Path-Following-Robot/install/robot_description:/opt/ros/humble /usr/bin/cmake --build /home/enryu/Desktop/Path-Following-Robot/build/simple_obstacle_avoidance -- -j12 -l12
[10.294s] DEBUG:colcon.colcon_core.event_handler.log_command:Invoking command in '/home/enryu/Desktop/Path-Following-Robot/build/simple_obstacle_avoidance': CMAKE_PREFIX_PATH=${CMAKE_PREFIX_PATH}:/home/enryu/Desktop/Path-Following-Robot/install/robot_description:/opt/ros/humble /usr/bin/cmake --install /home/enryu/Desktop/Path-Following-Robot/build/simple_obstacle_avoidance
[10.309s] Level 1:colcon.colcon_core.environment:create_environment_scripts_only(simple_obstacle_avoidance)
[10.309s] Level 1:colcon.colcon_core.environment:checking '/home/enryu/Desktop/Path-Following-Robot/install/simple_obstacle_avoidance' for CMake module files
[10.309s] DEBUG:colcon.colcon_core.event_handler.log_command:Invoked command in '/home/enryu/Desktop/Path-Following-Robot/build/simple_obstacle_avoidance' returned '0': CMAKE_PREFIX_PATH=${CMAKE_PREFIX_PATH}:/home/enryu/Desktop/Path-Following-Robot/install/robot_description:/opt/ros/humble /usr/bin/cmake --install /home/enryu/Desktop/Path-Following-Robot/build/simple_obstacle_avoidance
[10.310s] Level 1:colcon.colcon_core.environment:checking '/home/enryu/Desktop/Path-Following-Robot/install/simple_obstacle_avoidance' for CMake config files
[10.310s] Level 1:colcon.colcon_core.shell:create_environment_hook('simple_obstacle_avoidance', 'cmake_prefix_path')
[10.310s] INFO:colcon.colcon_core.shell:Creating environment hook '/home/enryu/Desktop/Path-Following-Robot/install/simple_obstacle_avoidance/share/simple_obstacle_avoidance/hook/cmake_prefix_path.ps1'
[10.310s] INFO:colcon.colcon_core.shell:Creating environment descriptor '/home/enryu/Desktop/Path-Following-Robot/install/simple_obstacle_avoidance/share/simple_obstacle_avoidance/hook/cmake_prefix_path.dsv'
[10.311s] INFO:colcon.colcon_core.shell:Creating environment hook '/home/enryu/Desktop/Path-Following-Robot/install/simple_obstacle_avoidance/share/simple_obstacle_avoidance/hook/cmake_prefix_path.sh'
[10.311s] Level 1:colcon.colcon_core.environment:checking '/home/enryu/Desktop/Path-Following-Robot/install/simple_obstacle_avoidance/lib'
[10.311s] Level 1:colcon.colcon_core.environment:checking '/home/enryu/Desktop/Path-Following-Robot/install/simple_obstacle_avoidance/bin'
[10.311s] Level 1:colcon.colcon_core.environment:checking '/home/enryu/Desktop/Path-Following-Robot/install/simple_obstacle_avoidance/lib/pkgconfig/simple_obstacle_avoidance.pc'
[10.311s] Level 1:colcon.colcon_core.environment:checking '/home/enryu/Desktop/Path-Following-Robot/install/simple_obstacle_avoidance/lib/python3.10/site-packages'
[10.312s] Level 1:colcon.colcon_core.environment:checking '/home/enryu/Desktop/Path-Following-Robot/install/simple_obstacle_avoidance/bin'
[10.312s] INFO:colcon.colcon_core.shell:Creating package script '/home/enryu/Desktop/Path-Following-Robot/install/simple_obstacle_avoidance/share/simple_obstacle_avoidance/package.ps1'
[10.312s] INFO:colcon.colcon_core.shell:Creating package descriptor '/home/enryu/Desktop/Path-Following-Robot/install/simple_obstacle_avoidance/share/simple_obstacle_avoidance/package.dsv'
[10.313s] INFO:colcon.colcon_core.shell:Creating package script '/home/enryu/Desktop/Path-Following-Robot/install/simple_obstacle_avoidance/share/simple_obstacle_avoidance/package.sh'
[10.313s] INFO:colcon.colcon_core.shell:Creating package script '/home/enryu/Desktop/Path-Following-Robot/install/simple_obstacle_avoidance/share/simple_obstacle_avoidance/package.bash'
[10.313s] INFO:colcon.colcon_core.shell:Creating package script '/home/enryu/Desktop/Path-Following-Robot/install/simple_obstacle_avoidance/share/simple_obstacle_avoidance/package.zsh'
[10.313s] Level 1:colcon.colcon_core.environment:create_file_with_runtime_dependencies(/home/enryu/Desktop/Path-Following-Robot/install/simple_obstacle_avoidance/share/colcon-core/packages/simple_obstacle_avoidance)
[10.314s] Level 1:colcon.colcon_core.environment:create_environment_scripts_only(simple_obstacle_avoidance)
[10.314s] Level 1:colcon.colcon_core.environment:checking '/home/enryu/Desktop/Path-Following-Robot/install/simple_obstacle_avoidance' for CMake module files
[10.315s] Level 1:colcon.colcon_core.environment:checking '/home/enryu/Desktop/Path-Following-Robot/install/simple_obstacle_avoidance' for CMake config files
[10.315s] Level 1:colcon.colcon_core.shell:create_environment_hook('simple_obstacle_avoidance', 'cmake_prefix_path')
[10.315s] INFO:colcon.colcon_core.shell:Creating environment hook '/home/enryu/Desktop/Path-Following-Robot/install/simple_obstacle_avoidance/share/simple_obstacle_avoidance/hook/cmake_prefix_path.ps1'
[10.315s] INFO:colcon.colcon_core.shell:Creating environment descriptor '/home/enryu/Desktop/Path-Following-Robot/install/simple_obstacle_avoidance/share/simple_obstacle_avoidance/hook/cmake_prefix_path.dsv'
[10.315s] INFO:colcon.colcon_core.shell:Creating environment hook '/home/enryu/Desktop/Path-Following-Robot/install/simple_obstacle_avoidance/share/simple_obstacle_avoidance/hook/cmake_prefix_path.sh'
[10.316s] Level 1:colcon.colcon_core.environment:checking '/home/enryu/Desktop/Path-Following-Robot/install/simple_obstacle_avoidance/lib'
[10.316s] Level 1:colcon.colcon_core.environment:checking '/home/enryu/Desktop/Path-Following-Robot/install/simple_obstacle_avoidance/bin'
[10.316s] Level 1:colcon.colcon_core.environment:checking '/home/enryu/Desktop/Path-Following-Robot/install/simple_obstacle_avoidance/lib/pkgconfig/simple_obstacle_avoidance.pc'
[10.316s] Level 1:colcon.colcon_core.environment:checking '/home/enryu/Desktop/Path-Following-Robot/install/simple_obstacle_avoidance/lib/python3.10/site-packages'
[10.316s] Level 1:colcon.colcon_core.environment:checking '/home/enryu/Desktop/Path-Following-Robot/install/simple_obstacle_avoidance/bin'
[10.317s] INFO:colcon.colcon_core.shell:Creating package script '/home/enryu/Desktop/Path-Following-Robot/install/simple_obstacle_avoidance/share/simple_obstacle_avoidance/package.ps1'
[10.317s] INFO:colcon.colcon_core.shell:Creating package descriptor '/home/enryu/Desktop/Path-Following-Robot/install/simple_obstacle_avoidance/share/simple_obstacle_avoidance/package.dsv'
[10.317s] INFO:colcon.colcon_core.shell:Creating package script '/home/enryu/Desktop/Path-Following-Robot/install/simple_obstacle_avoidance/share/simple_obstacle_avoidance/package.sh'
[10.318s] INFO:colcon.colcon_core.shell:Creating package script '/home/enryu/Desktop/Path-Following-Robot/install/simple_obstacle_avoidance/share/simple_obstacle_avoidance/package.bash'
[10.318s] INFO:colcon.colcon_core.shell:Creating package script '/home/enryu/Desktop/Path-Following-Robot/install/simple_obstacle_avoidance/share/simple_obstacle_avoidance/package.zsh'
[10.319s] Level 1:colcon.colcon_core.environment:create_file_with_runtime_dependencies(/home/enryu/Desktop/Path-Following-Robot/install/simple_obstacle_avoidance/share/colcon-core/packages/simple_obstacle_avoidance)
[10.319s] DEBUG:colcon.colcon_parallel_executor.executor.parallel:closing loop
[10.319s] DEBUG:colcon.colcon_parallel_executor.executor.parallel:loop closed
[10.319s] DEBUG:colcon.colcon_parallel_executor.executor.parallel:run_until_complete finished with '0'
[10.319s] DEBUG:colcon.colcon_core.event_reactor:joining thread
[10.324s] INFO:colcon.colcon_core.plugin_system:Skipping extension 'colcon_notification.desktop_notification.terminal_notifier': Not used on non-Darwin systems
[10.324s] INFO:colcon.colcon_core.plugin_system:Skipping extension 'colcon_notification.desktop_notification.win32': Not used on non-Windows systems
[10.324s] INFO:colcon.colcon_notification.desktop_notification:Sending desktop notification using 'notify2'
[10.334s] DEBUG:colcon.colcon_core.event_reactor:joined thread
[10.335s] INFO:colcon.colcon_core.shell:Creating prefix script '/home/enryu/Desktop/Path-Following-Robot/install/local_setup.ps1'
[10.336s] INFO:colcon.colcon_core.shell:Creating prefix util module '/home/enryu/Desktop/Path-Following-Robot/install/_local_setup_util_ps1.py'
[10.337s] INFO:colcon.colcon_core.shell:Creating prefix chain script '/home/enryu/Desktop/Path-Following-Robot/install/setup.ps1'
[10.338s] INFO:colcon.colcon_core.shell:Creating prefix script '/home/enryu/Desktop/Path-Following-Robot/install/local_setup.sh'
[10.338s] INFO:colcon.colcon_core.shell:Creating prefix util module '/home/enryu/Desktop/Path-Following-Robot/install/_local_setup_util_sh.py'
[10.339s] INFO:colcon.colcon_core.shell:Creating prefix chain script '/home/enryu/Desktop/Path-Following-Robot/install/setup.sh'
[10.340s] INFO:colcon.colcon_core.shell:Creating prefix script '/home/enryu/Desktop/Path-Following-Robot/install/local_setup.bash'
[10.340s] INFO:colcon.colcon_core.shell:Creating prefix chain script '/home/enryu/Desktop/Path-Following-Robot/install/setup.bash'
[10.342s] INFO:colcon.colcon_core.shell:Creating prefix script '/home/enryu/Desktop/Path-Following-Robot/install/local_setup.zsh'
[10.342s] INFO:colcon.colcon_core.shell:Creating prefix chain script '/home/enryu/Desktop/Path-Following-Robot/install/setup.zsh'
