[0.582s] Invoking command in '/home/enryu/Desktop/Path-Following-Robot/src/robot_description': PYTHONPATH=/home/enryu/Desktop/Path-Following-Robot/build/robot_description/prefix_override:/usr/lib/python3/dist-packages/colcon_core/task/python/colcon_distutils_commands:/home/enryu/Desktop/Path-Following-Robot/install/robot_description/lib/python3.10/site-packages:${PYTHONPATH} /usr/bin/python3 -W ignore:setup.py install is deprecated -W ignore:easy_install command is deprecated setup.py egg_info --egg-base ../../build/robot_description build --build-base /home/enryu/Desktop/Path-Following-Robot/build/robot_description/build install --record /home/enryu/Desktop/Path-Following-Robot/build/robot_description/install.log --single-version-externally-managed install_data
[0.809s] running egg_info
[0.809s] creating ../../build/robot_description/robot_description.egg-info
[0.809s] writing ../../build/robot_description/robot_description.egg-info/PKG-INFO
[0.810s] writing dependency_links to ../../build/robot_description/robot_description.egg-info/dependency_links.txt
[0.810s] writing entry points to ../../build/robot_description/robot_description.egg-info/entry_points.txt
[0.810s] writing requirements to ../../build/robot_description/robot_description.egg-info/requires.txt
[0.810s] writing top-level names to ../../build/robot_description/robot_description.egg-info/top_level.txt
[0.810s] writing manifest file '../../build/robot_description/robot_description.egg-info/SOURCES.txt'
[0.811s] reading manifest file '../../build/robot_description/robot_description.egg-info/SOURCES.txt'
[0.813s] writing manifest file '../../build/robot_description/robot_description.egg-info/SOURCES.txt'
[0.813s] running build
[0.813s] running build_py
[0.813s] creating /home/enryu/Desktop/Path-Following-Robot/build/robot_description/build
[0.813s] creating /home/enryu/Desktop/Path-Following-Robot/build/robot_description/build/lib
[0.814s] creating /home/enryu/Desktop/Path-Following-Robot/build/robot_description/build/lib/robot_description
[0.814s] copying robot_description/__init__.py -> /home/enryu/Desktop/Path-Following-Robot/build/robot_description/build/lib/robot_description
[0.814s] copying robot_description/odom_readings.py -> /home/enryu/Desktop/Path-Following-Robot/build/robot_description/build/lib/robot_description
[0.814s] copying robot_description/lidar_distance.py -> /home/enryu/Desktop/Path-Following-Robot/build/robot_description/build/lib/robot_description
[0.814s] running install
[0.814s] running install_lib
[0.815s] creating /home/enryu/Desktop/Path-Following-Robot/install/robot_description/lib/python3.10/site-packages/robot_description
[0.815s] copying /home/enryu/Desktop/Path-Following-Robot/build/robot_description/build/lib/robot_description/__init__.py -> /home/enryu/Desktop/Path-Following-Robot/install/robot_description/lib/python3.10/site-packages/robot_description
[0.815s] copying /home/enryu/Desktop/Path-Following-Robot/build/robot_description/build/lib/robot_description/odom_readings.py -> /home/enryu/Desktop/Path-Following-Robot/install/robot_description/lib/python3.10/site-packages/robot_description
[0.815s] copying /home/enryu/Desktop/Path-Following-Robot/build/robot_description/build/lib/robot_description/lidar_distance.py -> /home/enryu/Desktop/Path-Following-Robot/install/robot_description/lib/python3.10/site-packages/robot_description
[0.815s] byte-compiling /home/enryu/Desktop/Path-Following-Robot/install/robot_description/lib/python3.10/site-packages/robot_description/__init__.py to __init__.cpython-310.pyc
[0.815s] byte-compiling /home/enryu/Desktop/Path-Following-Robot/install/robot_description/lib/python3.10/site-packages/robot_description/odom_readings.py to odom_readings.cpython-310.pyc
[0.816s] byte-compiling /home/enryu/Desktop/Path-Following-Robot/install/robot_description/lib/python3.10/site-packages/robot_description/lidar_distance.py to lidar_distance.cpython-310.pyc
[0.816s] running install_data
[0.816s] creating /home/enryu/Desktop/Path-Following-Robot/install/robot_description/share/ament_index
[0.816s] creating /home/enryu/Desktop/Path-Following-Robot/install/robot_description/share/ament_index/resource_index
[0.817s] creating /home/enryu/Desktop/Path-Following-Robot/install/robot_description/share/ament_index/resource_index/packages
[0.817s] copying resource/robot_description -> /home/enryu/Desktop/Path-Following-Robot/install/robot_description/share/ament_index/resource_index/packages
[0.817s] copying package.xml -> /home/enryu/Desktop/Path-Following-Robot/install/robot_description/share/robot_description
[0.817s] creating /home/enryu/Desktop/Path-Following-Robot/install/robot_description/share/robot_description/launch
[0.817s] copying launch/empty_world.launch.py -> /home/enryu/Desktop/Path-Following-Robot/install/robot_description/share/robot_description/launch
[0.817s] copying launch/spawn.launch.py -> /home/enryu/Desktop/Path-Following-Robot/install/robot_description/share/robot_description/launch
[0.817s] copying launch/rviz2.launch.py -> /home/enryu/Desktop/Path-Following-Robot/install/robot_description/share/robot_description/launch
[0.817s] creating /home/enryu/Desktop/Path-Following-Robot/install/robot_description/share/robot_description/urdf
[0.817s] copying urdf/robot.gazebo -> /home/enryu/Desktop/Path-Following-Robot/install/robot_description/share/robot_description/urdf
[0.817s] copying urdf/robot.xacro -> /home/enryu/Desktop/Path-Following-Robot/install/robot_description/share/robot_description/urdf
[0.817s] creating /home/enryu/Desktop/Path-Following-Robot/install/robot_description/share/robot_description/rviz
[0.817s] copying rviz/config.rviz -> /home/enryu/Desktop/Path-Following-Robot/install/robot_description/share/robot_description/rviz
[0.817s] running install_egg_info
[0.819s] Copying ../../build/robot_description/robot_description.egg-info to /home/enryu/Desktop/Path-Following-Robot/install/robot_description/lib/python3.10/site-packages/robot_description-0.0.0-py3.10.egg-info
[0.820s] running install_scripts
[0.838s] Installing display_odom script to /home/enryu/Desktop/Path-Following-Robot/install/robot_description/lib/robot_description
[0.838s] Installing display_scan script to /home/enryu/Desktop/Path-Following-Robot/install/robot_description/lib/robot_description
[0.838s] writing list of installed files to '/home/enryu/Desktop/Path-Following-Robot/build/robot_description/install.log'
[0.861s] Invoked command in '/home/enryu/Desktop/Path-Following-Robot/src/robot_description' returned '0': PYTHONPATH=/home/enryu/Desktop/Path-Following-Robot/build/robot_description/prefix_override:/usr/lib/python3/dist-packages/colcon_core/task/python/colcon_distutils_commands:/home/enryu/Desktop/Path-Following-Robot/install/robot_description/lib/python3.10/site-packages:${PYTHONPATH} /usr/bin/python3 -W ignore:setup.py install is deprecated -W ignore:easy_install command is deprecated setup.py egg_info --egg-base ../../build/robot_description build --build-base /home/enryu/Desktop/Path-Following-Robot/build/robot_description/build install --record /home/enryu/Desktop/Path-Following-Robot/build/robot_description/install.log --single-version-externally-managed install_data
