[0.252s] Invoking command in '/home/enryu/Desktop/Path-Following-Robot/build/simple_obstacle_avoidance': CMAKE_PREFIX_PATH=${CMAKE_PREFIX_PATH}:/home/enryu/Desktop/Path-Following-Robot/install/robot_description:/opt/ros/humble /usr/bin/cmake /home/enryu/Desktop/Path-Following-Robot/src/simple_obstacle_avoidance -DCMAKE_INSTALL_PREFIX=/home/enryu/Desktop/Path-Following-Robot/install/simple_obstacle_avoidance
[0.303s] -- The C compiler identification is GNU 11.4.0
[0.355s] -- The CXX compiler identification is GNU 11.4.0
[0.362s] -- Detecting C compiler ABI info
[0.425s] -- Detecting C compiler ABI info - done
[0.432s] -- Check for working C compiler: /usr/bin/cc - skipped
[0.432s] -- Detecting C compile features
[0.433s] -- Detecting C compile features - done
[0.436s] -- Detecting CXX compiler ABI info
[0.508s] -- Detecting CXX compiler ABI info - done
[0.516s] -- Check for working CXX compiler: /usr/bin/c++ - skipped
[0.516s] -- Detecting CXX compile features
[0.516s] -- Detecting CXX compile features - done
[0.519s] -- Found ament_cmake: 1.3.11 (/opt/ros/humble/share/ament_cmake/cmake)
[0.659s] -- Found Python3: /usr/bin/python3 (found version "3.10.12") found components: Interpreter 
[0.744s] -- Found rclcpp: 16.0.12 (/opt/ros/humble/share/rclcpp/cmake)
[0.791s] -- Found rosidl_generator_c: 3.1.6 (/opt/ros/humble/share/rosidl_generator_c/cmake)
[0.795s] -- Found rosidl_adapter: 3.1.6 (/opt/ros/humble/share/rosidl_adapter/cmake)
[0.803s] -- Found rosidl_generator_cpp: 3.1.6 (/opt/ros/humble/share/rosidl_generator_cpp/cmake)
[0.814s] -- Using all available rosidl_typesupport_c: rosidl_typesupport_fastrtps_c;rosidl_typesupport_introspection_c
[0.830s] -- Using all available rosidl_typesupport_cpp: rosidl_typesupport_fastrtps_cpp;rosidl_typesupport_introspection_cpp
[0.870s] -- Found rmw_implementation_cmake: 6.1.2 (/opt/ros/humble/share/rmw_implementation_cmake/cmake)
[0.872s] -- Found rmw_fastrtps_cpp: 6.2.7 (/opt/ros/humble/share/rmw_fastrtps_cpp/cmake)
[0.950s] -- Found OpenSSL: /usr/lib/x86_64-linux-gnu/libcrypto.so (found version "3.0.2")  
[0.976s] -- Found FastRTPS: /opt/ros/humble/include  
[1.017s] -- Using RMW implementation 'rmw_fastrtps_cpp' as default
[1.024s] -- Looking for pthread.h
[1.090s] -- Looking for pthread.h - found
[1.090s] -- Performing Test CMAKE_HAVE_LIBC_PTHREAD
[1.157s] -- Performing Test CMAKE_HAVE_LIBC_PTHREAD - Success
[1.158s] -- Found Threads: TRUE  
[1.206s] -- Found geometry_msgs: 4.9.0 (/opt/ros/humble/share/geometry_msgs/cmake)
[1.219s] -- Found sensor_msgs: 4.9.0 (/opt/ros/humble/share/sensor_msgs/cmake)
[1.295s] -- Configuring done
[1.304s] -- Generating done
[1.308s] -- Build files have been written to: /home/enryu/Desktop/Path-Following-Robot/build/simple_obstacle_avoidance
[1.317s] Invoked command in '/home/enryu/Desktop/Path-Following-Robot/build/simple_obstacle_avoidance' returned '0': CMAKE_PREFIX_PATH=${CMAKE_PREFIX_PATH}:/home/enryu/Desktop/Path-Following-Robot/install/robot_description:/opt/ros/humble /usr/bin/cmake /home/enryu/Desktop/Path-Following-Robot/src/simple_obstacle_avoidance -DCMAKE_INSTALL_PREFIX=/home/enryu/Desktop/Path-Following-Robot/install/simple_obstacle_avoidance
[1.318s] Invoking command in '/home/enryu/Desktop/Path-Following-Robot/build/simple_obstacle_avoidance': CMAKE_PREFIX_PATH=${CMAKE_PREFIX_PATH}:/home/enryu/Desktop/Path-Following-Robot/install/robot_description:/opt/ros/humble /usr/bin/cmake --build /home/enryu/Desktop/Path-Following-Robot/build/simple_obstacle_avoidance -- -j12 -l12
[1.363s] [ 50%] [32mBuilding CXX object CMakeFiles/obstacle_avoidance_node.dir/src/obstacle_avoidance.cpp.o[0m
[9.295s] [100%] [32m[1mLinking CXX executable obstacle_avoidance_node[0m
[9.680s] [100%] Built target obstacle_avoidance_node
[9.690s] Invoked command in '/home/enryu/Desktop/Path-Following-Robot/build/simple_obstacle_avoidance' returned '0': CMAKE_PREFIX_PATH=${CMAKE_PREFIX_PATH}:/home/enryu/Desktop/Path-Following-Robot/install/robot_description:/opt/ros/humble /usr/bin/cmake --build /home/enryu/Desktop/Path-Following-Robot/build/simple_obstacle_avoidance -- -j12 -l12
[9.692s] Invoking command in '/home/enryu/Desktop/Path-Following-Robot/build/simple_obstacle_avoidance': CMAKE_PREFIX_PATH=${CMAKE_PREFIX_PATH}:/home/enryu/Desktop/Path-Following-Robot/install/robot_description:/opt/ros/humble /usr/bin/cmake --install /home/enryu/Desktop/Path-Following-Robot/build/simple_obstacle_avoidance
[9.698s] -- Install configuration: ""
[9.698s] -- Installing: /home/enryu/Desktop/Path-Following-Robot/install/simple_obstacle_avoidance/share/simple_obstacle_avoidance/launch
[9.698s] -- Installing: /home/enryu/Desktop/Path-Following-Robot/install/simple_obstacle_avoidance/share/simple_obstacle_avoidance/launch/obstacle_avoidance.launch.py
[9.699s] -- Installing: /home/enryu/Desktop/Path-Following-Robot/install/simple_obstacle_avoidance/lib/simple_obstacle_avoidance/obstacle_avoidance_node
[9.702s] -- Set runtime path of "/home/enryu/Desktop/Path-Following-Robot/install/simple_obstacle_avoidance/lib/simple_obstacle_avoidance/obstacle_avoidance_node" to ""
[9.702s] -- Installing: /home/enryu/Desktop/Path-Following-Robot/install/simple_obstacle_avoidance/share/ament_index/resource_index/package_run_dependencies/simple_obstacle_avoidance
[9.702s] -- Installing: /home/enryu/Desktop/Path-Following-Robot/install/simple_obstacle_avoidance/share/ament_index/resource_index/parent_prefix_path/simple_obstacle_avoidance
[9.703s] -- Installing: /home/enryu/Desktop/Path-Following-Robot/install/simple_obstacle_avoidance/share/simple_obstacle_avoidance/environment/ament_prefix_path.sh
[9.703s] -- Installing: /home/enryu/Desktop/Path-Following-Robot/install/simple_obstacle_avoidance/share/simple_obstacle_avoidance/environment/ament_prefix_path.dsv
[9.703s] -- Installing: /home/enryu/Desktop/Path-Following-Robot/install/simple_obstacle_avoidance/share/simple_obstacle_avoidance/environment/path.sh
[9.703s] -- Installing: /home/enryu/Desktop/Path-Following-Robot/install/simple_obstacle_avoidance/share/simple_obstacle_avoidance/environment/path.dsv
[9.703s] -- Installing: /home/enryu/Desktop/Path-Following-Robot/install/simple_obstacle_avoidance/share/simple_obstacle_avoidance/local_setup.bash
[9.703s] -- Installing: /home/enryu/Desktop/Path-Following-Robot/install/simple_obstacle_avoidance/share/simple_obstacle_avoidance/local_setup.sh
[9.703s] -- Installing: /home/enryu/Desktop/Path-Following-Robot/install/simple_obstacle_avoidance/share/simple_obstacle_avoidance/local_setup.zsh
[9.703s] -- Installing: /home/enryu/Desktop/Path-Following-Robot/install/simple_obstacle_avoidance/share/simple_obstacle_avoidance/local_setup.dsv
[9.704s] -- Installing: /home/enryu/Desktop/Path-Following-Robot/install/simple_obstacle_avoidance/share/simple_obstacle_avoidance/package.dsv
[9.704s] -- Installing: /home/enryu/Desktop/Path-Following-Robot/install/simple_obstacle_avoidance/share/ament_index/resource_index/packages/simple_obstacle_avoidance
[9.704s] -- Installing: /home/enryu/Desktop/Path-Following-Robot/install/simple_obstacle_avoidance/share/simple_obstacle_avoidance/cmake/simple_obstacle_avoidanceConfig.cmake
[9.704s] -- Installing: /home/enryu/Desktop/Path-Following-Robot/install/simple_obstacle_avoidance/share/simple_obstacle_avoidance/cmake/simple_obstacle_avoidanceConfig-version.cmake
[9.704s] -- Installing: /home/enryu/Desktop/Path-Following-Robot/install/simple_obstacle_avoidance/share/simple_obstacle_avoidance/package.xml
[9.706s] Invoked command in '/home/enryu/Desktop/Path-Following-Robot/build/simple_obstacle_avoidance' returned '0': CMAKE_PREFIX_PATH=${CMAKE_PREFIX_PATH}:/home/enryu/Desktop/Path-Following-Robot/install/robot_description:/opt/ros/humble /usr/bin/cmake --install /home/enryu/Desktop/Path-Following-Robot/build/simple_obstacle_avoidance
