[2.128s] Invoking command in '/home/mazino/Path-Following-Robot/src/robot_description': PYTHONPATH=/home/mazino/Path-Following-Robot/build/robot_description/prefix_override:/usr/lib/python3/dist-packages/colcon_core/task/python/colcon_distutils_commands:/home/mazino/Path-Following-Robot/install/robot_description/lib/python3.10/site-packages:${PYTHONPATH} /usr/bin/python3 -W ignore:setup.py install is deprecated -W ignore:easy_install command is deprecated setup.py egg_info --egg-base ../../build/robot_description build --build-base /home/mazino/Path-Following-Robot/build/robot_description/build install --record /home/mazino/Path-Following-Robot/build/robot_description/install.log --single-version-externally-managed install_data
[2.690s] running egg_info
[2.694s] writing ../../build/robot_description/robot_description.egg-info/PKG-INFO
[2.696s] writing dependency_links to ../../build/robot_description/robot_description.egg-info/dependency_links.txt
[2.698s] writing entry points to ../../build/robot_description/robot_description.egg-info/entry_points.txt
[2.699s] writing requirements to ../../build/robot_description/robot_description.egg-info/requires.txt
[2.702s] writing top-level names to ../../build/robot_description/robot_description.egg-info/top_level.txt
[2.707s] reading manifest file '../../build/robot_description/robot_description.egg-info/SOURCES.txt'
[2.711s] writing manifest file '../../build/robot_description/robot_description.egg-info/SOURCES.txt'
[2.712s] running build
[2.712s] running build_py
[2.712s] copying robot_description/lidar_distance.py -> /home/mazino/Path-Following-Robot/build/robot_description/build/lib/robot_description
[2.716s] running install
[2.717s] running install_lib
[2.717s] copying /home/mazino/Path-Following-Robot/build/robot_description/build/lib/robot_description/lidar_distance.py -> /home/mazino/Path-Following-Robot/install/robot_description/lib/python3.10/site-packages/robot_description
[2.718s] byte-compiling /home/mazino/Path-Following-Robot/install/robot_description/lib/python3.10/site-packages/robot_description/lidar_distance.py to lidar_distance.cpython-310.pyc
[2.721s] running install_data
[2.728s] running install_egg_info
[2.729s] removing '/home/mazino/Path-Following-Robot/install/robot_description/lib/python3.10/site-packages/robot_description-0.0.0-py3.10.egg-info' (and everything under it)
[2.729s] Copying ../../build/robot_description/robot_description.egg-info to /home/mazino/Path-Following-Robot/install/robot_description/lib/python3.10/site-packages/robot_description-0.0.0-py3.10.egg-info
[2.730s] running install_scripts
[2.787s] Installing display_scan script to /home/mazino/Path-Following-Robot/install/robot_description/lib/robot_description
[2.790s] writing list of installed files to '/home/mazino/Path-Following-Robot/build/robot_description/install.log'
[2.868s] Invoked command in '/home/mazino/Path-Following-Robot/src/robot_description' returned '0': PYTHONPATH=/home/mazino/Path-Following-Robot/build/robot_description/prefix_override:/usr/lib/python3/dist-packages/colcon_core/task/python/colcon_distutils_commands:/home/mazino/Path-Following-Robot/install/robot_description/lib/python3.10/site-packages:${PYTHONPATH} /usr/bin/python3 -W ignore:setup.py install is deprecated -W ignore:easy_install command is deprecated setup.py egg_info --egg-base ../../build/robot_description build --build-base /home/mazino/Path-Following-Robot/build/robot_description/build install --record /home/mazino/Path-Following-Robot/build/robot_description/install.log --single-version-externally-managed install_data
