/home/enryu/Desktop/Path-Following-Robot/install/robot_description/lib/python3.10/site-packages/robot_description/__init__.py
/home/enryu/Desktop/Path-Following-Robot/install/robot_description/lib/python3.10/site-packages/robot_description/odom_readings.py
/home/enryu/Desktop/Path-Following-Robot/install/robot_description/lib/python3.10/site-packages/robot_description/lidar_distance.py
/home/enryu/Desktop/Path-Following-Robot/install/robot_description/lib/python3.10/site-packages/robot_description/__pycache__/__init__.cpython-310.pyc
/home/enryu/Desktop/Path-Following-Robot/install/robot_description/lib/python3.10/site-packages/robot_description/__pycache__/odom_readings.cpython-310.pyc
/home/enryu/Desktop/Path-Following-Robot/install/robot_description/lib/python3.10/site-packages/robot_description/__pycache__/lidar_distance.cpython-310.pyc
/home/enryu/Desktop/Path-Following-Robot/install/robot_description/share/ament_index/resource_index/packages/robot_description
/home/enryu/Desktop/Path-Following-Robot/install/robot_description/share/robot_description/package.xml
/home/enryu/Desktop/Path-Following-Robot/install/robot_description/share/robot_description/launch/empty_world.launch.py
/home/enryu/Desktop/Path-Following-Robot/install/robot_description/share/robot_description/launch/spawn.launch.py
/home/enryu/Desktop/Path-Following-Robot/install/robot_description/share/robot_description/launch/rviz2.launch.py
/home/enryu/Desktop/Path-Following-Robot/install/robot_description/share/robot_description/urdf/robot.gazebo
/home/enryu/Desktop/Path-Following-Robot/install/robot_description/share/robot_description/urdf/robot.xacro
/home/enryu/Desktop/Path-Following-Robot/install/robot_description/share/robot_description/rviz/config.rviz
/home/enryu/Desktop/Path-Following-Robot/install/robot_description/lib/python3.10/site-packages/robot_description-0.0.0-py3.10.egg-info/top_level.txt
/home/enryu/Desktop/Path-Following-Robot/install/robot_description/lib/python3.10/site-packages/robot_description-0.0.0-py3.10.egg-info/zip-safe
/home/enryu/Desktop/Path-Following-Robot/install/robot_description/lib/python3.10/site-packages/robot_description-0.0.0-py3.10.egg-info/PKG-INFO
/home/enryu/Desktop/Path-Following-Robot/install/robot_description/lib/python3.10/site-packages/robot_description-0.0.0-py3.10.egg-info/entry_points.txt
/home/enryu/Desktop/Path-Following-Robot/install/robot_description/lib/python3.10/site-packages/robot_description-0.0.0-py3.10.egg-info/dependency_links.txt
/home/enryu/Desktop/Path-Following-Robot/install/robot_description/lib/python3.10/site-packages/robot_description-0.0.0-py3.10.egg-info/requires.txt
/home/enryu/Desktop/Path-Following-Robot/install/robot_description/lib/python3.10/site-packages/robot_description-0.0.0-py3.10.egg-info/SOURCES.txt
/home/enryu/Desktop/Path-Following-Robot/install/robot_description/lib/robot_description/display_odom
/home/enryu/Desktop/Path-Following-Robot/install/robot_description/lib/robot_description/display_scan
