[0.283s] Invoking command in '/home/enryu/Desktop/Path-Following-Robot/build/topic_pkg': CMAKE_PREFIX_PATH=${CMAKE_PREFIX_PATH}:/home/enryu/Desktop/Path-Following-Robot/install/robot_description:/opt/ros/humble /usr/bin/cmake /home/enryu/Desktop/Path-Following-Robot/src/topic_pkg -DCMAKE_INSTALL_PREFIX=/home/enryu/Desktop/Path-Following-Robot/install/topic_pkg
[0.341s] -- The C compiler identification is GNU 11.4.0
[0.411s] -- The CXX compiler identification is GNU 11.4.0
[0.421s] -- Detecting C compiler ABI info
[0.493s] -- Detecting C compiler ABI info - done
[0.500s] -- Check for working C compiler: /usr/bin/cc - skipped
[0.500s] -- Detecting C compile features
[0.500s] -- Detecting C compile features - done
[0.503s] -- Detecting CXX compiler ABI info
[0.582s] -- Detecting CXX compiler ABI info - done
[0.589s] -- Check for working CXX compiler: /usr/bin/c++ - skipped
[0.590s] -- Detecting CXX compile features
[0.590s] -- Detecting CXX compile features - done
[0.593s] -- Found ament_cmake: 1.3.12 (/opt/ros/humble/share/ament_cmake/cmake)
[0.744s] -- Found Python3: /usr/bin/python3 (found version "3.10.12") found components: Interpreter 
[0.846s] -- Found rclcpp: 16.0.14 (/opt/ros/humble/share/rclcpp/cmake)
[0.891s] -- Found rosidl_generator_c: 3.1.7 (/opt/ros/humble/share/rosidl_generator_c/cmake)
[0.897s] -- Found rosidl_adapter: 3.1.7 (/opt/ros/humble/share/rosidl_adapter/cmake)
[0.906s] -- Found rosidl_generator_cpp: 3.1.7 (/opt/ros/humble/share/rosidl_generator_cpp/cmake)
[0.919s] -- Using all available rosidl_typesupport_c: rosidl_typesupport_fastrtps_c;rosidl_typesupport_introspection_c
[0.935s] -- Using all available rosidl_typesupport_cpp: rosidl_typesupport_fastrtps_cpp;rosidl_typesupport_introspection_cpp
[0.984s] -- Found rmw_implementation_cmake: 6.1.2 (/opt/ros/humble/share/rmw_implementation_cmake/cmake)
[0.988s] -- Found rmw_fastrtps_cpp: 6.2.8 (/opt/ros/humble/share/rmw_fastrtps_cpp/cmake)
[1.094s] -- Found OpenSSL: /usr/lib/x86_64-linux-gnu/libcrypto.so (found version "3.0.2")  
[1.134s] -- Found FastRTPS: /opt/ros/humble/include  
[1.184s] -- Using RMW implementation 'rmw_fastrtps_cpp' as default
[1.196s] -- Looking for pthread.h
[1.283s] -- Looking for pthread.h - found
[1.284s] -- Performing Test CMAKE_HAVE_LIBC_PTHREAD
[1.365s] -- Performing Test CMAKE_HAVE_LIBC_PTHREAD - Success
[1.366s] -- Found Threads: TRUE  
[1.423s] -- Found nav_msgs: 4.9.0 (/opt/ros/humble/share/nav_msgs/cmake)
[1.547s] -- Configuring done
[1.568s] -- Generating done
[1.574s] -- Build files have been written to: /home/enryu/Desktop/Path-Following-Robot/build/topic_pkg
[1.585s] Invoked command in '/home/enryu/Desktop/Path-Following-Robot/build/topic_pkg' returned '0': CMAKE_PREFIX_PATH=${CMAKE_PREFIX_PATH}:/home/enryu/Desktop/Path-Following-Robot/install/robot_description:/opt/ros/humble /usr/bin/cmake /home/enryu/Desktop/Path-Following-Robot/src/topic_pkg -DCMAKE_INSTALL_PREFIX=/home/enryu/Desktop/Path-Following-Robot/install/topic_pkg
[1.588s] Invoking command in '/home/enryu/Desktop/Path-Following-Robot/build/topic_pkg': CMAKE_PREFIX_PATH=${CMAKE_PREFIX_PATH}:/home/enryu/Desktop/Path-Following-Robot/install/robot_description:/opt/ros/humble /usr/bin/cmake --build /home/enryu/Desktop/Path-Following-Robot/build/topic_pkg -- -j12 -l12
[1.648s] [ 25%] [32mBuilding CXX object CMakeFiles/sub_odom_node.dir/src/sub_odom.cpp.o[0m
[1.651s] [ 50%] [32mBuilding CXX object CMakeFiles/move_robot_node.dir/src/move_robot.cpp.o[0m
[5.965s] [ 75%] [32m[1mLinking CXX executable move_robot_node[0m
[6.145s] [ 75%] Built target move_robot_node
[9.313s] [100%] [32m[1mLinking CXX executable sub_odom_node[0m
[9.668s] [100%] Built target sub_odom_node
[9.680s] Invoked command in '/home/enryu/Desktop/Path-Following-Robot/build/topic_pkg' returned '0': CMAKE_PREFIX_PATH=${CMAKE_PREFIX_PATH}:/home/enryu/Desktop/Path-Following-Robot/install/robot_description:/opt/ros/humble /usr/bin/cmake --build /home/enryu/Desktop/Path-Following-Robot/build/topic_pkg -- -j12 -l12
[9.682s] Invoking command in '/home/enryu/Desktop/Path-Following-Robot/build/topic_pkg': CMAKE_PREFIX_PATH=${CMAKE_PREFIX_PATH}:/home/enryu/Desktop/Path-Following-Robot/install/robot_description:/opt/ros/humble /usr/bin/cmake --install /home/enryu/Desktop/Path-Following-Robot/build/topic_pkg
[9.690s] -- Install configuration: ""
[9.690s] -- Installing: /home/enryu/Desktop/Path-Following-Robot/install/topic_pkg/lib/topic_pkg/move_robot_node
[9.691s] -- Set runtime path of "/home/enryu/Desktop/Path-Following-Robot/install/topic_pkg/lib/topic_pkg/move_robot_node" to ""
[9.691s] -- Installing: /home/enryu/Desktop/Path-Following-Robot/install/topic_pkg/lib/topic_pkg/sub_odom_node
[9.694s] -- Set runtime path of "/home/enryu/Desktop/Path-Following-Robot/install/topic_pkg/lib/topic_pkg/sub_odom_node" to ""
[9.694s] -- Installing: /home/enryu/Desktop/Path-Following-Robot/install/topic_pkg/share/topic_pkg/launch
[9.695s] -- Installing: /home/enryu/Desktop/Path-Following-Robot/install/topic_pkg/share/topic_pkg/launch/sub_odom.launch.py
[9.695s] -- Installing: /home/enryu/Desktop/Path-Following-Robot/install/topic_pkg/share/topic_pkg/launch/move_robot.launch.py
[9.695s] -- Installing: /home/enryu/Desktop/Path-Following-Robot/install/topic_pkg/share/ament_index/resource_index/package_run_dependencies/topic_pkg
[9.695s] -- Installing: /home/enryu/Desktop/Path-Following-Robot/install/topic_pkg/share/ament_index/resource_index/parent_prefix_path/topic_pkg
[9.695s] -- Installing: /home/enryu/Desktop/Path-Following-Robot/install/topic_pkg/share/topic_pkg/environment/ament_prefix_path.sh
[9.695s] -- Installing: /home/enryu/Desktop/Path-Following-Robot/install/topic_pkg/share/topic_pkg/environment/ament_prefix_path.dsv
[9.696s] -- Installing: /home/enryu/Desktop/Path-Following-Robot/install/topic_pkg/share/topic_pkg/environment/path.sh
[9.696s] -- Installing: /home/enryu/Desktop/Path-Following-Robot/install/topic_pkg/share/topic_pkg/environment/path.dsv
[9.696s] -- Installing: /home/enryu/Desktop/Path-Following-Robot/install/topic_pkg/share/topic_pkg/local_setup.bash
[9.696s] -- Installing: /home/enryu/Desktop/Path-Following-Robot/install/topic_pkg/share/topic_pkg/local_setup.sh
[9.696s] -- Installing: /home/enryu/Desktop/Path-Following-Robot/install/topic_pkg/share/topic_pkg/local_setup.zsh
[9.696s] -- Installing: /home/enryu/Desktop/Path-Following-Robot/install/topic_pkg/share/topic_pkg/local_setup.dsv
[9.696s] -- Installing: /home/enryu/Desktop/Path-Following-Robot/install/topic_pkg/share/topic_pkg/package.dsv
[9.696s] -- Installing: /home/enryu/Desktop/Path-Following-Robot/install/topic_pkg/share/ament_index/resource_index/packages/topic_pkg
[9.697s] -- Installing: /home/enryu/Desktop/Path-Following-Robot/install/topic_pkg/share/topic_pkg/cmake/topic_pkgConfig.cmake
[9.697s] -- Installing: /home/enryu/Desktop/Path-Following-Robot/install/topic_pkg/share/topic_pkg/cmake/topic_pkgConfig-version.cmake
[9.697s] -- Installing: /home/enryu/Desktop/Path-Following-Robot/install/topic_pkg/share/topic_pkg/package.xml
[9.699s] Invoked command in '/home/enryu/Desktop/Path-Following-Robot/build/topic_pkg' returned '0': CMAKE_PREFIX_PATH=${CMAKE_PREFIX_PATH}:/home/enryu/Desktop/Path-Following-Robot/install/robot_description:/opt/ros/humble /usr/bin/cmake --install /home/enryu/Desktop/Path-Following-Robot/build/topic_pkg
