[0.020s] Invoking command in '/home/enryu/Desktop/Path-Following-Robot/build/executor_pkg': CMAKE_PREFIX_PATH=${CMAKE_PREFIX_PATH}:/home/enryu/Desktop/Path-Following-Robot/install/teleop_twist_keyboard:/home/enryu/Desktop/Path-Following-Robot/install/robot_description:/opt/ros/humble /usr/bin/cmake /home/enryu/Desktop/Path-Following-Robot/src/executor_pkg -DCMAKE_INSTALL_PREFIX=/home/enryu/Desktop/Path-Following-Robot/install/executor_pkg
[0.280s] -- The C compiler identification is GNU 11.4.0
[0.280s] -- The CXX compiler identification is GNU 11.4.0
[0.280s] -- Detecting C compiler ABI info
[0.281s] -- Detecting C compiler ABI info - done
[0.281s] -- Check for working C compiler: /usr/bin/cc - skipped
[0.281s] -- Detecting C compile features
[0.281s] -- Detecting C compile features - done
[0.281s] -- Detecting CXX compiler ABI info
[0.296s] -- Detecting CXX compiler ABI info - done
[0.304s] -- Check for working CXX compiler: /usr/bin/c++ - skipped
[0.304s] -- Detecting CXX compile features
[0.304s] -- Detecting CXX compile features - done
[0.306s] -- Found ament_cmake: 1.3.12 (/opt/ros/humble/share/ament_cmake/cmake)
[0.477s] -- Found Python3: /usr/bin/python3 (found version "3.10.12") found components: Interpreter 
[0.573s] -- Found rclcpp: 16.0.14 (/opt/ros/humble/share/rclcpp/cmake)
[0.619s] -- Found rosidl_generator_c: 3.1.7 (/opt/ros/humble/share/rosidl_generator_c/cmake)
[0.624s] -- Found rosidl_adapter: 3.1.7 (/opt/ros/humble/share/rosidl_adapter/cmake)
[0.631s] -- Found rosidl_generator_cpp: 3.1.7 (/opt/ros/humble/share/rosidl_generator_cpp/cmake)
[0.649s] -- Using all available rosidl_typesupport_c: rosidl_typesupport_fastrtps_c;rosidl_typesupport_introspection_c
[0.665s] -- Using all available rosidl_typesupport_cpp: rosidl_typesupport_fastrtps_cpp;rosidl_typesupport_introspection_cpp
[0.706s] -- Found rmw_implementation_cmake: 6.1.2 (/opt/ros/humble/share/rmw_implementation_cmake/cmake)
[0.709s] -- Found rmw_fastrtps_cpp: 6.2.8 (/opt/ros/humble/share/rmw_fastrtps_cpp/cmake)
[0.799s] -- Found OpenSSL: /usr/lib/x86_64-linux-gnu/libcrypto.so (found version "3.0.2")  
[0.836s] -- Found FastRTPS: /opt/ros/humble/include  
[0.876s] -- Using RMW implementation 'rmw_fastrtps_cpp' as default
[0.885s] -- Looking for pthread.h
[0.962s] -- Looking for pthread.h - found
[0.962s] -- Performing Test CMAKE_HAVE_LIBC_PTHREAD
[1.040s] -- Performing Test CMAKE_HAVE_LIBC_PTHREAD - Success
[1.041s] -- Found Threads: TRUE  
[1.091s] -- Found ament_lint_auto: 0.12.14 (/opt/ros/humble/share/ament_lint_auto/cmake)
[1.181s] -- Added test 'cppcheck' to perform static code analysis on C / C++ code
[1.181s] -- Configured cppcheck include dirs: 
[1.181s] -- Configured cppcheck exclude dirs and/or files: 
[1.182s] -- Added test 'lint_cmake' to check CMake code style
[1.184s] -- Added test 'uncrustify' to check C / C++ code style
[1.184s] -- Configured uncrustify additional arguments: 
[1.184s] -- Added test 'xmllint' to check XML markup files
[1.186s] -- Configuring done
[1.192s] -- Generating done
[1.195s] -- Build files have been written to: /home/enryu/Desktop/Path-Following-Robot/build/executor_pkg
[1.206s] Invoked command in '/home/enryu/Desktop/Path-Following-Robot/build/executor_pkg' returned '0': CMAKE_PREFIX_PATH=${CMAKE_PREFIX_PATH}:/home/enryu/Desktop/Path-Following-Robot/install/teleop_twist_keyboard:/home/enryu/Desktop/Path-Following-Robot/install/robot_description:/opt/ros/humble /usr/bin/cmake /home/enryu/Desktop/Path-Following-Robot/src/executor_pkg -DCMAKE_INSTALL_PREFIX=/home/enryu/Desktop/Path-Following-Robot/install/executor_pkg
[1.208s] Invoking command in '/home/enryu/Desktop/Path-Following-Robot/build/executor_pkg': CMAKE_PREFIX_PATH=${CMAKE_PREFIX_PATH}:/home/enryu/Desktop/Path-Following-Robot/install/teleop_twist_keyboard:/home/enryu/Desktop/Path-Following-Robot/install/robot_description:/opt/ros/humble /usr/bin/cmake --build /home/enryu/Desktop/Path-Following-Robot/build/executor_pkg -- -j12 -l12
[1.251s] Invoked command in '/home/enryu/Desktop/Path-Following-Robot/build/executor_pkg' returned '0': CMAKE_PREFIX_PATH=${CMAKE_PREFIX_PATH}:/home/enryu/Desktop/Path-Following-Robot/install/teleop_twist_keyboard:/home/enryu/Desktop/Path-Following-Robot/install/robot_description:/opt/ros/humble /usr/bin/cmake --build /home/enryu/Desktop/Path-Following-Robot/build/executor_pkg -- -j12 -l12
[1.260s] Invoking command in '/home/enryu/Desktop/Path-Following-Robot/build/executor_pkg': CMAKE_PREFIX_PATH=${CMAKE_PREFIX_PATH}:/home/enryu/Desktop/Path-Following-Robot/install/teleop_twist_keyboard:/home/enryu/Desktop/Path-Following-Robot/install/robot_description:/opt/ros/humble /usr/bin/cmake --install /home/enryu/Desktop/Path-Following-Robot/build/executor_pkg
[1.268s] -- Install configuration: ""
[1.268s] -- Installing: /home/enryu/Desktop/Path-Following-Robot/install/executor_pkg/share/ament_index/resource_index/package_run_dependencies/executor_pkg
[1.268s] -- Installing: /home/enryu/Desktop/Path-Following-Robot/install/executor_pkg/share/ament_index/resource_index/parent_prefix_path/executor_pkg
[1.268s] -- Installing: /home/enryu/Desktop/Path-Following-Robot/install/executor_pkg/share/executor_pkg/environment/ament_prefix_path.sh
[1.269s] -- Installing: /home/enryu/Desktop/Path-Following-Robot/install/executor_pkg/share/executor_pkg/environment/ament_prefix_path.dsv
[1.269s] -- Installing: /home/enryu/Desktop/Path-Following-Robot/install/executor_pkg/share/executor_pkg/environment/path.sh
[1.269s] -- Installing: /home/enryu/Desktop/Path-Following-Robot/install/executor_pkg/share/executor_pkg/environment/path.dsv
[1.269s] -- Installing: /home/enryu/Desktop/Path-Following-Robot/install/executor_pkg/share/executor_pkg/local_setup.bash
[1.269s] -- Installing: /home/enryu/Desktop/Path-Following-Robot/install/executor_pkg/share/executor_pkg/local_setup.sh
[1.269s] -- Installing: /home/enryu/Desktop/Path-Following-Robot/install/executor_pkg/share/executor_pkg/local_setup.zsh
[1.269s] -- Installing: /home/enryu/Desktop/Path-Following-Robot/install/executor_pkg/share/executor_pkg/local_setup.dsv
[1.269s] -- Installing: /home/enryu/Desktop/Path-Following-Robot/install/executor_pkg/share/executor_pkg/package.dsv
[1.269s] -- Installing: /home/enryu/Desktop/Path-Following-Robot/install/executor_pkg/share/ament_index/resource_index/packages/executor_pkg
[1.270s] -- Installing: /home/enryu/Desktop/Path-Following-Robot/install/executor_pkg/share/executor_pkg/cmake/executor_pkgConfig.cmake
[1.270s] -- Installing: /home/enryu/Desktop/Path-Following-Robot/install/executor_pkg/share/executor_pkg/cmake/executor_pkgConfig-version.cmake
[1.270s] -- Installing: /home/enryu/Desktop/Path-Following-Robot/install/executor_pkg/share/executor_pkg/package.xml
[1.272s] Invoked command in '/home/enryu/Desktop/Path-Following-Robot/build/executor_pkg' returned '0': CMAKE_PREFIX_PATH=${CMAKE_PREFIX_PATH}:/home/enryu/Desktop/Path-Following-Robot/install/teleop_twist_keyboard:/home/enryu/Desktop/Path-Following-Robot/install/robot_description:/opt/ros/humble /usr/bin/cmake --install /home/enryu/Desktop/Path-Following-Robot/build/executor_pkg
