[1.987s] Invoking command in '/home/mazino/Path-Following-Robot/src/teleop_twist_keyboard': PYTHONPATH=/home/mazino/Path-Following-Robot/build/teleop_twist_keyboard/prefix_override:/usr/lib/python3/dist-packages/colcon_core/task/python/colcon_distutils_commands:/home/mazino/Path-Following-Robot/install/teleop_twist_keyboard/lib/python3.10/site-packages:${PYTHONPATH} /usr/bin/python3 -W ignore:setup.py install is deprecated -W ignore:easy_install command is deprecated setup.py egg_info --egg-base ../../build/teleop_twist_keyboard build --build-base /home/mazino/Path-Following-Robot/build/teleop_twist_keyboard/build install --record /home/mazino/Path-Following-Robot/build/teleop_twist_keyboard/install.log --single-version-externally-managed install_data
[2.578s] running egg_info
[2.578s] creating ../../build/teleop_twist_keyboard/teleop_twist_keyboard.egg-info
[2.579s] writing ../../build/teleop_twist_keyboard/teleop_twist_keyboard.egg-info/PKG-INFO
[2.579s] writing dependency_links to ../../build/teleop_twist_keyboard/teleop_twist_keyboard.egg-info/dependency_links.txt
[2.579s] writing entry points to ../../build/teleop_twist_keyboard/teleop_twist_keyboard.egg-info/entry_points.txt
[2.579s] writing requirements to ../../build/teleop_twist_keyboard/teleop_twist_keyboard.egg-info/requires.txt
[2.579s] writing top-level names to ../../build/teleop_twist_keyboard/teleop_twist_keyboard.egg-info/top_level.txt
[2.579s] writing manifest file '../../build/teleop_twist_keyboard/teleop_twist_keyboard.egg-info/SOURCES.txt'
[2.580s] reading manifest file '../../build/teleop_twist_keyboard/teleop_twist_keyboard.egg-info/SOURCES.txt'
[2.580s] adding license file 'LICENSE'
[2.587s] writing manifest file '../../build/teleop_twist_keyboard/teleop_twist_keyboard.egg-info/SOURCES.txt'
[2.587s] running build
[2.587s] running build_py
[2.587s] creating /home/mazino/Path-Following-Robot/build/teleop_twist_keyboard/build
[2.588s] creating /home/mazino/Path-Following-Robot/build/teleop_twist_keyboard/build/lib
[2.588s] copying teleop_twist_keyboard.py -> /home/mazino/Path-Following-Robot/build/teleop_twist_keyboard/build/lib
[2.588s] running install
[2.588s] running install_lib
[2.589s] copying /home/mazino/Path-Following-Robot/build/teleop_twist_keyboard/build/lib/teleop_twist_keyboard.py -> /home/mazino/Path-Following-Robot/install/teleop_twist_keyboard/lib/python3.10/site-packages
[2.589s] byte-compiling /home/mazino/Path-Following-Robot/install/teleop_twist_keyboard/lib/python3.10/site-packages/teleop_twist_keyboard.py to teleop_twist_keyboard.cpython-310.pyc
[2.589s] running install_data
[2.589s] creating /home/mazino/Path-Following-Robot/install/teleop_twist_keyboard/share/ament_index
[2.589s] creating /home/mazino/Path-Following-Robot/install/teleop_twist_keyboard/share/ament_index/resource_index
[2.591s] creating /home/mazino/Path-Following-Robot/install/teleop_twist_keyboard/share/ament_index/resource_index/packages
[2.596s] copying resource/teleop_twist_keyboard -> /home/mazino/Path-Following-Robot/install/teleop_twist_keyboard/share/ament_index/resource_index/packages
[2.596s] copying package.xml -> /home/mazino/Path-Following-Robot/install/teleop_twist_keyboard/share/teleop_twist_keyboard
[2.605s] running install_egg_info
[2.605s] Copying ../../build/teleop_twist_keyboard/teleop_twist_keyboard.egg-info to /home/mazino/Path-Following-Robot/install/teleop_twist_keyboard/lib/python3.10/site-packages/teleop_twist_keyboard-2.4.0-py3.10.egg-info
[2.605s] running install_scripts
[2.647s] Installing teleop_twist_keyboard script to /home/mazino/Path-Following-Robot/install/teleop_twist_keyboard/lib/teleop_twist_keyboard
[2.648s] writing list of installed files to '/home/mazino/Path-Following-Robot/build/teleop_twist_keyboard/install.log'
[2.706s] Invoked command in '/home/mazino/Path-Following-Robot/src/teleop_twist_keyboard' returned '0': PYTHONPATH=/home/mazino/Path-Following-Robot/build/teleop_twist_keyboard/prefix_override:/usr/lib/python3/dist-packages/colcon_core/task/python/colcon_distutils_commands:/home/mazino/Path-Following-Robot/install/teleop_twist_keyboard/lib/python3.10/site-packages:${PYTHONPATH} /usr/bin/python3 -W ignore:setup.py install is deprecated -W ignore:easy_install command is deprecated setup.py egg_info --egg-base ../../build/teleop_twist_keyboard build --build-base /home/mazino/Path-Following-Robot/build/teleop_twist_keyboard/build install --record /home/mazino/Path-Following-Robot/build/teleop_twist_keyboard/install.log --single-version-externally-managed install_data
