[0.787s] Invoking command in '/home/the/simulation_ws/src/robot_description': PYTHONPATH=/home/the/simulation_ws/build/robot_description/prefix_override:/usr/lib/python3/dist-packages/colcon_core/task/python/colcon_distutils_commands:/home/the/simulation_ws/install/robot_description/lib/python3.10/site-packages:${PYTHONPATH} /usr/bin/python3 -W ignore:setup.py install is deprecated -W ignore:easy_install command is deprecated setup.py egg_info --egg-base ../../build/robot_description build --build-base /home/the/simulation_ws/build/robot_description/build install --record /home/the/simulation_ws/build/robot_description/install.log --single-version-externally-managed install_data
[0.950s] /home/the/.local/lib/python3.10/site-packages/setuptools/_distutils/dist.py:261: UserWarning: Unknown distribution option: 'tests_require'
[0.950s]   warnings.warn(msg)
[1.061s] running egg_info
[1.080s] creating ../../build/robot_description/robot_description.egg-info
[1.081s] writing ../../build/robot_description/robot_description.egg-info/PKG-INFO
[1.081s] writing dependency_links to ../../build/robot_description/robot_description.egg-info/dependency_links.txt
[1.082s] writing requirements to ../../build/robot_description/robot_description.egg-info/requires.txt
[1.082s] writing top-level names to ../../build/robot_description/robot_description.egg-info/top_level.txt
[1.082s] writing manifest file '../../build/robot_description/robot_description.egg-info/SOURCES.txt'
[1.127s] reading manifest file '../../build/robot_description/robot_description.egg-info/SOURCES.txt'
[1.129s] writing manifest file '../../build/robot_description/robot_description.egg-info/SOURCES.txt'
[1.129s] running build
[1.129s] running build_py
[1.129s] creating /home/the/simulation_ws/build/robot_description/build/lib/robot_description
[1.130s] copying robot_description/__init__.py -> /home/the/simulation_ws/build/robot_description/build/lib/robot_description
[1.131s] running install
[1.136s] running install_lib
[1.156s] creating /home/the/simulation_ws/install/robot_description/lib/python3.10/site-packages/robot_description
[1.156s] copying /home/the/simulation_ws/build/robot_description/build/lib/robot_description/__init__.py -> /home/the/simulation_ws/install/robot_description/lib/python3.10/site-packages/robot_description
[1.157s] byte-compiling /home/the/simulation_ws/install/robot_description/lib/python3.10/site-packages/robot_description/__init__.py to __init__.cpython-310.pyc
[1.157s] running install_data
[1.157s] creating /home/the/simulation_ws/install/robot_description/share/ament_index/resource_index/packages
[1.158s] copying resource/robot_description -> /home/the/simulation_ws/install/robot_description/share/ament_index/resource_index/packages
[1.159s] copying package.xml -> /home/the/simulation_ws/install/robot_description/share/robot_description
[1.159s] creating /home/the/simulation_ws/install/robot_description/share/robot_description/launch
[1.160s] copying launch/rviz2.launch.py -> /home/the/simulation_ws/install/robot_description/share/robot_description/launch
[1.160s] creating /home/the/simulation_ws/install/robot_description/share/robot_description/urdf
[1.160s] copying urdf/robot.urdf -> /home/the/simulation_ws/install/robot_description/share/robot_description/urdf
[1.161s] creating /home/the/simulation_ws/install/robot_description/share/robot_description/rviz
[1.161s] copying rviz/config.rviz -> /home/the/simulation_ws/install/robot_description/share/robot_description/rviz
[1.161s] running install_egg_info
[1.183s] Copying ../../build/robot_description/robot_description.egg-info to /home/the/simulation_ws/install/robot_description/lib/python3.10/site-packages/robot_description-0.0.0-py3.10.egg-info
[1.184s] running install_scripts
[1.348s] writing list of installed files to '/home/the/simulation_ws/build/robot_description/install.log'
[1.375s] Invoked command in '/home/the/simulation_ws/src/robot_description' returned '0': PYTHONPATH=/home/the/simulation_ws/build/robot_description/prefix_override:/usr/lib/python3/dist-packages/colcon_core/task/python/colcon_distutils_commands:/home/the/simulation_ws/install/robot_description/lib/python3.10/site-packages:${PYTHONPATH} /usr/bin/python3 -W ignore:setup.py install is deprecated -W ignore:easy_install command is deprecated setup.py egg_info --egg-base ../../build/robot_description build --build-base /home/the/simulation_ws/build/robot_description/build install --record /home/the/simulation_ws/build/robot_description/install.log --single-version-externally-managed install_data
