[35m[1mConsolidate compiler generated dependencies of target obstacle_avoidance_node[0m
[100%] Built target obstacle_avoidance_node
-- Install configuration: ""
-- Up-to-date: /home/enryu/Desktop/Path-Following-Robot/install/simple_obstacle_avoidance/share/simple_obstacle_avoidance/launch
-- Up-to-date: /home/enryu/Desktop/Path-Following-Robot/install/simple_obstacle_avoidance/share/simple_obstacle_avoidance/launch/obstacle_avoidance.launch.py
-- Up-to-date: /home/enryu/Desktop/Path-Following-Robot/install/simple_obstacle_avoidance/lib/simple_obstacle_avoidance/obstacle_avoidance_node
-- Up-to-date: /home/enryu/Desktop/Path-Following-Robot/install/simple_obstacle_avoidance/share/ament_index/resource_index/package_run_dependencies/simple_obstacle_avoidance
-- Up-to-date: /home/enryu/Desktop/Path-Following-Robot/install/simple_obstacle_avoidance/share/ament_index/resource_index/parent_prefix_path/simple_obstacle_avoidance
-- Up-to-date: /home/enryu/Desktop/Path-Following-Robot/install/simple_obstacle_avoidance/share/simple_obstacle_avoidance/environment/ament_prefix_path.sh
-- Up-to-date: /home/enryu/Desktop/Path-Following-Robot/install/simple_obstacle_avoidance/share/simple_obstacle_avoidance/environment/ament_prefix_path.dsv
-- Up-to-date: /home/enryu/Desktop/Path-Following-Robot/install/simple_obstacle_avoidance/share/simple_obstacle_avoidance/environment/path.sh
-- Up-to-date: /home/enryu/Desktop/Path-Following-Robot/install/simple_obstacle_avoidance/share/simple_obstacle_avoidance/environment/path.dsv
-- Up-to-date: /home/enryu/Desktop/Path-Following-Robot/install/simple_obstacle_avoidance/share/simple_obstacle_avoidance/local_setup.bash
-- Up-to-date: /home/enryu/Desktop/Path-Following-Robot/install/simple_obstacle_avoidance/share/simple_obstacle_avoidance/local_setup.sh
-- Up-to-date: /home/enryu/Desktop/Path-Following-Robot/install/simple_obstacle_avoidance/share/simple_obstacle_avoidance/local_setup.zsh
-- Up-to-date: /home/enryu/Desktop/Path-Following-Robot/install/simple_obstacle_avoidance/share/simple_obstacle_avoidance/local_setup.dsv
-- Installing: /home/enryu/Desktop/Path-Following-Robot/install/simple_obstacle_avoidance/share/simple_obstacle_avoidance/package.dsv
-- Up-to-date: /home/enryu/Desktop/Path-Following-Robot/install/simple_obstacle_avoidance/share/ament_index/resource_index/packages/simple_obstacle_avoidance
-- Up-to-date: /home/enryu/Desktop/Path-Following-Robot/install/simple_obstacle_avoidance/share/simple_obstacle_avoidance/cmake/simple_obstacle_avoidanceConfig.cmake
-- Up-to-date: /home/enryu/Desktop/Path-Following-Robot/install/simple_obstacle_avoidance/share/simple_obstacle_avoidance/cmake/simple_obstacle_avoidanceConfig-version.cmake
-- Up-to-date: /home/enryu/Desktop/Path-Following-Robot/install/simple_obstacle_avoidance/share/simple_obstacle_avoidance/package.xml
