[0.283s] Invoking command in '/home/enryu/Desktop/Path-Following-Robot/build/simple_obstacle_avoidance': CMAKE_PREFIX_PATH=${CMAKE_PREFIX_PATH}:/home/enryu/Desktop/Path-Following-Robot/install/teleop_twist_keyboard:/home/enryu/Desktop/Path-Following-Robot/install/robot_description:/opt/ros/humble /usr/bin/cmake --build /home/enryu/Desktop/Path-Following-Robot/build/simple_obstacle_avoidance -- -j12 -l12
[0.325s] [35m[1mConsolidate compiler generated dependencies of target obstacle_avoidance_node[0m
[0.343s] [100%] Built target obstacle_avoidance_node
[0.354s] Invoked command in '/home/enryu/Desktop/Path-Following-Robot/build/simple_obstacle_avoidance' returned '0': CMAKE_PREFIX_PATH=${CMAKE_PREFIX_PATH}:/home/enryu/Desktop/Path-Following-Robot/install/teleop_twist_keyboard:/home/enryu/Desktop/Path-Following-Robot/install/robot_description:/opt/ros/humble /usr/bin/cmake --build /home/enryu/Desktop/Path-Following-Robot/build/simple_obstacle_avoidance -- -j12 -l12
[0.356s] Invoking command in '/home/enryu/Desktop/Path-Following-Robot/build/simple_obstacle_avoidance': CMAKE_PREFIX_PATH=${CMAKE_PREFIX_PATH}:/home/enryu/Desktop/Path-Following-Robot/install/teleop_twist_keyboard:/home/enryu/Desktop/Path-Following-Robot/install/robot_description:/opt/ros/humble /usr/bin/cmake --install /home/enryu/Desktop/Path-Following-Robot/build/simple_obstacle_avoidance
[0.363s] -- Install configuration: ""
[0.363s] -- Up-to-date: /home/enryu/Desktop/Path-Following-Robot/install/simple_obstacle_avoidance/share/simple_obstacle_avoidance/launch
[0.363s] -- Up-to-date: /home/enryu/Desktop/Path-Following-Robot/install/simple_obstacle_avoidance/share/simple_obstacle_avoidance/launch/obstacle_avoidance.launch.py
[0.364s] -- Up-to-date: /home/enryu/Desktop/Path-Following-Robot/install/simple_obstacle_avoidance/lib/simple_obstacle_avoidance/obstacle_avoidance_node
[0.364s] -- Up-to-date: /home/enryu/Desktop/Path-Following-Robot/install/simple_obstacle_avoidance/share/ament_index/resource_index/package_run_dependencies/simple_obstacle_avoidance
[0.364s] -- Up-to-date: /home/enryu/Desktop/Path-Following-Robot/install/simple_obstacle_avoidance/share/ament_index/resource_index/parent_prefix_path/simple_obstacle_avoidance
[0.364s] -- Up-to-date: /home/enryu/Desktop/Path-Following-Robot/install/simple_obstacle_avoidance/share/simple_obstacle_avoidance/environment/ament_prefix_path.sh
[0.364s] -- Up-to-date: /home/enryu/Desktop/Path-Following-Robot/install/simple_obstacle_avoidance/share/simple_obstacle_avoidance/environment/ament_prefix_path.dsv
[0.364s] -- Up-to-date: /home/enryu/Desktop/Path-Following-Robot/install/simple_obstacle_avoidance/share/simple_obstacle_avoidance/environment/path.sh
[0.364s] -- Up-to-date: /home/enryu/Desktop/Path-Following-Robot/install/simple_obstacle_avoidance/share/simple_obstacle_avoidance/environment/path.dsv
[0.365s] -- Up-to-date: /home/enryu/Desktop/Path-Following-Robot/install/simple_obstacle_avoidance/share/simple_obstacle_avoidance/local_setup.bash
[0.365s] -- Up-to-date: /home/enryu/Desktop/Path-Following-Robot/install/simple_obstacle_avoidance/share/simple_obstacle_avoidance/local_setup.sh
[0.365s] -- Up-to-date: /home/enryu/Desktop/Path-Following-Robot/install/simple_obstacle_avoidance/share/simple_obstacle_avoidance/local_setup.zsh
[0.365s] -- Up-to-date: /home/enryu/Desktop/Path-Following-Robot/install/simple_obstacle_avoidance/share/simple_obstacle_avoidance/local_setup.dsv
[0.365s] -- Installing: /home/enryu/Desktop/Path-Following-Robot/install/simple_obstacle_avoidance/share/simple_obstacle_avoidance/package.dsv
[0.365s] -- Up-to-date: /home/enryu/Desktop/Path-Following-Robot/install/simple_obstacle_avoidance/share/ament_index/resource_index/packages/simple_obstacle_avoidance
[0.365s] -- Up-to-date: /home/enryu/Desktop/Path-Following-Robot/install/simple_obstacle_avoidance/share/simple_obstacle_avoidance/cmake/simple_obstacle_avoidanceConfig.cmake
[0.365s] -- Up-to-date: /home/enryu/Desktop/Path-Following-Robot/install/simple_obstacle_avoidance/share/simple_obstacle_avoidance/cmake/simple_obstacle_avoidanceConfig-version.cmake
[0.366s] -- Up-to-date: /home/enryu/Desktop/Path-Following-Robot/install/simple_obstacle_avoidance/share/simple_obstacle_avoidance/package.xml
[0.367s] Invoked command in '/home/enryu/Desktop/Path-Following-Robot/build/simple_obstacle_avoidance' returned '0': CMAKE_PREFIX_PATH=${CMAKE_PREFIX_PATH}:/home/enryu/Desktop/Path-Following-Robot/install/teleop_twist_keyboard:/home/enryu/Desktop/Path-Following-Robot/install/robot_description:/opt/ros/humble /usr/bin/cmake --install /home/enryu/Desktop/Path-Following-Robot/build/simple_obstacle_avoidance
