running egg_info
creating ../../build/robot_description/robot_description.egg-info
writing ../../build/robot_description/robot_description.egg-info/PKG-INFO
writing dependency_links to ../../build/robot_description/robot_description.egg-info/dependency_links.txt
writing entry points to ../../build/robot_description/robot_description.egg-info/entry_points.txt
writing requirements to ../../build/robot_description/robot_description.egg-info/requires.txt
writing top-level names to ../../build/robot_description/robot_description.egg-info/top_level.txt
writing manifest file '../../build/robot_description/robot_description.egg-info/SOURCES.txt'
reading manifest file '../../build/robot_description/robot_description.egg-info/SOURCES.txt'
writing manifest file '../../build/robot_description/robot_description.egg-info/SOURCES.txt'
running build
running build_py
creating /home/enryu/Desktop/Path-Following-Robot/build/robot_description/build
creating /home/enryu/Desktop/Path-Following-Robot/build/robot_description/build/lib
creating /home/enryu/Desktop/Path-Following-Robot/build/robot_description/build/lib/robot_description
copying robot_description/robot_motion_sim.py -> /home/enryu/Desktop/Path-Following-Robot/build/robot_description/build/lib/robot_description
copying robot_description/__init__.py -> /home/enryu/Desktop/Path-Following-Robot/build/robot_description/build/lib/robot_description
copying robot_description/odom_readings.py -> /home/enryu/Desktop/Path-Following-Robot/build/robot_description/build/lib/robot_description
copying robot_description/lidar_distance.py -> /home/enryu/Desktop/Path-Following-Robot/build/robot_description/build/lib/robot_description
copying robot_description/test_laser_publisher.py -> /home/enryu/Desktop/Path-Following-Robot/build/robot_description/build/lib/robot_description
running install
running install_lib
creating /home/enryu/Desktop/Path-Following-Robot/install/robot_description/lib/python3.10/site-packages/robot_description
copying /home/enryu/Desktop/Path-Following-Robot/build/robot_description/build/lib/robot_description/robot_motion_sim.py -> /home/enryu/Desktop/Path-Following-Robot/install/robot_description/lib/python3.10/site-packages/robot_description
copying /home/enryu/Desktop/Path-Following-Robot/build/robot_description/build/lib/robot_description/__init__.py -> /home/enryu/Desktop/Path-Following-Robot/install/robot_description/lib/python3.10/site-packages/robot_description
copying /home/enryu/Desktop/Path-Following-Robot/build/robot_description/build/lib/robot_description/odom_readings.py -> /home/enryu/Desktop/Path-Following-Robot/install/robot_description/lib/python3.10/site-packages/robot_description
copying /home/enryu/Desktop/Path-Following-Robot/build/robot_description/build/lib/robot_description/lidar_distance.py -> /home/enryu/Desktop/Path-Following-Robot/install/robot_description/lib/python3.10/site-packages/robot_description
copying /home/enryu/Desktop/Path-Following-Robot/build/robot_description/build/lib/robot_description/test_laser_publisher.py -> /home/enryu/Desktop/Path-Following-Robot/install/robot_description/lib/python3.10/site-packages/robot_description
byte-compiling /home/enryu/Desktop/Path-Following-Robot/install/robot_description/lib/python3.10/site-packages/robot_description/robot_motion_sim.py to robot_motion_sim.cpython-310.pyc
byte-compiling /home/enryu/Desktop/Path-Following-Robot/install/robot_description/lib/python3.10/site-packages/robot_description/__init__.py to __init__.cpython-310.pyc
byte-compiling /home/enryu/Desktop/Path-Following-Robot/install/robot_description/lib/python3.10/site-packages/robot_description/odom_readings.py to odom_readings.cpython-310.pyc
byte-compiling /home/enryu/Desktop/Path-Following-Robot/install/robot_description/lib/python3.10/site-packages/robot_description/lidar_distance.py to lidar_distance.cpython-310.pyc
byte-compiling /home/enryu/Desktop/Path-Following-Robot/install/robot_description/lib/python3.10/site-packages/robot_description/test_laser_publisher.py to test_laser_publisher.cpython-310.pyc
running install_data
creating /home/enryu/Desktop/Path-Following-Robot/install/robot_description/share/ament_index
creating /home/enryu/Desktop/Path-Following-Robot/install/robot_description/share/ament_index/resource_index
creating /home/enryu/Desktop/Path-Following-Robot/install/robot_description/share/ament_index/resource_index/packages
copying resource/robot_description -> /home/enryu/Desktop/Path-Following-Robot/install/robot_description/share/ament_index/resource_index/packages
copying package.xml -> /home/enryu/Desktop/Path-Following-Robot/install/robot_description/share/robot_description
creating /home/enryu/Desktop/Path-Following-Robot/install/robot_description/share/robot_description/launch
copying launch/spawn_two_robots.launch.py -> /home/enryu/Desktop/Path-Following-Robot/install/robot_description/share/robot_description/launch
copying launch/empty_world.launch.py -> /home/enryu/Desktop/Path-Following-Robot/install/robot_description/share/robot_description/launch
copying launch/spawn.launch.py -> /home/enryu/Desktop/Path-Following-Robot/install/robot_description/share/robot_description/launch
copying launch/rviz2.launch.py -> /home/enryu/Desktop/Path-Following-Robot/install/robot_description/share/robot_description/launch
creating /home/enryu/Desktop/Path-Following-Robot/install/robot_description/share/robot_description/urdf
copying urdf/robot.gazebo -> /home/enryu/Desktop/Path-Following-Robot/install/robot_description/share/robot_description/urdf
copying urdf/robot.xacro -> /home/enryu/Desktop/Path-Following-Robot/install/robot_description/share/robot_description/urdf
copying urdf/robot.urdf -> /home/enryu/Desktop/Path-Following-Robot/install/robot_description/share/robot_description/urdf
creating /home/enryu/Desktop/Path-Following-Robot/install/robot_description/share/robot_description/rviz
copying rviz/config.rviz -> /home/enryu/Desktop/Path-Following-Robot/install/robot_description/share/robot_description/rviz
creating /home/enryu/Desktop/Path-Following-Robot/install/robot_description/share/robot_description/worlds
copying worlds/custom_world.sdf -> /home/enryu/Desktop/Path-Following-Robot/install/robot_description/share/robot_description/worlds
running install_egg_info
Copying ../../build/robot_description/robot_description.egg-info to /home/enryu/Desktop/Path-Following-Robot/install/robot_description/lib/python3.10/site-packages/robot_description-0.0.0-py3.10.egg-info
running install_scripts
Installing display_odom script to /home/enryu/Desktop/Path-Following-Robot/install/robot_description/lib/robot_description
Installing display_scan script to /home/enryu/Desktop/Path-Following-Robot/install/robot_description/lib/robot_description
Installing robot_motion_sim script to /home/enryu/Desktop/Path-Following-Robot/install/robot_description/lib/robot_description
Installing test_laser_publisher script to /home/enryu/Desktop/Path-Following-Robot/install/robot_description/lib/robot_description
writing list of installed files to '/home/enryu/Desktop/Path-Following-Robot/build/robot_description/install.log'
