[-3594.443s] DEBUG:colcon:Command line arguments: ['/usr/bin/colcon', 'build']
[-3594.443s] DEBUG:colcon:Parsed command line arguments: Namespace(log_base=None, log_level=None, verb_name='build', build_base='build', install_base='install', merge_install=False, symlink_install=False, test_result_base=None, continue_on_error=False, executor='parallel', parallel_workers=8, event_handlers=None, ignore_user_meta=False, metas=['./colcon.meta'], base_paths=['.'], packages_ignore=None, packages_ignore_regex=None, paths=None, packages_up_to=None, packages_up_to_regex=None, packages_above=None, packages_above_and_dependencies=None, packages_above_depth=None, packages_select_by_dep=None, packages_skip_by_dep=None, packages_skip_up_to=None, packages_select_build_failed=False, packages_skip_build_finished=False, packages_select_test_failures=False, packages_skip_test_passed=False, packages_select=None, packages_skip=None, packages_select_regex=None, packages_skip_regex=None, packages_start=None, packages_end=None, allow_overriding=[], cmake_args=None, cmake_target=None, cmake_target_skip_unavailable=False, cmake_clean_cache=False, cmake_clean_first=False, cmake_force_configure=False, ament_cmake_args=None, catkin_cmake_args=None, catkin_skip_building_tests=False, mixin_files=None, mixin=None, verb_parser=<colcon_mixin.mixin.mixin_argument.MixinArgumentDecorator object at 0x7fa32fb53d30>, verb_extension=<colcon_core.verb.build.BuildVerb object at 0x7fa32fb537c0>, main=<bound method BuildVerb.main of <colcon_core.verb.build.BuildVerb object at 0x7fa32fb537c0>>, mixin_verb=('build',))
[-3594.405s] Level 1:colcon.colcon_core.package_discovery:discover_packages(colcon_meta) check parameters
[-3594.405s] Level 1:colcon.colcon_core.package_discovery:discover_packages(recursive) check parameters
[-3594.405s] Level 1:colcon.colcon_core.package_discovery:discover_packages(ignore) check parameters
[-3594.405s] Level 1:colcon.colcon_core.package_discovery:discover_packages(path) check parameters
[-3594.405s] Level 1:colcon.colcon_core.package_discovery:discover_packages(colcon_meta) discover
[-3594.405s] Level 1:colcon.colcon_core.package_discovery:discover_packages(recursive) discover
[-3594.405s] INFO:colcon.colcon_core.package_discovery:Crawling recursively for packages in '/home/the/simulation_ws'
[-3594.405s] Level 1:colcon.colcon_core.package_identification:_identify(.) by extensions ['ignore', 'ignore_ament_install']
[-3594.405s] Level 1:colcon.colcon_core.package_identification:_identify(.) by extension 'ignore'
[-3594.405s] Level 1:colcon.colcon_core.package_identification:_identify(.) by extension 'ignore_ament_install'
[-3594.404s] Level 1:colcon.colcon_core.package_identification:_identify(.) by extensions ['colcon_pkg']
[-3594.404s] Level 1:colcon.colcon_core.package_identification:_identify(.) by extension 'colcon_pkg'
[-3594.404s] Level 1:colcon.colcon_core.package_identification:_identify(.) by extensions ['colcon_meta']
[-3594.404s] Level 1:colcon.colcon_core.package_identification:_identify(.) by extension 'colcon_meta'
[-3594.404s] Level 1:colcon.colcon_core.package_identification:_identify(.) by extensions ['ros']
[-3594.404s] Level 1:colcon.colcon_core.package_identification:_identify(.) by extension 'ros'
[-3594.390s] Level 1:colcon.colcon_core.package_identification:_identify(.) by extensions ['cmake', 'python']
[-3594.390s] Level 1:colcon.colcon_core.package_identification:_identify(.) by extension 'cmake'
[-3594.390s] Level 1:colcon.colcon_core.package_identification:_identify(.) by extension 'python'
[-3594.390s] Level 1:colcon.colcon_core.package_identification:_identify(.) by extensions ['python_setup_py']
[-3594.390s] Level 1:colcon.colcon_core.package_identification:_identify(.) by extension 'python_setup_py'
[-3594.390s] Level 1:colcon.colcon_core.package_identification:_identify(build) by extensions ['ignore', 'ignore_ament_install']
[-3594.390s] Level 1:colcon.colcon_core.package_identification:_identify(build) by extension 'ignore'
[-3594.390s] Level 1:colcon.colcon_core.package_identification:_identify(build) ignored
[-3594.390s] Level 1:colcon.colcon_core.package_identification:_identify(install) by extensions ['ignore', 'ignore_ament_install']
[-3594.390s] Level 1:colcon.colcon_core.package_identification:_identify(install) by extension 'ignore'
[-3594.390s] Level 1:colcon.colcon_core.package_identification:_identify(install) ignored
[-3594.389s] Level 1:colcon.colcon_core.package_identification:_identify(log) by extensions ['ignore', 'ignore_ament_install']
[-3594.389s] Level 1:colcon.colcon_core.package_identification:_identify(log) by extension 'ignore'
[-3594.389s] Level 1:colcon.colcon_core.package_identification:_identify(log) ignored
[-3594.389s] Level 1:colcon.colcon_core.package_identification:_identify(src) by extensions ['ignore', 'ignore_ament_install']
[-3594.389s] Level 1:colcon.colcon_core.package_identification:_identify(src) by extension 'ignore'
[-3594.389s] Level 1:colcon.colcon_core.package_identification:_identify(src) by extension 'ignore_ament_install'
[-3594.389s] Level 1:colcon.colcon_core.package_identification:_identify(src) by extensions ['colcon_pkg']
[-3594.389s] Level 1:colcon.colcon_core.package_identification:_identify(src) by extension 'colcon_pkg'
[-3594.389s] Level 1:colcon.colcon_core.package_identification:_identify(src) by extensions ['colcon_meta']
[-3594.389s] Level 1:colcon.colcon_core.package_identification:_identify(src) by extension 'colcon_meta'
[-3594.389s] Level 1:colcon.colcon_core.package_identification:_identify(src) by extensions ['ros']
[-3594.389s] Level 1:colcon.colcon_core.package_identification:_identify(src) by extension 'ros'
[-3594.389s] Level 1:colcon.colcon_core.package_identification:_identify(src) by extensions ['cmake', 'python']
[-3594.389s] Level 1:colcon.colcon_core.package_identification:_identify(src) by extension 'cmake'
[-3594.389s] Level 1:colcon.colcon_core.package_identification:_identify(src) by extension 'python'
[-3594.389s] Level 1:colcon.colcon_core.package_identification:_identify(src) by extensions ['python_setup_py']
[-3594.388s] Level 1:colcon.colcon_core.package_identification:_identify(src) by extension 'python_setup_py'
[-3594.388s] Level 1:colcon.colcon_core.package_identification:_identify(src/build) by extensions ['ignore', 'ignore_ament_install']
[-3594.388s] Level 1:colcon.colcon_core.package_identification:_identify(src/build) by extension 'ignore'
[-3594.388s] Level 1:colcon.colcon_core.package_identification:_identify(src/build) ignored
[-3594.388s] Level 1:colcon.colcon_core.package_identification:_identify(src/install) by extensions ['ignore', 'ignore_ament_install']
[-3594.388s] Level 1:colcon.colcon_core.package_identification:_identify(src/install) by extension 'ignore'
[-3594.388s] Level 1:colcon.colcon_core.package_identification:_identify(src/install) ignored
[-3594.388s] Level 1:colcon.colcon_core.package_identification:_identify(src/log) by extensions ['ignore', 'ignore_ament_install']
[-3594.388s] Level 1:colcon.colcon_core.package_identification:_identify(src/log) by extension 'ignore'
[-3594.388s] Level 1:colcon.colcon_core.package_identification:_identify(src/log) ignored
[-3594.388s] Level 1:colcon.colcon_core.package_identification:_identify(src/robot_description) by extensions ['ignore', 'ignore_ament_install']
[-3594.388s] Level 1:colcon.colcon_core.package_identification:_identify(src/robot_description) by extension 'ignore'
[-3594.387s] Level 1:colcon.colcon_core.package_identification:_identify(src/robot_description) by extension 'ignore_ament_install'
[-3594.387s] Level 1:colcon.colcon_core.package_identification:_identify(src/robot_description) by extensions ['colcon_pkg']
[-3594.387s] Level 1:colcon.colcon_core.package_identification:_identify(src/robot_description) by extension 'colcon_pkg'
[-3594.387s] Level 1:colcon.colcon_core.package_identification:_identify(src/robot_description) by extensions ['colcon_meta']
[-3594.387s] Level 1:colcon.colcon_core.package_identification:_identify(src/robot_description) by extension 'colcon_meta'
[-3594.387s] Level 1:colcon.colcon_core.package_identification:_identify(src/robot_description) by extensions ['ros']
[-3594.387s] Level 1:colcon.colcon_core.package_identification:_identify(src/robot_description) by extension 'ros'
[-3594.385s] DEBUG:colcon.colcon_core.package_identification:Package 'src/robot_description' with type 'ros.ament_python' and name 'robot_description'
[-3594.385s] Level 1:colcon.colcon_core.package_discovery:discover_packages(recursive) using defaults
[-3594.385s] Level 1:colcon.colcon_core.package_discovery:discover_packages(ignore) discover
[-3594.385s] Level 1:colcon.colcon_core.package_discovery:discover_packages(ignore) using defaults
[-3594.385s] Level 1:colcon.colcon_core.package_discovery:discover_packages(path) discover
[-3594.384s] Level 1:colcon.colcon_core.package_discovery:discover_packages(path) using defaults
[-3594.365s] Level 1:colcon.colcon_core.package_discovery:discover_packages(prefix_path) check parameters
[-3594.365s] Level 1:colcon.colcon_core.package_discovery:discover_packages(prefix_path) discover
[-3594.364s] WARNING:colcon.colcon_ros.prefix_path.ament:The path '/home/the/simulation_ws/install/robot_description' in the environment variable AMENT_PREFIX_PATH doesn't exist
[-3594.363s] DEBUG:colcon.colcon_installed_package_information.package_discovery:Found 0 installed packages in /home/the/simulation_ws/install
[-3594.362s] DEBUG:colcon.colcon_installed_package_information.package_discovery:Found 297 installed packages in /opt/ros/humble
[-3594.360s] Level 1:colcon.colcon_core.package_discovery:discover_packages(prefix_path) using defaults
[-3594.316s] Level 5:colcon.colcon_core.verb:set package 'robot_description' build argument 'cmake_args' from command line to 'None'
[-3594.316s] Level 5:colcon.colcon_core.verb:set package 'robot_description' build argument 'cmake_target' from command line to 'None'
[-3594.316s] Level 5:colcon.colcon_core.verb:set package 'robot_description' build argument 'cmake_target_skip_unavailable' from command line to 'False'
[-3594.316s] Level 5:colcon.colcon_core.verb:set package 'robot_description' build argument 'cmake_clean_cache' from command line to 'False'
[-3594.315s] Level 5:colcon.colcon_core.verb:set package 'robot_description' build argument 'cmake_clean_first' from command line to 'False'
[-3594.315s] Level 5:colcon.colcon_core.verb:set package 'robot_description' build argument 'cmake_force_configure' from command line to 'False'
[-3594.315s] Level 5:colcon.colcon_core.verb:set package 'robot_description' build argument 'ament_cmake_args' from command line to 'None'
[-3594.315s] Level 5:colcon.colcon_core.verb:set package 'robot_description' build argument 'catkin_cmake_args' from command line to 'None'
[-3594.315s] Level 5:colcon.colcon_core.verb:set package 'robot_description' build argument 'catkin_skip_building_tests' from command line to 'False'
[-3594.315s] DEBUG:colcon.colcon_core.verb:Building package 'robot_description' with the following arguments: {'ament_cmake_args': None, 'build_base': '/home/the/simulation_ws/build/robot_description', 'catkin_cmake_args': None, 'catkin_skip_building_tests': False, 'cmake_args': None, 'cmake_clean_cache': False, 'cmake_clean_first': False, 'cmake_force_configure': False, 'cmake_target': None, 'cmake_target_skip_unavailable': False, 'install_base': '/home/the/simulation_ws/install/robot_description', 'merge_install': False, 'path': '/home/the/simulation_ws/src/robot_description', 'symlink_install': False, 'test_result_base': None}
[-3594.315s] INFO:colcon.colcon_core.executor:Executing jobs using 'parallel' executor
[-3594.314s] DEBUG:colcon.colcon_parallel_executor.executor.parallel:run_until_complete
[-3594.314s] INFO:colcon.colcon_ros.task.ament_python.build:Building ROS package in '/home/the/simulation_ws/src/robot_description' with build type 'ament_python'
[-3594.314s] Level 1:colcon.colcon_core.shell:create_environment_hook('robot_description', 'ament_prefix_path')
[-3594.311s] INFO:colcon.colcon_core.plugin_system:Skipping extension 'colcon_core.shell.bat': Not used on non-Windows systems
[-3594.311s] INFO:colcon.colcon_core.shell:Creating environment hook '/home/the/simulation_ws/install/robot_description/share/robot_description/hook/ament_prefix_path.ps1'
[-3594.309s] INFO:colcon.colcon_core.shell:Creating environment descriptor '/home/the/simulation_ws/install/robot_description/share/robot_description/hook/ament_prefix_path.dsv'
[-3594.309s] INFO:colcon.colcon_core.shell:Creating environment hook '/home/the/simulation_ws/install/robot_description/share/robot_description/hook/ament_prefix_path.sh'
[-3594.308s] INFO:colcon.colcon_core.shell:Skip shell extension 'powershell' for command environment: Not usable outside of PowerShell
[-3594.308s] DEBUG:colcon.colcon_core.shell:Skip shell extension 'dsv' for command environment
[-3594.082s] INFO:colcon.colcon_core.task.python.build:Building Python package in '/home/the/simulation_ws/src/robot_description'
[-3594.081s] INFO:colcon.colcon_core.shell:Skip shell extension 'powershell' for command environment: Not usable outside of PowerShell
[-3594.081s] DEBUG:colcon.colcon_core.shell:Skip shell extension 'dsv' for command environment
[-3593.526s] DEBUG:colcon.colcon_core.event_handler.log_command:Invoking command in '/home/the/simulation_ws/src/robot_description': PYTHONPATH=/home/the/simulation_ws/build/robot_description/prefix_override:/usr/lib/python3/dist-packages/colcon_core/task/python/colcon_distutils_commands:/home/the/simulation_ws/install/robot_description/lib/python3.10/site-packages:${PYTHONPATH} /usr/bin/python3 -W ignore:setup.py install is deprecated -W ignore:easy_install command is deprecated setup.py egg_info --egg-base ../../build/robot_description build --build-base /home/the/simulation_ws/build/robot_description/build install --record /home/the/simulation_ws/build/robot_description/install.log --single-version-externally-managed install_data
[-3592.938s] DEBUG:colcon.colcon_core.event_handler.log_command:Invoked command in '/home/the/simulation_ws/src/robot_description' returned '0': PYTHONPATH=/home/the/simulation_ws/build/robot_description/prefix_override:/usr/lib/python3/dist-packages/colcon_core/task/python/colcon_distutils_commands:/home/the/simulation_ws/install/robot_description/lib/python3.10/site-packages:${PYTHONPATH} /usr/bin/python3 -W ignore:setup.py install is deprecated -W ignore:easy_install command is deprecated setup.py egg_info --egg-base ../../build/robot_description build --build-base /home/the/simulation_ws/build/robot_description/build install --record /home/the/simulation_ws/build/robot_description/install.log --single-version-externally-managed install_data
[-3592.936s] Level 1:colcon.colcon_core.environment:checking '/home/the/simulation_ws/install/robot_description' for CMake module files
[-3592.936s] Level 1:colcon.colcon_core.environment:checking '/home/the/simulation_ws/install/robot_description' for CMake config files
[-3592.935s] Level 1:colcon.colcon_core.environment:checking '/home/the/simulation_ws/install/robot_description/lib'
[-3592.935s] Level 1:colcon.colcon_core.environment:checking '/home/the/simulation_ws/install/robot_description/bin'
[-3592.935s] Level 1:colcon.colcon_core.environment:checking '/home/the/simulation_ws/install/robot_description/lib/pkgconfig/robot_description.pc'
[-3592.935s] Level 1:colcon.colcon_core.environment:checking '/home/the/simulation_ws/install/robot_description/lib/python3.10/site-packages'
[-3592.935s] Level 1:colcon.colcon_core.shell:create_environment_hook('robot_description', 'pythonpath')
[-3592.934s] INFO:colcon.colcon_core.shell:Creating environment hook '/home/the/simulation_ws/install/robot_description/share/robot_description/hook/pythonpath.ps1'
[-3592.934s] INFO:colcon.colcon_core.shell:Creating environment descriptor '/home/the/simulation_ws/install/robot_description/share/robot_description/hook/pythonpath.dsv'
[-3592.934s] INFO:colcon.colcon_core.shell:Creating environment hook '/home/the/simulation_ws/install/robot_description/share/robot_description/hook/pythonpath.sh'
[-3592.933s] Level 1:colcon.colcon_core.environment:checking '/home/the/simulation_ws/install/robot_description/bin'
[-3592.933s] Level 1:colcon.colcon_core.environment:create_environment_scripts_only(robot_description)
[-3592.933s] INFO:colcon.colcon_core.shell:Creating package script '/home/the/simulation_ws/install/robot_description/share/robot_description/package.ps1'
[-3592.932s] INFO:colcon.colcon_core.shell:Creating package descriptor '/home/the/simulation_ws/install/robot_description/share/robot_description/package.dsv'
[-3592.931s] INFO:colcon.colcon_core.shell:Creating package script '/home/the/simulation_ws/install/robot_description/share/robot_description/package.sh'
[-3592.931s] INFO:colcon.colcon_core.shell:Creating package script '/home/the/simulation_ws/install/robot_description/share/robot_description/package.bash'
[-3592.930s] INFO:colcon.colcon_core.shell:Creating package script '/home/the/simulation_ws/install/robot_description/share/robot_description/package.zsh'
[-3592.929s] Level 1:colcon.colcon_core.environment:create_file_with_runtime_dependencies(/home/the/simulation_ws/install/robot_description/share/colcon-core/packages/robot_description)
[-3592.928s] DEBUG:colcon.colcon_parallel_executor.executor.parallel:closing loop
[-3592.927s] DEBUG:colcon.colcon_parallel_executor.executor.parallel:loop closed
[-3592.927s] DEBUG:colcon.colcon_parallel_executor.executor.parallel:run_until_complete finished with '0'
[-3592.927s] DEBUG:colcon.colcon_core.event_reactor:joining thread
[-3592.871s] INFO:colcon.colcon_core.plugin_system:Skipping extension 'colcon_notification.desktop_notification.notify_send': Could not find 'notify-send'
[-3592.871s] INFO:colcon.colcon_core.plugin_system:Skipping extension 'colcon_notification.desktop_notification.terminal_notifier': Not used on non-Darwin systems
[-3592.871s] INFO:colcon.colcon_core.plugin_system:Skipping extension 'colcon_notification.desktop_notification.win32': Not used on non-Windows systems
[-3592.871s] INFO:colcon.colcon_notification.desktop_notification:Sending desktop notification using 'notify2'
[-3592.871s] DEBUG:colcon.colcon_notification.desktop_notification.notify2:Failed to initialize notify2: org.freedesktop.DBus.Error.FileNotFound: Failed to connect to socket /run/user/1000/bus: No such file or directory
[-3592.871s] DEBUG:colcon.colcon_core.event_reactor:joined thread
[-3592.870s] INFO:colcon.colcon_core.shell:Creating prefix script '/home/the/simulation_ws/install/local_setup.ps1'
[-3592.869s] INFO:colcon.colcon_core.shell:Creating prefix util module '/home/the/simulation_ws/install/_local_setup_util_ps1.py'
[-3592.868s] INFO:colcon.colcon_core.shell:Creating prefix chain script '/home/the/simulation_ws/install/setup.ps1'
[-3592.867s] INFO:colcon.colcon_core.shell:Creating prefix script '/home/the/simulation_ws/install/local_setup.sh'
[-3592.867s] INFO:colcon.colcon_core.shell:Creating prefix util module '/home/the/simulation_ws/install/_local_setup_util_sh.py'
[-3592.866s] INFO:colcon.colcon_core.shell:Creating prefix chain script '/home/the/simulation_ws/install/setup.sh'
[-3592.865s] INFO:colcon.colcon_core.shell:Creating prefix script '/home/the/simulation_ws/install/local_setup.bash'
[-3592.865s] INFO:colcon.colcon_core.shell:Creating prefix chain script '/home/the/simulation_ws/install/setup.bash'
[-3592.864s] INFO:colcon.colcon_core.shell:Creating prefix script '/home/the/simulation_ws/install/local_setup.zsh'
[-3592.863s] INFO:colcon.colcon_core.shell:Creating prefix chain script '/home/the/simulation_ws/install/setup.zsh'
