[0.023s] Invoking command in '/home/enryu/Desktop/Path-Following-Robot/build/custom_interfaces': CMAKE_PREFIX_PATH=${CMAKE_PREFIX_PATH}:/home/enryu/Desktop/Path-Following-Robot/install/robot_description:/opt/ros/humble /usr/bin/cmake /home/enryu/Desktop/Path-Following-Robot/src/custom_interfaces -DCMAKE_INSTALL_PREFIX=/home/enryu/Desktop/Path-Following-Robot/install/custom_interfaces
[0.286s] -- The C compiler identification is GNU 11.4.0
[0.287s] -- The CXX compiler identification is GNU 11.4.0
[0.287s] -- Detecting C compiler ABI info
[0.287s] -- Detecting C compiler ABI info - done
[0.287s] -- Check for working C compiler: /usr/bin/cc - skipped
[0.287s] -- Detecting C compile features
[0.287s] -- Detecting C compile features - done
[0.287s] -- Detecting CXX compiler ABI info
[0.288s] -- Detecting CXX compiler ABI info - done
[0.292s] -- Check for working CXX compiler: /usr/bin/c++ - skipped
[0.292s] -- Detecting CXX compile features
[0.292s] -- Detecting CXX compile features - done
[0.295s] -- Found ament_cmake: 1.3.12 (/opt/ros/humble/share/ament_cmake/cmake)
[0.462s] -- Found Python3: /usr/bin/python3 (found version "3.10.12") found components: Interpreter 
[0.552s] -- Found rclcpp: 16.0.14 (/opt/ros/humble/share/rclcpp/cmake)
[0.593s] -- Found rosidl_generator_c: 3.1.7 (/opt/ros/humble/share/rosidl_generator_c/cmake)
[0.598s] -- Found rosidl_adapter: 3.1.7 (/opt/ros/humble/share/rosidl_adapter/cmake)
[0.606s] -- Found rosidl_generator_cpp: 3.1.7 (/opt/ros/humble/share/rosidl_generator_cpp/cmake)
[0.617s] -- Using all available rosidl_typesupport_c: rosidl_typesupport_fastrtps_c;rosidl_typesupport_introspection_c
[0.633s] -- Using all available rosidl_typesupport_cpp: rosidl_typesupport_fastrtps_cpp;rosidl_typesupport_introspection_cpp
[0.674s] -- Found rmw_implementation_cmake: 6.1.2 (/opt/ros/humble/share/rmw_implementation_cmake/cmake)
[0.677s] -- Found rmw_fastrtps_cpp: 6.2.8 (/opt/ros/humble/share/rmw_fastrtps_cpp/cmake)
[0.767s] -- Found OpenSSL: /usr/lib/x86_64-linux-gnu/libcrypto.so (found version "3.0.2")  
[0.810s] -- Found FastRTPS: /opt/ros/humble/include  
[0.853s] -- Using RMW implementation 'rmw_fastrtps_cpp' as default
[0.861s] -- Looking for pthread.h
[0.939s] -- Looking for pthread.h - found
[0.940s] -- Performing Test CMAKE_HAVE_LIBC_PTHREAD
[1.019s] -- Performing Test CMAKE_HAVE_LIBC_PTHREAD - Success
[1.020s] -- Found Threads: TRUE  
[1.071s] -- Found rosidl_default_generators: 1.2.0 (/opt/ros/humble/share/rosidl_default_generators/cmake)
[1.321s] -- Found ament_cmake_ros: 0.10.0 (/opt/ros/humble/share/ament_cmake_ros/cmake)
[1.608s] -- Using all available rosidl_typesupport_c: rosidl_typesupport_fastrtps_c;rosidl_typesupport_introspection_c
[1.726s] -- Using all available rosidl_typesupport_cpp: rosidl_typesupport_fastrtps_cpp;rosidl_typesupport_introspection_cpp
[1.755s] -- Found PythonInterp: /usr/bin/python3 (found suitable version "3.10.12", minimum required is "3.6") 
[1.756s] -- Found python_cmake_module: 0.10.0 (/opt/ros/humble/share/python_cmake_module/cmake)
[1.784s] -- Found PythonLibs: /usr/lib/x86_64-linux-gnu/libpython3.10.so (found suitable version "3.10.12", minimum required is "3.5") 
[1.784s] -- Using PYTHON_EXECUTABLE: /usr/bin/python3
[1.784s] -- Using PYTHON_INCLUDE_DIRS: /usr/include/python3.10
[1.784s] -- Using PYTHON_LIBRARIES: /usr/lib/x86_64-linux-gnu/libpython3.10.so
[1.805s] -- Found PythonExtra: .so  
[1.843s] -- Configuring done
[1.871s] -- Generating done
[1.882s] -- Build files have been written to: /home/enryu/Desktop/Path-Following-Robot/build/custom_interfaces
[1.893s] Invoked command in '/home/enryu/Desktop/Path-Following-Robot/build/custom_interfaces' returned '0': CMAKE_PREFIX_PATH=${CMAKE_PREFIX_PATH}:/home/enryu/Desktop/Path-Following-Robot/install/robot_description:/opt/ros/humble /usr/bin/cmake /home/enryu/Desktop/Path-Following-Robot/src/custom_interfaces -DCMAKE_INSTALL_PREFIX=/home/enryu/Desktop/Path-Following-Robot/install/custom_interfaces
[1.895s] Invoking command in '/home/enryu/Desktop/Path-Following-Robot/build/custom_interfaces': CMAKE_PREFIX_PATH=${CMAKE_PREFIX_PATH}:/home/enryu/Desktop/Path-Following-Robot/install/robot_description:/opt/ros/humble /usr/bin/cmake --build /home/enryu/Desktop/Path-Following-Robot/build/custom_interfaces -- -j12 -l12
[1.935s] [  3%] [34m[1mGenerating C code for ROS interfaces[0m
[1.945s] [  6%] [34m[1mGenerating C++ code for ROS interfaces[0m
[1.953s] [  6%] Built target ament_cmake_python_copy_custom_interfaces
[2.236s] [  9%] [32mBuilding C object CMakeFiles/custom_interfaces__rosidl_generator_c.dir/rosidl_generator_c/custom_interfaces/msg/detail/age__functions.c.o[0m
[2.248s] running egg_info
[2.249s] creating custom_interfaces.egg-info
[2.249s] writing custom_interfaces.egg-info/PKG-INFO
[2.249s] writing dependency_links to custom_interfaces.egg-info/dependency_links.txt
[2.250s] writing top-level names to custom_interfaces.egg-info/top_level.txt
[2.250s] writing manifest file 'custom_interfaces.egg-info/SOURCES.txt'
[2.252s] reading manifest file 'custom_interfaces.egg-info/SOURCES.txt'
[2.253s] writing manifest file 'custom_interfaces.egg-info/SOURCES.txt'
[2.257s] [  9%] Built target custom_interfaces__cpp
[2.267s] [ 12%] [34m[1mGenerating C++ type support dispatch for ROS interfaces[0m
[2.271s] [ 19%] [34m[1mGenerating C++ type support for eProsima Fast-RTPS[0m
[2.271s] [ 19%] [34m[1mGenerating C++ introspection for ROS interfaces[0m
[2.287s] [ 19%] Built target ament_cmake_python_build_custom_interfaces_egg
[2.290s] [ 22%] [32m[1mLinking C shared library libcustom_interfaces__rosidl_generator_c.so[0m
[2.328s] [ 22%] Built target custom_interfaces__rosidl_generator_c
[2.342s] [ 32%] [34m[1mGenerating C type support for eProsima Fast-RTPS[0m
[2.343s] [ 32%] [34m[1mGenerating C introspection for ROS interfaces[0m
[2.343s] [ 32%] [34m[1mGenerating C type support dispatch for ROS interfaces[0m
[2.604s] [ 35%] [32mBuilding C object CMakeFiles/custom_interfaces__rosidl_typesupport_introspection_c.dir/rosidl_typesupport_introspection_c/custom_interfaces/msg/detail/age__type_support.c.o[0m
[2.640s] [ 38%] [32mBuilding CXX object CMakeFiles/custom_interfaces__rosidl_typesupport_cpp.dir/rosidl_typesupport_cpp/custom_interfaces/msg/age__type_support.cpp.o[0m
[2.643s] [ 41%] [32m[1mLinking C shared library libcustom_interfaces__rosidl_typesupport_introspection_c.so[0m
[2.674s] [ 45%] [32mBuilding CXX object CMakeFiles/custom_interfaces__rosidl_typesupport_fastrtps_cpp.dir/rosidl_typesupport_fastrtps_cpp/custom_interfaces/msg/detail/dds_fastrtps/age__type_support.cpp.o[0m
[2.676s] [ 48%] [32mBuilding CXX object CMakeFiles/custom_interfaces__rosidl_typesupport_introspection_cpp.dir/rosidl_typesupport_introspection_cpp/custom_interfaces/msg/detail/age__type_support.cpp.o[0m
[2.688s] [ 48%] Built target custom_interfaces__rosidl_typesupport_introspection_c
[2.714s] [ 51%] [32mBuilding CXX object CMakeFiles/custom_interfaces__rosidl_typesupport_c.dir/rosidl_typesupport_c/custom_interfaces/msg/age__type_support.cpp.o[0m
[2.747s] [ 54%] [32mBuilding CXX object CMakeFiles/custom_interfaces__rosidl_typesupport_fastrtps_c.dir/rosidl_typesupport_fastrtps_c/custom_interfaces/msg/detail/age__type_support_c.cpp.o[0m
[2.752s] [ 58%] [32m[1mLinking CXX shared library libcustom_interfaces__rosidl_typesupport_c.so[0m
[2.814s] [ 58%] Built target custom_interfaces__rosidl_typesupport_c
[3.045s] [ 61%] [32m[1mLinking CXX shared library libcustom_interfaces__rosidl_typesupport_cpp.so[0m
[3.065s] [ 64%] [32m[1mLinking CXX shared library libcustom_interfaces__rosidl_typesupport_introspection_cpp.so[0m
[3.070s] [ 67%] [32m[1mLinking CXX shared library libcustom_interfaces__rosidl_typesupport_fastrtps_cpp.so[0m
[3.072s] [ 70%] [32m[1mLinking CXX shared library libcustom_interfaces__rosidl_typesupport_fastrtps_c.so[0m
[3.096s] [ 70%] Built target custom_interfaces__rosidl_typesupport_cpp
[3.122s] [ 70%] Built target custom_interfaces__rosidl_typesupport_introspection_cpp
[3.171s] [ 70%] Built target custom_interfaces__rosidl_typesupport_fastrtps_cpp
[3.174s] [ 70%] Built target custom_interfaces__rosidl_typesupport_fastrtps_c
[3.198s] [ 70%] Built target custom_interfaces
[3.219s] [ 74%] [34m[1mGenerating Python code for ROS interfaces[0m
[3.496s] [ 74%] Built target custom_interfaces__py
[3.516s] [ 77%] [32mBuilding C object CMakeFiles/custom_interfaces__rosidl_generator_py.dir/rosidl_generator_py/custom_interfaces/msg/_age_s.c.o[0m
[3.610s] [ 80%] [32m[1mLinking C shared library rosidl_generator_py/custom_interfaces/libcustom_interfaces__rosidl_generator_py.so[0m
[3.649s] [ 80%] Built target custom_interfaces__rosidl_generator_py
[3.669s] [ 90%] [32mBuilding C object CMakeFiles/custom_interfaces__rosidl_typesupport_fastrtps_c__pyext.dir/rosidl_generator_py/custom_interfaces/_custom_interfaces_s.ep.rosidl_typesupport_fastrtps_c.c.o[0m
[3.670s] [ 90%] [32mBuilding C object CMakeFiles/custom_interfaces__rosidl_typesupport_introspection_c__pyext.dir/rosidl_generator_py/custom_interfaces/_custom_interfaces_s.ep.rosidl_typesupport_introspection_c.c.o[0m
[3.670s] [ 90%] [32mBuilding C object CMakeFiles/custom_interfaces__rosidl_typesupport_c__pyext.dir/rosidl_generator_py/custom_interfaces/_custom_interfaces_s.ep.rosidl_typesupport_c.c.o[0m
[3.757s] [ 96%] [32m[1mLinking C shared library rosidl_generator_py/custom_interfaces/custom_interfaces_s__rosidl_typesupport_c.cpython-310-x86_64-linux-gnu.so[0m
[3.758s] [ 96%] [32m[1mLinking C shared library rosidl_generator_py/custom_interfaces/custom_interfaces_s__rosidl_typesupport_introspection_c.cpython-310-x86_64-linux-gnu.so[0m
[3.762s] [100%] [32m[1mLinking C shared library rosidl_generator_py/custom_interfaces/custom_interfaces_s__rosidl_typesupport_fastrtps_c.cpython-310-x86_64-linux-gnu.so[0m
[3.790s] [100%] Built target custom_interfaces__rosidl_typesupport_c__pyext
[3.791s] [100%] Built target custom_interfaces__rosidl_typesupport_introspection_c__pyext
[3.796s] [100%] Built target custom_interfaces__rosidl_typesupport_fastrtps_c__pyext
[3.808s] Invoked command in '/home/enryu/Desktop/Path-Following-Robot/build/custom_interfaces' returned '0': CMAKE_PREFIX_PATH=${CMAKE_PREFIX_PATH}:/home/enryu/Desktop/Path-Following-Robot/install/robot_description:/opt/ros/humble /usr/bin/cmake --build /home/enryu/Desktop/Path-Following-Robot/build/custom_interfaces -- -j12 -l12
[3.810s] Invoking command in '/home/enryu/Desktop/Path-Following-Robot/build/custom_interfaces': CMAKE_PREFIX_PATH=${CMAKE_PREFIX_PATH}:/home/enryu/Desktop/Path-Following-Robot/install/robot_description:/opt/ros/humble /usr/bin/cmake --install /home/enryu/Desktop/Path-Following-Robot/build/custom_interfaces
[3.818s] -- Install configuration: ""
[3.818s] -- Installing: /home/enryu/Desktop/Path-Following-Robot/install/custom_interfaces/share/ament_index/resource_index/rosidl_interfaces/custom_interfaces
[3.819s] -- Installing: /home/enryu/Desktop/Path-Following-Robot/install/custom_interfaces/include/custom_interfaces/custom_interfaces
[3.819s] -- Installing: /home/enryu/Desktop/Path-Following-Robot/install/custom_interfaces/include/custom_interfaces/custom_interfaces/msg
[3.819s] -- Installing: /home/enryu/Desktop/Path-Following-Robot/install/custom_interfaces/include/custom_interfaces/custom_interfaces/msg/age.h
[3.819s] -- Installing: /home/enryu/Desktop/Path-Following-Robot/install/custom_interfaces/include/custom_interfaces/custom_interfaces/msg/detail
[3.819s] -- Installing: /home/enryu/Desktop/Path-Following-Robot/install/custom_interfaces/include/custom_interfaces/custom_interfaces/msg/detail/age__struct.h
[3.819s] -- Installing: /home/enryu/Desktop/Path-Following-Robot/install/custom_interfaces/include/custom_interfaces/custom_interfaces/msg/detail/age__functions.c
[3.819s] -- Installing: /home/enryu/Desktop/Path-Following-Robot/install/custom_interfaces/include/custom_interfaces/custom_interfaces/msg/detail/age__type_support.h
[3.819s] -- Installing: /home/enryu/Desktop/Path-Following-Robot/install/custom_interfaces/include/custom_interfaces/custom_interfaces/msg/detail/age__functions.h
[3.820s] -- Installing: /home/enryu/Desktop/Path-Following-Robot/install/custom_interfaces/include/custom_interfaces/custom_interfaces/msg/rosidl_generator_c__visibility_control.h
[3.820s] -- Installing: /home/enryu/Desktop/Path-Following-Robot/install/custom_interfaces/share/custom_interfaces/environment/library_path.sh
[3.820s] -- Installing: /home/enryu/Desktop/Path-Following-Robot/install/custom_interfaces/share/custom_interfaces/environment/library_path.dsv
[3.820s] -- Installing: /home/enryu/Desktop/Path-Following-Robot/install/custom_interfaces/lib/libcustom_interfaces__rosidl_generator_c.so
[3.820s] -- Set runtime path of "/home/enryu/Desktop/Path-Following-Robot/install/custom_interfaces/lib/libcustom_interfaces__rosidl_generator_c.so" to ""
[3.820s] -- Up-to-date: /home/enryu/Desktop/Path-Following-Robot/install/custom_interfaces/include/custom_interfaces/custom_interfaces
[3.820s] -- Up-to-date: /home/enryu/Desktop/Path-Following-Robot/install/custom_interfaces/include/custom_interfaces/custom_interfaces/msg
[3.820s] -- Up-to-date: /home/enryu/Desktop/Path-Following-Robot/install/custom_interfaces/include/custom_interfaces/custom_interfaces/msg/detail
[3.821s] -- Installing: /home/enryu/Desktop/Path-Following-Robot/install/custom_interfaces/include/custom_interfaces/custom_interfaces/msg/detail/age__rosidl_typesupport_fastrtps_c.h
[3.821s] -- Installing: /home/enryu/Desktop/Path-Following-Robot/install/custom_interfaces/include/custom_interfaces/custom_interfaces/msg/rosidl_typesupport_fastrtps_c__visibility_control.h
[3.821s] -- Installing: /home/enryu/Desktop/Path-Following-Robot/install/custom_interfaces/lib/libcustom_interfaces__rosidl_typesupport_fastrtps_c.so
[3.821s] -- Set runtime path of "/home/enryu/Desktop/Path-Following-Robot/install/custom_interfaces/lib/libcustom_interfaces__rosidl_typesupport_fastrtps_c.so" to ""
[3.821s] -- Up-to-date: /home/enryu/Desktop/Path-Following-Robot/install/custom_interfaces/include/custom_interfaces/custom_interfaces
[3.821s] -- Up-to-date: /home/enryu/Desktop/Path-Following-Robot/install/custom_interfaces/include/custom_interfaces/custom_interfaces/msg
[3.821s] -- Installing: /home/enryu/Desktop/Path-Following-Robot/install/custom_interfaces/include/custom_interfaces/custom_interfaces/msg/age.hpp
[3.821s] -- Installing: /home/enryu/Desktop/Path-Following-Robot/install/custom_interfaces/include/custom_interfaces/custom_interfaces/msg/rosidl_generator_cpp__visibility_control.hpp
[3.822s] -- Up-to-date: /home/enryu/Desktop/Path-Following-Robot/install/custom_interfaces/include/custom_interfaces/custom_interfaces/msg/detail
[3.822s] -- Installing: /home/enryu/Desktop/Path-Following-Robot/install/custom_interfaces/include/custom_interfaces/custom_interfaces/msg/detail/age__struct.hpp
[3.822s] -- Installing: /home/enryu/Desktop/Path-Following-Robot/install/custom_interfaces/include/custom_interfaces/custom_interfaces/msg/detail/age__traits.hpp
[3.822s] -- Installing: /home/enryu/Desktop/Path-Following-Robot/install/custom_interfaces/include/custom_interfaces/custom_interfaces/msg/detail/age__type_support.hpp
[3.822s] -- Installing: /home/enryu/Desktop/Path-Following-Robot/install/custom_interfaces/include/custom_interfaces/custom_interfaces/msg/detail/age__builder.hpp
[3.822s] -- Up-to-date: /home/enryu/Desktop/Path-Following-Robot/install/custom_interfaces/include/custom_interfaces/custom_interfaces
[3.822s] -- Up-to-date: /home/enryu/Desktop/Path-Following-Robot/install/custom_interfaces/include/custom_interfaces/custom_interfaces/msg
[3.822s] -- Installing: /home/enryu/Desktop/Path-Following-Robot/install/custom_interfaces/include/custom_interfaces/custom_interfaces/msg/rosidl_typesupport_fastrtps_cpp__visibility_control.h
[3.822s] -- Up-to-date: /home/enryu/Desktop/Path-Following-Robot/install/custom_interfaces/include/custom_interfaces/custom_interfaces/msg/detail
[3.822s] -- Installing: /home/enryu/Desktop/Path-Following-Robot/install/custom_interfaces/include/custom_interfaces/custom_interfaces/msg/detail/age__rosidl_typesupport_fastrtps_cpp.hpp
[3.822s] -- Installing: /home/enryu/Desktop/Path-Following-Robot/install/custom_interfaces/include/custom_interfaces/custom_interfaces/msg/detail/dds_fastrtps
[3.822s] -- Installing: /home/enryu/Desktop/Path-Following-Robot/install/custom_interfaces/lib/libcustom_interfaces__rosidl_typesupport_fastrtps_cpp.so
[3.823s] -- Set runtime path of "/home/enryu/Desktop/Path-Following-Robot/install/custom_interfaces/lib/libcustom_interfaces__rosidl_typesupport_fastrtps_cpp.so" to ""
[3.823s] -- Up-to-date: /home/enryu/Desktop/Path-Following-Robot/install/custom_interfaces/include/custom_interfaces/custom_interfaces
[3.823s] -- Up-to-date: /home/enryu/Desktop/Path-Following-Robot/install/custom_interfaces/include/custom_interfaces/custom_interfaces/msg
[3.823s] -- Up-to-date: /home/enryu/Desktop/Path-Following-Robot/install/custom_interfaces/include/custom_interfaces/custom_interfaces/msg/detail
[3.823s] -- Installing: /home/enryu/Desktop/Path-Following-Robot/install/custom_interfaces/include/custom_interfaces/custom_interfaces/msg/detail/age__rosidl_typesupport_introspection_c.h
[3.823s] -- Installing: /home/enryu/Desktop/Path-Following-Robot/install/custom_interfaces/include/custom_interfaces/custom_interfaces/msg/detail/age__type_support.c
[3.823s] -- Installing: /home/enryu/Desktop/Path-Following-Robot/install/custom_interfaces/include/custom_interfaces/custom_interfaces/msg/rosidl_typesupport_introspection_c__visibility_control.h
[3.823s] -- Installing: /home/enryu/Desktop/Path-Following-Robot/install/custom_interfaces/lib/libcustom_interfaces__rosidl_typesupport_introspection_c.so
[3.823s] -- Set runtime path of "/home/enryu/Desktop/Path-Following-Robot/install/custom_interfaces/lib/libcustom_interfaces__rosidl_typesupport_introspection_c.so" to ""
[3.823s] -- Installing: /home/enryu/Desktop/Path-Following-Robot/install/custom_interfaces/lib/libcustom_interfaces__rosidl_typesupport_c.so
[3.824s] -- Set runtime path of "/home/enryu/Desktop/Path-Following-Robot/install/custom_interfaces/lib/libcustom_interfaces__rosidl_typesupport_c.so" to ""
[3.824s] -- Up-to-date: /home/enryu/Desktop/Path-Following-Robot/install/custom_interfaces/include/custom_interfaces/custom_interfaces
[3.824s] -- Up-to-date: /home/enryu/Desktop/Path-Following-Robot/install/custom_interfaces/include/custom_interfaces/custom_interfaces/msg
[3.824s] -- Up-to-date: /home/enryu/Desktop/Path-Following-Robot/install/custom_interfaces/include/custom_interfaces/custom_interfaces/msg/detail
[3.824s] -- Installing: /home/enryu/Desktop/Path-Following-Robot/install/custom_interfaces/include/custom_interfaces/custom_interfaces/msg/detail/age__type_support.cpp
[3.824s] -- Installing: /home/enryu/Desktop/Path-Following-Robot/install/custom_interfaces/include/custom_interfaces/custom_interfaces/msg/detail/age__rosidl_typesupport_introspection_cpp.hpp
[3.824s] -- Installing: /home/enryu/Desktop/Path-Following-Robot/install/custom_interfaces/lib/libcustom_interfaces__rosidl_typesupport_introspection_cpp.so
[3.825s] -- Set runtime path of "/home/enryu/Desktop/Path-Following-Robot/install/custom_interfaces/lib/libcustom_interfaces__rosidl_typesupport_introspection_cpp.so" to ""
[3.825s] -- Installing: /home/enryu/Desktop/Path-Following-Robot/install/custom_interfaces/lib/libcustom_interfaces__rosidl_typesupport_cpp.so
[3.825s] -- Set runtime path of "/home/enryu/Desktop/Path-Following-Robot/install/custom_interfaces/lib/libcustom_interfaces__rosidl_typesupport_cpp.so" to ""
[3.825s] -- Installing: /home/enryu/Desktop/Path-Following-Robot/install/custom_interfaces/share/custom_interfaces/environment/pythonpath.sh
[3.825s] -- Installing: /home/enryu/Desktop/Path-Following-Robot/install/custom_interfaces/share/custom_interfaces/environment/pythonpath.dsv
[3.825s] -- Installing: /home/enryu/Desktop/Path-Following-Robot/install/custom_interfaces/local/lib/python3.10/dist-packages/custom_interfaces-0.0.0-py3.10.egg-info
[3.826s] -- Installing: /home/enryu/Desktop/Path-Following-Robot/install/custom_interfaces/local/lib/python3.10/dist-packages/custom_interfaces-0.0.0-py3.10.egg-info/top_level.txt
[3.826s] -- Installing: /home/enryu/Desktop/Path-Following-Robot/install/custom_interfaces/local/lib/python3.10/dist-packages/custom_interfaces-0.0.0-py3.10.egg-info/PKG-INFO
[3.826s] -- Installing: /home/enryu/Desktop/Path-Following-Robot/install/custom_interfaces/local/lib/python3.10/dist-packages/custom_interfaces-0.0.0-py3.10.egg-info/dependency_links.txt
[3.826s] -- Installing: /home/enryu/Desktop/Path-Following-Robot/install/custom_interfaces/local/lib/python3.10/dist-packages/custom_interfaces-0.0.0-py3.10.egg-info/SOURCES.txt
[3.826s] -- Installing: /home/enryu/Desktop/Path-Following-Robot/install/custom_interfaces/local/lib/python3.10/dist-packages/custom_interfaces
[3.826s] -- Installing: /home/enryu/Desktop/Path-Following-Robot/install/custom_interfaces/local/lib/python3.10/dist-packages/custom_interfaces/_custom_interfaces_s.ep.rosidl_typesupport_fastrtps_c.c
[3.826s] -- Installing: /home/enryu/Desktop/Path-Following-Robot/install/custom_interfaces/local/lib/python3.10/dist-packages/custom_interfaces/msg
[3.827s] -- Installing: /home/enryu/Desktop/Path-Following-Robot/install/custom_interfaces/local/lib/python3.10/dist-packages/custom_interfaces/msg/_age.py
[3.827s] -- Installing: /home/enryu/Desktop/Path-Following-Robot/install/custom_interfaces/local/lib/python3.10/dist-packages/custom_interfaces/msg/__init__.py
[3.827s] -- Installing: /home/enryu/Desktop/Path-Following-Robot/install/custom_interfaces/local/lib/python3.10/dist-packages/custom_interfaces/msg/_age_s.c
[3.827s] -- Installing: /home/enryu/Desktop/Path-Following-Robot/install/custom_interfaces/local/lib/python3.10/dist-packages/custom_interfaces/custom_interfaces_s__rosidl_typesupport_introspection_c.cpython-310-x86_64-linux-gnu.so
[3.827s] -- Installing: /home/enryu/Desktop/Path-Following-Robot/install/custom_interfaces/local/lib/python3.10/dist-packages/custom_interfaces/custom_interfaces_s__rosidl_typesupport_c.cpython-310-x86_64-linux-gnu.so
[3.827s] -- Installing: /home/enryu/Desktop/Path-Following-Robot/install/custom_interfaces/local/lib/python3.10/dist-packages/custom_interfaces/libcustom_interfaces__rosidl_generator_py.so
[3.827s] -- Installing: /home/enryu/Desktop/Path-Following-Robot/install/custom_interfaces/local/lib/python3.10/dist-packages/custom_interfaces/custom_interfaces_s__rosidl_typesupport_fastrtps_c.cpython-310-x86_64-linux-gnu.so
[3.827s] -- Installing: /home/enryu/Desktop/Path-Following-Robot/install/custom_interfaces/local/lib/python3.10/dist-packages/custom_interfaces/__init__.py
[3.827s] -- Installing: /home/enryu/Desktop/Path-Following-Robot/install/custom_interfaces/local/lib/python3.10/dist-packages/custom_interfaces/_custom_interfaces_s.ep.rosidl_typesupport_introspection_c.c
[3.827s] -- Installing: /home/enryu/Desktop/Path-Following-Robot/install/custom_interfaces/local/lib/python3.10/dist-packages/custom_interfaces/_custom_interfaces_s.ep.rosidl_typesupport_c.c
[3.861s] Listing '/home/enryu/Desktop/Path-Following-Robot/install/custom_interfaces/local/lib/python3.10/dist-packages/custom_interfaces'...
[3.861s] Compiling '/home/enryu/Desktop/Path-Following-Robot/install/custom_interfaces/local/lib/python3.10/dist-packages/custom_interfaces/__init__.py'...
[3.861s] Listing '/home/enryu/Desktop/Path-Following-Robot/install/custom_interfaces/local/lib/python3.10/dist-packages/custom_interfaces/msg'...
[3.861s] Compiling '/home/enryu/Desktop/Path-Following-Robot/install/custom_interfaces/local/lib/python3.10/dist-packages/custom_interfaces/msg/__init__.py'...
[3.861s] Compiling '/home/enryu/Desktop/Path-Following-Robot/install/custom_interfaces/local/lib/python3.10/dist-packages/custom_interfaces/msg/_age.py'...
[3.866s] -- Installing: /home/enryu/Desktop/Path-Following-Robot/install/custom_interfaces/local/lib/python3.10/dist-packages/custom_interfaces/custom_interfaces_s__rosidl_typesupport_fastrtps_c.cpython-310-x86_64-linux-gnu.so
[3.866s] -- Set runtime path of "/home/enryu/Desktop/Path-Following-Robot/install/custom_interfaces/local/lib/python3.10/dist-packages/custom_interfaces/custom_interfaces_s__rosidl_typesupport_fastrtps_c.cpython-310-x86_64-linux-gnu.so" to ""
[3.867s] -- Installing: /home/enryu/Desktop/Path-Following-Robot/install/custom_interfaces/local/lib/python3.10/dist-packages/custom_interfaces/custom_interfaces_s__rosidl_typesupport_introspection_c.cpython-310-x86_64-linux-gnu.so
[3.867s] -- Set runtime path of "/home/enryu/Desktop/Path-Following-Robot/install/custom_interfaces/local/lib/python3.10/dist-packages/custom_interfaces/custom_interfaces_s__rosidl_typesupport_introspection_c.cpython-310-x86_64-linux-gnu.so" to ""
[3.867s] -- Installing: /home/enryu/Desktop/Path-Following-Robot/install/custom_interfaces/local/lib/python3.10/dist-packages/custom_interfaces/custom_interfaces_s__rosidl_typesupport_c.cpython-310-x86_64-linux-gnu.so
[3.868s] -- Set runtime path of "/home/enryu/Desktop/Path-Following-Robot/install/custom_interfaces/local/lib/python3.10/dist-packages/custom_interfaces/custom_interfaces_s__rosidl_typesupport_c.cpython-310-x86_64-linux-gnu.so" to ""
[3.868s] -- Installing: /home/enryu/Desktop/Path-Following-Robot/install/custom_interfaces/lib/libcustom_interfaces__rosidl_generator_py.so
[3.868s] -- Set runtime path of "/home/enryu/Desktop/Path-Following-Robot/install/custom_interfaces/lib/libcustom_interfaces__rosidl_generator_py.so" to ""
[3.868s] -- Installing: /home/enryu/Desktop/Path-Following-Robot/install/custom_interfaces/share/custom_interfaces/msg/Age.idl
[3.868s] -- Installing: /home/enryu/Desktop/Path-Following-Robot/install/custom_interfaces/share/custom_interfaces/msg/Age.msg
[3.868s] -- Installing: /home/enryu/Desktop/Path-Following-Robot/install/custom_interfaces/share/ament_index/resource_index/package_run_dependencies/custom_interfaces
[3.869s] -- Installing: /home/enryu/Desktop/Path-Following-Robot/install/custom_interfaces/share/ament_index/resource_index/parent_prefix_path/custom_interfaces
[3.869s] -- Installing: /home/enryu/Desktop/Path-Following-Robot/install/custom_interfaces/share/custom_interfaces/environment/ament_prefix_path.sh
[3.869s] -- Installing: /home/enryu/Desktop/Path-Following-Robot/install/custom_interfaces/share/custom_interfaces/environment/ament_prefix_path.dsv
[3.869s] -- Installing: /home/enryu/Desktop/Path-Following-Robot/install/custom_interfaces/share/custom_interfaces/environment/path.sh
[3.869s] -- Installing: /home/enryu/Desktop/Path-Following-Robot/install/custom_interfaces/share/custom_interfaces/environment/path.dsv
[3.869s] -- Installing: /home/enryu/Desktop/Path-Following-Robot/install/custom_interfaces/share/custom_interfaces/local_setup.bash
[3.869s] -- Installing: /home/enryu/Desktop/Path-Following-Robot/install/custom_interfaces/share/custom_interfaces/local_setup.sh
[3.869s] -- Installing: /home/enryu/Desktop/Path-Following-Robot/install/custom_interfaces/share/custom_interfaces/local_setup.zsh
[3.870s] -- Installing: /home/enryu/Desktop/Path-Following-Robot/install/custom_interfaces/share/custom_interfaces/local_setup.dsv
[3.870s] -- Installing: /home/enryu/Desktop/Path-Following-Robot/install/custom_interfaces/share/custom_interfaces/package.dsv
[3.870s] -- Installing: /home/enryu/Desktop/Path-Following-Robot/install/custom_interfaces/share/ament_index/resource_index/packages/custom_interfaces
[3.870s] -- Installing: /home/enryu/Desktop/Path-Following-Robot/install/custom_interfaces/share/custom_interfaces/cmake/export_custom_interfaces__rosidl_generator_cExport.cmake
[3.870s] -- Installing: /home/enryu/Desktop/Path-Following-Robot/install/custom_interfaces/share/custom_interfaces/cmake/export_custom_interfaces__rosidl_generator_cExport-noconfig.cmake
[3.870s] -- Installing: /home/enryu/Desktop/Path-Following-Robot/install/custom_interfaces/share/custom_interfaces/cmake/export_custom_interfaces__rosidl_typesupport_fastrtps_cExport.cmake
[3.870s] -- Installing: /home/enryu/Desktop/Path-Following-Robot/install/custom_interfaces/share/custom_interfaces/cmake/export_custom_interfaces__rosidl_typesupport_fastrtps_cExport-noconfig.cmake
[3.870s] -- Installing: /home/enryu/Desktop/Path-Following-Robot/install/custom_interfaces/share/custom_interfaces/cmake/export_custom_interfaces__rosidl_generator_cppExport.cmake
[3.871s] -- Installing: /home/enryu/Desktop/Path-Following-Robot/install/custom_interfaces/share/custom_interfaces/cmake/export_custom_interfaces__rosidl_typesupport_fastrtps_cppExport.cmake
[3.871s] -- Installing: /home/enryu/Desktop/Path-Following-Robot/install/custom_interfaces/share/custom_interfaces/cmake/export_custom_interfaces__rosidl_typesupport_fastrtps_cppExport-noconfig.cmake
[3.871s] -- Installing: /home/enryu/Desktop/Path-Following-Robot/install/custom_interfaces/share/custom_interfaces/cmake/custom_interfaces__rosidl_typesupport_introspection_cExport.cmake
[3.871s] -- Installing: /home/enryu/Desktop/Path-Following-Robot/install/custom_interfaces/share/custom_interfaces/cmake/custom_interfaces__rosidl_typesupport_introspection_cExport-noconfig.cmake
[3.871s] -- Installing: /home/enryu/Desktop/Path-Following-Robot/install/custom_interfaces/share/custom_interfaces/cmake/custom_interfaces__rosidl_typesupport_cExport.cmake
[3.871s] -- Installing: /home/enryu/Desktop/Path-Following-Robot/install/custom_interfaces/share/custom_interfaces/cmake/custom_interfaces__rosidl_typesupport_cExport-noconfig.cmake
[3.871s] -- Installing: /home/enryu/Desktop/Path-Following-Robot/install/custom_interfaces/share/custom_interfaces/cmake/custom_interfaces__rosidl_typesupport_introspection_cppExport.cmake
[3.872s] -- Installing: /home/enryu/Desktop/Path-Following-Robot/install/custom_interfaces/share/custom_interfaces/cmake/custom_interfaces__rosidl_typesupport_introspection_cppExport-noconfig.cmake
[3.872s] -- Installing: /home/enryu/Desktop/Path-Following-Robot/install/custom_interfaces/share/custom_interfaces/cmake/custom_interfaces__rosidl_typesupport_cppExport.cmake
[3.872s] -- Installing: /home/enryu/Desktop/Path-Following-Robot/install/custom_interfaces/share/custom_interfaces/cmake/custom_interfaces__rosidl_typesupport_cppExport-noconfig.cmake
[3.872s] -- Installing: /home/enryu/Desktop/Path-Following-Robot/install/custom_interfaces/share/custom_interfaces/cmake/export_custom_interfaces__rosidl_generator_pyExport.cmake
[3.872s] -- Installing: /home/enryu/Desktop/Path-Following-Robot/install/custom_interfaces/share/custom_interfaces/cmake/export_custom_interfaces__rosidl_generator_pyExport-noconfig.cmake
[3.872s] -- Installing: /home/enryu/Desktop/Path-Following-Robot/install/custom_interfaces/share/custom_interfaces/cmake/rosidl_cmake-extras.cmake
[3.872s] -- Installing: /home/enryu/Desktop/Path-Following-Robot/install/custom_interfaces/share/custom_interfaces/cmake/ament_cmake_export_include_directories-extras.cmake
[3.873s] -- Installing: /home/enryu/Desktop/Path-Following-Robot/install/custom_interfaces/share/custom_interfaces/cmake/ament_cmake_export_libraries-extras.cmake
[3.873s] -- Installing: /home/enryu/Desktop/Path-Following-Robot/install/custom_interfaces/share/custom_interfaces/cmake/ament_cmake_export_targets-extras.cmake
[3.873s] -- Installing: /home/enryu/Desktop/Path-Following-Robot/install/custom_interfaces/share/custom_interfaces/cmake/rosidl_cmake_export_typesupport_targets-extras.cmake
[3.873s] -- Installing: /home/enryu/Desktop/Path-Following-Robot/install/custom_interfaces/share/custom_interfaces/cmake/ament_cmake_export_dependencies-extras.cmake
[3.873s] -- Installing: /home/enryu/Desktop/Path-Following-Robot/install/custom_interfaces/share/custom_interfaces/cmake/rosidl_cmake_export_typesupport_libraries-extras.cmake
[3.873s] -- Installing: /home/enryu/Desktop/Path-Following-Robot/install/custom_interfaces/share/custom_interfaces/cmake/custom_interfacesConfig.cmake
[3.873s] -- Installing: /home/enryu/Desktop/Path-Following-Robot/install/custom_interfaces/share/custom_interfaces/cmake/custom_interfacesConfig-version.cmake
[3.873s] -- Installing: /home/enryu/Desktop/Path-Following-Robot/install/custom_interfaces/share/custom_interfaces/package.xml
[3.876s] Invoked command in '/home/enryu/Desktop/Path-Following-Robot/build/custom_interfaces' returned '0': CMAKE_PREFIX_PATH=${CMAKE_PREFIX_PATH}:/home/enryu/Desktop/Path-Following-Robot/install/robot_description:/opt/ros/humble /usr/bin/cmake --install /home/enryu/Desktop/Path-Following-Robot/build/custom_interfaces
