[0.020s] Invoking command in '/home/enryu/Desktop/Path-Following-Robot/build/executor_pkg': CMAKE_PREFIX_PATH=${CMAKE_PREFIX_PATH}:/home/enryu/Desktop/Path-Following-Robot/install/robot_description:/opt/ros/humble /usr/bin/cmake /home/enryu/Desktop/Path-Following-Robot/src/executor_pkg -DCMAKE_INSTALL_PREFIX=/home/enryu/Desktop/Path-Following-Robot/install/executor_pkg
[0.283s] -- The C compiler identification is GNU 11.4.0
[0.283s] -- The CXX compiler identification is GNU 11.4.0
[0.283s] -- Detecting C compiler ABI info
[0.283s] -- Detecting C compiler ABI info - done
[0.284s] -- Check for working C compiler: /usr/bin/cc - skipped
[0.284s] -- Detecting C compile features
[0.284s] -- Detecting C compile features - done
[0.284s] -- Detecting CXX compiler ABI info
[0.284s] -- Detecting CXX compiler ABI info - done
[0.287s] -- Check for working CXX compiler: /usr/bin/c++ - skipped
[0.287s] -- Detecting CXX compile features
[0.287s] -- Detecting CXX compile features - done
[0.290s] -- Found ament_cmake: 1.3.12 (/opt/ros/humble/share/ament_cmake/cmake)
[0.465s] -- Found Python3: /usr/bin/python3 (found version "3.10.12") found components: Interpreter 
[0.559s] -- Found rclcpp: 16.0.14 (/opt/ros/humble/share/rclcpp/cmake)
[0.598s] -- Found rosidl_generator_c: 3.1.7 (/opt/ros/humble/share/rosidl_generator_c/cmake)
[0.602s] -- Found rosidl_adapter: 3.1.7 (/opt/ros/humble/share/rosidl_adapter/cmake)
[0.610s] -- Found rosidl_generator_cpp: 3.1.7 (/opt/ros/humble/share/rosidl_generator_cpp/cmake)
[0.622s] -- Using all available rosidl_typesupport_c: rosidl_typesupport_fastrtps_c;rosidl_typesupport_introspection_c
[0.637s] -- Using all available rosidl_typesupport_cpp: rosidl_typesupport_fastrtps_cpp;rosidl_typesupport_introspection_cpp
[0.681s] -- Found rmw_implementation_cmake: 6.1.2 (/opt/ros/humble/share/rmw_implementation_cmake/cmake)
[0.683s] -- Found rmw_fastrtps_cpp: 6.2.8 (/opt/ros/humble/share/rmw_fastrtps_cpp/cmake)
[0.771s] -- Found OpenSSL: /usr/lib/x86_64-linux-gnu/libcrypto.so (found version "3.0.2")  
[0.799s] -- Found FastRTPS: /opt/ros/humble/include  
[0.840s] -- Using RMW implementation 'rmw_fastrtps_cpp' as default
[0.847s] -- Looking for pthread.h
[0.920s] -- Looking for pthread.h - found
[0.921s] -- Performing Test CMAKE_HAVE_LIBC_PTHREAD
[1.002s] -- Performing Test CMAKE_HAVE_LIBC_PTHREAD - Success
[1.003s] -- Found Threads: TRUE  
[1.055s] -- Found ament_lint_auto: 0.12.14 (/opt/ros/humble/share/ament_lint_auto/cmake)
[1.136s] -- Added test 'cppcheck' to perform static code analysis on C / C++ code
[1.136s] -- Configured cppcheck include dirs: 
[1.136s] -- Configured cppcheck exclude dirs and/or files: 
[1.136s] -- Added test 'lint_cmake' to check CMake code style
[1.137s] -- Added test 'uncrustify' to check C / C++ code style
[1.137s] -- Configured uncrustify additional arguments: 
[1.138s] -- Added test 'xmllint' to check XML markup files
[1.139s] -- Configuring done
[1.143s] -- Generating done
[1.145s] -- Build files have been written to: /home/enryu/Desktop/Path-Following-Robot/build/executor_pkg
[1.155s] Invoked command in '/home/enryu/Desktop/Path-Following-Robot/build/executor_pkg' returned '0': CMAKE_PREFIX_PATH=${CMAKE_PREFIX_PATH}:/home/enryu/Desktop/Path-Following-Robot/install/robot_description:/opt/ros/humble /usr/bin/cmake /home/enryu/Desktop/Path-Following-Robot/src/executor_pkg -DCMAKE_INSTALL_PREFIX=/home/enryu/Desktop/Path-Following-Robot/install/executor_pkg
[1.158s] Invoking command in '/home/enryu/Desktop/Path-Following-Robot/build/executor_pkg': CMAKE_PREFIX_PATH=${CMAKE_PREFIX_PATH}:/home/enryu/Desktop/Path-Following-Robot/install/robot_description:/opt/ros/humble /usr/bin/cmake --build /home/enryu/Desktop/Path-Following-Robot/build/executor_pkg -- -j12 -l12
[1.197s] Invoked command in '/home/enryu/Desktop/Path-Following-Robot/build/executor_pkg' returned '0': CMAKE_PREFIX_PATH=${CMAKE_PREFIX_PATH}:/home/enryu/Desktop/Path-Following-Robot/install/robot_description:/opt/ros/humble /usr/bin/cmake --build /home/enryu/Desktop/Path-Following-Robot/build/executor_pkg -- -j12 -l12
[1.207s] Invoking command in '/home/enryu/Desktop/Path-Following-Robot/build/executor_pkg': CMAKE_PREFIX_PATH=${CMAKE_PREFIX_PATH}:/home/enryu/Desktop/Path-Following-Robot/install/robot_description:/opt/ros/humble /usr/bin/cmake --install /home/enryu/Desktop/Path-Following-Robot/build/executor_pkg
[1.214s] -- Install configuration: ""
[1.214s] -- Installing: /home/enryu/Desktop/Path-Following-Robot/install/executor_pkg/share/ament_index/resource_index/package_run_dependencies/executor_pkg
[1.214s] -- Installing: /home/enryu/Desktop/Path-Following-Robot/install/executor_pkg/share/ament_index/resource_index/parent_prefix_path/executor_pkg
[1.215s] -- Installing: /home/enryu/Desktop/Path-Following-Robot/install/executor_pkg/share/executor_pkg/environment/ament_prefix_path.sh
[1.215s] -- Installing: /home/enryu/Desktop/Path-Following-Robot/install/executor_pkg/share/executor_pkg/environment/ament_prefix_path.dsv
[1.215s] -- Installing: /home/enryu/Desktop/Path-Following-Robot/install/executor_pkg/share/executor_pkg/environment/path.sh
[1.215s] -- Installing: /home/enryu/Desktop/Path-Following-Robot/install/executor_pkg/share/executor_pkg/environment/path.dsv
[1.215s] -- Installing: /home/enryu/Desktop/Path-Following-Robot/install/executor_pkg/share/executor_pkg/local_setup.bash
[1.215s] -- Installing: /home/enryu/Desktop/Path-Following-Robot/install/executor_pkg/share/executor_pkg/local_setup.sh
[1.216s] -- Installing: /home/enryu/Desktop/Path-Following-Robot/install/executor_pkg/share/executor_pkg/local_setup.zsh
[1.216s] -- Installing: /home/enryu/Desktop/Path-Following-Robot/install/executor_pkg/share/executor_pkg/local_setup.dsv
[1.216s] -- Installing: /home/enryu/Desktop/Path-Following-Robot/install/executor_pkg/share/executor_pkg/package.dsv
[1.216s] -- Installing: /home/enryu/Desktop/Path-Following-Robot/install/executor_pkg/share/ament_index/resource_index/packages/executor_pkg
[1.216s] -- Installing: /home/enryu/Desktop/Path-Following-Robot/install/executor_pkg/share/executor_pkg/cmake/executor_pkgConfig.cmake
[1.216s] -- Installing: /home/enryu/Desktop/Path-Following-Robot/install/executor_pkg/share/executor_pkg/cmake/executor_pkgConfig-version.cmake
[1.216s] -- Installing: /home/enryu/Desktop/Path-Following-Robot/install/executor_pkg/share/executor_pkg/package.xml
[1.219s] Invoked command in '/home/enryu/Desktop/Path-Following-Robot/build/executor_pkg' returned '0': CMAKE_PREFIX_PATH=${CMAKE_PREFIX_PATH}:/home/enryu/Desktop/Path-Following-Robot/install/robot_description:/opt/ros/humble /usr/bin/cmake --install /home/enryu/Desktop/Path-Following-Robot/build/executor_pkg
