[0.023s] Invoking command in '/home/enryu/Desktop/Path-Following-Robot/build/custom_interfaces': CMAKE_PREFIX_PATH=${CMAKE_PREFIX_PATH}:/home/enryu/Desktop/Path-Following-Robot/install/teleop_twist_keyboard:/home/enryu/Desktop/Path-Following-Robot/install/robot_description:/opt/ros/humble /usr/bin/cmake /home/enryu/Desktop/Path-Following-Robot/src/custom_interfaces -DCMAKE_INSTALL_PREFIX=/home/enryu/Desktop/Path-Following-Robot/install/custom_interfaces
[0.284s] -- The C compiler identification is GNU 11.4.0
[0.285s] -- The CXX compiler identification is GNU 11.4.0
[0.285s] -- Detecting C compiler ABI info
[0.285s] -- Detecting C compiler ABI info - done
[0.285s] -- Check for working C compiler: /usr/bin/cc - skipped
[0.285s] -- Detecting C compile features
[0.285s] -- Detecting C compile features - done
[0.285s] -- Detecting CXX compiler ABI info
[0.302s] -- Detecting CXX compiler ABI info - done
[0.309s] -- Check for working CXX compiler: /usr/bin/c++ - skipped
[0.309s] -- Detecting CXX compile features
[0.309s] -- Detecting CXX compile features - done
[0.312s] -- Found ament_cmake: 1.3.12 (/opt/ros/humble/share/ament_cmake/cmake)
[0.490s] -- Found Python3: /usr/bin/python3 (found version "3.10.12") found components: Interpreter 
[0.576s] -- Found rclcpp: 16.0.14 (/opt/ros/humble/share/rclcpp/cmake)
[0.615s] -- Found rosidl_generator_c: 3.1.7 (/opt/ros/humble/share/rosidl_generator_c/cmake)
[0.620s] -- Found rosidl_adapter: 3.1.7 (/opt/ros/humble/share/rosidl_adapter/cmake)
[0.628s] -- Found rosidl_generator_cpp: 3.1.7 (/opt/ros/humble/share/rosidl_generator_cpp/cmake)
[0.641s] -- Using all available rosidl_typesupport_c: rosidl_typesupport_fastrtps_c;rosidl_typesupport_introspection_c
[0.657s] -- Using all available rosidl_typesupport_cpp: rosidl_typesupport_fastrtps_cpp;rosidl_typesupport_introspection_cpp
[0.702s] -- Found rmw_implementation_cmake: 6.1.2 (/opt/ros/humble/share/rmw_implementation_cmake/cmake)
[0.704s] -- Found rmw_fastrtps_cpp: 6.2.8 (/opt/ros/humble/share/rmw_fastrtps_cpp/cmake)
[0.795s] -- Found OpenSSL: /usr/lib/x86_64-linux-gnu/libcrypto.so (found version "3.0.2")  
[0.822s] -- Found FastRTPS: /opt/ros/humble/include  
[0.862s] -- Using RMW implementation 'rmw_fastrtps_cpp' as default
[0.870s] -- Looking for pthread.h
[0.944s] -- Looking for pthread.h - found
[0.945s] -- Performing Test CMAKE_HAVE_LIBC_PTHREAD
[1.022s] -- Performing Test CMAKE_HAVE_LIBC_PTHREAD - Success
[1.025s] -- Found Threads: TRUE  
[1.074s] -- Found rosidl_default_generators: 1.2.0 (/opt/ros/humble/share/rosidl_default_generators/cmake)
[1.331s] -- Found ament_cmake_ros: 0.10.0 (/opt/ros/humble/share/ament_cmake_ros/cmake)
[1.616s] -- Using all available rosidl_typesupport_c: rosidl_typesupport_fastrtps_c;rosidl_typesupport_introspection_c
[1.729s] -- Using all available rosidl_typesupport_cpp: rosidl_typesupport_fastrtps_cpp;rosidl_typesupport_introspection_cpp
[1.751s] -- Found PythonInterp: /usr/bin/python3 (found suitable version "3.10.12", minimum required is "3.6") 
[1.753s] -- Found python_cmake_module: 0.10.0 (/opt/ros/humble/share/python_cmake_module/cmake)
[1.776s] -- Found PythonLibs: /usr/lib/x86_64-linux-gnu/libpython3.10.so (found suitable version "3.10.12", minimum required is "3.5") 
[1.776s] -- Using PYTHON_EXECUTABLE: /usr/bin/python3
[1.776s] -- Using PYTHON_INCLUDE_DIRS: /usr/include/python3.10
[1.777s] -- Using PYTHON_LIBRARIES: /usr/lib/x86_64-linux-gnu/libpython3.10.so
[1.797s] -- Found PythonExtra: .so  
[1.835s] -- Configuring done
[1.865s] -- Generating done
[1.875s] -- Build files have been written to: /home/enryu/Desktop/Path-Following-Robot/build/custom_interfaces
[1.886s] Invoked command in '/home/enryu/Desktop/Path-Following-Robot/build/custom_interfaces' returned '0': CMAKE_PREFIX_PATH=${CMAKE_PREFIX_PATH}:/home/enryu/Desktop/Path-Following-Robot/install/teleop_twist_keyboard:/home/enryu/Desktop/Path-Following-Robot/install/robot_description:/opt/ros/humble /usr/bin/cmake /home/enryu/Desktop/Path-Following-Robot/src/custom_interfaces -DCMAKE_INSTALL_PREFIX=/home/enryu/Desktop/Path-Following-Robot/install/custom_interfaces
[1.888s] Invoking command in '/home/enryu/Desktop/Path-Following-Robot/build/custom_interfaces': CMAKE_PREFIX_PATH=${CMAKE_PREFIX_PATH}:/home/enryu/Desktop/Path-Following-Robot/install/teleop_twist_keyboard:/home/enryu/Desktop/Path-Following-Robot/install/robot_description:/opt/ros/humble /usr/bin/cmake --build /home/enryu/Desktop/Path-Following-Robot/build/custom_interfaces -- -j12 -l12
[1.928s] [  3%] [34m[1mGenerating C code for ROS interfaces[0m
[1.946s] [  6%] [34m[1mGenerating C++ code for ROS interfaces[0m
[1.947s] [  6%] Built target ament_cmake_python_copy_custom_interfaces
[2.266s] running egg_info
[2.266s] creating custom_interfaces.egg-info
[2.266s] writing custom_interfaces.egg-info/PKG-INFO
[2.267s] writing dependency_links to custom_interfaces.egg-info/dependency_links.txt
[2.267s] writing top-level names to custom_interfaces.egg-info/top_level.txt
[2.267s] writing manifest file 'custom_interfaces.egg-info/SOURCES.txt'
[2.270s] reading manifest file 'custom_interfaces.egg-info/SOURCES.txt'
[2.271s] writing manifest file 'custom_interfaces.egg-info/SOURCES.txt'
[2.307s] [  6%] Built target ament_cmake_python_build_custom_interfaces_egg
[2.307s] [  6%] Built target custom_interfaces__cpp
[2.310s] [  9%] [32mBuilding C object CMakeFiles/custom_interfaces__rosidl_generator_c.dir/rosidl_generator_c/custom_interfaces/msg/detail/age__functions.c.o[0m
[2.317s] [ 16%] [34m[1mGenerating C++ introspection for ROS interfaces[0m
[2.317s] [ 16%] [34m[1mGenerating C++ type support for eProsima Fast-RTPS[0m
[2.320s] [ 19%] [34m[1mGenerating C++ type support dispatch for ROS interfaces[0m
[2.358s] [ 22%] [32m[1mLinking C shared library libcustom_interfaces__rosidl_generator_c.so[0m
[2.402s] [ 22%] Built target custom_interfaces__rosidl_generator_c
[2.416s] [ 32%] [34m[1mGenerating C introspection for ROS interfaces[0m
[2.417s] [ 32%] [34m[1mGenerating C type support for eProsima Fast-RTPS[0m
[2.417s] [ 32%] [34m[1mGenerating C type support dispatch for ROS interfaces[0m
[2.566s] [ 35%] [32mBuilding CXX object CMakeFiles/custom_interfaces__rosidl_typesupport_introspection_cpp.dir/rosidl_typesupport_introspection_cpp/custom_interfaces/msg/detail/age__type_support.cpp.o[0m
[2.683s] [ 38%] [32mBuilding CXX object CMakeFiles/custom_interfaces__rosidl_typesupport_cpp.dir/rosidl_typesupport_cpp/custom_interfaces/msg/age__type_support.cpp.o[0m
[2.707s] [ 41%] [32mBuilding CXX object CMakeFiles/custom_interfaces__rosidl_typesupport_fastrtps_cpp.dir/rosidl_typesupport_fastrtps_cpp/custom_interfaces/msg/detail/dds_fastrtps/age__type_support.cpp.o[0m
[2.784s] [ 45%] [32mBuilding CXX object CMakeFiles/custom_interfaces__rosidl_typesupport_c.dir/rosidl_typesupport_c/custom_interfaces/msg/age__type_support.cpp.o[0m
[2.822s] [ 48%] [32m[1mLinking CXX shared library libcustom_interfaces__rosidl_typesupport_c.so[0m
[2.827s] [ 51%] [32mBuilding CXX object CMakeFiles/custom_interfaces__rosidl_typesupport_fastrtps_c.dir/rosidl_typesupport_fastrtps_c/custom_interfaces/msg/detail/age__type_support_c.cpp.o[0m
[2.829s] [ 54%] [32mBuilding C object CMakeFiles/custom_interfaces__rosidl_typesupport_introspection_c.dir/rosidl_typesupport_introspection_c/custom_interfaces/msg/detail/age__type_support.c.o[0m
[2.871s] [ 54%] Built target custom_interfaces__rosidl_typesupport_c
[2.878s] [ 58%] [32m[1mLinking C shared library libcustom_interfaces__rosidl_typesupport_introspection_c.so[0m
[2.911s] [ 58%] Built target custom_interfaces__rosidl_typesupport_introspection_c
[2.965s] [ 61%] [32m[1mLinking CXX shared library libcustom_interfaces__rosidl_typesupport_introspection_cpp.so[0m
[3.008s] [ 61%] Built target custom_interfaces__rosidl_typesupport_introspection_cpp
[3.078s] [ 64%] [32m[1mLinking CXX shared library libcustom_interfaces__rosidl_typesupport_cpp.so[0m
[3.100s] [ 67%] [32m[1mLinking CXX shared library libcustom_interfaces__rosidl_typesupport_fastrtps_cpp.so[0m
[3.120s] [ 67%] Built target custom_interfaces__rosidl_typesupport_cpp
[3.184s] [ 67%] Built target custom_interfaces__rosidl_typesupport_fastrtps_cpp
[3.187s] [ 70%] [32m[1mLinking CXX shared library libcustom_interfaces__rosidl_typesupport_fastrtps_c.so[0m
[3.269s] [ 70%] Built target custom_interfaces__rosidl_typesupport_fastrtps_c
[3.290s] [ 70%] Built target custom_interfaces
[3.310s] [ 74%] [34m[1mGenerating Python code for ROS interfaces[0m
[3.581s] [ 74%] Built target custom_interfaces__py
[3.602s] [ 77%] [32mBuilding C object CMakeFiles/custom_interfaces__rosidl_generator_py.dir/rosidl_generator_py/custom_interfaces/msg/_age_s.c.o[0m
[3.698s] [ 80%] [32m[1mLinking C shared library rosidl_generator_py/custom_interfaces/libcustom_interfaces__rosidl_generator_py.so[0m
[3.737s] [ 80%] Built target custom_interfaces__rosidl_generator_py
[3.757s] [ 90%] [32mBuilding C object CMakeFiles/custom_interfaces__rosidl_typesupport_c__pyext.dir/rosidl_generator_py/custom_interfaces/_custom_interfaces_s.ep.rosidl_typesupport_c.c.o[0m
[3.757s] [ 90%] [32mBuilding C object CMakeFiles/custom_interfaces__rosidl_typesupport_introspection_c__pyext.dir/rosidl_generator_py/custom_interfaces/_custom_interfaces_s.ep.rosidl_typesupport_introspection_c.c.o[0m
[3.757s] [ 90%] [32mBuilding C object CMakeFiles/custom_interfaces__rosidl_typesupport_fastrtps_c__pyext.dir/rosidl_generator_py/custom_interfaces/_custom_interfaces_s.ep.rosidl_typesupport_fastrtps_c.c.o[0m
[3.845s] [ 93%] [32m[1mLinking C shared library rosidl_generator_py/custom_interfaces/custom_interfaces_s__rosidl_typesupport_c.cpython-310-x86_64-linux-gnu.so[0m
[3.851s] [100%] [32m[1mLinking C shared library rosidl_generator_py/custom_interfaces/custom_interfaces_s__rosidl_typesupport_introspection_c.cpython-310-x86_64-linux-gnu.so[0m
[3.851s] [100%] [32m[1mLinking C shared library rosidl_generator_py/custom_interfaces/custom_interfaces_s__rosidl_typesupport_fastrtps_c.cpython-310-x86_64-linux-gnu.so[0m
[3.879s] [100%] Built target custom_interfaces__rosidl_typesupport_c__pyext
[3.886s] [100%] Built target custom_interfaces__rosidl_typesupport_fastrtps_c__pyext
[3.890s] [100%] Built target custom_interfaces__rosidl_typesupport_introspection_c__pyext
[3.903s] Invoked command in '/home/enryu/Desktop/Path-Following-Robot/build/custom_interfaces' returned '0': CMAKE_PREFIX_PATH=${CMAKE_PREFIX_PATH}:/home/enryu/Desktop/Path-Following-Robot/install/teleop_twist_keyboard:/home/enryu/Desktop/Path-Following-Robot/install/robot_description:/opt/ros/humble /usr/bin/cmake --build /home/enryu/Desktop/Path-Following-Robot/build/custom_interfaces -- -j12 -l12
[3.904s] Invoking command in '/home/enryu/Desktop/Path-Following-Robot/build/custom_interfaces': CMAKE_PREFIX_PATH=${CMAKE_PREFIX_PATH}:/home/enryu/Desktop/Path-Following-Robot/install/teleop_twist_keyboard:/home/enryu/Desktop/Path-Following-Robot/install/robot_description:/opt/ros/humble /usr/bin/cmake --install /home/enryu/Desktop/Path-Following-Robot/build/custom_interfaces
[3.913s] -- Install configuration: ""
[3.913s] -- Installing: /home/enryu/Desktop/Path-Following-Robot/install/custom_interfaces/share/ament_index/resource_index/rosidl_interfaces/custom_interfaces
[3.913s] -- Installing: /home/enryu/Desktop/Path-Following-Robot/install/custom_interfaces/include/custom_interfaces/custom_interfaces
[3.913s] -- Installing: /home/enryu/Desktop/Path-Following-Robot/install/custom_interfaces/include/custom_interfaces/custom_interfaces/msg
[3.913s] -- Installing: /home/enryu/Desktop/Path-Following-Robot/install/custom_interfaces/include/custom_interfaces/custom_interfaces/msg/age.h
[3.913s] -- Installing: /home/enryu/Desktop/Path-Following-Robot/install/custom_interfaces/include/custom_interfaces/custom_interfaces/msg/detail
[3.913s] -- Installing: /home/enryu/Desktop/Path-Following-Robot/install/custom_interfaces/include/custom_interfaces/custom_interfaces/msg/detail/age__struct.h
[3.913s] -- Installing: /home/enryu/Desktop/Path-Following-Robot/install/custom_interfaces/include/custom_interfaces/custom_interfaces/msg/detail/age__functions.c
[3.913s] -- Installing: /home/enryu/Desktop/Path-Following-Robot/install/custom_interfaces/include/custom_interfaces/custom_interfaces/msg/detail/age__type_support.h
[3.914s] -- Installing: /home/enryu/Desktop/Path-Following-Robot/install/custom_interfaces/include/custom_interfaces/custom_interfaces/msg/detail/age__functions.h
[3.914s] -- Installing: /home/enryu/Desktop/Path-Following-Robot/install/custom_interfaces/include/custom_interfaces/custom_interfaces/msg/rosidl_generator_c__visibility_control.h
[3.914s] -- Installing: /home/enryu/Desktop/Path-Following-Robot/install/custom_interfaces/share/custom_interfaces/environment/library_path.sh
[3.914s] -- Installing: /home/enryu/Desktop/Path-Following-Robot/install/custom_interfaces/share/custom_interfaces/environment/library_path.dsv
[3.914s] -- Installing: /home/enryu/Desktop/Path-Following-Robot/install/custom_interfaces/lib/libcustom_interfaces__rosidl_generator_c.so
[3.914s] -- Set runtime path of "/home/enryu/Desktop/Path-Following-Robot/install/custom_interfaces/lib/libcustom_interfaces__rosidl_generator_c.so" to ""
[3.915s] -- Up-to-date: /home/enryu/Desktop/Path-Following-Robot/install/custom_interfaces/include/custom_interfaces/custom_interfaces
[3.915s] -- Up-to-date: /home/enryu/Desktop/Path-Following-Robot/install/custom_interfaces/include/custom_interfaces/custom_interfaces/msg
[3.915s] -- Up-to-date: /home/enryu/Desktop/Path-Following-Robot/install/custom_interfaces/include/custom_interfaces/custom_interfaces/msg/detail
[3.915s] -- Installing: /home/enryu/Desktop/Path-Following-Robot/install/custom_interfaces/include/custom_interfaces/custom_interfaces/msg/detail/age__rosidl_typesupport_fastrtps_c.h
[3.915s] -- Installing: /home/enryu/Desktop/Path-Following-Robot/install/custom_interfaces/include/custom_interfaces/custom_interfaces/msg/rosidl_typesupport_fastrtps_c__visibility_control.h
[3.915s] -- Installing: /home/enryu/Desktop/Path-Following-Robot/install/custom_interfaces/lib/libcustom_interfaces__rosidl_typesupport_fastrtps_c.so
[3.915s] -- Set runtime path of "/home/enryu/Desktop/Path-Following-Robot/install/custom_interfaces/lib/libcustom_interfaces__rosidl_typesupport_fastrtps_c.so" to ""
[3.915s] -- Up-to-date: /home/enryu/Desktop/Path-Following-Robot/install/custom_interfaces/include/custom_interfaces/custom_interfaces
[3.915s] -- Up-to-date: /home/enryu/Desktop/Path-Following-Robot/install/custom_interfaces/include/custom_interfaces/custom_interfaces/msg
[3.916s] -- Installing: /home/enryu/Desktop/Path-Following-Robot/install/custom_interfaces/include/custom_interfaces/custom_interfaces/msg/age.hpp
[3.916s] -- Installing: /home/enryu/Desktop/Path-Following-Robot/install/custom_interfaces/include/custom_interfaces/custom_interfaces/msg/rosidl_generator_cpp__visibility_control.hpp
[3.916s] -- Up-to-date: /home/enryu/Desktop/Path-Following-Robot/install/custom_interfaces/include/custom_interfaces/custom_interfaces/msg/detail
[3.916s] -- Installing: /home/enryu/Desktop/Path-Following-Robot/install/custom_interfaces/include/custom_interfaces/custom_interfaces/msg/detail/age__struct.hpp
[3.916s] -- Installing: /home/enryu/Desktop/Path-Following-Robot/install/custom_interfaces/include/custom_interfaces/custom_interfaces/msg/detail/age__traits.hpp
[3.916s] -- Installing: /home/enryu/Desktop/Path-Following-Robot/install/custom_interfaces/include/custom_interfaces/custom_interfaces/msg/detail/age__type_support.hpp
[3.916s] -- Installing: /home/enryu/Desktop/Path-Following-Robot/install/custom_interfaces/include/custom_interfaces/custom_interfaces/msg/detail/age__builder.hpp
[3.916s] -- Up-to-date: /home/enryu/Desktop/Path-Following-Robot/install/custom_interfaces/include/custom_interfaces/custom_interfaces
[3.916s] -- Up-to-date: /home/enryu/Desktop/Path-Following-Robot/install/custom_interfaces/include/custom_interfaces/custom_interfaces/msg
[3.916s] -- Installing: /home/enryu/Desktop/Path-Following-Robot/install/custom_interfaces/include/custom_interfaces/custom_interfaces/msg/rosidl_typesupport_fastrtps_cpp__visibility_control.h
[3.917s] -- Up-to-date: /home/enryu/Desktop/Path-Following-Robot/install/custom_interfaces/include/custom_interfaces/custom_interfaces/msg/detail
[3.917s] -- Installing: /home/enryu/Desktop/Path-Following-Robot/install/custom_interfaces/include/custom_interfaces/custom_interfaces/msg/detail/age__rosidl_typesupport_fastrtps_cpp.hpp
[3.917s] -- Installing: /home/enryu/Desktop/Path-Following-Robot/install/custom_interfaces/include/custom_interfaces/custom_interfaces/msg/detail/dds_fastrtps
[3.917s] -- Installing: /home/enryu/Desktop/Path-Following-Robot/install/custom_interfaces/lib/libcustom_interfaces__rosidl_typesupport_fastrtps_cpp.so
[3.917s] -- Set runtime path of "/home/enryu/Desktop/Path-Following-Robot/install/custom_interfaces/lib/libcustom_interfaces__rosidl_typesupport_fastrtps_cpp.so" to ""
[3.917s] -- Up-to-date: /home/enryu/Desktop/Path-Following-Robot/install/custom_interfaces/include/custom_interfaces/custom_interfaces
[3.917s] -- Up-to-date: /home/enryu/Desktop/Path-Following-Robot/install/custom_interfaces/include/custom_interfaces/custom_interfaces/msg
[3.917s] -- Up-to-date: /home/enryu/Desktop/Path-Following-Robot/install/custom_interfaces/include/custom_interfaces/custom_interfaces/msg/detail
[3.917s] -- Installing: /home/enryu/Desktop/Path-Following-Robot/install/custom_interfaces/include/custom_interfaces/custom_interfaces/msg/detail/age__rosidl_typesupport_introspection_c.h
[3.917s] -- Installing: /home/enryu/Desktop/Path-Following-Robot/install/custom_interfaces/include/custom_interfaces/custom_interfaces/msg/detail/age__type_support.c
[3.917s] -- Installing: /home/enryu/Desktop/Path-Following-Robot/install/custom_interfaces/include/custom_interfaces/custom_interfaces/msg/rosidl_typesupport_introspection_c__visibility_control.h
[3.917s] -- Installing: /home/enryu/Desktop/Path-Following-Robot/install/custom_interfaces/lib/libcustom_interfaces__rosidl_typesupport_introspection_c.so
[3.918s] -- Set runtime path of "/home/enryu/Desktop/Path-Following-Robot/install/custom_interfaces/lib/libcustom_interfaces__rosidl_typesupport_introspection_c.so" to ""
[3.918s] -- Installing: /home/enryu/Desktop/Path-Following-Robot/install/custom_interfaces/lib/libcustom_interfaces__rosidl_typesupport_c.so
[3.918s] -- Set runtime path of "/home/enryu/Desktop/Path-Following-Robot/install/custom_interfaces/lib/libcustom_interfaces__rosidl_typesupport_c.so" to ""
[3.918s] -- Up-to-date: /home/enryu/Desktop/Path-Following-Robot/install/custom_interfaces/include/custom_interfaces/custom_interfaces
[3.918s] -- Up-to-date: /home/enryu/Desktop/Path-Following-Robot/install/custom_interfaces/include/custom_interfaces/custom_interfaces/msg
[3.918s] -- Up-to-date: /home/enryu/Desktop/Path-Following-Robot/install/custom_interfaces/include/custom_interfaces/custom_interfaces/msg/detail
[3.918s] -- Installing: /home/enryu/Desktop/Path-Following-Robot/install/custom_interfaces/include/custom_interfaces/custom_interfaces/msg/detail/age__type_support.cpp
[3.918s] -- Installing: /home/enryu/Desktop/Path-Following-Robot/install/custom_interfaces/include/custom_interfaces/custom_interfaces/msg/detail/age__rosidl_typesupport_introspection_cpp.hpp
[3.919s] -- Installing: /home/enryu/Desktop/Path-Following-Robot/install/custom_interfaces/lib/libcustom_interfaces__rosidl_typesupport_introspection_cpp.so
[3.919s] -- Set runtime path of "/home/enryu/Desktop/Path-Following-Robot/install/custom_interfaces/lib/libcustom_interfaces__rosidl_typesupport_introspection_cpp.so" to ""
[3.919s] -- Installing: /home/enryu/Desktop/Path-Following-Robot/install/custom_interfaces/lib/libcustom_interfaces__rosidl_typesupport_cpp.so
[3.919s] -- Set runtime path of "/home/enryu/Desktop/Path-Following-Robot/install/custom_interfaces/lib/libcustom_interfaces__rosidl_typesupport_cpp.so" to ""
[3.919s] -- Installing: /home/enryu/Desktop/Path-Following-Robot/install/custom_interfaces/share/custom_interfaces/environment/pythonpath.sh
[3.919s] -- Installing: /home/enryu/Desktop/Path-Following-Robot/install/custom_interfaces/share/custom_interfaces/environment/pythonpath.dsv
[3.920s] -- Installing: /home/enryu/Desktop/Path-Following-Robot/install/custom_interfaces/local/lib/python3.10/dist-packages/custom_interfaces-0.0.0-py3.10.egg-info
[3.920s] -- Installing: /home/enryu/Desktop/Path-Following-Robot/install/custom_interfaces/local/lib/python3.10/dist-packages/custom_interfaces-0.0.0-py3.10.egg-info/top_level.txt
[3.920s] -- Installing: /home/enryu/Desktop/Path-Following-Robot/install/custom_interfaces/local/lib/python3.10/dist-packages/custom_interfaces-0.0.0-py3.10.egg-info/PKG-INFO
[3.920s] -- Installing: /home/enryu/Desktop/Path-Following-Robot/install/custom_interfaces/local/lib/python3.10/dist-packages/custom_interfaces-0.0.0-py3.10.egg-info/dependency_links.txt
[3.920s] -- Installing: /home/enryu/Desktop/Path-Following-Robot/install/custom_interfaces/local/lib/python3.10/dist-packages/custom_interfaces-0.0.0-py3.10.egg-info/SOURCES.txt
[3.920s] -- Installing: /home/enryu/Desktop/Path-Following-Robot/install/custom_interfaces/local/lib/python3.10/dist-packages/custom_interfaces
[3.920s] -- Installing: /home/enryu/Desktop/Path-Following-Robot/install/custom_interfaces/local/lib/python3.10/dist-packages/custom_interfaces/_custom_interfaces_s.ep.rosidl_typesupport_fastrtps_c.c
[3.920s] -- Installing: /home/enryu/Desktop/Path-Following-Robot/install/custom_interfaces/local/lib/python3.10/dist-packages/custom_interfaces/msg
[3.921s] -- Installing: /home/enryu/Desktop/Path-Following-Robot/install/custom_interfaces/local/lib/python3.10/dist-packages/custom_interfaces/msg/_age.py
[3.921s] -- Installing: /home/enryu/Desktop/Path-Following-Robot/install/custom_interfaces/local/lib/python3.10/dist-packages/custom_interfaces/msg/__init__.py
[3.921s] -- Installing: /home/enryu/Desktop/Path-Following-Robot/install/custom_interfaces/local/lib/python3.10/dist-packages/custom_interfaces/msg/_age_s.c
[3.921s] -- Installing: /home/enryu/Desktop/Path-Following-Robot/install/custom_interfaces/local/lib/python3.10/dist-packages/custom_interfaces/custom_interfaces_s__rosidl_typesupport_introspection_c.cpython-310-x86_64-linux-gnu.so
[3.921s] -- Installing: /home/enryu/Desktop/Path-Following-Robot/install/custom_interfaces/local/lib/python3.10/dist-packages/custom_interfaces/custom_interfaces_s__rosidl_typesupport_c.cpython-310-x86_64-linux-gnu.so
[3.921s] -- Installing: /home/enryu/Desktop/Path-Following-Robot/install/custom_interfaces/local/lib/python3.10/dist-packages/custom_interfaces/libcustom_interfaces__rosidl_generator_py.so
[3.921s] -- Installing: /home/enryu/Desktop/Path-Following-Robot/install/custom_interfaces/local/lib/python3.10/dist-packages/custom_interfaces/custom_interfaces_s__rosidl_typesupport_fastrtps_c.cpython-310-x86_64-linux-gnu.so
[3.921s] -- Installing: /home/enryu/Desktop/Path-Following-Robot/install/custom_interfaces/local/lib/python3.10/dist-packages/custom_interfaces/__init__.py
[3.921s] -- Installing: /home/enryu/Desktop/Path-Following-Robot/install/custom_interfaces/local/lib/python3.10/dist-packages/custom_interfaces/_custom_interfaces_s.ep.rosidl_typesupport_introspection_c.c
[3.922s] -- Installing: /home/enryu/Desktop/Path-Following-Robot/install/custom_interfaces/local/lib/python3.10/dist-packages/custom_interfaces/_custom_interfaces_s.ep.rosidl_typesupport_c.c
[3.955s] Listing '/home/enryu/Desktop/Path-Following-Robot/install/custom_interfaces/local/lib/python3.10/dist-packages/custom_interfaces'...
[3.956s] Compiling '/home/enryu/Desktop/Path-Following-Robot/install/custom_interfaces/local/lib/python3.10/dist-packages/custom_interfaces/__init__.py'...
[3.956s] Listing '/home/enryu/Desktop/Path-Following-Robot/install/custom_interfaces/local/lib/python3.10/dist-packages/custom_interfaces/msg'...
[3.956s] Compiling '/home/enryu/Desktop/Path-Following-Robot/install/custom_interfaces/local/lib/python3.10/dist-packages/custom_interfaces/msg/__init__.py'...
[3.956s] Compiling '/home/enryu/Desktop/Path-Following-Robot/install/custom_interfaces/local/lib/python3.10/dist-packages/custom_interfaces/msg/_age.py'...
[3.960s] -- Installing: /home/enryu/Desktop/Path-Following-Robot/install/custom_interfaces/local/lib/python3.10/dist-packages/custom_interfaces/custom_interfaces_s__rosidl_typesupport_fastrtps_c.cpython-310-x86_64-linux-gnu.so
[3.961s] -- Set runtime path of "/home/enryu/Desktop/Path-Following-Robot/install/custom_interfaces/local/lib/python3.10/dist-packages/custom_interfaces/custom_interfaces_s__rosidl_typesupport_fastrtps_c.cpython-310-x86_64-linux-gnu.so" to ""
[3.961s] -- Installing: /home/enryu/Desktop/Path-Following-Robot/install/custom_interfaces/local/lib/python3.10/dist-packages/custom_interfaces/custom_interfaces_s__rosidl_typesupport_introspection_c.cpython-310-x86_64-linux-gnu.so
[3.961s] -- Set runtime path of "/home/enryu/Desktop/Path-Following-Robot/install/custom_interfaces/local/lib/python3.10/dist-packages/custom_interfaces/custom_interfaces_s__rosidl_typesupport_introspection_c.cpython-310-x86_64-linux-gnu.so" to ""
[3.961s] -- Installing: /home/enryu/Desktop/Path-Following-Robot/install/custom_interfaces/local/lib/python3.10/dist-packages/custom_interfaces/custom_interfaces_s__rosidl_typesupport_c.cpython-310-x86_64-linux-gnu.so
[3.962s] -- Set runtime path of "/home/enryu/Desktop/Path-Following-Robot/install/custom_interfaces/local/lib/python3.10/dist-packages/custom_interfaces/custom_interfaces_s__rosidl_typesupport_c.cpython-310-x86_64-linux-gnu.so" to ""
[3.962s] -- Installing: /home/enryu/Desktop/Path-Following-Robot/install/custom_interfaces/lib/libcustom_interfaces__rosidl_generator_py.so
[3.962s] -- Set runtime path of "/home/enryu/Desktop/Path-Following-Robot/install/custom_interfaces/lib/libcustom_interfaces__rosidl_generator_py.so" to ""
[3.962s] -- Installing: /home/enryu/Desktop/Path-Following-Robot/install/custom_interfaces/share/custom_interfaces/msg/Age.idl
[3.963s] -- Installing: /home/enryu/Desktop/Path-Following-Robot/install/custom_interfaces/share/custom_interfaces/msg/Age.msg
[3.963s] -- Installing: /home/enryu/Desktop/Path-Following-Robot/install/custom_interfaces/share/ament_index/resource_index/package_run_dependencies/custom_interfaces
[3.963s] -- Installing: /home/enryu/Desktop/Path-Following-Robot/install/custom_interfaces/share/ament_index/resource_index/parent_prefix_path/custom_interfaces
[3.963s] -- Installing: /home/enryu/Desktop/Path-Following-Robot/install/custom_interfaces/share/custom_interfaces/environment/ament_prefix_path.sh
[3.963s] -- Installing: /home/enryu/Desktop/Path-Following-Robot/install/custom_interfaces/share/custom_interfaces/environment/ament_prefix_path.dsv
[3.963s] -- Installing: /home/enryu/Desktop/Path-Following-Robot/install/custom_interfaces/share/custom_interfaces/environment/path.sh
[3.963s] -- Installing: /home/enryu/Desktop/Path-Following-Robot/install/custom_interfaces/share/custom_interfaces/environment/path.dsv
[3.963s] -- Installing: /home/enryu/Desktop/Path-Following-Robot/install/custom_interfaces/share/custom_interfaces/local_setup.bash
[3.963s] -- Installing: /home/enryu/Desktop/Path-Following-Robot/install/custom_interfaces/share/custom_interfaces/local_setup.sh
[3.964s] -- Installing: /home/enryu/Desktop/Path-Following-Robot/install/custom_interfaces/share/custom_interfaces/local_setup.zsh
[3.964s] -- Installing: /home/enryu/Desktop/Path-Following-Robot/install/custom_interfaces/share/custom_interfaces/local_setup.dsv
[3.964s] -- Installing: /home/enryu/Desktop/Path-Following-Robot/install/custom_interfaces/share/custom_interfaces/package.dsv
[3.964s] -- Installing: /home/enryu/Desktop/Path-Following-Robot/install/custom_interfaces/share/ament_index/resource_index/packages/custom_interfaces
[3.964s] -- Installing: /home/enryu/Desktop/Path-Following-Robot/install/custom_interfaces/share/custom_interfaces/cmake/export_custom_interfaces__rosidl_generator_cExport.cmake
[3.964s] -- Installing: /home/enryu/Desktop/Path-Following-Robot/install/custom_interfaces/share/custom_interfaces/cmake/export_custom_interfaces__rosidl_generator_cExport-noconfig.cmake
[3.965s] -- Installing: /home/enryu/Desktop/Path-Following-Robot/install/custom_interfaces/share/custom_interfaces/cmake/export_custom_interfaces__rosidl_typesupport_fastrtps_cExport.cmake
[3.965s] -- Installing: /home/enryu/Desktop/Path-Following-Robot/install/custom_interfaces/share/custom_interfaces/cmake/export_custom_interfaces__rosidl_typesupport_fastrtps_cExport-noconfig.cmake
[3.965s] -- Installing: /home/enryu/Desktop/Path-Following-Robot/install/custom_interfaces/share/custom_interfaces/cmake/export_custom_interfaces__rosidl_generator_cppExport.cmake
[3.965s] -- Installing: /home/enryu/Desktop/Path-Following-Robot/install/custom_interfaces/share/custom_interfaces/cmake/export_custom_interfaces__rosidl_typesupport_fastrtps_cppExport.cmake
[3.965s] -- Installing: /home/enryu/Desktop/Path-Following-Robot/install/custom_interfaces/share/custom_interfaces/cmake/export_custom_interfaces__rosidl_typesupport_fastrtps_cppExport-noconfig.cmake
[3.965s] -- Installing: /home/enryu/Desktop/Path-Following-Robot/install/custom_interfaces/share/custom_interfaces/cmake/custom_interfaces__rosidl_typesupport_introspection_cExport.cmake
[3.965s] -- Installing: /home/enryu/Desktop/Path-Following-Robot/install/custom_interfaces/share/custom_interfaces/cmake/custom_interfaces__rosidl_typesupport_introspection_cExport-noconfig.cmake
[3.965s] -- Installing: /home/enryu/Desktop/Path-Following-Robot/install/custom_interfaces/share/custom_interfaces/cmake/custom_interfaces__rosidl_typesupport_cExport.cmake
[3.966s] -- Installing: /home/enryu/Desktop/Path-Following-Robot/install/custom_interfaces/share/custom_interfaces/cmake/custom_interfaces__rosidl_typesupport_cExport-noconfig.cmake
[3.966s] -- Installing: /home/enryu/Desktop/Path-Following-Robot/install/custom_interfaces/share/custom_interfaces/cmake/custom_interfaces__rosidl_typesupport_introspection_cppExport.cmake
[3.966s] -- Installing: /home/enryu/Desktop/Path-Following-Robot/install/custom_interfaces/share/custom_interfaces/cmake/custom_interfaces__rosidl_typesupport_introspection_cppExport-noconfig.cmake
[3.966s] -- Installing: /home/enryu/Desktop/Path-Following-Robot/install/custom_interfaces/share/custom_interfaces/cmake/custom_interfaces__rosidl_typesupport_cppExport.cmake
[3.966s] -- Installing: /home/enryu/Desktop/Path-Following-Robot/install/custom_interfaces/share/custom_interfaces/cmake/custom_interfaces__rosidl_typesupport_cppExport-noconfig.cmake
[3.966s] -- Installing: /home/enryu/Desktop/Path-Following-Robot/install/custom_interfaces/share/custom_interfaces/cmake/export_custom_interfaces__rosidl_generator_pyExport.cmake
[3.966s] -- Installing: /home/enryu/Desktop/Path-Following-Robot/install/custom_interfaces/share/custom_interfaces/cmake/export_custom_interfaces__rosidl_generator_pyExport-noconfig.cmake
[3.966s] -- Installing: /home/enryu/Desktop/Path-Following-Robot/install/custom_interfaces/share/custom_interfaces/cmake/rosidl_cmake-extras.cmake
[3.967s] -- Installing: /home/enryu/Desktop/Path-Following-Robot/install/custom_interfaces/share/custom_interfaces/cmake/ament_cmake_export_include_directories-extras.cmake
[3.967s] -- Installing: /home/enryu/Desktop/Path-Following-Robot/install/custom_interfaces/share/custom_interfaces/cmake/ament_cmake_export_libraries-extras.cmake
[3.967s] -- Installing: /home/enryu/Desktop/Path-Following-Robot/install/custom_interfaces/share/custom_interfaces/cmake/ament_cmake_export_targets-extras.cmake
[3.967s] -- Installing: /home/enryu/Desktop/Path-Following-Robot/install/custom_interfaces/share/custom_interfaces/cmake/rosidl_cmake_export_typesupport_targets-extras.cmake
[3.967s] -- Installing: /home/enryu/Desktop/Path-Following-Robot/install/custom_interfaces/share/custom_interfaces/cmake/ament_cmake_export_dependencies-extras.cmake
[3.967s] -- Installing: /home/enryu/Desktop/Path-Following-Robot/install/custom_interfaces/share/custom_interfaces/cmake/rosidl_cmake_export_typesupport_libraries-extras.cmake
[3.967s] -- Installing: /home/enryu/Desktop/Path-Following-Robot/install/custom_interfaces/share/custom_interfaces/cmake/custom_interfacesConfig.cmake
[3.967s] -- Installing: /home/enryu/Desktop/Path-Following-Robot/install/custom_interfaces/share/custom_interfaces/cmake/custom_interfacesConfig-version.cmake
[3.968s] -- Installing: /home/enryu/Desktop/Path-Following-Robot/install/custom_interfaces/share/custom_interfaces/package.xml
[3.971s] Invoked command in '/home/enryu/Desktop/Path-Following-Robot/build/custom_interfaces' returned '0': CMAKE_PREFIX_PATH=${CMAKE_PREFIX_PATH}:/home/enryu/Desktop/Path-Following-Robot/install/teleop_twist_keyboard:/home/enryu/Desktop/Path-Following-Robot/install/robot_description:/opt/ros/humble /usr/bin/cmake --install /home/enryu/Desktop/Path-Following-Robot/build/custom_interfaces
