[0.801s] Invoking command in '/home/mazino/Path-Following-Robot/src/robot_description': PYTHONPATH=/home/mazino/Path-Following-Robot/build/robot_description/prefix_override:/usr/lib/python3/dist-packages/colcon_core/task/python/colcon_distutils_commands:/home/mazino/Path-Following-Robot/install/robot_description/lib/python3.10/site-packages:${PYTHONPATH} /usr/bin/python3 -W ignore:setup.py install is deprecated -W ignore:easy_install command is deprecated setup.py egg_info --egg-base ../../build/robot_description build --build-base /home/mazino/Path-Following-Robot/build/robot_description/build install --record /home/mazino/Path-Following-Robot/build/robot_description/install.log --single-version-externally-managed install_data
[1.079s] running egg_info
[1.079s] creating ../../build/robot_description/robot_description.egg-info
[1.079s] writing ../../build/robot_description/robot_description.egg-info/PKG-INFO
[1.080s] writing dependency_links to ../../build/robot_description/robot_description.egg-info/dependency_links.txt
[1.080s] writing entry points to ../../build/robot_description/robot_description.egg-info/entry_points.txt
[1.080s] writing requirements to ../../build/robot_description/robot_description.egg-info/requires.txt
[1.081s] writing top-level names to ../../build/robot_description/robot_description.egg-info/top_level.txt
[1.081s] writing manifest file '../../build/robot_description/robot_description.egg-info/SOURCES.txt'
[1.084s] reading manifest file '../../build/robot_description/robot_description.egg-info/SOURCES.txt'
[1.084s] writing manifest file '../../build/robot_description/robot_description.egg-info/SOURCES.txt'
[1.084s] running build
[1.084s] running build_py
[1.085s] creating /home/mazino/Path-Following-Robot/build/robot_description/build
[1.085s] creating /home/mazino/Path-Following-Robot/build/robot_description/build/lib
[1.085s] creating /home/mazino/Path-Following-Robot/build/robot_description/build/lib/robot_description
[1.085s] copying robot_description/__init__.py -> /home/mazino/Path-Following-Robot/build/robot_description/build/lib/robot_description
[1.085s] running install
[1.086s] running install_lib
[1.087s] creating /home/mazino/Path-Following-Robot/install/robot_description/lib/python3.10/site-packages/robot_description
[1.087s] copying /home/mazino/Path-Following-Robot/build/robot_description/build/lib/robot_description/__init__.py -> /home/mazino/Path-Following-Robot/install/robot_description/lib/python3.10/site-packages/robot_description
[1.087s] byte-compiling /home/mazino/Path-Following-Robot/install/robot_description/lib/python3.10/site-packages/robot_description/__init__.py to __init__.cpython-310.pyc
[1.088s] running install_data
[1.088s] creating /home/mazino/Path-Following-Robot/install/robot_description/share/ament_index
[1.088s] creating /home/mazino/Path-Following-Robot/install/robot_description/share/ament_index/resource_index
[1.089s] creating /home/mazino/Path-Following-Robot/install/robot_description/share/ament_index/resource_index/packages
[1.089s] copying resource/robot_description -> /home/mazino/Path-Following-Robot/install/robot_description/share/ament_index/resource_index/packages
[1.089s] copying package.xml -> /home/mazino/Path-Following-Robot/install/robot_description/share/robot_description
[1.089s] creating /home/mazino/Path-Following-Robot/install/robot_description/share/robot_description/launch
[1.089s] copying launch/spawn.launch.py -> /home/mazino/Path-Following-Robot/install/robot_description/share/robot_description/launch
[1.089s] copying launch/rviz2.launch.py -> /home/mazino/Path-Following-Robot/install/robot_description/share/robot_description/launch
[1.092s] copying launch/empty_world.launch.py -> /home/mazino/Path-Following-Robot/install/robot_description/share/robot_description/launch
[1.092s] creating /home/mazino/Path-Following-Robot/install/robot_description/share/robot_description/urdf
[1.092s] copying urdf/robot.urdf -> /home/mazino/Path-Following-Robot/install/robot_description/share/robot_description/urdf
[1.092s] creating /home/mazino/Path-Following-Robot/install/robot_description/share/robot_description/rviz
[1.092s] copying rviz/config.rviz -> /home/mazino/Path-Following-Robot/install/robot_description/share/robot_description/rviz
[1.092s] running install_egg_info
[1.095s] Copying ../../build/robot_description/robot_description.egg-info to /home/mazino/Path-Following-Robot/install/robot_description/lib/python3.10/site-packages/robot_description-0.0.0-py3.10.egg-info
[1.096s] running install_scripts
[1.121s] writing list of installed files to '/home/mazino/Path-Following-Robot/build/robot_description/install.log'
[1.151s] Invoked command in '/home/mazino/Path-Following-Robot/src/robot_description' returned '0': PYTHONPATH=/home/mazino/Path-Following-Robot/build/robot_description/prefix_override:/usr/lib/python3/dist-packages/colcon_core/task/python/colcon_distutils_commands:/home/mazino/Path-Following-Robot/install/robot_description/lib/python3.10/site-packages:${PYTHONPATH} /usr/bin/python3 -W ignore:setup.py install is deprecated -W ignore:easy_install command is deprecated setup.py egg_info --egg-base ../../build/robot_description build --build-base /home/mazino/Path-Following-Robot/build/robot_description/build install --record /home/mazino/Path-Following-Robot/build/robot_description/install.log --single-version-externally-managed install_data
