[0.187s] DEBUG:colcon:Command line arguments: ['/usr/bin/colcon', 'list', '-p', '--base-paths', '/home/enryu/Desktop/Path-Following-Robot']
[0.187s] DEBUG:colcon:Parsed command line arguments: Namespace(log_base=None, log_level=None, verb_name='list', build_base='build', ignore_user_meta=False, metas=['./colcon.meta'], base_paths=['/home/enryu/Desktop/Path-Following-Robot'], packages_ignore=None, packages_ignore_regex=None, paths=None, packages_up_to=None, packages_up_to_regex=None, packages_above=None, packages_above_and_dependencies=None, packages_above_depth=None, packages_select_by_dep=None, packages_skip_by_dep=None, packages_skip_up_to=None, packages_select_build_failed=False, packages_skip_build_finished=False, packages_select_test_failures=False, packages_skip_test_passed=False, packages_select=None, packages_skip=None, packages_select_regex=None, packages_skip_regex=None, packages_start=None, packages_end=None, allow_overriding=[], topological_order=False, names_only=False, paths_only=True, topological_graph=False, topological_graph_dot=False, topological_graph_density=False, topological_graph_legend=False, topological_graph_dot_cluster=False, topological_graph_dot_include_skipped=False, mixin_files=None, mixin=None, verb_parser=<colcon_mixin.mixin.mixin_argument.MixinArgumentDecorator object at 0x74d07e84ec80>, verb_extension=<colcon_package_information.verb.list.ListVerb object at 0x74d07e84e560>, main=<bound method ListVerb.main of <colcon_package_information.verb.list.ListVerb object at 0x74d07e84e560>>, mixin_verb=('list',))
[0.505s] Level 1:colcon.colcon_core.package_discovery:discover_packages(colcon_meta) check parameters
[0.506s] Level 1:colcon.colcon_core.package_discovery:discover_packages(recursive) check parameters
[0.506s] Level 1:colcon.colcon_core.package_discovery:discover_packages(ignore) check parameters
[0.506s] Level 1:colcon.colcon_core.package_discovery:discover_packages(path) check parameters
[0.506s] Level 1:colcon.colcon_core.package_discovery:discover_packages(recursive) discover
[0.506s] INFO:colcon.colcon_core.package_discovery:Crawling recursively for packages in '/home/enryu/Desktop/Path-Following-Robot'
[0.506s] Level 1:colcon.colcon_core.package_identification:_identify(/home/enryu/Desktop/Path-Following-Robot) by extensions ['ignore', 'ignore_ament_install']
[0.506s] Level 1:colcon.colcon_core.package_identification:_identify(/home/enryu/Desktop/Path-Following-Robot) by extension 'ignore'
[0.506s] Level 1:colcon.colcon_core.package_identification:_identify(/home/enryu/Desktop/Path-Following-Robot) by extension 'ignore_ament_install'
[0.506s] Level 1:colcon.colcon_core.package_identification:_identify(/home/enryu/Desktop/Path-Following-Robot) by extensions ['colcon_pkg']
[0.506s] Level 1:colcon.colcon_core.package_identification:_identify(/home/enryu/Desktop/Path-Following-Robot) by extension 'colcon_pkg'
[0.507s] Level 1:colcon.colcon_core.package_identification:_identify(/home/enryu/Desktop/Path-Following-Robot) by extensions ['colcon_meta']
[0.507s] Level 1:colcon.colcon_core.package_identification:_identify(/home/enryu/Desktop/Path-Following-Robot) by extension 'colcon_meta'
[0.507s] Level 1:colcon.colcon_core.package_identification:_identify(/home/enryu/Desktop/Path-Following-Robot) by extensions ['ros']
[0.507s] Level 1:colcon.colcon_core.package_identification:_identify(/home/enryu/Desktop/Path-Following-Robot) by extension 'ros'
[0.528s] Level 1:colcon.colcon_core.package_identification:_identify(/home/enryu/Desktop/Path-Following-Robot) by extensions ['cmake', 'python']
[0.528s] Level 1:colcon.colcon_core.package_identification:_identify(/home/enryu/Desktop/Path-Following-Robot) by extension 'cmake'
[0.528s] Level 1:colcon.colcon_core.package_identification:_identify(/home/enryu/Desktop/Path-Following-Robot) by extension 'python'
[0.528s] Level 1:colcon.colcon_core.package_identification:_identify(/home/enryu/Desktop/Path-Following-Robot) by extensions ['python_setup_py']
[0.528s] Level 1:colcon.colcon_core.package_identification:_identify(/home/enryu/Desktop/Path-Following-Robot) by extension 'python_setup_py'
[0.528s] Level 1:colcon.colcon_core.package_identification:_identify(/home/enryu/Desktop/Path-Following-Robot/build) by extensions ['ignore', 'ignore_ament_install']
[0.528s] Level 1:colcon.colcon_core.package_identification:_identify(/home/enryu/Desktop/Path-Following-Robot/build) by extension 'ignore'
[0.528s] Level 1:colcon.colcon_core.package_identification:_identify(/home/enryu/Desktop/Path-Following-Robot/build) ignored
[0.529s] Level 1:colcon.colcon_core.package_identification:_identify(/home/enryu/Desktop/Path-Following-Robot/install) by extensions ['ignore', 'ignore_ament_install']
[0.529s] Level 1:colcon.colcon_core.package_identification:_identify(/home/enryu/Desktop/Path-Following-Robot/install) by extension 'ignore'
[0.529s] Level 1:colcon.colcon_core.package_identification:_identify(/home/enryu/Desktop/Path-Following-Robot/install) ignored
[0.529s] Level 1:colcon.colcon_core.package_identification:_identify(/home/enryu/Desktop/Path-Following-Robot/log) by extensions ['ignore', 'ignore_ament_install']
[0.529s] Level 1:colcon.colcon_core.package_identification:_identify(/home/enryu/Desktop/Path-Following-Robot/log) by extension 'ignore'
[0.529s] Level 1:colcon.colcon_core.package_identification:_identify(/home/enryu/Desktop/Path-Following-Robot/log) ignored
[0.529s] Level 1:colcon.colcon_core.package_identification:_identify(/home/enryu/Desktop/Path-Following-Robot/src) by extensions ['ignore', 'ignore_ament_install']
[0.530s] Level 1:colcon.colcon_core.package_identification:_identify(/home/enryu/Desktop/Path-Following-Robot/src) by extension 'ignore'
[0.530s] Level 1:colcon.colcon_core.package_identification:_identify(/home/enryu/Desktop/Path-Following-Robot/src) by extension 'ignore_ament_install'
[0.530s] Level 1:colcon.colcon_core.package_identification:_identify(/home/enryu/Desktop/Path-Following-Robot/src) by extensions ['colcon_pkg']
[0.530s] Level 1:colcon.colcon_core.package_identification:_identify(/home/enryu/Desktop/Path-Following-Robot/src) by extension 'colcon_pkg'
[0.530s] Level 1:colcon.colcon_core.package_identification:_identify(/home/enryu/Desktop/Path-Following-Robot/src) by extensions ['colcon_meta']
[0.530s] Level 1:colcon.colcon_core.package_identification:_identify(/home/enryu/Desktop/Path-Following-Robot/src) by extension 'colcon_meta'
[0.530s] Level 1:colcon.colcon_core.package_identification:_identify(/home/enryu/Desktop/Path-Following-Robot/src) by extensions ['ros']
[0.530s] Level 1:colcon.colcon_core.package_identification:_identify(/home/enryu/Desktop/Path-Following-Robot/src) by extension 'ros'
[0.530s] Level 1:colcon.colcon_core.package_identification:_identify(/home/enryu/Desktop/Path-Following-Robot/src) by extensions ['cmake', 'python']
[0.530s] Level 1:colcon.colcon_core.package_identification:_identify(/home/enryu/Desktop/Path-Following-Robot/src) by extension 'cmake'
[0.530s] Level 1:colcon.colcon_core.package_identification:_identify(/home/enryu/Desktop/Path-Following-Robot/src) by extension 'python'
[0.530s] Level 1:colcon.colcon_core.package_identification:_identify(/home/enryu/Desktop/Path-Following-Robot/src) by extensions ['python_setup_py']
[0.530s] Level 1:colcon.colcon_core.package_identification:_identify(/home/enryu/Desktop/Path-Following-Robot/src) by extension 'python_setup_py'
[0.531s] Level 1:colcon.colcon_core.package_identification:_identify(/home/enryu/Desktop/Path-Following-Robot/src/robot_description) by extensions ['ignore', 'ignore_ament_install']
[0.531s] Level 1:colcon.colcon_core.package_identification:_identify(/home/enryu/Desktop/Path-Following-Robot/src/robot_description) by extension 'ignore'
[0.531s] Level 1:colcon.colcon_core.package_identification:_identify(/home/enryu/Desktop/Path-Following-Robot/src/robot_description) by extension 'ignore_ament_install'
[0.531s] Level 1:colcon.colcon_core.package_identification:_identify(/home/enryu/Desktop/Path-Following-Robot/src/robot_description) by extensions ['colcon_pkg']
[0.531s] Level 1:colcon.colcon_core.package_identification:_identify(/home/enryu/Desktop/Path-Following-Robot/src/robot_description) by extension 'colcon_pkg'
[0.531s] Level 1:colcon.colcon_core.package_identification:_identify(/home/enryu/Desktop/Path-Following-Robot/src/robot_description) by extensions ['colcon_meta']
[0.531s] Level 1:colcon.colcon_core.package_identification:_identify(/home/enryu/Desktop/Path-Following-Robot/src/robot_description) by extension 'colcon_meta'
[0.531s] Level 1:colcon.colcon_core.package_identification:_identify(/home/enryu/Desktop/Path-Following-Robot/src/robot_description) by extensions ['ros']
[0.531s] Level 1:colcon.colcon_core.package_identification:_identify(/home/enryu/Desktop/Path-Following-Robot/src/robot_description) by extension 'ros'
[0.536s] DEBUG:colcon.colcon_core.package_identification:Package '/home/enryu/Desktop/Path-Following-Robot/src/robot_description' with type 'ros.ament_python' and name 'robot_description'
[0.536s] Level 1:colcon.colcon_core.package_identification:_identify(/home/enryu/Desktop/Path-Following-Robot/src/teleop_twist_keyboard) by extensions ['ignore', 'ignore_ament_install']
[0.537s] Level 1:colcon.colcon_core.package_identification:_identify(/home/enryu/Desktop/Path-Following-Robot/src/teleop_twist_keyboard) by extension 'ignore'
[0.537s] Level 1:colcon.colcon_core.package_identification:_identify(/home/enryu/Desktop/Path-Following-Robot/src/teleop_twist_keyboard) by extension 'ignore_ament_install'
[0.537s] Level 1:colcon.colcon_core.package_identification:_identify(/home/enryu/Desktop/Path-Following-Robot/src/teleop_twist_keyboard) by extensions ['colcon_pkg']
[0.537s] Level 1:colcon.colcon_core.package_identification:_identify(/home/enryu/Desktop/Path-Following-Robot/src/teleop_twist_keyboard) by extension 'colcon_pkg'
[0.537s] Level 1:colcon.colcon_core.package_identification:_identify(/home/enryu/Desktop/Path-Following-Robot/src/teleop_twist_keyboard) by extensions ['colcon_meta']
[0.537s] Level 1:colcon.colcon_core.package_identification:_identify(/home/enryu/Desktop/Path-Following-Robot/src/teleop_twist_keyboard) by extension 'colcon_meta'
[0.537s] Level 1:colcon.colcon_core.package_identification:_identify(/home/enryu/Desktop/Path-Following-Robot/src/teleop_twist_keyboard) by extensions ['ros']
[0.537s] Level 1:colcon.colcon_core.package_identification:_identify(/home/enryu/Desktop/Path-Following-Robot/src/teleop_twist_keyboard) by extension 'ros'
[0.539s] DEBUG:colcon.colcon_core.package_identification:Package '/home/enryu/Desktop/Path-Following-Robot/src/teleop_twist_keyboard' with type 'ros.ament_python' and name 'teleop_twist_keyboard'
[0.539s] Level 1:colcon.colcon_core.package_discovery:discover_packages(recursive) using defaults
