[1.059s] Invoking command in '/home/enryu/Desktop/Path-Following-Robot/src/teleop_twist_keyboard': PYTHONPATH=/home/enryu/Desktop/Path-Following-Robot/build/teleop_twist_keyboard/prefix_override:/usr/lib/python3/dist-packages/colcon_core/task/python/colcon_distutils_commands:/home/enryu/Desktop/Path-Following-Robot/install/teleop_twist_keyboard/lib/python3.10/site-packages:${PYTHONPATH} /usr/bin/python3 -W ignore:setup.py install is deprecated -W ignore:easy_install command is deprecated setup.py egg_info --egg-base ../../build/teleop_twist_keyboard build --build-base /home/enryu/Desktop/Path-Following-Robot/build/teleop_twist_keyboard/build install --record /home/enryu/Desktop/Path-Following-Robot/build/teleop_twist_keyboard/install.log --single-version-externally-managed install_data
[1.331s] running egg_info
[1.332s] creating ../../build/teleop_twist_keyboard/teleop_twist_keyboard.egg-info
[1.332s] writing ../../build/teleop_twist_keyboard/teleop_twist_keyboard.egg-info/PKG-INFO
[1.332s] writing dependency_links to ../../build/teleop_twist_keyboard/teleop_twist_keyboard.egg-info/dependency_links.txt
[1.333s] writing entry points to ../../build/teleop_twist_keyboard/teleop_twist_keyboard.egg-info/entry_points.txt
[1.333s] writing requirements to ../../build/teleop_twist_keyboard/teleop_twist_keyboard.egg-info/requires.txt
[1.333s] writing top-level names to ../../build/teleop_twist_keyboard/teleop_twist_keyboard.egg-info/top_level.txt
[1.333s] writing manifest file '../../build/teleop_twist_keyboard/teleop_twist_keyboard.egg-info/SOURCES.txt'
[1.343s] reading manifest file '../../build/teleop_twist_keyboard/teleop_twist_keyboard.egg-info/SOURCES.txt'
[1.343s] adding license file 'LICENSE'
[1.344s] writing manifest file '../../build/teleop_twist_keyboard/teleop_twist_keyboard.egg-info/SOURCES.txt'
[1.344s] running build
[1.344s] running build_py
[1.344s] creating /home/enryu/Desktop/Path-Following-Robot/build/teleop_twist_keyboard/build
[1.344s] creating /home/enryu/Desktop/Path-Following-Robot/build/teleop_twist_keyboard/build/lib
[1.344s] copying teleop_twist_keyboard.py -> /home/enryu/Desktop/Path-Following-Robot/build/teleop_twist_keyboard/build/lib
[1.346s] running install
[1.346s] running install_lib
[1.347s] copying /home/enryu/Desktop/Path-Following-Robot/build/teleop_twist_keyboard/build/lib/teleop_twist_keyboard.py -> /home/enryu/Desktop/Path-Following-Robot/install/teleop_twist_keyboard/lib/python3.10/site-packages
[1.347s] byte-compiling /home/enryu/Desktop/Path-Following-Robot/install/teleop_twist_keyboard/lib/python3.10/site-packages/teleop_twist_keyboard.py to teleop_twist_keyboard.cpython-310.pyc
[1.349s] running install_data
[1.349s] creating /home/enryu/Desktop/Path-Following-Robot/install/teleop_twist_keyboard/share/ament_index
[1.349s] creating /home/enryu/Desktop/Path-Following-Robot/install/teleop_twist_keyboard/share/ament_index/resource_index
[1.349s] creating /home/enryu/Desktop/Path-Following-Robot/install/teleop_twist_keyboard/share/ament_index/resource_index/packages
[1.350s] copying resource/teleop_twist_keyboard -> /home/enryu/Desktop/Path-Following-Robot/install/teleop_twist_keyboard/share/ament_index/resource_index/packages
[1.350s] copying package.xml -> /home/enryu/Desktop/Path-Following-Robot/install/teleop_twist_keyboard/share/teleop_twist_keyboard
[1.350s] running install_egg_info
[1.351s] Copying ../../build/teleop_twist_keyboard/teleop_twist_keyboard.egg-info to /home/enryu/Desktop/Path-Following-Robot/install/teleop_twist_keyboard/lib/python3.10/site-packages/teleop_twist_keyboard-2.4.0-py3.10.egg-info
[1.352s] running install_scripts
[1.376s] Installing teleop_twist_keyboard script to /home/enryu/Desktop/Path-Following-Robot/install/teleop_twist_keyboard/lib/teleop_twist_keyboard
[1.376s] writing list of installed files to '/home/enryu/Desktop/Path-Following-Robot/build/teleop_twist_keyboard/install.log'
[1.417s] Invoked command in '/home/enryu/Desktop/Path-Following-Robot/src/teleop_twist_keyboard' returned '0': PYTHONPATH=/home/enryu/Desktop/Path-Following-Robot/build/teleop_twist_keyboard/prefix_override:/usr/lib/python3/dist-packages/colcon_core/task/python/colcon_distutils_commands:/home/enryu/Desktop/Path-Following-Robot/install/teleop_twist_keyboard/lib/python3.10/site-packages:${PYTHONPATH} /usr/bin/python3 -W ignore:setup.py install is deprecated -W ignore:easy_install command is deprecated setup.py egg_info --egg-base ../../build/teleop_twist_keyboard build --build-base /home/enryu/Desktop/Path-Following-Robot/build/teleop_twist_keyboard/build install --record /home/enryu/Desktop/Path-Following-Robot/build/teleop_twist_keyboard/install.log --single-version-externally-managed install_data
