running egg_info
writing ../../build/robot_description/robot_description.egg-info/PKG-INFO
writing dependency_links to ../../build/robot_description/robot_description.egg-info/dependency_links.txt
writing entry points to ../../build/robot_description/robot_description.egg-info/entry_points.txt
writing requirements to ../../build/robot_description/robot_description.egg-info/requires.txt
writing top-level names to ../../build/robot_description/robot_description.egg-info/top_level.txt
reading manifest file '../../build/robot_description/robot_description.egg-info/SOURCES.txt'
writing manifest file '../../build/robot_description/robot_description.egg-info/SOURCES.txt'
running build
running build_py
copying robot_description/lidar_distance.py -> /home/mazino/Path-Following-Robot/build/robot_description/build/lib/robot_description
copying robot_description/odom_readings.py -> /home/mazino/Path-Following-Robot/build/robot_description/build/lib/robot_description
running install
running install_lib
copying /home/mazino/Path-Following-Robot/build/robot_description/build/lib/robot_description/lidar_distance.py -> /home/mazino/Path-Following-Robot/install/robot_description/lib/python3.10/site-packages/robot_description
copying /home/mazino/Path-Following-Robot/build/robot_description/build/lib/robot_description/odom_readings.py -> /home/mazino/Path-Following-Robot/install/robot_description/lib/python3.10/site-packages/robot_description
byte-compiling /home/mazino/Path-Following-Robot/install/robot_description/lib/python3.10/site-packages/robot_description/lidar_distance.py to lidar_distance.cpython-310.pyc
byte-compiling /home/mazino/Path-Following-Robot/install/robot_description/lib/python3.10/site-packages/robot_description/odom_readings.py to odom_readings.cpython-310.pyc
running install_data
running install_egg_info
removing '/home/mazino/Path-Following-Robot/install/robot_description/lib/python3.10/site-packages/robot_description-0.0.0-py3.10.egg-info' (and everything under it)
Copying ../../build/robot_description/robot_description.egg-info to /home/mazino/Path-Following-Robot/install/robot_description/lib/python3.10/site-packages/robot_description-0.0.0-py3.10.egg-info
running install_scripts
Installing display_odom script to /home/mazino/Path-Following-Robot/install/robot_description/lib/robot_description
Installing display_scan script to /home/mazino/Path-Following-Robot/install/robot_description/lib/robot_description
writing list of installed files to '/home/mazino/Path-Following-Robot/build/robot_description/install.log'
