[1.411s] Invoking command in '/home/mazino/Path-Following-Robot/src/robot_description': PYTHONPATH=/home/mazino/Path-Following-Robot/build/robot_description/prefix_override:/usr/lib/python3/dist-packages/colcon_core/task/python/colcon_distutils_commands:/home/mazino/Path-Following-Robot/install/robot_description/lib/python3.10/site-packages:${PYTHONPATH} /usr/bin/python3 -W ignore:setup.py install is deprecated -W ignore:easy_install command is deprecated setup.py egg_info --egg-base ../../build/robot_description build --build-base /home/mazino/Path-Following-Robot/build/robot_description/build install --record /home/mazino/Path-Following-Robot/build/robot_description/install.log --single-version-externally-managed install_data
[2.004s] running egg_info
[2.005s] writing ../../build/robot_description/robot_description.egg-info/PKG-INFO
[2.007s] writing dependency_links to ../../build/robot_description/robot_description.egg-info/dependency_links.txt
[2.008s] writing entry points to ../../build/robot_description/robot_description.egg-info/entry_points.txt
[2.009s] writing requirements to ../../build/robot_description/robot_description.egg-info/requires.txt
[2.010s] writing top-level names to ../../build/robot_description/robot_description.egg-info/top_level.txt
[2.020s] reading manifest file '../../build/robot_description/robot_description.egg-info/SOURCES.txt'
[2.020s] writing manifest file '../../build/robot_description/robot_description.egg-info/SOURCES.txt'
[2.021s] running build
[2.021s] running build_py
[2.021s] copying robot_description/lidar_distance.py -> /home/mazino/Path-Following-Robot/build/robot_description/build/lib/robot_description
[2.021s] copying robot_description/odom_readings.py -> /home/mazino/Path-Following-Robot/build/robot_description/build/lib/robot_description
[2.021s] running install
[2.026s] running install_lib
[2.026s] copying /home/mazino/Path-Following-Robot/build/robot_description/build/lib/robot_description/lidar_distance.py -> /home/mazino/Path-Following-Robot/install/robot_description/lib/python3.10/site-packages/robot_description
[2.027s] copying /home/mazino/Path-Following-Robot/build/robot_description/build/lib/robot_description/odom_readings.py -> /home/mazino/Path-Following-Robot/install/robot_description/lib/python3.10/site-packages/robot_description
[2.027s] byte-compiling /home/mazino/Path-Following-Robot/install/robot_description/lib/python3.10/site-packages/robot_description/lidar_distance.py to lidar_distance.cpython-310.pyc
[2.030s] byte-compiling /home/mazino/Path-Following-Robot/install/robot_description/lib/python3.10/site-packages/robot_description/odom_readings.py to odom_readings.cpython-310.pyc
[2.031s] running install_data
[2.032s] running install_egg_info
[2.038s] removing '/home/mazino/Path-Following-Robot/install/robot_description/lib/python3.10/site-packages/robot_description-0.0.0-py3.10.egg-info' (and everything under it)
[2.039s] Copying ../../build/robot_description/robot_description.egg-info to /home/mazino/Path-Following-Robot/install/robot_description/lib/python3.10/site-packages/robot_description-0.0.0-py3.10.egg-info
[2.039s] running install_scripts
[2.081s] Installing display_odom script to /home/mazino/Path-Following-Robot/install/robot_description/lib/robot_description
[2.081s] Installing display_scan script to /home/mazino/Path-Following-Robot/install/robot_description/lib/robot_description
[2.082s] writing list of installed files to '/home/mazino/Path-Following-Robot/build/robot_description/install.log'
[2.134s] Invoked command in '/home/mazino/Path-Following-Robot/src/robot_description' returned '0': PYTHONPATH=/home/mazino/Path-Following-Robot/build/robot_description/prefix_override:/usr/lib/python3/dist-packages/colcon_core/task/python/colcon_distutils_commands:/home/mazino/Path-Following-Robot/install/robot_description/lib/python3.10/site-packages:${PYTHONPATH} /usr/bin/python3 -W ignore:setup.py install is deprecated -W ignore:easy_install command is deprecated setup.py egg_info --egg-base ../../build/robot_description build --build-base /home/mazino/Path-Following-Robot/build/robot_description/build install --record /home/mazino/Path-Following-Robot/build/robot_description/install.log --single-version-externally-managed install_data
