-- The C compiler identification is GNU 11.4.0
-- The CXX compiler identification is GNU 11.4.0
-- Detecting C compiler ABI info
-- Detecting C compiler ABI info - done
-- Check for working C compiler: /usr/bin/cc - skipped
-- Detecting C compile features
-- Detecting C compile features - done
-- Detecting CXX compiler ABI info
-- Detecting CXX compiler ABI info - done
-- Check for working CXX compiler: /usr/bin/c++ - skipped
-- Detecting CXX compile features
-- Detecting CXX compile features - done
-- Found ament_cmake: 1.3.12 (/opt/ros/humble/share/ament_cmake/cmake)
-- Found Python3: /usr/bin/python3 (found version "3.10.12") found components: Interpreter 
-- Found rclcpp: 16.0.14 (/opt/ros/humble/share/rclcpp/cmake)
-- Found rosidl_generator_c: 3.1.7 (/opt/ros/humble/share/rosidl_generator_c/cmake)
-- Found rosidl_adapter: 3.1.7 (/opt/ros/humble/share/rosidl_adapter/cmake)
-- Found rosidl_generator_cpp: 3.1.7 (/opt/ros/humble/share/rosidl_generator_cpp/cmake)
-- Using all available rosidl_typesupport_c: rosidl_typesupport_fastrtps_c;rosidl_typesupport_introspection_c
-- Using all available rosidl_typesupport_cpp: rosidl_typesupport_fastrtps_cpp;rosidl_typesupport_introspection_cpp
-- Found rmw_implementation_cmake: 6.1.2 (/opt/ros/humble/share/rmw_implementation_cmake/cmake)
-- Found rmw_fastrtps_cpp: 6.2.8 (/opt/ros/humble/share/rmw_fastrtps_cpp/cmake)
-- Found OpenSSL: /usr/lib/x86_64-linux-gnu/libcrypto.so (found version "3.0.2")  
-- Found FastRTPS: /opt/ros/humble/include  
-- Using RMW implementation 'rmw_fastrtps_cpp' as default
-- Looking for pthread.h
-- Looking for pthread.h - found
-- Performing Test CMAKE_HAVE_LIBC_PTHREAD
-- Performing Test CMAKE_HAVE_LIBC_PTHREAD - Success
-- Found Threads: TRUE  
-- Found nav_msgs: 4.9.0 (/opt/ros/humble/share/nav_msgs/cmake)
-- Configuring done
-- Generating done
-- Build files have been written to: /home/enryu/Desktop/Path-Following-Robot/build/topic_pkg
[ 50%] [32mBuilding CXX object CMakeFiles/move_robot_node.dir/src/move_robot.cpp.o[0m
[ 50%] [32mBuilding CXX object CMakeFiles/sub_odom_node.dir/src/sub_odom.cpp.o[0m
[ 75%] [32m[1mLinking CXX executable move_robot_node[0m
[ 75%] Built target move_robot_node
[100%] [32m[1mLinking CXX executable sub_odom_node[0m
[100%] Built target sub_odom_node
-- Install configuration: ""
-- Installing: /home/enryu/Desktop/Path-Following-Robot/install/topic_pkg/lib/topic_pkg/move_robot_node
-- Set runtime path of "/home/enryu/Desktop/Path-Following-Robot/install/topic_pkg/lib/topic_pkg/move_robot_node" to ""
-- Installing: /home/enryu/Desktop/Path-Following-Robot/install/topic_pkg/lib/topic_pkg/sub_odom_node
-- Set runtime path of "/home/enryu/Desktop/Path-Following-Robot/install/topic_pkg/lib/topic_pkg/sub_odom_node" to ""
-- Installing: /home/enryu/Desktop/Path-Following-Robot/install/topic_pkg/share/topic_pkg/launch
-- Installing: /home/enryu/Desktop/Path-Following-Robot/install/topic_pkg/share/topic_pkg/launch/sub_odom.launch.py
-- Installing: /home/enryu/Desktop/Path-Following-Robot/install/topic_pkg/share/topic_pkg/launch/move_robot.launch.py
-- Installing: /home/enryu/Desktop/Path-Following-Robot/install/topic_pkg/share/ament_index/resource_index/package_run_dependencies/topic_pkg
-- Installing: /home/enryu/Desktop/Path-Following-Robot/install/topic_pkg/share/ament_index/resource_index/parent_prefix_path/topic_pkg
-- Installing: /home/enryu/Desktop/Path-Following-Robot/install/topic_pkg/share/topic_pkg/environment/ament_prefix_path.sh
-- Installing: /home/enryu/Desktop/Path-Following-Robot/install/topic_pkg/share/topic_pkg/environment/ament_prefix_path.dsv
-- Installing: /home/enryu/Desktop/Path-Following-Robot/install/topic_pkg/share/topic_pkg/environment/path.sh
-- Installing: /home/enryu/Desktop/Path-Following-Robot/install/topic_pkg/share/topic_pkg/environment/path.dsv
-- Installing: /home/enryu/Desktop/Path-Following-Robot/install/topic_pkg/share/topic_pkg/local_setup.bash
-- Installing: /home/enryu/Desktop/Path-Following-Robot/install/topic_pkg/share/topic_pkg/local_setup.sh
-- Installing: /home/enryu/Desktop/Path-Following-Robot/install/topic_pkg/share/topic_pkg/local_setup.zsh
-- Installing: /home/enryu/Desktop/Path-Following-Robot/install/topic_pkg/share/topic_pkg/local_setup.dsv
-- Installing: /home/enryu/Desktop/Path-Following-Robot/install/topic_pkg/share/topic_pkg/package.dsv
-- Installing: /home/enryu/Desktop/Path-Following-Robot/install/topic_pkg/share/ament_index/resource_index/packages/topic_pkg
-- Installing: /home/enryu/Desktop/Path-Following-Robot/install/topic_pkg/share/topic_pkg/cmake/topic_pkgConfig.cmake
-- Installing: /home/enryu/Desktop/Path-Following-Robot/install/topic_pkg/share/topic_pkg/cmake/topic_pkgConfig-version.cmake
-- Installing: /home/enryu/Desktop/Path-Following-Robot/install/topic_pkg/share/topic_pkg/package.xml
