[0.135s] DEBUG:colcon:Command line arguments: ['/usr/bin/colcon', 'build']
[0.136s] DEBUG:colcon:Parsed command line arguments: Namespace(log_base=None, log_level=None, verb_name='build', build_base='build', install_base='install', merge_install=False, symlink_install=False, test_result_base=None, continue_on_error=False, executor='parallel', parallel_workers=12, event_handlers=None, ignore_user_meta=False, metas=['./colcon.meta'], base_paths=['.'], packages_ignore=None, packages_ignore_regex=None, paths=None, packages_up_to=None, packages_up_to_regex=None, packages_above=None, packages_above_and_dependencies=None, packages_above_depth=None, packages_select_by_dep=None, packages_skip_by_dep=None, packages_skip_up_to=None, packages_select_build_failed=False, packages_skip_build_finished=False, packages_select_test_failures=False, packages_skip_test_passed=False, packages_select=None, packages_skip=None, packages_select_regex=None, packages_skip_regex=None, packages_start=None, packages_end=None, allow_overriding=[], cmake_args=None, cmake_target=None, cmake_target_skip_unavailable=False, cmake_clean_cache=False, cmake_clean_first=False, cmake_force_configure=False, ament_cmake_args=None, catkin_cmake_args=None, catkin_skip_building_tests=False, mixin_files=None, mixin=None, verb_parser=<colcon_mixin.mixin.mixin_argument.MixinArgumentDecorator object at 0x7f7221232740>, verb_extension=<colcon_core.verb.build.BuildVerb object at 0x7f72212318a0>, main=<bound method BuildVerb.main of <colcon_core.verb.build.BuildVerb object at 0x7f72212318a0>>, mixin_verb=('build',))
[0.298s] Level 1:colcon.colcon_core.package_discovery:discover_packages(colcon_meta) check parameters
[0.298s] Level 1:colcon.colcon_core.package_discovery:discover_packages(recursive) check parameters
[0.298s] Level 1:colcon.colcon_core.package_discovery:discover_packages(ignore) check parameters
[0.298s] Level 1:colcon.colcon_core.package_discovery:discover_packages(path) check parameters
[0.298s] Level 1:colcon.colcon_core.package_discovery:discover_packages(colcon_meta) discover
[0.298s] Level 1:colcon.colcon_core.package_discovery:discover_packages(recursive) discover
[0.298s] INFO:colcon.colcon_core.package_discovery:Crawling recursively for packages in '/home/enryu/Desktop/Path-Following-Robot'
[0.298s] Level 1:colcon.colcon_core.package_identification:_identify(.) by extensions ['ignore', 'ignore_ament_install']
[0.298s] Level 1:colcon.colcon_core.package_identification:_identify(.) by extension 'ignore'
[0.298s] Level 1:colcon.colcon_core.package_identification:_identify(.) by extension 'ignore_ament_install'
[0.298s] Level 1:colcon.colcon_core.package_identification:_identify(.) by extensions ['colcon_pkg']
[0.298s] Level 1:colcon.colcon_core.package_identification:_identify(.) by extension 'colcon_pkg'
[0.298s] Level 1:colcon.colcon_core.package_identification:_identify(.) by extensions ['colcon_meta']
[0.299s] Level 1:colcon.colcon_core.package_identification:_identify(.) by extension 'colcon_meta'
[0.299s] Level 1:colcon.colcon_core.package_identification:_identify(.) by extensions ['ros']
[0.299s] Level 1:colcon.colcon_core.package_identification:_identify(.) by extension 'ros'
[0.308s] Level 1:colcon.colcon_core.package_identification:_identify(.) by extensions ['cmake', 'python']
[0.308s] Level 1:colcon.colcon_core.package_identification:_identify(.) by extension 'cmake'
[0.308s] Level 1:colcon.colcon_core.package_identification:_identify(.) by extension 'python'
[0.308s] Level 1:colcon.colcon_core.package_identification:_identify(.) by extensions ['python_setup_py']
[0.308s] Level 1:colcon.colcon_core.package_identification:_identify(.) by extension 'python_setup_py'
[0.308s] Level 1:colcon.colcon_core.package_identification:_identify(build) by extensions ['ignore', 'ignore_ament_install']
[0.308s] Level 1:colcon.colcon_core.package_identification:_identify(build) by extension 'ignore'
[0.308s] Level 1:colcon.colcon_core.package_identification:_identify(build) ignored
[0.309s] Level 1:colcon.colcon_core.package_identification:_identify(install) by extensions ['ignore', 'ignore_ament_install']
[0.309s] Level 1:colcon.colcon_core.package_identification:_identify(install) by extension 'ignore'
[0.309s] Level 1:colcon.colcon_core.package_identification:_identify(install) ignored
[0.309s] Level 1:colcon.colcon_core.package_identification:_identify(log) by extensions ['ignore', 'ignore_ament_install']
[0.309s] Level 1:colcon.colcon_core.package_identification:_identify(log) by extension 'ignore'
[0.309s] Level 1:colcon.colcon_core.package_identification:_identify(log) ignored
[0.309s] Level 1:colcon.colcon_core.package_identification:_identify(src) by extensions ['ignore', 'ignore_ament_install']
[0.309s] Level 1:colcon.colcon_core.package_identification:_identify(src) by extension 'ignore'
[0.309s] Level 1:colcon.colcon_core.package_identification:_identify(src) by extension 'ignore_ament_install'
[0.309s] Level 1:colcon.colcon_core.package_identification:_identify(src) by extensions ['colcon_pkg']
[0.309s] Level 1:colcon.colcon_core.package_identification:_identify(src) by extension 'colcon_pkg'
[0.309s] Level 1:colcon.colcon_core.package_identification:_identify(src) by extensions ['colcon_meta']
[0.309s] Level 1:colcon.colcon_core.package_identification:_identify(src) by extension 'colcon_meta'
[0.309s] Level 1:colcon.colcon_core.package_identification:_identify(src) by extensions ['ros']
[0.309s] Level 1:colcon.colcon_core.package_identification:_identify(src) by extension 'ros'
[0.309s] Level 1:colcon.colcon_core.package_identification:_identify(src) by extensions ['cmake', 'python']
[0.309s] Level 1:colcon.colcon_core.package_identification:_identify(src) by extension 'cmake'
[0.309s] Level 1:colcon.colcon_core.package_identification:_identify(src) by extension 'python'
[0.309s] Level 1:colcon.colcon_core.package_identification:_identify(src) by extensions ['python_setup_py']
[0.309s] Level 1:colcon.colcon_core.package_identification:_identify(src) by extension 'python_setup_py'
[0.309s] Level 1:colcon.colcon_core.package_identification:_identify(src/custom_interfaces) by extensions ['ignore', 'ignore_ament_install']
[0.310s] Level 1:colcon.colcon_core.package_identification:_identify(src/custom_interfaces) by extension 'ignore'
[0.310s] Level 1:colcon.colcon_core.package_identification:_identify(src/custom_interfaces) by extension 'ignore_ament_install'
[0.310s] Level 1:colcon.colcon_core.package_identification:_identify(src/custom_interfaces) by extensions ['colcon_pkg']
[0.310s] Level 1:colcon.colcon_core.package_identification:_identify(src/custom_interfaces) by extension 'colcon_pkg'
[0.310s] Level 1:colcon.colcon_core.package_identification:_identify(src/custom_interfaces) by extensions ['colcon_meta']
[0.310s] Level 1:colcon.colcon_core.package_identification:_identify(src/custom_interfaces) by extension 'colcon_meta'
[0.310s] Level 1:colcon.colcon_core.package_identification:_identify(src/custom_interfaces) by extensions ['ros']
[0.310s] Level 1:colcon.colcon_core.package_identification:_identify(src/custom_interfaces) by extension 'ros'
[0.312s] DEBUG:colcon.colcon_core.package_identification:Package 'src/custom_interfaces' with type 'ros.ament_cmake' and name 'custom_interfaces'
[0.312s] Level 1:colcon.colcon_core.package_identification:_identify(src/robot_description) by extensions ['ignore', 'ignore_ament_install']
[0.312s] Level 1:colcon.colcon_core.package_identification:_identify(src/robot_description) by extension 'ignore'
[0.312s] Level 1:colcon.colcon_core.package_identification:_identify(src/robot_description) by extension 'ignore_ament_install'
[0.312s] Level 1:colcon.colcon_core.package_identification:_identify(src/robot_description) by extensions ['colcon_pkg']
[0.312s] Level 1:colcon.colcon_core.package_identification:_identify(src/robot_description) by extension 'colcon_pkg'
[0.312s] Level 1:colcon.colcon_core.package_identification:_identify(src/robot_description) by extensions ['colcon_meta']
[0.312s] Level 1:colcon.colcon_core.package_identification:_identify(src/robot_description) by extension 'colcon_meta'
[0.312s] Level 1:colcon.colcon_core.package_identification:_identify(src/robot_description) by extensions ['ros']
[0.312s] Level 1:colcon.colcon_core.package_identification:_identify(src/robot_description) by extension 'ros'
[0.313s] DEBUG:colcon.colcon_core.package_identification:Package 'src/robot_description' with type 'ros.ament_python' and name 'robot_description'
[0.313s] Level 1:colcon.colcon_core.package_identification:_identify(src/simple_obstacle_avoidance) by extensions ['ignore', 'ignore_ament_install']
[0.313s] Level 1:colcon.colcon_core.package_identification:_identify(src/simple_obstacle_avoidance) by extension 'ignore'
[0.313s] Level 1:colcon.colcon_core.package_identification:_identify(src/simple_obstacle_avoidance) by extension 'ignore_ament_install'
[0.313s] Level 1:colcon.colcon_core.package_identification:_identify(src/simple_obstacle_avoidance) by extensions ['colcon_pkg']
[0.313s] Level 1:colcon.colcon_core.package_identification:_identify(src/simple_obstacle_avoidance) by extension 'colcon_pkg'
[0.313s] Level 1:colcon.colcon_core.package_identification:_identify(src/simple_obstacle_avoidance) by extensions ['colcon_meta']
[0.313s] Level 1:colcon.colcon_core.package_identification:_identify(src/simple_obstacle_avoidance) by extension 'colcon_meta'
[0.313s] Level 1:colcon.colcon_core.package_identification:_identify(src/simple_obstacle_avoidance) by extensions ['ros']
[0.314s] Level 1:colcon.colcon_core.package_identification:_identify(src/simple_obstacle_avoidance) by extension 'ros'
[0.314s] DEBUG:colcon.colcon_core.package_identification:Package 'src/simple_obstacle_avoidance' with type 'ros.ament_cmake' and name 'simple_obstacle_avoidance'
[0.314s] Level 1:colcon.colcon_core.package_identification:_identify(src/topic_pkg) by extensions ['ignore', 'ignore_ament_install']
[0.314s] Level 1:colcon.colcon_core.package_identification:_identify(src/topic_pkg) by extension 'ignore'
[0.314s] Level 1:colcon.colcon_core.package_identification:_identify(src/topic_pkg) by extension 'ignore_ament_install'
[0.314s] Level 1:colcon.colcon_core.package_identification:_identify(src/topic_pkg) by extensions ['colcon_pkg']
[0.314s] Level 1:colcon.colcon_core.package_identification:_identify(src/topic_pkg) by extension 'colcon_pkg'
[0.314s] Level 1:colcon.colcon_core.package_identification:_identify(src/topic_pkg) by extensions ['colcon_meta']
[0.314s] Level 1:colcon.colcon_core.package_identification:_identify(src/topic_pkg) by extension 'colcon_meta'
[0.314s] Level 1:colcon.colcon_core.package_identification:_identify(src/topic_pkg) by extensions ['ros']
[0.314s] Level 1:colcon.colcon_core.package_identification:_identify(src/topic_pkg) by extension 'ros'
[0.315s] DEBUG:colcon.colcon_core.package_identification:Package 'src/topic_pkg' with type 'ros.ament_cmake' and name 'topic_pkg'
[0.315s] Level 1:colcon.colcon_core.package_discovery:discover_packages(recursive) using defaults
[0.315s] Level 1:colcon.colcon_core.package_discovery:discover_packages(ignore) discover
[0.315s] Level 1:colcon.colcon_core.package_discovery:discover_packages(ignore) using defaults
[0.315s] Level 1:colcon.colcon_core.package_discovery:discover_packages(path) discover
[0.315s] Level 1:colcon.colcon_core.package_discovery:discover_packages(path) using defaults
[0.340s] Level 1:colcon.colcon_core.package_discovery:discover_packages(prefix_path) check parameters
[0.340s] Level 1:colcon.colcon_core.package_discovery:discover_packages(prefix_path) discover
[0.341s] WARNING:colcon.colcon_ros.prefix_path.ament:The path '/home/enryu/Desktop/Path-Following-Robot/install/topic_pkg' in the environment variable AMENT_PREFIX_PATH doesn't exist
[0.341s] WARNING:colcon.colcon_ros.prefix_path.ament:The path '/home/enryu/Desktop/Path-Following-Robot/install/simple_obstacle_avoidance' in the environment variable AMENT_PREFIX_PATH doesn't exist
[0.341s] WARNING:colcon.colcon_ros.prefix_path.ament:The path '/home/enryu/Desktop/Path-Following-Robot/install/robot_description' in the environment variable AMENT_PREFIX_PATH doesn't exist
[0.341s] WARNING:colcon.colcon_ros.prefix_path.ament:The path '/home/enryu/Desktop/Path-Following-Robot/install/custom_interfaces' in the environment variable AMENT_PREFIX_PATH doesn't exist
[0.341s] WARNING:colcon.colcon_ros.prefix_path.catkin:The path '/home/enryu/Desktop/Path-Following-Robot/install/topic_pkg' in the environment variable CMAKE_PREFIX_PATH doesn't exist
[0.341s] WARNING:colcon.colcon_ros.prefix_path.catkin:The path '/home/enryu/Desktop/Path-Following-Robot/install/simple_obstacle_avoidance' in the environment variable CMAKE_PREFIX_PATH doesn't exist
[0.341s] WARNING:colcon.colcon_ros.prefix_path.catkin:The path '/home/enryu/Desktop/Path-Following-Robot/install/custom_interfaces' in the environment variable CMAKE_PREFIX_PATH doesn't exist
[0.342s] DEBUG:colcon.colcon_installed_package_information.package_discovery:Found 0 installed packages in /home/enryu/Desktop/Path-Following-Robot/install
[0.343s] DEBUG:colcon.colcon_installed_package_information.package_discovery:Found 288 installed packages in /opt/ros/humble
[0.344s] Level 1:colcon.colcon_core.package_discovery:discover_packages(prefix_path) using defaults
[0.379s] Level 5:colcon.colcon_core.verb:set package 'custom_interfaces' build argument 'cmake_args' from command line to 'None'
[0.379s] Level 5:colcon.colcon_core.verb:set package 'custom_interfaces' build argument 'cmake_target' from command line to 'None'
[0.379s] Level 5:colcon.colcon_core.verb:set package 'custom_interfaces' build argument 'cmake_target_skip_unavailable' from command line to 'False'
[0.379s] Level 5:colcon.colcon_core.verb:set package 'custom_interfaces' build argument 'cmake_clean_cache' from command line to 'False'
[0.379s] Level 5:colcon.colcon_core.verb:set package 'custom_interfaces' build argument 'cmake_clean_first' from command line to 'False'
[0.379s] Level 5:colcon.colcon_core.verb:set package 'custom_interfaces' build argument 'cmake_force_configure' from command line to 'False'
[0.379s] Level 5:colcon.colcon_core.verb:set package 'custom_interfaces' build argument 'ament_cmake_args' from command line to 'None'
[0.379s] Level 5:colcon.colcon_core.verb:set package 'custom_interfaces' build argument 'catkin_cmake_args' from command line to 'None'
[0.379s] Level 5:colcon.colcon_core.verb:set package 'custom_interfaces' build argument 'catkin_skip_building_tests' from command line to 'False'
[0.380s] DEBUG:colcon.colcon_core.verb:Building package 'custom_interfaces' with the following arguments: {'ament_cmake_args': None, 'build_base': '/home/enryu/Desktop/Path-Following-Robot/build/custom_interfaces', 'catkin_cmake_args': None, 'catkin_skip_building_tests': False, 'cmake_args': None, 'cmake_clean_cache': False, 'cmake_clean_first': False, 'cmake_force_configure': False, 'cmake_target': None, 'cmake_target_skip_unavailable': False, 'install_base': '/home/enryu/Desktop/Path-Following-Robot/install/custom_interfaces', 'merge_install': False, 'path': '/home/enryu/Desktop/Path-Following-Robot/src/custom_interfaces', 'symlink_install': False, 'test_result_base': None}
[0.380s] Level 5:colcon.colcon_core.verb:set package 'robot_description' build argument 'cmake_args' from command line to 'None'
[0.380s] Level 5:colcon.colcon_core.verb:set package 'robot_description' build argument 'cmake_target' from command line to 'None'
[0.380s] Level 5:colcon.colcon_core.verb:set package 'robot_description' build argument 'cmake_target_skip_unavailable' from command line to 'False'
[0.380s] Level 5:colcon.colcon_core.verb:set package 'robot_description' build argument 'cmake_clean_cache' from command line to 'False'
[0.380s] Level 5:colcon.colcon_core.verb:set package 'robot_description' build argument 'cmake_clean_first' from command line to 'False'
[0.380s] Level 5:colcon.colcon_core.verb:set package 'robot_description' build argument 'cmake_force_configure' from command line to 'False'
[0.380s] Level 5:colcon.colcon_core.verb:set package 'robot_description' build argument 'ament_cmake_args' from command line to 'None'
[0.380s] Level 5:colcon.colcon_core.verb:set package 'robot_description' build argument 'catkin_cmake_args' from command line to 'None'
[0.380s] Level 5:colcon.colcon_core.verb:set package 'robot_description' build argument 'catkin_skip_building_tests' from command line to 'False'
[0.380s] DEBUG:colcon.colcon_core.verb:Building package 'robot_description' with the following arguments: {'ament_cmake_args': None, 'build_base': '/home/enryu/Desktop/Path-Following-Robot/build/robot_description', 'catkin_cmake_args': None, 'catkin_skip_building_tests': False, 'cmake_args': None, 'cmake_clean_cache': False, 'cmake_clean_first': False, 'cmake_force_configure': False, 'cmake_target': None, 'cmake_target_skip_unavailable': False, 'install_base': '/home/enryu/Desktop/Path-Following-Robot/install/robot_description', 'merge_install': False, 'path': '/home/enryu/Desktop/Path-Following-Robot/src/robot_description', 'symlink_install': False, 'test_result_base': None}
[0.380s] Level 5:colcon.colcon_core.verb:set package 'simple_obstacle_avoidance' build argument 'cmake_args' from command line to 'None'
[0.380s] Level 5:colcon.colcon_core.verb:set package 'simple_obstacle_avoidance' build argument 'cmake_target' from command line to 'None'
[0.380s] Level 5:colcon.colcon_core.verb:set package 'simple_obstacle_avoidance' build argument 'cmake_target_skip_unavailable' from command line to 'False'
[0.380s] Level 5:colcon.colcon_core.verb:set package 'simple_obstacle_avoidance' build argument 'cmake_clean_cache' from command line to 'False'
[0.380s] Level 5:colcon.colcon_core.verb:set package 'simple_obstacle_avoidance' build argument 'cmake_clean_first' from command line to 'False'
[0.380s] Level 5:colcon.colcon_core.verb:set package 'simple_obstacle_avoidance' build argument 'cmake_force_configure' from command line to 'False'
[0.380s] Level 5:colcon.colcon_core.verb:set package 'simple_obstacle_avoidance' build argument 'ament_cmake_args' from command line to 'None'
[0.381s] Level 5:colcon.colcon_core.verb:set package 'simple_obstacle_avoidance' build argument 'catkin_cmake_args' from command line to 'None'
[0.381s] Level 5:colcon.colcon_core.verb:set package 'simple_obstacle_avoidance' build argument 'catkin_skip_building_tests' from command line to 'False'
[0.381s] DEBUG:colcon.colcon_core.verb:Building package 'simple_obstacle_avoidance' with the following arguments: {'ament_cmake_args': None, 'build_base': '/home/enryu/Desktop/Path-Following-Robot/build/simple_obstacle_avoidance', 'catkin_cmake_args': None, 'catkin_skip_building_tests': False, 'cmake_args': None, 'cmake_clean_cache': False, 'cmake_clean_first': False, 'cmake_force_configure': False, 'cmake_target': None, 'cmake_target_skip_unavailable': False, 'install_base': '/home/enryu/Desktop/Path-Following-Robot/install/simple_obstacle_avoidance', 'merge_install': False, 'path': '/home/enryu/Desktop/Path-Following-Robot/src/simple_obstacle_avoidance', 'symlink_install': False, 'test_result_base': None}
[0.381s] Level 5:colcon.colcon_core.verb:set package 'topic_pkg' build argument 'cmake_args' from command line to 'None'
[0.381s] Level 5:colcon.colcon_core.verb:set package 'topic_pkg' build argument 'cmake_target' from command line to 'None'
[0.381s] Level 5:colcon.colcon_core.verb:set package 'topic_pkg' build argument 'cmake_target_skip_unavailable' from command line to 'False'
[0.381s] Level 5:colcon.colcon_core.verb:set package 'topic_pkg' build argument 'cmake_clean_cache' from command line to 'False'
[0.381s] Level 5:colcon.colcon_core.verb:set package 'topic_pkg' build argument 'cmake_clean_first' from command line to 'False'
[0.381s] Level 5:colcon.colcon_core.verb:set package 'topic_pkg' build argument 'cmake_force_configure' from command line to 'False'
[0.381s] Level 5:colcon.colcon_core.verb:set package 'topic_pkg' build argument 'ament_cmake_args' from command line to 'None'
[0.381s] Level 5:colcon.colcon_core.verb:set package 'topic_pkg' build argument 'catkin_cmake_args' from command line to 'None'
[0.381s] Level 5:colcon.colcon_core.verb:set package 'topic_pkg' build argument 'catkin_skip_building_tests' from command line to 'False'
[0.381s] DEBUG:colcon.colcon_core.verb:Building package 'topic_pkg' with the following arguments: {'ament_cmake_args': None, 'build_base': '/home/enryu/Desktop/Path-Following-Robot/build/topic_pkg', 'catkin_cmake_args': None, 'catkin_skip_building_tests': False, 'cmake_args': None, 'cmake_clean_cache': False, 'cmake_clean_first': False, 'cmake_force_configure': False, 'cmake_target': None, 'cmake_target_skip_unavailable': False, 'install_base': '/home/enryu/Desktop/Path-Following-Robot/install/topic_pkg', 'merge_install': False, 'path': '/home/enryu/Desktop/Path-Following-Robot/src/topic_pkg', 'symlink_install': False, 'test_result_base': None}
[0.381s] INFO:colcon.colcon_core.executor:Executing jobs using 'parallel' executor
[0.382s] DEBUG:colcon.colcon_parallel_executor.executor.parallel:run_until_complete
[0.382s] INFO:colcon.colcon_ros.task.ament_cmake.build:Building ROS package in '/home/enryu/Desktop/Path-Following-Robot/src/custom_interfaces' with build type 'ament_cmake'
[0.382s] INFO:colcon.colcon_cmake.task.cmake.build:Building CMake package in '/home/enryu/Desktop/Path-Following-Robot/src/custom_interfaces'
[0.384s] INFO:colcon.colcon_core.plugin_system:Skipping extension 'colcon_core.shell.bat': Not used on non-Windows systems
[0.384s] INFO:colcon.colcon_core.shell:Skip shell extension 'powershell' for command environment: Not usable outside of PowerShell
[0.384s] DEBUG:colcon.colcon_core.shell:Skip shell extension 'dsv' for command environment
[0.387s] INFO:colcon.colcon_ros.task.ament_python.build:Building ROS package in '/home/enryu/Desktop/Path-Following-Robot/src/robot_description' with build type 'ament_python'
[0.387s] Level 1:colcon.colcon_core.shell:create_environment_hook('robot_description', 'ament_prefix_path')
[0.387s] INFO:colcon.colcon_core.shell:Creating environment hook '/home/enryu/Desktop/Path-Following-Robot/install/robot_description/share/robot_description/hook/ament_prefix_path.ps1'
[0.388s] INFO:colcon.colcon_core.shell:Creating environment descriptor '/home/enryu/Desktop/Path-Following-Robot/install/robot_description/share/robot_description/hook/ament_prefix_path.dsv'
[0.388s] INFO:colcon.colcon_core.shell:Creating environment hook '/home/enryu/Desktop/Path-Following-Robot/install/robot_description/share/robot_description/hook/ament_prefix_path.sh'
[0.389s] INFO:colcon.colcon_core.shell:Skip shell extension 'powershell' for command environment: Not usable outside of PowerShell
[0.389s] DEBUG:colcon.colcon_core.shell:Skip shell extension 'dsv' for command environment
[0.391s] INFO:colcon.colcon_ros.task.ament_cmake.build:Building ROS package in '/home/enryu/Desktop/Path-Following-Robot/src/simple_obstacle_avoidance' with build type 'ament_cmake'
[0.391s] INFO:colcon.colcon_cmake.task.cmake.build:Building CMake package in '/home/enryu/Desktop/Path-Following-Robot/src/simple_obstacle_avoidance'
[0.392s] INFO:colcon.colcon_core.shell:Skip shell extension 'powershell' for command environment: Not usable outside of PowerShell
[0.392s] DEBUG:colcon.colcon_core.shell:Skip shell extension 'dsv' for command environment
[0.394s] INFO:colcon.colcon_ros.task.ament_cmake.build:Building ROS package in '/home/enryu/Desktop/Path-Following-Robot/src/topic_pkg' with build type 'ament_cmake'
[0.394s] INFO:colcon.colcon_cmake.task.cmake.build:Building CMake package in '/home/enryu/Desktop/Path-Following-Robot/src/topic_pkg'
[0.395s] INFO:colcon.colcon_core.shell:Skip shell extension 'powershell' for command environment: Not usable outside of PowerShell
[0.395s] DEBUG:colcon.colcon_core.shell:Skip shell extension 'dsv' for command environment
[0.402s] DEBUG:colcon.colcon_core.event_handler.log_command:Invoking command in '/home/enryu/Desktop/Path-Following-Robot/build/custom_interfaces': CMAKE_PREFIX_PATH=${CMAKE_PREFIX_PATH}:/home/enryu/Desktop/Path-Following-Robot/install/robot_description:/opt/ros/humble /usr/bin/cmake /home/enryu/Desktop/Path-Following-Robot/src/custom_interfaces -DCMAKE_INSTALL_PREFIX=/home/enryu/Desktop/Path-Following-Robot/install/custom_interfaces
[0.637s] INFO:colcon.colcon_core.task.python.build:Building Python package in '/home/enryu/Desktop/Path-Following-Robot/src/robot_description'
[0.638s] INFO:colcon.colcon_core.shell:Skip shell extension 'powershell' for command environment: Not usable outside of PowerShell
[0.638s] DEBUG:colcon.colcon_core.shell:Skip shell extension 'dsv' for command environment
[0.644s] DEBUG:colcon.colcon_core.event_handler.log_command:Invoking command in '/home/enryu/Desktop/Path-Following-Robot/build/simple_obstacle_avoidance': CMAKE_PREFIX_PATH=${CMAKE_PREFIX_PATH}:/home/enryu/Desktop/Path-Following-Robot/install/robot_description:/opt/ros/humble /usr/bin/cmake /home/enryu/Desktop/Path-Following-Robot/src/simple_obstacle_avoidance -DCMAKE_INSTALL_PREFIX=/home/enryu/Desktop/Path-Following-Robot/install/simple_obstacle_avoidance
[0.648s] DEBUG:colcon.colcon_core.event_handler.log_command:Invoking command in '/home/enryu/Desktop/Path-Following-Robot/build/topic_pkg': CMAKE_PREFIX_PATH=${CMAKE_PREFIX_PATH}:/home/enryu/Desktop/Path-Following-Robot/install/robot_description:/opt/ros/humble /usr/bin/cmake /home/enryu/Desktop/Path-Following-Robot/src/topic_pkg -DCMAKE_INSTALL_PREFIX=/home/enryu/Desktop/Path-Following-Robot/install/topic_pkg
[0.970s] DEBUG:colcon.colcon_core.event_handler.log_command:Invoking command in '/home/enryu/Desktop/Path-Following-Robot/src/robot_description': PYTHONPATH=/home/enryu/Desktop/Path-Following-Robot/build/robot_description/prefix_override:/usr/lib/python3/dist-packages/colcon_core/task/python/colcon_distutils_commands:/home/enryu/Desktop/Path-Following-Robot/install/robot_description/lib/python3.10/site-packages:${PYTHONPATH} /usr/bin/python3 -W ignore:setup.py install is deprecated -W ignore:easy_install command is deprecated setup.py egg_info --egg-base ../../build/robot_description build --build-base /home/enryu/Desktop/Path-Following-Robot/build/robot_description/build install --record /home/enryu/Desktop/Path-Following-Robot/build/robot_description/install.log --single-version-externally-managed install_data
[1.249s] DEBUG:colcon.colcon_core.event_handler.log_command:Invoked command in '/home/enryu/Desktop/Path-Following-Robot/src/robot_description' returned '0': PYTHONPATH=/home/enryu/Desktop/Path-Following-Robot/build/robot_description/prefix_override:/usr/lib/python3/dist-packages/colcon_core/task/python/colcon_distutils_commands:/home/enryu/Desktop/Path-Following-Robot/install/robot_description/lib/python3.10/site-packages:${PYTHONPATH} /usr/bin/python3 -W ignore:setup.py install is deprecated -W ignore:easy_install command is deprecated setup.py egg_info --egg-base ../../build/robot_description build --build-base /home/enryu/Desktop/Path-Following-Robot/build/robot_description/build install --record /home/enryu/Desktop/Path-Following-Robot/build/robot_description/install.log --single-version-externally-managed install_data
[1.251s] Level 1:colcon.colcon_core.environment:checking '/home/enryu/Desktop/Path-Following-Robot/install/robot_description' for CMake module files
[1.252s] Level 1:colcon.colcon_core.environment:checking '/home/enryu/Desktop/Path-Following-Robot/install/robot_description' for CMake config files
[1.253s] Level 1:colcon.colcon_core.environment:checking '/home/enryu/Desktop/Path-Following-Robot/install/robot_description/lib'
[1.253s] Level 1:colcon.colcon_core.environment:checking '/home/enryu/Desktop/Path-Following-Robot/install/robot_description/bin'
[1.253s] Level 1:colcon.colcon_core.environment:checking '/home/enryu/Desktop/Path-Following-Robot/install/robot_description/lib/pkgconfig/robot_description.pc'
[1.254s] Level 1:colcon.colcon_core.environment:checking '/home/enryu/Desktop/Path-Following-Robot/install/robot_description/lib/python3.10/site-packages'
[1.254s] Level 1:colcon.colcon_core.shell:create_environment_hook('robot_description', 'pythonpath')
[1.254s] INFO:colcon.colcon_core.shell:Creating environment hook '/home/enryu/Desktop/Path-Following-Robot/install/robot_description/share/robot_description/hook/pythonpath.ps1'
[1.255s] INFO:colcon.colcon_core.shell:Creating environment descriptor '/home/enryu/Desktop/Path-Following-Robot/install/robot_description/share/robot_description/hook/pythonpath.dsv'
[1.255s] INFO:colcon.colcon_core.shell:Creating environment hook '/home/enryu/Desktop/Path-Following-Robot/install/robot_description/share/robot_description/hook/pythonpath.sh'
[1.256s] Level 1:colcon.colcon_core.environment:checking '/home/enryu/Desktop/Path-Following-Robot/install/robot_description/bin'
[1.256s] Level 1:colcon.colcon_core.environment:create_environment_scripts_only(robot_description)
[1.257s] INFO:colcon.colcon_core.shell:Creating package script '/home/enryu/Desktop/Path-Following-Robot/install/robot_description/share/robot_description/package.ps1'
[1.258s] INFO:colcon.colcon_core.shell:Creating package descriptor '/home/enryu/Desktop/Path-Following-Robot/install/robot_description/share/robot_description/package.dsv'
[1.259s] INFO:colcon.colcon_core.shell:Creating package script '/home/enryu/Desktop/Path-Following-Robot/install/robot_description/share/robot_description/package.sh'
[1.260s] INFO:colcon.colcon_core.shell:Creating package script '/home/enryu/Desktop/Path-Following-Robot/install/robot_description/share/robot_description/package.bash'
[1.261s] INFO:colcon.colcon_core.shell:Creating package script '/home/enryu/Desktop/Path-Following-Robot/install/robot_description/share/robot_description/package.zsh'
[1.262s] Level 1:colcon.colcon_core.environment:create_file_with_runtime_dependencies(/home/enryu/Desktop/Path-Following-Robot/install/robot_description/share/colcon-core/packages/robot_description)
[1.709s] DEBUG:colcon.colcon_core.event_handler.log_command:Invoked command in '/home/enryu/Desktop/Path-Following-Robot/build/simple_obstacle_avoidance' returned '0': CMAKE_PREFIX_PATH=${CMAKE_PREFIX_PATH}:/home/enryu/Desktop/Path-Following-Robot/install/robot_description:/opt/ros/humble /usr/bin/cmake /home/enryu/Desktop/Path-Following-Robot/src/simple_obstacle_avoidance -DCMAKE_INSTALL_PREFIX=/home/enryu/Desktop/Path-Following-Robot/install/simple_obstacle_avoidance
[1.710s] DEBUG:colcon.colcon_core.event_handler.log_command:Invoking command in '/home/enryu/Desktop/Path-Following-Robot/build/simple_obstacle_avoidance': CMAKE_PREFIX_PATH=${CMAKE_PREFIX_PATH}:/home/enryu/Desktop/Path-Following-Robot/install/robot_description:/opt/ros/humble /usr/bin/cmake --build /home/enryu/Desktop/Path-Following-Robot/build/simple_obstacle_avoidance -- -j12 -l12
[1.742s] DEBUG:colcon.colcon_core.event_handler.log_command:Invoked command in '/home/enryu/Desktop/Path-Following-Robot/build/topic_pkg' returned '0': CMAKE_PREFIX_PATH=${CMAKE_PREFIX_PATH}:/home/enryu/Desktop/Path-Following-Robot/install/robot_description:/opt/ros/humble /usr/bin/cmake /home/enryu/Desktop/Path-Following-Robot/src/topic_pkg -DCMAKE_INSTALL_PREFIX=/home/enryu/Desktop/Path-Following-Robot/install/topic_pkg
[1.743s] DEBUG:colcon.colcon_core.event_handler.log_command:Invoking command in '/home/enryu/Desktop/Path-Following-Robot/build/topic_pkg': CMAKE_PREFIX_PATH=${CMAKE_PREFIX_PATH}:/home/enryu/Desktop/Path-Following-Robot/install/robot_description:/opt/ros/humble /usr/bin/cmake --build /home/enryu/Desktop/Path-Following-Robot/build/topic_pkg -- -j12 -l12
[2.135s] DEBUG:colcon.colcon_core.event_handler.log_command:Invoked command in '/home/enryu/Desktop/Path-Following-Robot/build/custom_interfaces' returned '0': CMAKE_PREFIX_PATH=${CMAKE_PREFIX_PATH}:/home/enryu/Desktop/Path-Following-Robot/install/robot_description:/opt/ros/humble /usr/bin/cmake /home/enryu/Desktop/Path-Following-Robot/src/custom_interfaces -DCMAKE_INSTALL_PREFIX=/home/enryu/Desktop/Path-Following-Robot/install/custom_interfaces
[2.136s] DEBUG:colcon.colcon_core.event_handler.log_command:Invoking command in '/home/enryu/Desktop/Path-Following-Robot/build/custom_interfaces': CMAKE_PREFIX_PATH=${CMAKE_PREFIX_PATH}:/home/enryu/Desktop/Path-Following-Robot/install/robot_description:/opt/ros/humble /usr/bin/cmake --build /home/enryu/Desktop/Path-Following-Robot/build/custom_interfaces -- -j12 -l12
[4.064s] DEBUG:colcon.colcon_core.event_handler.log_command:Invoked command in '/home/enryu/Desktop/Path-Following-Robot/build/custom_interfaces' returned '0': CMAKE_PREFIX_PATH=${CMAKE_PREFIX_PATH}:/home/enryu/Desktop/Path-Following-Robot/install/robot_description:/opt/ros/humble /usr/bin/cmake --build /home/enryu/Desktop/Path-Following-Robot/build/custom_interfaces -- -j12 -l12
[4.074s] DEBUG:colcon.colcon_core.event_handler.log_command:Invoking command in '/home/enryu/Desktop/Path-Following-Robot/build/custom_interfaces': CMAKE_PREFIX_PATH=${CMAKE_PREFIX_PATH}:/home/enryu/Desktop/Path-Following-Robot/install/robot_description:/opt/ros/humble /usr/bin/cmake --install /home/enryu/Desktop/Path-Following-Robot/build/custom_interfaces
[4.138s] Level 1:colcon.colcon_core.environment:create_environment_scripts_only(custom_interfaces)
[4.139s] Level 1:colcon.colcon_core.environment:checking '/home/enryu/Desktop/Path-Following-Robot/install/custom_interfaces' for CMake module files
[4.140s] DEBUG:colcon.colcon_core.event_handler.log_command:Invoked command in '/home/enryu/Desktop/Path-Following-Robot/build/custom_interfaces' returned '0': CMAKE_PREFIX_PATH=${CMAKE_PREFIX_PATH}:/home/enryu/Desktop/Path-Following-Robot/install/robot_description:/opt/ros/humble /usr/bin/cmake --install /home/enryu/Desktop/Path-Following-Robot/build/custom_interfaces
[4.140s] Level 1:colcon.colcon_core.environment:checking '/home/enryu/Desktop/Path-Following-Robot/install/custom_interfaces' for CMake config files
[4.141s] Level 1:colcon.colcon_core.shell:create_environment_hook('custom_interfaces', 'cmake_prefix_path')
[4.141s] INFO:colcon.colcon_core.shell:Creating environment hook '/home/enryu/Desktop/Path-Following-Robot/install/custom_interfaces/share/custom_interfaces/hook/cmake_prefix_path.ps1'
[4.142s] INFO:colcon.colcon_core.shell:Creating environment descriptor '/home/enryu/Desktop/Path-Following-Robot/install/custom_interfaces/share/custom_interfaces/hook/cmake_prefix_path.dsv'
[4.142s] INFO:colcon.colcon_core.shell:Creating environment hook '/home/enryu/Desktop/Path-Following-Robot/install/custom_interfaces/share/custom_interfaces/hook/cmake_prefix_path.sh'
[4.143s] Level 1:colcon.colcon_core.environment:checking '/home/enryu/Desktop/Path-Following-Robot/install/custom_interfaces/lib'
[4.143s] Level 1:colcon.colcon_core.shell:create_environment_hook('custom_interfaces', 'ld_library_path_lib')
[4.144s] INFO:colcon.colcon_core.shell:Creating environment hook '/home/enryu/Desktop/Path-Following-Robot/install/custom_interfaces/share/custom_interfaces/hook/ld_library_path_lib.ps1'
[4.144s] INFO:colcon.colcon_core.shell:Creating environment descriptor '/home/enryu/Desktop/Path-Following-Robot/install/custom_interfaces/share/custom_interfaces/hook/ld_library_path_lib.dsv'
[4.145s] INFO:colcon.colcon_core.shell:Creating environment hook '/home/enryu/Desktop/Path-Following-Robot/install/custom_interfaces/share/custom_interfaces/hook/ld_library_path_lib.sh'
[4.145s] Level 1:colcon.colcon_core.environment:checking '/home/enryu/Desktop/Path-Following-Robot/install/custom_interfaces/bin'
[4.145s] Level 1:colcon.colcon_core.environment:checking '/home/enryu/Desktop/Path-Following-Robot/install/custom_interfaces/lib/pkgconfig/custom_interfaces.pc'
[4.146s] Level 1:colcon.colcon_core.environment:checking '/home/enryu/Desktop/Path-Following-Robot/install/custom_interfaces/lib/python3.10/site-packages'
[4.146s] Level 1:colcon.colcon_core.environment:checking '/home/enryu/Desktop/Path-Following-Robot/install/custom_interfaces/bin'
[4.146s] INFO:colcon.colcon_core.shell:Creating package script '/home/enryu/Desktop/Path-Following-Robot/install/custom_interfaces/share/custom_interfaces/package.ps1'
[4.147s] INFO:colcon.colcon_core.shell:Creating package descriptor '/home/enryu/Desktop/Path-Following-Robot/install/custom_interfaces/share/custom_interfaces/package.dsv'
[4.148s] INFO:colcon.colcon_core.shell:Creating package script '/home/enryu/Desktop/Path-Following-Robot/install/custom_interfaces/share/custom_interfaces/package.sh'
[4.148s] INFO:colcon.colcon_core.shell:Creating package script '/home/enryu/Desktop/Path-Following-Robot/install/custom_interfaces/share/custom_interfaces/package.bash'
[4.149s] INFO:colcon.colcon_core.shell:Creating package script '/home/enryu/Desktop/Path-Following-Robot/install/custom_interfaces/share/custom_interfaces/package.zsh'
[4.149s] Level 1:colcon.colcon_core.environment:create_file_with_runtime_dependencies(/home/enryu/Desktop/Path-Following-Robot/install/custom_interfaces/share/colcon-core/packages/custom_interfaces)
[4.150s] Level 1:colcon.colcon_core.environment:create_environment_scripts_only(custom_interfaces)
[4.151s] Level 1:colcon.colcon_core.environment:checking '/home/enryu/Desktop/Path-Following-Robot/install/custom_interfaces' for CMake module files
[4.152s] Level 1:colcon.colcon_core.environment:checking '/home/enryu/Desktop/Path-Following-Robot/install/custom_interfaces' for CMake config files
[4.153s] Level 1:colcon.colcon_core.shell:create_environment_hook('custom_interfaces', 'cmake_prefix_path')
[4.153s] INFO:colcon.colcon_core.shell:Creating environment hook '/home/enryu/Desktop/Path-Following-Robot/install/custom_interfaces/share/custom_interfaces/hook/cmake_prefix_path.ps1'
[4.154s] INFO:colcon.colcon_core.shell:Creating environment descriptor '/home/enryu/Desktop/Path-Following-Robot/install/custom_interfaces/share/custom_interfaces/hook/cmake_prefix_path.dsv'
[4.154s] INFO:colcon.colcon_core.shell:Creating environment hook '/home/enryu/Desktop/Path-Following-Robot/install/custom_interfaces/share/custom_interfaces/hook/cmake_prefix_path.sh'
[4.155s] Level 1:colcon.colcon_core.environment:checking '/home/enryu/Desktop/Path-Following-Robot/install/custom_interfaces/lib'
[4.155s] Level 1:colcon.colcon_core.shell:create_environment_hook('custom_interfaces', 'ld_library_path_lib')
[4.155s] INFO:colcon.colcon_core.shell:Creating environment hook '/home/enryu/Desktop/Path-Following-Robot/install/custom_interfaces/share/custom_interfaces/hook/ld_library_path_lib.ps1'
[4.156s] INFO:colcon.colcon_core.shell:Creating environment descriptor '/home/enryu/Desktop/Path-Following-Robot/install/custom_interfaces/share/custom_interfaces/hook/ld_library_path_lib.dsv'
[4.156s] INFO:colcon.colcon_core.shell:Creating environment hook '/home/enryu/Desktop/Path-Following-Robot/install/custom_interfaces/share/custom_interfaces/hook/ld_library_path_lib.sh'
[4.157s] Level 1:colcon.colcon_core.environment:checking '/home/enryu/Desktop/Path-Following-Robot/install/custom_interfaces/bin'
[4.157s] Level 1:colcon.colcon_core.environment:checking '/home/enryu/Desktop/Path-Following-Robot/install/custom_interfaces/lib/pkgconfig/custom_interfaces.pc'
[4.157s] Level 1:colcon.colcon_core.environment:checking '/home/enryu/Desktop/Path-Following-Robot/install/custom_interfaces/lib/python3.10/site-packages'
[4.157s] Level 1:colcon.colcon_core.environment:checking '/home/enryu/Desktop/Path-Following-Robot/install/custom_interfaces/bin'
[4.158s] INFO:colcon.colcon_core.shell:Creating package script '/home/enryu/Desktop/Path-Following-Robot/install/custom_interfaces/share/custom_interfaces/package.ps1'
[4.159s] INFO:colcon.colcon_core.shell:Creating package descriptor '/home/enryu/Desktop/Path-Following-Robot/install/custom_interfaces/share/custom_interfaces/package.dsv'
[4.160s] INFO:colcon.colcon_core.shell:Creating package script '/home/enryu/Desktop/Path-Following-Robot/install/custom_interfaces/share/custom_interfaces/package.sh'
[4.161s] INFO:colcon.colcon_core.shell:Creating package script '/home/enryu/Desktop/Path-Following-Robot/install/custom_interfaces/share/custom_interfaces/package.bash'
[4.161s] INFO:colcon.colcon_core.shell:Creating package script '/home/enryu/Desktop/Path-Following-Robot/install/custom_interfaces/share/custom_interfaces/package.zsh'
[4.162s] Level 1:colcon.colcon_core.environment:create_file_with_runtime_dependencies(/home/enryu/Desktop/Path-Following-Robot/install/custom_interfaces/share/colcon-core/packages/custom_interfaces)
[9.868s] DEBUG:colcon.colcon_core.event_handler.log_command:Invoked command in '/home/enryu/Desktop/Path-Following-Robot/build/topic_pkg' returned '0': CMAKE_PREFIX_PATH=${CMAKE_PREFIX_PATH}:/home/enryu/Desktop/Path-Following-Robot/install/robot_description:/opt/ros/humble /usr/bin/cmake --build /home/enryu/Desktop/Path-Following-Robot/build/topic_pkg -- -j12 -l12
[9.870s] DEBUG:colcon.colcon_core.event_handler.log_command:Invoking command in '/home/enryu/Desktop/Path-Following-Robot/build/topic_pkg': CMAKE_PREFIX_PATH=${CMAKE_PREFIX_PATH}:/home/enryu/Desktop/Path-Following-Robot/install/robot_description:/opt/ros/humble /usr/bin/cmake --install /home/enryu/Desktop/Path-Following-Robot/build/topic_pkg
[9.884s] Level 1:colcon.colcon_core.environment:create_environment_scripts_only(topic_pkg)
[9.884s] Level 1:colcon.colcon_core.environment:checking '/home/enryu/Desktop/Path-Following-Robot/install/topic_pkg' for CMake module files
[9.885s] DEBUG:colcon.colcon_core.event_handler.log_command:Invoked command in '/home/enryu/Desktop/Path-Following-Robot/build/topic_pkg' returned '0': CMAKE_PREFIX_PATH=${CMAKE_PREFIX_PATH}:/home/enryu/Desktop/Path-Following-Robot/install/robot_description:/opt/ros/humble /usr/bin/cmake --install /home/enryu/Desktop/Path-Following-Robot/build/topic_pkg
[9.885s] Level 1:colcon.colcon_core.environment:checking '/home/enryu/Desktop/Path-Following-Robot/install/topic_pkg' for CMake config files
[9.885s] Level 1:colcon.colcon_core.shell:create_environment_hook('topic_pkg', 'cmake_prefix_path')
[9.886s] INFO:colcon.colcon_core.shell:Creating environment hook '/home/enryu/Desktop/Path-Following-Robot/install/topic_pkg/share/topic_pkg/hook/cmake_prefix_path.ps1'
[9.886s] INFO:colcon.colcon_core.shell:Creating environment descriptor '/home/enryu/Desktop/Path-Following-Robot/install/topic_pkg/share/topic_pkg/hook/cmake_prefix_path.dsv'
[9.886s] INFO:colcon.colcon_core.shell:Creating environment hook '/home/enryu/Desktop/Path-Following-Robot/install/topic_pkg/share/topic_pkg/hook/cmake_prefix_path.sh'
[9.887s] Level 1:colcon.colcon_core.environment:checking '/home/enryu/Desktop/Path-Following-Robot/install/topic_pkg/lib'
[9.887s] Level 1:colcon.colcon_core.environment:checking '/home/enryu/Desktop/Path-Following-Robot/install/topic_pkg/bin'
[9.887s] Level 1:colcon.colcon_core.environment:checking '/home/enryu/Desktop/Path-Following-Robot/install/topic_pkg/lib/pkgconfig/topic_pkg.pc'
[9.887s] Level 1:colcon.colcon_core.environment:checking '/home/enryu/Desktop/Path-Following-Robot/install/topic_pkg/lib/python3.10/site-packages'
[9.887s] Level 1:colcon.colcon_core.environment:checking '/home/enryu/Desktop/Path-Following-Robot/install/topic_pkg/bin'
[9.887s] INFO:colcon.colcon_core.shell:Creating package script '/home/enryu/Desktop/Path-Following-Robot/install/topic_pkg/share/topic_pkg/package.ps1'
[9.888s] INFO:colcon.colcon_core.shell:Creating package descriptor '/home/enryu/Desktop/Path-Following-Robot/install/topic_pkg/share/topic_pkg/package.dsv'
[9.888s] INFO:colcon.colcon_core.shell:Creating package script '/home/enryu/Desktop/Path-Following-Robot/install/topic_pkg/share/topic_pkg/package.sh'
[9.889s] INFO:colcon.colcon_core.shell:Creating package script '/home/enryu/Desktop/Path-Following-Robot/install/topic_pkg/share/topic_pkg/package.bash'
[9.889s] INFO:colcon.colcon_core.shell:Creating package script '/home/enryu/Desktop/Path-Following-Robot/install/topic_pkg/share/topic_pkg/package.zsh'
[9.889s] Level 1:colcon.colcon_core.environment:create_file_with_runtime_dependencies(/home/enryu/Desktop/Path-Following-Robot/install/topic_pkg/share/colcon-core/packages/topic_pkg)
[9.890s] Level 1:colcon.colcon_core.environment:create_environment_scripts_only(topic_pkg)
[9.890s] Level 1:colcon.colcon_core.environment:checking '/home/enryu/Desktop/Path-Following-Robot/install/topic_pkg' for CMake module files
[9.890s] Level 1:colcon.colcon_core.environment:checking '/home/enryu/Desktop/Path-Following-Robot/install/topic_pkg' for CMake config files
[9.890s] Level 1:colcon.colcon_core.shell:create_environment_hook('topic_pkg', 'cmake_prefix_path')
[9.890s] INFO:colcon.colcon_core.shell:Creating environment hook '/home/enryu/Desktop/Path-Following-Robot/install/topic_pkg/share/topic_pkg/hook/cmake_prefix_path.ps1'
[9.891s] INFO:colcon.colcon_core.shell:Creating environment descriptor '/home/enryu/Desktop/Path-Following-Robot/install/topic_pkg/share/topic_pkg/hook/cmake_prefix_path.dsv'
[9.891s] INFO:colcon.colcon_core.shell:Creating environment hook '/home/enryu/Desktop/Path-Following-Robot/install/topic_pkg/share/topic_pkg/hook/cmake_prefix_path.sh'
[9.892s] Level 1:colcon.colcon_core.environment:checking '/home/enryu/Desktop/Path-Following-Robot/install/topic_pkg/lib'
[9.892s] Level 1:colcon.colcon_core.environment:checking '/home/enryu/Desktop/Path-Following-Robot/install/topic_pkg/bin'
[9.892s] Level 1:colcon.colcon_core.environment:checking '/home/enryu/Desktop/Path-Following-Robot/install/topic_pkg/lib/pkgconfig/topic_pkg.pc'
[9.892s] Level 1:colcon.colcon_core.environment:checking '/home/enryu/Desktop/Path-Following-Robot/install/topic_pkg/lib/python3.10/site-packages'
[9.892s] Level 1:colcon.colcon_core.environment:checking '/home/enryu/Desktop/Path-Following-Robot/install/topic_pkg/bin'
[9.892s] INFO:colcon.colcon_core.shell:Creating package script '/home/enryu/Desktop/Path-Following-Robot/install/topic_pkg/share/topic_pkg/package.ps1'
[9.893s] INFO:colcon.colcon_core.shell:Creating package descriptor '/home/enryu/Desktop/Path-Following-Robot/install/topic_pkg/share/topic_pkg/package.dsv'
[9.893s] INFO:colcon.colcon_core.shell:Creating package script '/home/enryu/Desktop/Path-Following-Robot/install/topic_pkg/share/topic_pkg/package.sh'
[9.893s] INFO:colcon.colcon_core.shell:Creating package script '/home/enryu/Desktop/Path-Following-Robot/install/topic_pkg/share/topic_pkg/package.bash'
[9.894s] INFO:colcon.colcon_core.shell:Creating package script '/home/enryu/Desktop/Path-Following-Robot/install/topic_pkg/share/topic_pkg/package.zsh'
[9.894s] Level 1:colcon.colcon_core.environment:create_file_with_runtime_dependencies(/home/enryu/Desktop/Path-Following-Robot/install/topic_pkg/share/colcon-core/packages/topic_pkg)
[10.082s] DEBUG:colcon.colcon_core.event_handler.log_command:Invoked command in '/home/enryu/Desktop/Path-Following-Robot/build/simple_obstacle_avoidance' returned '0': CMAKE_PREFIX_PATH=${CMAKE_PREFIX_PATH}:/home/enryu/Desktop/Path-Following-Robot/install/robot_description:/opt/ros/humble /usr/bin/cmake --build /home/enryu/Desktop/Path-Following-Robot/build/simple_obstacle_avoidance -- -j12 -l12
[10.084s] DEBUG:colcon.colcon_core.event_handler.log_command:Invoking command in '/home/enryu/Desktop/Path-Following-Robot/build/simple_obstacle_avoidance': CMAKE_PREFIX_PATH=${CMAKE_PREFIX_PATH}:/home/enryu/Desktop/Path-Following-Robot/install/robot_description:/opt/ros/humble /usr/bin/cmake --install /home/enryu/Desktop/Path-Following-Robot/build/simple_obstacle_avoidance
[10.098s] Level 1:colcon.colcon_core.environment:create_environment_scripts_only(simple_obstacle_avoidance)
[10.098s] Level 1:colcon.colcon_core.environment:checking '/home/enryu/Desktop/Path-Following-Robot/install/simple_obstacle_avoidance' for CMake module files
[10.098s] DEBUG:colcon.colcon_core.event_handler.log_command:Invoked command in '/home/enryu/Desktop/Path-Following-Robot/build/simple_obstacle_avoidance' returned '0': CMAKE_PREFIX_PATH=${CMAKE_PREFIX_PATH}:/home/enryu/Desktop/Path-Following-Robot/install/robot_description:/opt/ros/humble /usr/bin/cmake --install /home/enryu/Desktop/Path-Following-Robot/build/simple_obstacle_avoidance
[10.099s] Level 1:colcon.colcon_core.environment:checking '/home/enryu/Desktop/Path-Following-Robot/install/simple_obstacle_avoidance' for CMake config files
[10.099s] Level 1:colcon.colcon_core.shell:create_environment_hook('simple_obstacle_avoidance', 'cmake_prefix_path')
[10.099s] INFO:colcon.colcon_core.shell:Creating environment hook '/home/enryu/Desktop/Path-Following-Robot/install/simple_obstacle_avoidance/share/simple_obstacle_avoidance/hook/cmake_prefix_path.ps1'
[10.099s] INFO:colcon.colcon_core.shell:Creating environment descriptor '/home/enryu/Desktop/Path-Following-Robot/install/simple_obstacle_avoidance/share/simple_obstacle_avoidance/hook/cmake_prefix_path.dsv'
[10.100s] INFO:colcon.colcon_core.shell:Creating environment hook '/home/enryu/Desktop/Path-Following-Robot/install/simple_obstacle_avoidance/share/simple_obstacle_avoidance/hook/cmake_prefix_path.sh'
[10.100s] Level 1:colcon.colcon_core.environment:checking '/home/enryu/Desktop/Path-Following-Robot/install/simple_obstacle_avoidance/lib'
[10.100s] Level 1:colcon.colcon_core.environment:checking '/home/enryu/Desktop/Path-Following-Robot/install/simple_obstacle_avoidance/bin'
[10.100s] Level 1:colcon.colcon_core.environment:checking '/home/enryu/Desktop/Path-Following-Robot/install/simple_obstacle_avoidance/lib/pkgconfig/simple_obstacle_avoidance.pc'
[10.100s] Level 1:colcon.colcon_core.environment:checking '/home/enryu/Desktop/Path-Following-Robot/install/simple_obstacle_avoidance/lib/python3.10/site-packages'
[10.101s] Level 1:colcon.colcon_core.environment:checking '/home/enryu/Desktop/Path-Following-Robot/install/simple_obstacle_avoidance/bin'
[10.101s] INFO:colcon.colcon_core.shell:Creating package script '/home/enryu/Desktop/Path-Following-Robot/install/simple_obstacle_avoidance/share/simple_obstacle_avoidance/package.ps1'
[10.101s] INFO:colcon.colcon_core.shell:Creating package descriptor '/home/enryu/Desktop/Path-Following-Robot/install/simple_obstacle_avoidance/share/simple_obstacle_avoidance/package.dsv'
[10.102s] INFO:colcon.colcon_core.shell:Creating package script '/home/enryu/Desktop/Path-Following-Robot/install/simple_obstacle_avoidance/share/simple_obstacle_avoidance/package.sh'
[10.102s] INFO:colcon.colcon_core.shell:Creating package script '/home/enryu/Desktop/Path-Following-Robot/install/simple_obstacle_avoidance/share/simple_obstacle_avoidance/package.bash'
[10.102s] INFO:colcon.colcon_core.shell:Creating package script '/home/enryu/Desktop/Path-Following-Robot/install/simple_obstacle_avoidance/share/simple_obstacle_avoidance/package.zsh'
[10.103s] Level 1:colcon.colcon_core.environment:create_file_with_runtime_dependencies(/home/enryu/Desktop/Path-Following-Robot/install/simple_obstacle_avoidance/share/colcon-core/packages/simple_obstacle_avoidance)
[10.103s] Level 1:colcon.colcon_core.environment:create_environment_scripts_only(simple_obstacle_avoidance)
[10.103s] Level 1:colcon.colcon_core.environment:checking '/home/enryu/Desktop/Path-Following-Robot/install/simple_obstacle_avoidance' for CMake module files
[10.104s] Level 1:colcon.colcon_core.environment:checking '/home/enryu/Desktop/Path-Following-Robot/install/simple_obstacle_avoidance' for CMake config files
[10.104s] Level 1:colcon.colcon_core.shell:create_environment_hook('simple_obstacle_avoidance', 'cmake_prefix_path')
[10.104s] INFO:colcon.colcon_core.shell:Creating environment hook '/home/enryu/Desktop/Path-Following-Robot/install/simple_obstacle_avoidance/share/simple_obstacle_avoidance/hook/cmake_prefix_path.ps1'
[10.104s] INFO:colcon.colcon_core.shell:Creating environment descriptor '/home/enryu/Desktop/Path-Following-Robot/install/simple_obstacle_avoidance/share/simple_obstacle_avoidance/hook/cmake_prefix_path.dsv'
[10.105s] INFO:colcon.colcon_core.shell:Creating environment hook '/home/enryu/Desktop/Path-Following-Robot/install/simple_obstacle_avoidance/share/simple_obstacle_avoidance/hook/cmake_prefix_path.sh'
[10.105s] Level 1:colcon.colcon_core.environment:checking '/home/enryu/Desktop/Path-Following-Robot/install/simple_obstacle_avoidance/lib'
[10.105s] Level 1:colcon.colcon_core.environment:checking '/home/enryu/Desktop/Path-Following-Robot/install/simple_obstacle_avoidance/bin'
[10.105s] Level 1:colcon.colcon_core.environment:checking '/home/enryu/Desktop/Path-Following-Robot/install/simple_obstacle_avoidance/lib/pkgconfig/simple_obstacle_avoidance.pc'
[10.105s] Level 1:colcon.colcon_core.environment:checking '/home/enryu/Desktop/Path-Following-Robot/install/simple_obstacle_avoidance/lib/python3.10/site-packages'
[10.106s] Level 1:colcon.colcon_core.environment:checking '/home/enryu/Desktop/Path-Following-Robot/install/simple_obstacle_avoidance/bin'
[10.106s] INFO:colcon.colcon_core.shell:Creating package script '/home/enryu/Desktop/Path-Following-Robot/install/simple_obstacle_avoidance/share/simple_obstacle_avoidance/package.ps1'
[10.106s] INFO:colcon.colcon_core.shell:Creating package descriptor '/home/enryu/Desktop/Path-Following-Robot/install/simple_obstacle_avoidance/share/simple_obstacle_avoidance/package.dsv'
[10.107s] INFO:colcon.colcon_core.shell:Creating package script '/home/enryu/Desktop/Path-Following-Robot/install/simple_obstacle_avoidance/share/simple_obstacle_avoidance/package.sh'
[10.107s] INFO:colcon.colcon_core.shell:Creating package script '/home/enryu/Desktop/Path-Following-Robot/install/simple_obstacle_avoidance/share/simple_obstacle_avoidance/package.bash'
[10.107s] INFO:colcon.colcon_core.shell:Creating package script '/home/enryu/Desktop/Path-Following-Robot/install/simple_obstacle_avoidance/share/simple_obstacle_avoidance/package.zsh'
[10.108s] Level 1:colcon.colcon_core.environment:create_file_with_runtime_dependencies(/home/enryu/Desktop/Path-Following-Robot/install/simple_obstacle_avoidance/share/colcon-core/packages/simple_obstacle_avoidance)
[10.108s] DEBUG:colcon.colcon_parallel_executor.executor.parallel:closing loop
[10.108s] DEBUG:colcon.colcon_parallel_executor.executor.parallel:loop closed
[10.108s] DEBUG:colcon.colcon_parallel_executor.executor.parallel:run_until_complete finished with '0'
[10.108s] DEBUG:colcon.colcon_core.event_reactor:joining thread
[10.113s] INFO:colcon.colcon_core.plugin_system:Skipping extension 'colcon_notification.desktop_notification.terminal_notifier': Not used on non-Darwin systems
[10.113s] INFO:colcon.colcon_core.plugin_system:Skipping extension 'colcon_notification.desktop_notification.win32': Not used on non-Windows systems
[10.113s] INFO:colcon.colcon_notification.desktop_notification:Sending desktop notification using 'notify2'
[10.123s] DEBUG:colcon.colcon_core.event_reactor:joined thread
[10.124s] INFO:colcon.colcon_core.shell:Creating prefix script '/home/enryu/Desktop/Path-Following-Robot/install/local_setup.ps1'
[10.125s] INFO:colcon.colcon_core.shell:Creating prefix util module '/home/enryu/Desktop/Path-Following-Robot/install/_local_setup_util_ps1.py'
[10.127s] INFO:colcon.colcon_core.shell:Creating prefix chain script '/home/enryu/Desktop/Path-Following-Robot/install/setup.ps1'
[10.128s] INFO:colcon.colcon_core.shell:Creating prefix script '/home/enryu/Desktop/Path-Following-Robot/install/local_setup.sh'
[10.129s] INFO:colcon.colcon_core.shell:Creating prefix util module '/home/enryu/Desktop/Path-Following-Robot/install/_local_setup_util_sh.py'
[10.129s] INFO:colcon.colcon_core.shell:Creating prefix chain script '/home/enryu/Desktop/Path-Following-Robot/install/setup.sh'
[10.130s] INFO:colcon.colcon_core.shell:Creating prefix script '/home/enryu/Desktop/Path-Following-Robot/install/local_setup.bash'
[10.131s] INFO:colcon.colcon_core.shell:Creating prefix chain script '/home/enryu/Desktop/Path-Following-Robot/install/setup.bash'
[10.132s] INFO:colcon.colcon_core.shell:Creating prefix script '/home/enryu/Desktop/Path-Following-Robot/install/local_setup.zsh'
[10.133s] INFO:colcon.colcon_core.shell:Creating prefix chain script '/home/enryu/Desktop/Path-Following-Robot/install/setup.zsh'
