[35m[1mConsolidate compiler generated dependencies of target move_robot_node[0m
[35m[1mConsolidate compiler generated dependencies of target sub_odom_node[0m
[ 50%] Built target move_robot_node
[100%] Built target sub_odom_node
-- Install configuration: ""
-- Up-to-date: /home/enryu/Desktop/Path-Following-Robot/install/topic_pkg/lib/topic_pkg/move_robot_node
-- Up-to-date: /home/enryu/Desktop/Path-Following-Robot/install/topic_pkg/lib/topic_pkg/sub_odom_node
-- Up-to-date: /home/enryu/Desktop/Path-Following-Robot/install/topic_pkg/share/topic_pkg/launch
-- Up-to-date: /home/enryu/Desktop/Path-Following-Robot/install/topic_pkg/share/topic_pkg/launch/sub_odom.launch.py
-- Up-to-date: /home/enryu/Desktop/Path-Following-Robot/install/topic_pkg/share/topic_pkg/launch/move_robot.launch.py
-- Up-to-date: /home/enryu/Desktop/Path-Following-Robot/install/topic_pkg/share/ament_index/resource_index/package_run_dependencies/topic_pkg
-- Up-to-date: /home/enryu/Desktop/Path-Following-Robot/install/topic_pkg/share/ament_index/resource_index/parent_prefix_path/topic_pkg
-- Up-to-date: /home/enryu/Desktop/Path-Following-Robot/install/topic_pkg/share/topic_pkg/environment/ament_prefix_path.sh
-- Up-to-date: /home/enryu/Desktop/Path-Following-Robot/install/topic_pkg/share/topic_pkg/environment/ament_prefix_path.dsv
-- Up-to-date: /home/enryu/Desktop/Path-Following-Robot/install/topic_pkg/share/topic_pkg/environment/path.sh
-- Up-to-date: /home/enryu/Desktop/Path-Following-Robot/install/topic_pkg/share/topic_pkg/environment/path.dsv
-- Up-to-date: /home/enryu/Desktop/Path-Following-Robot/install/topic_pkg/share/topic_pkg/local_setup.bash
-- Up-to-date: /home/enryu/Desktop/Path-Following-Robot/install/topic_pkg/share/topic_pkg/local_setup.sh
-- Up-to-date: /home/enryu/Desktop/Path-Following-Robot/install/topic_pkg/share/topic_pkg/local_setup.zsh
-- Up-to-date: /home/enryu/Desktop/Path-Following-Robot/install/topic_pkg/share/topic_pkg/local_setup.dsv
-- Installing: /home/enryu/Desktop/Path-Following-Robot/install/topic_pkg/share/topic_pkg/package.dsv
-- Up-to-date: /home/enryu/Desktop/Path-Following-Robot/install/topic_pkg/share/ament_index/resource_index/packages/topic_pkg
-- Up-to-date: /home/enryu/Desktop/Path-Following-Robot/install/topic_pkg/share/topic_pkg/cmake/topic_pkgConfig.cmake
-- Up-to-date: /home/enryu/Desktop/Path-Following-Robot/install/topic_pkg/share/topic_pkg/cmake/topic_pkgConfig-version.cmake
-- Up-to-date: /home/enryu/Desktop/Path-Following-Robot/install/topic_pkg/share/topic_pkg/package.xml
