[0.287s] Invoking command in '/home/enryu/Desktop/Path-Following-Robot/build/topic_pkg': CMAKE_PREFIX_PATH=${CMAKE_PREFIX_PATH}:/home/enryu/Desktop/Path-Following-Robot/install/teleop_twist_keyboard:/home/enryu/Desktop/Path-Following-Robot/install/robot_description:/opt/ros/humble /usr/bin/cmake --build /home/enryu/Desktop/Path-Following-Robot/build/topic_pkg -- -j12 -l12
[0.326s] [35m[1mConsolidate compiler generated dependencies of target move_robot_node[0m
[0.330s] [35m[1mConsolidate compiler generated dependencies of target sub_odom_node[0m
[0.344s] [ 50%] Built target move_robot_node
[0.353s] [100%] Built target sub_odom_node
[0.376s] Invoked command in '/home/enryu/Desktop/Path-Following-Robot/build/topic_pkg' returned '0': CMAKE_PREFIX_PATH=${CMAKE_PREFIX_PATH}:/home/enryu/Desktop/Path-Following-Robot/install/teleop_twist_keyboard:/home/enryu/Desktop/Path-Following-Robot/install/robot_description:/opt/ros/humble /usr/bin/cmake --build /home/enryu/Desktop/Path-Following-Robot/build/topic_pkg -- -j12 -l12
[0.378s] Invoking command in '/home/enryu/Desktop/Path-Following-Robot/build/topic_pkg': CMAKE_PREFIX_PATH=${CMAKE_PREFIX_PATH}:/home/enryu/Desktop/Path-Following-Robot/install/teleop_twist_keyboard:/home/enryu/Desktop/Path-Following-Robot/install/robot_description:/opt/ros/humble /usr/bin/cmake --install /home/enryu/Desktop/Path-Following-Robot/build/topic_pkg
[0.385s] -- Install configuration: ""
[0.385s] -- Up-to-date: /home/enryu/Desktop/Path-Following-Robot/install/topic_pkg/lib/topic_pkg/move_robot_node
[0.386s] -- Up-to-date: /home/enryu/Desktop/Path-Following-Robot/install/topic_pkg/lib/topic_pkg/sub_odom_node
[0.386s] -- Up-to-date: /home/enryu/Desktop/Path-Following-Robot/install/topic_pkg/share/topic_pkg/launch
[0.386s] -- Up-to-date: /home/enryu/Desktop/Path-Following-Robot/install/topic_pkg/share/topic_pkg/launch/sub_odom.launch.py
[0.386s] -- Up-to-date: /home/enryu/Desktop/Path-Following-Robot/install/topic_pkg/share/topic_pkg/launch/move_robot.launch.py
[0.386s] -- Up-to-date: /home/enryu/Desktop/Path-Following-Robot/install/topic_pkg/share/ament_index/resource_index/package_run_dependencies/topic_pkg
[0.386s] -- Up-to-date: /home/enryu/Desktop/Path-Following-Robot/install/topic_pkg/share/ament_index/resource_index/parent_prefix_path/topic_pkg
[0.386s] -- Up-to-date: /home/enryu/Desktop/Path-Following-Robot/install/topic_pkg/share/topic_pkg/environment/ament_prefix_path.sh
[0.387s] -- Up-to-date: /home/enryu/Desktop/Path-Following-Robot/install/topic_pkg/share/topic_pkg/environment/ament_prefix_path.dsv
[0.387s] -- Up-to-date: /home/enryu/Desktop/Path-Following-Robot/install/topic_pkg/share/topic_pkg/environment/path.sh
[0.387s] -- Up-to-date: /home/enryu/Desktop/Path-Following-Robot/install/topic_pkg/share/topic_pkg/environment/path.dsv
[0.387s] -- Up-to-date: /home/enryu/Desktop/Path-Following-Robot/install/topic_pkg/share/topic_pkg/local_setup.bash
[0.387s] -- Up-to-date: /home/enryu/Desktop/Path-Following-Robot/install/topic_pkg/share/topic_pkg/local_setup.sh
[0.387s] -- Up-to-date: /home/enryu/Desktop/Path-Following-Robot/install/topic_pkg/share/topic_pkg/local_setup.zsh
[0.387s] -- Up-to-date: /home/enryu/Desktop/Path-Following-Robot/install/topic_pkg/share/topic_pkg/local_setup.dsv
[0.387s] -- Installing: /home/enryu/Desktop/Path-Following-Robot/install/topic_pkg/share/topic_pkg/package.dsv
[0.387s] -- Up-to-date: /home/enryu/Desktop/Path-Following-Robot/install/topic_pkg/share/ament_index/resource_index/packages/topic_pkg
[0.387s] -- Up-to-date: /home/enryu/Desktop/Path-Following-Robot/install/topic_pkg/share/topic_pkg/cmake/topic_pkgConfig.cmake
[0.387s] -- Up-to-date: /home/enryu/Desktop/Path-Following-Robot/install/topic_pkg/share/topic_pkg/cmake/topic_pkgConfig-version.cmake
[0.387s] -- Up-to-date: /home/enryu/Desktop/Path-Following-Robot/install/topic_pkg/share/topic_pkg/package.xml
[0.390s] Invoked command in '/home/enryu/Desktop/Path-Following-Robot/build/topic_pkg' returned '0': CMAKE_PREFIX_PATH=${CMAKE_PREFIX_PATH}:/home/enryu/Desktop/Path-Following-Robot/install/teleop_twist_keyboard:/home/enryu/Desktop/Path-Following-Robot/install/robot_description:/opt/ros/humble /usr/bin/cmake --install /home/enryu/Desktop/Path-Following-Robot/build/topic_pkg
