[0.025s] Invoking command in '/home/enryu/Desktop/Path-Following-Robot/build/custom_interfaces': CMAKE_PREFIX_PATH=${CMAKE_PREFIX_PATH}:/home/enryu/Desktop/Path-Following-Robot/install/teleop_twist_keyboard:/home/enryu/Desktop/Path-Following-Robot/install/robot_description:/opt/ros/humble /usr/bin/cmake --build /home/enryu/Desktop/Path-Following-Robot/build/custom_interfaces -- -j12 -l12
[0.297s] [35m[1mConsolidate compiler generated dependencies of target custom_interfaces__rosidl_generator_c[0m
[0.297s] [  3%] Built target custom_interfaces__cpp
[0.298s] [ 12%] Built target custom_interfaces__rosidl_generator_c
[0.298s] [ 12%] Built target ament_cmake_python_copy_custom_interfaces
[0.298s] [35m[1mConsolidate compiler generated dependencies of target custom_interfaces__rosidl_typesupport_introspection_cpp[0m
[0.299s] [35m[1mConsolidate compiler generated dependencies of target custom_interfaces__rosidl_typesupport_c[0m
[0.299s] [35m[1mConsolidate compiler generated dependencies of target custom_interfaces__rosidl_typesupport_cpp[0m
[0.299s] [35m[1mConsolidate compiler generated dependencies of target custom_interfaces__rosidl_typesupport_fastrtps_cpp[0m
[0.299s] [35m[1mConsolidate compiler generated dependencies of target custom_interfaces__rosidl_typesupport_fastrtps_c[0m
[0.300s] [35m[1mConsolidate compiler generated dependencies of target custom_interfaces__rosidl_typesupport_introspection_c[0m
[0.301s] [ 22%] Built target custom_interfaces__rosidl_typesupport_introspection_cpp
[0.301s] [ 32%] Built target custom_interfaces__rosidl_typesupport_c
[0.301s] [ 45%] Built target custom_interfaces__rosidl_typesupport_fastrtps_cpp
[0.302s] [ 51%] Built target custom_interfaces__rosidl_typesupport_introspection_c
[0.302s] [ 61%] Built target custom_interfaces__rosidl_typesupport_cpp
[0.302s] [ 70%] Built target custom_interfaces__rosidl_typesupport_fastrtps_c
[0.302s] [ 70%] Built target custom_interfaces
[0.302s] [ 74%] Built target custom_interfaces__py
[0.302s] [35m[1mConsolidate compiler generated dependencies of target custom_interfaces__rosidl_generator_py[0m
[0.302s] [ 80%] Built target custom_interfaces__rosidl_generator_py
[0.302s] [35m[1mConsolidate compiler generated dependencies of target custom_interfaces__rosidl_typesupport_fastrtps_c__pyext[0m
[0.302s] [35m[1mConsolidate compiler generated dependencies of target custom_interfaces__rosidl_typesupport_c__pyext[0m
[0.303s] [35m[1mConsolidate compiler generated dependencies of target custom_interfaces__rosidl_typesupport_introspection_c__pyext[0m
[0.303s] [100%] Built target custom_interfaces__rosidl_typesupport_c__pyext
[0.303s] [100%] Built target custom_interfaces__rosidl_typesupport_fastrtps_c__pyext
[0.303s] [100%] Built target custom_interfaces__rosidl_typesupport_introspection_c__pyext
[0.375s] running egg_info
[0.375s] writing custom_interfaces.egg-info/PKG-INFO
[0.376s] writing dependency_links to custom_interfaces.egg-info/dependency_links.txt
[0.376s] writing top-level names to custom_interfaces.egg-info/top_level.txt
[0.379s] reading manifest file 'custom_interfaces.egg-info/SOURCES.txt'
[0.381s] writing manifest file 'custom_interfaces.egg-info/SOURCES.txt'
[0.407s] [100%] Built target ament_cmake_python_build_custom_interfaces_egg
[0.418s] Invoked command in '/home/enryu/Desktop/Path-Following-Robot/build/custom_interfaces' returned '0': CMAKE_PREFIX_PATH=${CMAKE_PREFIX_PATH}:/home/enryu/Desktop/Path-Following-Robot/install/teleop_twist_keyboard:/home/enryu/Desktop/Path-Following-Robot/install/robot_description:/opt/ros/humble /usr/bin/cmake --build /home/enryu/Desktop/Path-Following-Robot/build/custom_interfaces -- -j12 -l12
[0.420s] Invoking command in '/home/enryu/Desktop/Path-Following-Robot/build/custom_interfaces': CMAKE_PREFIX_PATH=${CMAKE_PREFIX_PATH}:/home/enryu/Desktop/Path-Following-Robot/install/teleop_twist_keyboard:/home/enryu/Desktop/Path-Following-Robot/install/robot_description:/opt/ros/humble /usr/bin/cmake --install /home/enryu/Desktop/Path-Following-Robot/build/custom_interfaces
[0.428s] -- Install configuration: ""
[0.428s] -- Up-to-date: /home/enryu/Desktop/Path-Following-Robot/install/custom_interfaces/share/ament_index/resource_index/rosidl_interfaces/custom_interfaces
[0.428s] -- Up-to-date: /home/enryu/Desktop/Path-Following-Robot/install/custom_interfaces/include/custom_interfaces/custom_interfaces
[0.429s] -- Up-to-date: /home/enryu/Desktop/Path-Following-Robot/install/custom_interfaces/include/custom_interfaces/custom_interfaces/msg
[0.429s] -- Up-to-date: /home/enryu/Desktop/Path-Following-Robot/install/custom_interfaces/include/custom_interfaces/custom_interfaces/msg/age.h
[0.429s] -- Up-to-date: /home/enryu/Desktop/Path-Following-Robot/install/custom_interfaces/include/custom_interfaces/custom_interfaces/msg/detail
[0.429s] -- Up-to-date: /home/enryu/Desktop/Path-Following-Robot/install/custom_interfaces/include/custom_interfaces/custom_interfaces/msg/detail/age__struct.h
[0.429s] -- Up-to-date: /home/enryu/Desktop/Path-Following-Robot/install/custom_interfaces/include/custom_interfaces/custom_interfaces/msg/detail/age__functions.c
[0.429s] -- Up-to-date: /home/enryu/Desktop/Path-Following-Robot/install/custom_interfaces/include/custom_interfaces/custom_interfaces/msg/detail/age__type_support.h
[0.429s] -- Up-to-date: /home/enryu/Desktop/Path-Following-Robot/install/custom_interfaces/include/custom_interfaces/custom_interfaces/msg/detail/age__functions.h
[0.429s] -- Up-to-date: /home/enryu/Desktop/Path-Following-Robot/install/custom_interfaces/include/custom_interfaces/custom_interfaces/msg/rosidl_generator_c__visibility_control.h
[0.429s] -- Up-to-date: /home/enryu/Desktop/Path-Following-Robot/install/custom_interfaces/share/custom_interfaces/environment/library_path.sh
[0.429s] -- Up-to-date: /home/enryu/Desktop/Path-Following-Robot/install/custom_interfaces/share/custom_interfaces/environment/library_path.dsv
[0.429s] -- Up-to-date: /home/enryu/Desktop/Path-Following-Robot/install/custom_interfaces/lib/libcustom_interfaces__rosidl_generator_c.so
[0.429s] -- Up-to-date: /home/enryu/Desktop/Path-Following-Robot/install/custom_interfaces/include/custom_interfaces/custom_interfaces
[0.429s] -- Up-to-date: /home/enryu/Desktop/Path-Following-Robot/install/custom_interfaces/include/custom_interfaces/custom_interfaces/msg
[0.429s] -- Up-to-date: /home/enryu/Desktop/Path-Following-Robot/install/custom_interfaces/include/custom_interfaces/custom_interfaces/msg/detail
[0.429s] -- Up-to-date: /home/enryu/Desktop/Path-Following-Robot/install/custom_interfaces/include/custom_interfaces/custom_interfaces/msg/detail/age__rosidl_typesupport_fastrtps_c.h
[0.430s] -- Up-to-date: /home/enryu/Desktop/Path-Following-Robot/install/custom_interfaces/include/custom_interfaces/custom_interfaces/msg/rosidl_typesupport_fastrtps_c__visibility_control.h
[0.430s] -- Up-to-date: /home/enryu/Desktop/Path-Following-Robot/install/custom_interfaces/lib/libcustom_interfaces__rosidl_typesupport_fastrtps_c.so
[0.430s] -- Up-to-date: /home/enryu/Desktop/Path-Following-Robot/install/custom_interfaces/include/custom_interfaces/custom_interfaces
[0.430s] -- Up-to-date: /home/enryu/Desktop/Path-Following-Robot/install/custom_interfaces/include/custom_interfaces/custom_interfaces/msg
[0.430s] -- Up-to-date: /home/enryu/Desktop/Path-Following-Robot/install/custom_interfaces/include/custom_interfaces/custom_interfaces/msg/age.hpp
[0.430s] -- Up-to-date: /home/enryu/Desktop/Path-Following-Robot/install/custom_interfaces/include/custom_interfaces/custom_interfaces/msg/rosidl_generator_cpp__visibility_control.hpp
[0.430s] -- Up-to-date: /home/enryu/Desktop/Path-Following-Robot/install/custom_interfaces/include/custom_interfaces/custom_interfaces/msg/detail
[0.430s] -- Up-to-date: /home/enryu/Desktop/Path-Following-Robot/install/custom_interfaces/include/custom_interfaces/custom_interfaces/msg/detail/age__struct.hpp
[0.430s] -- Up-to-date: /home/enryu/Desktop/Path-Following-Robot/install/custom_interfaces/include/custom_interfaces/custom_interfaces/msg/detail/age__traits.hpp
[0.430s] -- Up-to-date: /home/enryu/Desktop/Path-Following-Robot/install/custom_interfaces/include/custom_interfaces/custom_interfaces/msg/detail/age__type_support.hpp
[0.430s] -- Up-to-date: /home/enryu/Desktop/Path-Following-Robot/install/custom_interfaces/include/custom_interfaces/custom_interfaces/msg/detail/age__builder.hpp
[0.430s] -- Up-to-date: /home/enryu/Desktop/Path-Following-Robot/install/custom_interfaces/include/custom_interfaces/custom_interfaces
[0.430s] -- Up-to-date: /home/enryu/Desktop/Path-Following-Robot/install/custom_interfaces/include/custom_interfaces/custom_interfaces/msg
[0.430s] -- Up-to-date: /home/enryu/Desktop/Path-Following-Robot/install/custom_interfaces/include/custom_interfaces/custom_interfaces/msg/rosidl_typesupport_fastrtps_cpp__visibility_control.h
[0.430s] -- Up-to-date: /home/enryu/Desktop/Path-Following-Robot/install/custom_interfaces/include/custom_interfaces/custom_interfaces/msg/detail
[0.431s] -- Up-to-date: /home/enryu/Desktop/Path-Following-Robot/install/custom_interfaces/include/custom_interfaces/custom_interfaces/msg/detail/age__rosidl_typesupport_fastrtps_cpp.hpp
[0.431s] -- Up-to-date: /home/enryu/Desktop/Path-Following-Robot/install/custom_interfaces/include/custom_interfaces/custom_interfaces/msg/detail/dds_fastrtps
[0.431s] -- Up-to-date: /home/enryu/Desktop/Path-Following-Robot/install/custom_interfaces/lib/libcustom_interfaces__rosidl_typesupport_fastrtps_cpp.so
[0.431s] -- Up-to-date: /home/enryu/Desktop/Path-Following-Robot/install/custom_interfaces/include/custom_interfaces/custom_interfaces
[0.431s] -- Up-to-date: /home/enryu/Desktop/Path-Following-Robot/install/custom_interfaces/include/custom_interfaces/custom_interfaces/msg
[0.431s] -- Up-to-date: /home/enryu/Desktop/Path-Following-Robot/install/custom_interfaces/include/custom_interfaces/custom_interfaces/msg/detail
[0.431s] -- Up-to-date: /home/enryu/Desktop/Path-Following-Robot/install/custom_interfaces/include/custom_interfaces/custom_interfaces/msg/detail/age__rosidl_typesupport_introspection_c.h
[0.431s] -- Up-to-date: /home/enryu/Desktop/Path-Following-Robot/install/custom_interfaces/include/custom_interfaces/custom_interfaces/msg/detail/age__type_support.c
[0.431s] -- Up-to-date: /home/enryu/Desktop/Path-Following-Robot/install/custom_interfaces/include/custom_interfaces/custom_interfaces/msg/rosidl_typesupport_introspection_c__visibility_control.h
[0.431s] -- Up-to-date: /home/enryu/Desktop/Path-Following-Robot/install/custom_interfaces/lib/libcustom_interfaces__rosidl_typesupport_introspection_c.so
[0.431s] -- Up-to-date: /home/enryu/Desktop/Path-Following-Robot/install/custom_interfaces/lib/libcustom_interfaces__rosidl_typesupport_c.so
[0.431s] -- Up-to-date: /home/enryu/Desktop/Path-Following-Robot/install/custom_interfaces/include/custom_interfaces/custom_interfaces
[0.431s] -- Up-to-date: /home/enryu/Desktop/Path-Following-Robot/install/custom_interfaces/include/custom_interfaces/custom_interfaces/msg
[0.431s] -- Up-to-date: /home/enryu/Desktop/Path-Following-Robot/install/custom_interfaces/include/custom_interfaces/custom_interfaces/msg/detail
[0.431s] -- Up-to-date: /home/enryu/Desktop/Path-Following-Robot/install/custom_interfaces/include/custom_interfaces/custom_interfaces/msg/detail/age__type_support.cpp
[0.431s] -- Up-to-date: /home/enryu/Desktop/Path-Following-Robot/install/custom_interfaces/include/custom_interfaces/custom_interfaces/msg/detail/age__rosidl_typesupport_introspection_cpp.hpp
[0.432s] -- Up-to-date: /home/enryu/Desktop/Path-Following-Robot/install/custom_interfaces/lib/libcustom_interfaces__rosidl_typesupport_introspection_cpp.so
[0.432s] -- Up-to-date: /home/enryu/Desktop/Path-Following-Robot/install/custom_interfaces/lib/libcustom_interfaces__rosidl_typesupport_cpp.so
[0.432s] -- Up-to-date: /home/enryu/Desktop/Path-Following-Robot/install/custom_interfaces/share/custom_interfaces/environment/pythonpath.sh
[0.432s] -- Up-to-date: /home/enryu/Desktop/Path-Following-Robot/install/custom_interfaces/share/custom_interfaces/environment/pythonpath.dsv
[0.432s] -- Up-to-date: /home/enryu/Desktop/Path-Following-Robot/install/custom_interfaces/local/lib/python3.10/dist-packages/custom_interfaces-0.0.0-py3.10.egg-info
[0.432s] -- Installing: /home/enryu/Desktop/Path-Following-Robot/install/custom_interfaces/local/lib/python3.10/dist-packages/custom_interfaces-0.0.0-py3.10.egg-info/top_level.txt
[0.432s] -- Installing: /home/enryu/Desktop/Path-Following-Robot/install/custom_interfaces/local/lib/python3.10/dist-packages/custom_interfaces-0.0.0-py3.10.egg-info/PKG-INFO
[0.432s] -- Installing: /home/enryu/Desktop/Path-Following-Robot/install/custom_interfaces/local/lib/python3.10/dist-packages/custom_interfaces-0.0.0-py3.10.egg-info/dependency_links.txt
[0.432s] -- Installing: /home/enryu/Desktop/Path-Following-Robot/install/custom_interfaces/local/lib/python3.10/dist-packages/custom_interfaces-0.0.0-py3.10.egg-info/SOURCES.txt
[0.432s] -- Up-to-date: /home/enryu/Desktop/Path-Following-Robot/install/custom_interfaces/local/lib/python3.10/dist-packages/custom_interfaces
[0.432s] -- Up-to-date: /home/enryu/Desktop/Path-Following-Robot/install/custom_interfaces/local/lib/python3.10/dist-packages/custom_interfaces/_custom_interfaces_s.ep.rosidl_typesupport_fastrtps_c.c
[0.432s] -- Up-to-date: /home/enryu/Desktop/Path-Following-Robot/install/custom_interfaces/local/lib/python3.10/dist-packages/custom_interfaces/msg
[0.432s] -- Up-to-date: /home/enryu/Desktop/Path-Following-Robot/install/custom_interfaces/local/lib/python3.10/dist-packages/custom_interfaces/msg/_age.py
[0.433s] -- Up-to-date: /home/enryu/Desktop/Path-Following-Robot/install/custom_interfaces/local/lib/python3.10/dist-packages/custom_interfaces/msg/__init__.py
[0.433s] -- Up-to-date: /home/enryu/Desktop/Path-Following-Robot/install/custom_interfaces/local/lib/python3.10/dist-packages/custom_interfaces/msg/_age_s.c
[0.433s] -- Up-to-date: /home/enryu/Desktop/Path-Following-Robot/install/custom_interfaces/local/lib/python3.10/dist-packages/custom_interfaces/custom_interfaces_s__rosidl_typesupport_introspection_c.cpython-310-x86_64-linux-gnu.so
[0.433s] -- Up-to-date: /home/enryu/Desktop/Path-Following-Robot/install/custom_interfaces/local/lib/python3.10/dist-packages/custom_interfaces/custom_interfaces_s__rosidl_typesupport_c.cpython-310-x86_64-linux-gnu.so
[0.433s] -- Up-to-date: /home/enryu/Desktop/Path-Following-Robot/install/custom_interfaces/local/lib/python3.10/dist-packages/custom_interfaces/libcustom_interfaces__rosidl_generator_py.so
[0.433s] -- Up-to-date: /home/enryu/Desktop/Path-Following-Robot/install/custom_interfaces/local/lib/python3.10/dist-packages/custom_interfaces/custom_interfaces_s__rosidl_typesupport_fastrtps_c.cpython-310-x86_64-linux-gnu.so
[0.433s] -- Up-to-date: /home/enryu/Desktop/Path-Following-Robot/install/custom_interfaces/local/lib/python3.10/dist-packages/custom_interfaces/__init__.py
[0.433s] -- Up-to-date: /home/enryu/Desktop/Path-Following-Robot/install/custom_interfaces/local/lib/python3.10/dist-packages/custom_interfaces/_custom_interfaces_s.ep.rosidl_typesupport_introspection_c.c
[0.433s] -- Up-to-date: /home/enryu/Desktop/Path-Following-Robot/install/custom_interfaces/local/lib/python3.10/dist-packages/custom_interfaces/_custom_interfaces_s.ep.rosidl_typesupport_c.c
[0.461s] Listing '/home/enryu/Desktop/Path-Following-Robot/install/custom_interfaces/local/lib/python3.10/dist-packages/custom_interfaces'...
[0.461s] Listing '/home/enryu/Desktop/Path-Following-Robot/install/custom_interfaces/local/lib/python3.10/dist-packages/custom_interfaces/msg'...
[0.466s] -- Up-to-date: /home/enryu/Desktop/Path-Following-Robot/install/custom_interfaces/local/lib/python3.10/dist-packages/custom_interfaces/custom_interfaces_s__rosidl_typesupport_fastrtps_c.cpython-310-x86_64-linux-gnu.so
[0.466s] -- Up-to-date: /home/enryu/Desktop/Path-Following-Robot/install/custom_interfaces/local/lib/python3.10/dist-packages/custom_interfaces/custom_interfaces_s__rosidl_typesupport_introspection_c.cpython-310-x86_64-linux-gnu.so
[0.466s] -- Up-to-date: /home/enryu/Desktop/Path-Following-Robot/install/custom_interfaces/local/lib/python3.10/dist-packages/custom_interfaces/custom_interfaces_s__rosidl_typesupport_c.cpython-310-x86_64-linux-gnu.so
[0.467s] -- Up-to-date: /home/enryu/Desktop/Path-Following-Robot/install/custom_interfaces/lib/libcustom_interfaces__rosidl_generator_py.so
[0.467s] -- Up-to-date: /home/enryu/Desktop/Path-Following-Robot/install/custom_interfaces/share/custom_interfaces/msg/Age.idl
[0.467s] -- Up-to-date: /home/enryu/Desktop/Path-Following-Robot/install/custom_interfaces/share/custom_interfaces/msg/Age.msg
[0.467s] -- Up-to-date: /home/enryu/Desktop/Path-Following-Robot/install/custom_interfaces/share/ament_index/resource_index/package_run_dependencies/custom_interfaces
[0.467s] -- Up-to-date: /home/enryu/Desktop/Path-Following-Robot/install/custom_interfaces/share/ament_index/resource_index/parent_prefix_path/custom_interfaces
[0.467s] -- Up-to-date: /home/enryu/Desktop/Path-Following-Robot/install/custom_interfaces/share/custom_interfaces/environment/ament_prefix_path.sh
[0.467s] -- Up-to-date: /home/enryu/Desktop/Path-Following-Robot/install/custom_interfaces/share/custom_interfaces/environment/ament_prefix_path.dsv
[0.467s] -- Up-to-date: /home/enryu/Desktop/Path-Following-Robot/install/custom_interfaces/share/custom_interfaces/environment/path.sh
[0.467s] -- Up-to-date: /home/enryu/Desktop/Path-Following-Robot/install/custom_interfaces/share/custom_interfaces/environment/path.dsv
[0.468s] -- Up-to-date: /home/enryu/Desktop/Path-Following-Robot/install/custom_interfaces/share/custom_interfaces/local_setup.bash
[0.468s] -- Up-to-date: /home/enryu/Desktop/Path-Following-Robot/install/custom_interfaces/share/custom_interfaces/local_setup.sh
[0.468s] -- Up-to-date: /home/enryu/Desktop/Path-Following-Robot/install/custom_interfaces/share/custom_interfaces/local_setup.zsh
[0.468s] -- Up-to-date: /home/enryu/Desktop/Path-Following-Robot/install/custom_interfaces/share/custom_interfaces/local_setup.dsv
[0.468s] -- Installing: /home/enryu/Desktop/Path-Following-Robot/install/custom_interfaces/share/custom_interfaces/package.dsv
[0.468s] -- Up-to-date: /home/enryu/Desktop/Path-Following-Robot/install/custom_interfaces/share/ament_index/resource_index/packages/custom_interfaces
[0.468s] -- Up-to-date: /home/enryu/Desktop/Path-Following-Robot/install/custom_interfaces/share/custom_interfaces/cmake/export_custom_interfaces__rosidl_generator_cExport.cmake
[0.468s] -- Up-to-date: /home/enryu/Desktop/Path-Following-Robot/install/custom_interfaces/share/custom_interfaces/cmake/export_custom_interfaces__rosidl_generator_cExport-noconfig.cmake
[0.468s] -- Up-to-date: /home/enryu/Desktop/Path-Following-Robot/install/custom_interfaces/share/custom_interfaces/cmake/export_custom_interfaces__rosidl_typesupport_fastrtps_cExport.cmake
[0.468s] -- Up-to-date: /home/enryu/Desktop/Path-Following-Robot/install/custom_interfaces/share/custom_interfaces/cmake/export_custom_interfaces__rosidl_typesupport_fastrtps_cExport-noconfig.cmake
[0.468s] -- Up-to-date: /home/enryu/Desktop/Path-Following-Robot/install/custom_interfaces/share/custom_interfaces/cmake/export_custom_interfaces__rosidl_generator_cppExport.cmake
[0.468s] -- Up-to-date: /home/enryu/Desktop/Path-Following-Robot/install/custom_interfaces/share/custom_interfaces/cmake/export_custom_interfaces__rosidl_typesupport_fastrtps_cppExport.cmake
[0.468s] -- Up-to-date: /home/enryu/Desktop/Path-Following-Robot/install/custom_interfaces/share/custom_interfaces/cmake/export_custom_interfaces__rosidl_typesupport_fastrtps_cppExport-noconfig.cmake
[0.468s] -- Up-to-date: /home/enryu/Desktop/Path-Following-Robot/install/custom_interfaces/share/custom_interfaces/cmake/custom_interfaces__rosidl_typesupport_introspection_cExport.cmake
[0.468s] -- Up-to-date: /home/enryu/Desktop/Path-Following-Robot/install/custom_interfaces/share/custom_interfaces/cmake/custom_interfaces__rosidl_typesupport_introspection_cExport-noconfig.cmake
[0.469s] -- Up-to-date: /home/enryu/Desktop/Path-Following-Robot/install/custom_interfaces/share/custom_interfaces/cmake/custom_interfaces__rosidl_typesupport_cExport.cmake
[0.469s] -- Up-to-date: /home/enryu/Desktop/Path-Following-Robot/install/custom_interfaces/share/custom_interfaces/cmake/custom_interfaces__rosidl_typesupport_cExport-noconfig.cmake
[0.469s] -- Up-to-date: /home/enryu/Desktop/Path-Following-Robot/install/custom_interfaces/share/custom_interfaces/cmake/custom_interfaces__rosidl_typesupport_introspection_cppExport.cmake
[0.469s] -- Up-to-date: /home/enryu/Desktop/Path-Following-Robot/install/custom_interfaces/share/custom_interfaces/cmake/custom_interfaces__rosidl_typesupport_introspection_cppExport-noconfig.cmake
[0.469s] -- Up-to-date: /home/enryu/Desktop/Path-Following-Robot/install/custom_interfaces/share/custom_interfaces/cmake/custom_interfaces__rosidl_typesupport_cppExport.cmake
[0.469s] -- Up-to-date: /home/enryu/Desktop/Path-Following-Robot/install/custom_interfaces/share/custom_interfaces/cmake/custom_interfaces__rosidl_typesupport_cppExport-noconfig.cmake
[0.469s] -- Up-to-date: /home/enryu/Desktop/Path-Following-Robot/install/custom_interfaces/share/custom_interfaces/cmake/export_custom_interfaces__rosidl_generator_pyExport.cmake
[0.469s] -- Up-to-date: /home/enryu/Desktop/Path-Following-Robot/install/custom_interfaces/share/custom_interfaces/cmake/export_custom_interfaces__rosidl_generator_pyExport-noconfig.cmake
[0.469s] -- Up-to-date: /home/enryu/Desktop/Path-Following-Robot/install/custom_interfaces/share/custom_interfaces/cmake/rosidl_cmake-extras.cmake
[0.469s] -- Up-to-date: /home/enryu/Desktop/Path-Following-Robot/install/custom_interfaces/share/custom_interfaces/cmake/ament_cmake_export_include_directories-extras.cmake
[0.469s] -- Up-to-date: /home/enryu/Desktop/Path-Following-Robot/install/custom_interfaces/share/custom_interfaces/cmake/ament_cmake_export_libraries-extras.cmake
[0.469s] -- Up-to-date: /home/enryu/Desktop/Path-Following-Robot/install/custom_interfaces/share/custom_interfaces/cmake/ament_cmake_export_targets-extras.cmake
[0.469s] -- Up-to-date: /home/enryu/Desktop/Path-Following-Robot/install/custom_interfaces/share/custom_interfaces/cmake/rosidl_cmake_export_typesupport_targets-extras.cmake
[0.469s] -- Up-to-date: /home/enryu/Desktop/Path-Following-Robot/install/custom_interfaces/share/custom_interfaces/cmake/ament_cmake_export_dependencies-extras.cmake
[0.469s] -- Up-to-date: /home/enryu/Desktop/Path-Following-Robot/install/custom_interfaces/share/custom_interfaces/cmake/rosidl_cmake_export_typesupport_libraries-extras.cmake
[0.469s] -- Up-to-date: /home/enryu/Desktop/Path-Following-Robot/install/custom_interfaces/share/custom_interfaces/cmake/custom_interfacesConfig.cmake
[0.469s] -- Up-to-date: /home/enryu/Desktop/Path-Following-Robot/install/custom_interfaces/share/custom_interfaces/cmake/custom_interfacesConfig-version.cmake
[0.470s] -- Up-to-date: /home/enryu/Desktop/Path-Following-Robot/install/custom_interfaces/share/custom_interfaces/package.xml
[0.471s] Invoked command in '/home/enryu/Desktop/Path-Following-Robot/build/custom_interfaces' returned '0': CMAKE_PREFIX_PATH=${CMAKE_PREFIX_PATH}:/home/enryu/Desktop/Path-Following-Robot/install/teleop_twist_keyboard:/home/enryu/Desktop/Path-Following-Robot/install/robot_description:/opt/ros/humble /usr/bin/cmake --install /home/enryu/Desktop/Path-Following-Robot/build/custom_interfaces
