[0.099s] DEBUG:colcon:Command line arguments: ['/usr/bin/colcon', 'build']
[0.099s] DEBUG:colcon:Parsed command line arguments: Namespace(log_base=None, log_level=None, verb_name='build', build_base='build', install_base='install', merge_install=False, symlink_install=False, test_result_base=None, continue_on_error=False, executor='parallel', parallel_workers=12, event_handlers=None, ignore_user_meta=False, metas=['./colcon.meta'], base_paths=['.'], packages_ignore=None, packages_ignore_regex=None, paths=None, packages_up_to=None, packages_up_to_regex=None, packages_above=None, packages_above_and_dependencies=None, packages_above_depth=None, packages_select_by_dep=None, packages_skip_by_dep=None, packages_skip_up_to=None, packages_select_build_failed=False, packages_skip_build_finished=False, packages_select_test_failures=False, packages_skip_test_passed=False, packages_select=None, packages_skip=None, packages_select_regex=None, packages_skip_regex=None, packages_start=None, packages_end=None, allow_overriding=[], cmake_args=None, cmake_target=None, cmake_target_skip_unavailable=False, cmake_clean_cache=False, cmake_clean_first=False, cmake_force_configure=False, ament_cmake_args=None, catkin_cmake_args=None, catkin_skip_building_tests=False, mixin_files=None, mixin=None, verb_parser=<colcon_mixin.mixin.mixin_argument.MixinArgumentDecorator object at 0x75c089467160>, verb_extension=<colcon_core.verb.build.BuildVerb object at 0x75c089466cb0>, main=<bound method BuildVerb.main of <colcon_core.verb.build.BuildVerb object at 0x75c089466cb0>>, mixin_verb=('build',))
[0.263s] Level 1:colcon.colcon_core.package_discovery:discover_packages(colcon_meta) check parameters
[0.263s] Level 1:colcon.colcon_core.package_discovery:discover_packages(recursive) check parameters
[0.263s] Level 1:colcon.colcon_core.package_discovery:discover_packages(ignore) check parameters
[0.263s] Level 1:colcon.colcon_core.package_discovery:discover_packages(path) check parameters
[0.263s] Level 1:colcon.colcon_core.package_discovery:discover_packages(colcon_meta) discover
[0.263s] Level 1:colcon.colcon_core.package_discovery:discover_packages(recursive) discover
[0.263s] INFO:colcon.colcon_core.package_discovery:Crawling recursively for packages in '/home/enryu/Desktop/Path-Following-Robot'
[0.263s] Level 1:colcon.colcon_core.package_identification:_identify(.) by extensions ['ignore', 'ignore_ament_install']
[0.263s] Level 1:colcon.colcon_core.package_identification:_identify(.) by extension 'ignore'
[0.263s] Level 1:colcon.colcon_core.package_identification:_identify(.) by extension 'ignore_ament_install'
[0.264s] Level 1:colcon.colcon_core.package_identification:_identify(.) by extensions ['colcon_pkg']
[0.264s] Level 1:colcon.colcon_core.package_identification:_identify(.) by extension 'colcon_pkg'
[0.264s] Level 1:colcon.colcon_core.package_identification:_identify(.) by extensions ['colcon_meta']
[0.264s] Level 1:colcon.colcon_core.package_identification:_identify(.) by extension 'colcon_meta'
[0.264s] Level 1:colcon.colcon_core.package_identification:_identify(.) by extensions ['ros']
[0.264s] Level 1:colcon.colcon_core.package_identification:_identify(.) by extension 'ros'
[0.273s] Level 1:colcon.colcon_core.package_identification:_identify(.) by extensions ['cmake', 'python']
[0.273s] Level 1:colcon.colcon_core.package_identification:_identify(.) by extension 'cmake'
[0.273s] Level 1:colcon.colcon_core.package_identification:_identify(.) by extension 'python'
[0.273s] Level 1:colcon.colcon_core.package_identification:_identify(.) by extensions ['python_setup_py']
[0.273s] Level 1:colcon.colcon_core.package_identification:_identify(.) by extension 'python_setup_py'
[0.273s] Level 1:colcon.colcon_core.package_identification:_identify(build) by extensions ['ignore', 'ignore_ament_install']
[0.273s] Level 1:colcon.colcon_core.package_identification:_identify(build) by extension 'ignore'
[0.273s] Level 1:colcon.colcon_core.package_identification:_identify(build) ignored
[0.274s] Level 1:colcon.colcon_core.package_identification:_identify(install) by extensions ['ignore', 'ignore_ament_install']
[0.274s] Level 1:colcon.colcon_core.package_identification:_identify(install) by extension 'ignore'
[0.274s] Level 1:colcon.colcon_core.package_identification:_identify(install) ignored
[0.274s] Level 1:colcon.colcon_core.package_identification:_identify(log) by extensions ['ignore', 'ignore_ament_install']
[0.274s] Level 1:colcon.colcon_core.package_identification:_identify(log) by extension 'ignore'
[0.274s] Level 1:colcon.colcon_core.package_identification:_identify(log) ignored
[0.274s] Level 1:colcon.colcon_core.package_identification:_identify(src) by extensions ['ignore', 'ignore_ament_install']
[0.274s] Level 1:colcon.colcon_core.package_identification:_identify(src) by extension 'ignore'
[0.274s] Level 1:colcon.colcon_core.package_identification:_identify(src) by extension 'ignore_ament_install'
[0.274s] Level 1:colcon.colcon_core.package_identification:_identify(src) by extensions ['colcon_pkg']
[0.274s] Level 1:colcon.colcon_core.package_identification:_identify(src) by extension 'colcon_pkg'
[0.274s] Level 1:colcon.colcon_core.package_identification:_identify(src) by extensions ['colcon_meta']
[0.274s] Level 1:colcon.colcon_core.package_identification:_identify(src) by extension 'colcon_meta'
[0.274s] Level 1:colcon.colcon_core.package_identification:_identify(src) by extensions ['ros']
[0.274s] Level 1:colcon.colcon_core.package_identification:_identify(src) by extension 'ros'
[0.274s] Level 1:colcon.colcon_core.package_identification:_identify(src) by extensions ['cmake', 'python']
[0.274s] Level 1:colcon.colcon_core.package_identification:_identify(src) by extension 'cmake'
[0.274s] Level 1:colcon.colcon_core.package_identification:_identify(src) by extension 'python'
[0.274s] Level 1:colcon.colcon_core.package_identification:_identify(src) by extensions ['python_setup_py']
[0.274s] Level 1:colcon.colcon_core.package_identification:_identify(src) by extension 'python_setup_py'
[0.274s] Level 1:colcon.colcon_core.package_identification:_identify(src/custom_interfaces) by extensions ['ignore', 'ignore_ament_install']
[0.275s] Level 1:colcon.colcon_core.package_identification:_identify(src/custom_interfaces) by extension 'ignore'
[0.275s] Level 1:colcon.colcon_core.package_identification:_identify(src/custom_interfaces) by extension 'ignore_ament_install'
[0.275s] Level 1:colcon.colcon_core.package_identification:_identify(src/custom_interfaces) by extensions ['colcon_pkg']
[0.275s] Level 1:colcon.colcon_core.package_identification:_identify(src/custom_interfaces) by extension 'colcon_pkg'
[0.275s] Level 1:colcon.colcon_core.package_identification:_identify(src/custom_interfaces) by extensions ['colcon_meta']
[0.275s] Level 1:colcon.colcon_core.package_identification:_identify(src/custom_interfaces) by extension 'colcon_meta'
[0.275s] Level 1:colcon.colcon_core.package_identification:_identify(src/custom_interfaces) by extensions ['ros']
[0.275s] Level 1:colcon.colcon_core.package_identification:_identify(src/custom_interfaces) by extension 'ros'
[0.277s] DEBUG:colcon.colcon_core.package_identification:Package 'src/custom_interfaces' with type 'ros.ament_cmake' and name 'custom_interfaces'
[0.277s] Level 1:colcon.colcon_core.package_identification:_identify(src/executor_pkg) by extensions ['ignore', 'ignore_ament_install']
[0.277s] Level 1:colcon.colcon_core.package_identification:_identify(src/executor_pkg) by extension 'ignore'
[0.277s] Level 1:colcon.colcon_core.package_identification:_identify(src/executor_pkg) by extension 'ignore_ament_install'
[0.277s] Level 1:colcon.colcon_core.package_identification:_identify(src/executor_pkg) by extensions ['colcon_pkg']
[0.277s] Level 1:colcon.colcon_core.package_identification:_identify(src/executor_pkg) by extension 'colcon_pkg'
[0.277s] Level 1:colcon.colcon_core.package_identification:_identify(src/executor_pkg) by extensions ['colcon_meta']
[0.277s] Level 1:colcon.colcon_core.package_identification:_identify(src/executor_pkg) by extension 'colcon_meta'
[0.277s] Level 1:colcon.colcon_core.package_identification:_identify(src/executor_pkg) by extensions ['ros']
[0.277s] Level 1:colcon.colcon_core.package_identification:_identify(src/executor_pkg) by extension 'ros'
[0.278s] DEBUG:colcon.colcon_core.package_identification:Package 'src/executor_pkg' with type 'ros.ament_cmake' and name 'executor_pkg'
[0.278s] Level 1:colcon.colcon_core.package_identification:_identify(src/robot_description) by extensions ['ignore', 'ignore_ament_install']
[0.278s] Level 1:colcon.colcon_core.package_identification:_identify(src/robot_description) by extension 'ignore'
[0.278s] Level 1:colcon.colcon_core.package_identification:_identify(src/robot_description) by extension 'ignore_ament_install'
[0.278s] Level 1:colcon.colcon_core.package_identification:_identify(src/robot_description) by extensions ['colcon_pkg']
[0.278s] Level 1:colcon.colcon_core.package_identification:_identify(src/robot_description) by extension 'colcon_pkg'
[0.278s] Level 1:colcon.colcon_core.package_identification:_identify(src/robot_description) by extensions ['colcon_meta']
[0.278s] Level 1:colcon.colcon_core.package_identification:_identify(src/robot_description) by extension 'colcon_meta'
[0.278s] Level 1:colcon.colcon_core.package_identification:_identify(src/robot_description) by extensions ['ros']
[0.278s] Level 1:colcon.colcon_core.package_identification:_identify(src/robot_description) by extension 'ros'
[0.279s] DEBUG:colcon.colcon_core.package_identification:Package 'src/robot_description' with type 'ros.ament_python' and name 'robot_description'
[0.279s] Level 1:colcon.colcon_core.package_identification:_identify(src/simple_obstacle_avoidance) by extensions ['ignore', 'ignore_ament_install']
[0.279s] Level 1:colcon.colcon_core.package_identification:_identify(src/simple_obstacle_avoidance) by extension 'ignore'
[0.279s] Level 1:colcon.colcon_core.package_identification:_identify(src/simple_obstacle_avoidance) by extension 'ignore_ament_install'
[0.279s] Level 1:colcon.colcon_core.package_identification:_identify(src/simple_obstacle_avoidance) by extensions ['colcon_pkg']
[0.279s] Level 1:colcon.colcon_core.package_identification:_identify(src/simple_obstacle_avoidance) by extension 'colcon_pkg'
[0.279s] Level 1:colcon.colcon_core.package_identification:_identify(src/simple_obstacle_avoidance) by extensions ['colcon_meta']
[0.279s] Level 1:colcon.colcon_core.package_identification:_identify(src/simple_obstacle_avoidance) by extension 'colcon_meta'
[0.279s] Level 1:colcon.colcon_core.package_identification:_identify(src/simple_obstacle_avoidance) by extensions ['ros']
[0.279s] Level 1:colcon.colcon_core.package_identification:_identify(src/simple_obstacle_avoidance) by extension 'ros'
[0.281s] DEBUG:colcon.colcon_core.package_identification:Package 'src/simple_obstacle_avoidance' with type 'ros.ament_cmake' and name 'simple_obstacle_avoidance'
[0.281s] Level 1:colcon.colcon_core.package_identification:_identify(src/topic_pkg) by extensions ['ignore', 'ignore_ament_install']
[0.281s] Level 1:colcon.colcon_core.package_identification:_identify(src/topic_pkg) by extension 'ignore'
[0.281s] Level 1:colcon.colcon_core.package_identification:_identify(src/topic_pkg) by extension 'ignore_ament_install'
[0.281s] Level 1:colcon.colcon_core.package_identification:_identify(src/topic_pkg) by extensions ['colcon_pkg']
[0.281s] Level 1:colcon.colcon_core.package_identification:_identify(src/topic_pkg) by extension 'colcon_pkg'
[0.281s] Level 1:colcon.colcon_core.package_identification:_identify(src/topic_pkg) by extensions ['colcon_meta']
[0.281s] Level 1:colcon.colcon_core.package_identification:_identify(src/topic_pkg) by extension 'colcon_meta'
[0.281s] Level 1:colcon.colcon_core.package_identification:_identify(src/topic_pkg) by extensions ['ros']
[0.281s] Level 1:colcon.colcon_core.package_identification:_identify(src/topic_pkg) by extension 'ros'
[0.282s] DEBUG:colcon.colcon_core.package_identification:Package 'src/topic_pkg' with type 'ros.ament_cmake' and name 'topic_pkg'
[0.282s] Level 1:colcon.colcon_core.package_discovery:discover_packages(recursive) using defaults
[0.282s] Level 1:colcon.colcon_core.package_discovery:discover_packages(ignore) discover
[0.282s] Level 1:colcon.colcon_core.package_discovery:discover_packages(ignore) using defaults
[0.282s] Level 1:colcon.colcon_core.package_discovery:discover_packages(path) discover
[0.282s] Level 1:colcon.colcon_core.package_discovery:discover_packages(path) using defaults
[0.306s] Level 1:colcon.colcon_core.package_discovery:discover_packages(prefix_path) check parameters
[0.306s] Level 1:colcon.colcon_core.package_discovery:discover_packages(prefix_path) discover
[0.307s] WARNING:colcon.colcon_ros.prefix_path.ament:The path '/home/enryu/Desktop/Path-Following-Robot/install/topic_pkg' in the environment variable AMENT_PREFIX_PATH doesn't exist
[0.307s] WARNING:colcon.colcon_ros.prefix_path.ament:The path '/home/enryu/Desktop/Path-Following-Robot/install/simple_obstacle_avoidance' in the environment variable AMENT_PREFIX_PATH doesn't exist
[0.307s] WARNING:colcon.colcon_ros.prefix_path.ament:The path '/home/enryu/Desktop/Path-Following-Robot/install/robot_description' in the environment variable AMENT_PREFIX_PATH doesn't exist
[0.307s] WARNING:colcon.colcon_ros.prefix_path.ament:The path '/home/enryu/Desktop/Path-Following-Robot/install/executor_pkg' in the environment variable AMENT_PREFIX_PATH doesn't exist
[0.307s] WARNING:colcon.colcon_ros.prefix_path.ament:The path '/home/enryu/Desktop/Path-Following-Robot/install/custom_interfaces' in the environment variable AMENT_PREFIX_PATH doesn't exist
[0.307s] WARNING:colcon.colcon_ros.prefix_path.catkin:The path '/home/enryu/Desktop/Path-Following-Robot/install/topic_pkg' in the environment variable CMAKE_PREFIX_PATH doesn't exist
[0.307s] WARNING:colcon.colcon_ros.prefix_path.catkin:The path '/home/enryu/Desktop/Path-Following-Robot/install/simple_obstacle_avoidance' in the environment variable CMAKE_PREFIX_PATH doesn't exist
[0.307s] WARNING:colcon.colcon_ros.prefix_path.catkin:The path '/home/enryu/Desktop/Path-Following-Robot/install/executor_pkg' in the environment variable CMAKE_PREFIX_PATH doesn't exist
[0.307s] WARNING:colcon.colcon_ros.prefix_path.catkin:The path '/home/enryu/Desktop/Path-Following-Robot/install/custom_interfaces' in the environment variable CMAKE_PREFIX_PATH doesn't exist
[0.308s] DEBUG:colcon.colcon_installed_package_information.package_discovery:Found 0 installed packages in /home/enryu/Desktop/Path-Following-Robot/install
[0.308s] DEBUG:colcon.colcon_installed_package_information.package_discovery:Found 2 installed packages in /home/enryu/Desktop/ros2_basic_cpp/mars_rover/install
[0.310s] DEBUG:colcon.colcon_installed_package_information.package_discovery:Found 302 installed packages in /opt/ros/humble
[0.311s] Level 1:colcon.colcon_core.package_discovery:discover_packages(prefix_path) using defaults
[0.348s] Level 5:colcon.colcon_core.verb:set package 'custom_interfaces' build argument 'cmake_args' from command line to 'None'
[0.348s] Level 5:colcon.colcon_core.verb:set package 'custom_interfaces' build argument 'cmake_target' from command line to 'None'
[0.348s] Level 5:colcon.colcon_core.verb:set package 'custom_interfaces' build argument 'cmake_target_skip_unavailable' from command line to 'False'
[0.348s] Level 5:colcon.colcon_core.verb:set package 'custom_interfaces' build argument 'cmake_clean_cache' from command line to 'False'
[0.348s] Level 5:colcon.colcon_core.verb:set package 'custom_interfaces' build argument 'cmake_clean_first' from command line to 'False'
[0.348s] Level 5:colcon.colcon_core.verb:set package 'custom_interfaces' build argument 'cmake_force_configure' from command line to 'False'
[0.348s] Level 5:colcon.colcon_core.verb:set package 'custom_interfaces' build argument 'ament_cmake_args' from command line to 'None'
[0.348s] Level 5:colcon.colcon_core.verb:set package 'custom_interfaces' build argument 'catkin_cmake_args' from command line to 'None'
[0.348s] Level 5:colcon.colcon_core.verb:set package 'custom_interfaces' build argument 'catkin_skip_building_tests' from command line to 'False'
[0.348s] DEBUG:colcon.colcon_core.verb:Building package 'custom_interfaces' with the following arguments: {'ament_cmake_args': None, 'build_base': '/home/enryu/Desktop/Path-Following-Robot/build/custom_interfaces', 'catkin_cmake_args': None, 'catkin_skip_building_tests': False, 'cmake_args': None, 'cmake_clean_cache': False, 'cmake_clean_first': False, 'cmake_force_configure': False, 'cmake_target': None, 'cmake_target_skip_unavailable': False, 'install_base': '/home/enryu/Desktop/Path-Following-Robot/install/custom_interfaces', 'merge_install': False, 'path': '/home/enryu/Desktop/Path-Following-Robot/src/custom_interfaces', 'symlink_install': False, 'test_result_base': None}
[0.348s] Level 5:colcon.colcon_core.verb:set package 'executor_pkg' build argument 'cmake_args' from command line to 'None'
[0.348s] Level 5:colcon.colcon_core.verb:set package 'executor_pkg' build argument 'cmake_target' from command line to 'None'
[0.348s] Level 5:colcon.colcon_core.verb:set package 'executor_pkg' build argument 'cmake_target_skip_unavailable' from command line to 'False'
[0.348s] Level 5:colcon.colcon_core.verb:set package 'executor_pkg' build argument 'cmake_clean_cache' from command line to 'False'
[0.348s] Level 5:colcon.colcon_core.verb:set package 'executor_pkg' build argument 'cmake_clean_first' from command line to 'False'
[0.349s] Level 5:colcon.colcon_core.verb:set package 'executor_pkg' build argument 'cmake_force_configure' from command line to 'False'
[0.349s] Level 5:colcon.colcon_core.verb:set package 'executor_pkg' build argument 'ament_cmake_args' from command line to 'None'
[0.349s] Level 5:colcon.colcon_core.verb:set package 'executor_pkg' build argument 'catkin_cmake_args' from command line to 'None'
[0.349s] Level 5:colcon.colcon_core.verb:set package 'executor_pkg' build argument 'catkin_skip_building_tests' from command line to 'False'
[0.349s] DEBUG:colcon.colcon_core.verb:Building package 'executor_pkg' with the following arguments: {'ament_cmake_args': None, 'build_base': '/home/enryu/Desktop/Path-Following-Robot/build/executor_pkg', 'catkin_cmake_args': None, 'catkin_skip_building_tests': False, 'cmake_args': None, 'cmake_clean_cache': False, 'cmake_clean_first': False, 'cmake_force_configure': False, 'cmake_target': None, 'cmake_target_skip_unavailable': False, 'install_base': '/home/enryu/Desktop/Path-Following-Robot/install/executor_pkg', 'merge_install': False, 'path': '/home/enryu/Desktop/Path-Following-Robot/src/executor_pkg', 'symlink_install': False, 'test_result_base': None}
[0.349s] Level 5:colcon.colcon_core.verb:set package 'robot_description' build argument 'cmake_args' from command line to 'None'
[0.349s] Level 5:colcon.colcon_core.verb:set package 'robot_description' build argument 'cmake_target' from command line to 'None'
[0.349s] Level 5:colcon.colcon_core.verb:set package 'robot_description' build argument 'cmake_target_skip_unavailable' from command line to 'False'
[0.349s] Level 5:colcon.colcon_core.verb:set package 'robot_description' build argument 'cmake_clean_cache' from command line to 'False'
[0.349s] Level 5:colcon.colcon_core.verb:set package 'robot_description' build argument 'cmake_clean_first' from command line to 'False'
[0.349s] Level 5:colcon.colcon_core.verb:set package 'robot_description' build argument 'cmake_force_configure' from command line to 'False'
[0.349s] Level 5:colcon.colcon_core.verb:set package 'robot_description' build argument 'ament_cmake_args' from command line to 'None'
[0.349s] Level 5:colcon.colcon_core.verb:set package 'robot_description' build argument 'catkin_cmake_args' from command line to 'None'
[0.349s] Level 5:colcon.colcon_core.verb:set package 'robot_description' build argument 'catkin_skip_building_tests' from command line to 'False'
[0.349s] DEBUG:colcon.colcon_core.verb:Building package 'robot_description' with the following arguments: {'ament_cmake_args': None, 'build_base': '/home/enryu/Desktop/Path-Following-Robot/build/robot_description', 'catkin_cmake_args': None, 'catkin_skip_building_tests': False, 'cmake_args': None, 'cmake_clean_cache': False, 'cmake_clean_first': False, 'cmake_force_configure': False, 'cmake_target': None, 'cmake_target_skip_unavailable': False, 'install_base': '/home/enryu/Desktop/Path-Following-Robot/install/robot_description', 'merge_install': False, 'path': '/home/enryu/Desktop/Path-Following-Robot/src/robot_description', 'symlink_install': False, 'test_result_base': None}
[0.349s] Level 5:colcon.colcon_core.verb:set package 'simple_obstacle_avoidance' build argument 'cmake_args' from command line to 'None'
[0.349s] Level 5:colcon.colcon_core.verb:set package 'simple_obstacle_avoidance' build argument 'cmake_target' from command line to 'None'
[0.349s] Level 5:colcon.colcon_core.verb:set package 'simple_obstacle_avoidance' build argument 'cmake_target_skip_unavailable' from command line to 'False'
[0.349s] Level 5:colcon.colcon_core.verb:set package 'simple_obstacle_avoidance' build argument 'cmake_clean_cache' from command line to 'False'
[0.349s] Level 5:colcon.colcon_core.verb:set package 'simple_obstacle_avoidance' build argument 'cmake_clean_first' from command line to 'False'
[0.349s] Level 5:colcon.colcon_core.verb:set package 'simple_obstacle_avoidance' build argument 'cmake_force_configure' from command line to 'False'
[0.350s] Level 5:colcon.colcon_core.verb:set package 'simple_obstacle_avoidance' build argument 'ament_cmake_args' from command line to 'None'
[0.350s] Level 5:colcon.colcon_core.verb:set package 'simple_obstacle_avoidance' build argument 'catkin_cmake_args' from command line to 'None'
[0.350s] Level 5:colcon.colcon_core.verb:set package 'simple_obstacle_avoidance' build argument 'catkin_skip_building_tests' from command line to 'False'
[0.350s] DEBUG:colcon.colcon_core.verb:Building package 'simple_obstacle_avoidance' with the following arguments: {'ament_cmake_args': None, 'build_base': '/home/enryu/Desktop/Path-Following-Robot/build/simple_obstacle_avoidance', 'catkin_cmake_args': None, 'catkin_skip_building_tests': False, 'cmake_args': None, 'cmake_clean_cache': False, 'cmake_clean_first': False, 'cmake_force_configure': False, 'cmake_target': None, 'cmake_target_skip_unavailable': False, 'install_base': '/home/enryu/Desktop/Path-Following-Robot/install/simple_obstacle_avoidance', 'merge_install': False, 'path': '/home/enryu/Desktop/Path-Following-Robot/src/simple_obstacle_avoidance', 'symlink_install': False, 'test_result_base': None}
[0.350s] Level 5:colcon.colcon_core.verb:set package 'topic_pkg' build argument 'cmake_args' from command line to 'None'
[0.350s] Level 5:colcon.colcon_core.verb:set package 'topic_pkg' build argument 'cmake_target' from command line to 'None'
[0.350s] Level 5:colcon.colcon_core.verb:set package 'topic_pkg' build argument 'cmake_target_skip_unavailable' from command line to 'False'
[0.350s] Level 5:colcon.colcon_core.verb:set package 'topic_pkg' build argument 'cmake_clean_cache' from command line to 'False'
[0.350s] Level 5:colcon.colcon_core.verb:set package 'topic_pkg' build argument 'cmake_clean_first' from command line to 'False'
[0.350s] Level 5:colcon.colcon_core.verb:set package 'topic_pkg' build argument 'cmake_force_configure' from command line to 'False'
[0.350s] Level 5:colcon.colcon_core.verb:set package 'topic_pkg' build argument 'ament_cmake_args' from command line to 'None'
[0.350s] Level 5:colcon.colcon_core.verb:set package 'topic_pkg' build argument 'catkin_cmake_args' from command line to 'None'
[0.350s] Level 5:colcon.colcon_core.verb:set package 'topic_pkg' build argument 'catkin_skip_building_tests' from command line to 'False'
[0.350s] DEBUG:colcon.colcon_core.verb:Building package 'topic_pkg' with the following arguments: {'ament_cmake_args': None, 'build_base': '/home/enryu/Desktop/Path-Following-Robot/build/topic_pkg', 'catkin_cmake_args': None, 'catkin_skip_building_tests': False, 'cmake_args': None, 'cmake_clean_cache': False, 'cmake_clean_first': False, 'cmake_force_configure': False, 'cmake_target': None, 'cmake_target_skip_unavailable': False, 'install_base': '/home/enryu/Desktop/Path-Following-Robot/install/topic_pkg', 'merge_install': False, 'path': '/home/enryu/Desktop/Path-Following-Robot/src/topic_pkg', 'symlink_install': False, 'test_result_base': None}
[0.350s] INFO:colcon.colcon_core.executor:Executing jobs using 'parallel' executor
[0.351s] DEBUG:colcon.colcon_parallel_executor.executor.parallel:run_until_complete
[0.351s] INFO:colcon.colcon_ros.task.ament_cmake.build:Building ROS package in '/home/enryu/Desktop/Path-Following-Robot/src/custom_interfaces' with build type 'ament_cmake'
[0.351s] INFO:colcon.colcon_cmake.task.cmake.build:Building CMake package in '/home/enryu/Desktop/Path-Following-Robot/src/custom_interfaces'
[0.353s] INFO:colcon.colcon_core.plugin_system:Skipping extension 'colcon_core.shell.bat': Not used on non-Windows systems
[0.354s] INFO:colcon.colcon_core.shell:Skip shell extension 'powershell' for command environment: Not usable outside of PowerShell
[0.354s] DEBUG:colcon.colcon_core.shell:Skip shell extension 'dsv' for command environment
[0.357s] INFO:colcon.colcon_ros.task.ament_cmake.build:Building ROS package in '/home/enryu/Desktop/Path-Following-Robot/src/executor_pkg' with build type 'ament_cmake'
[0.357s] INFO:colcon.colcon_cmake.task.cmake.build:Building CMake package in '/home/enryu/Desktop/Path-Following-Robot/src/executor_pkg'
[0.357s] INFO:colcon.colcon_core.shell:Skip shell extension 'powershell' for command environment: Not usable outside of PowerShell
[0.357s] DEBUG:colcon.colcon_core.shell:Skip shell extension 'dsv' for command environment
[0.360s] INFO:colcon.colcon_ros.task.ament_python.build:Building ROS package in '/home/enryu/Desktop/Path-Following-Robot/src/robot_description' with build type 'ament_python'
[0.360s] Level 1:colcon.colcon_core.shell:create_environment_hook('robot_description', 'ament_prefix_path')
[0.361s] INFO:colcon.colcon_core.shell:Creating environment hook '/home/enryu/Desktop/Path-Following-Robot/install/robot_description/share/robot_description/hook/ament_prefix_path.ps1'
[0.361s] INFO:colcon.colcon_core.shell:Creating environment descriptor '/home/enryu/Desktop/Path-Following-Robot/install/robot_description/share/robot_description/hook/ament_prefix_path.dsv'
[0.362s] INFO:colcon.colcon_core.shell:Creating environment hook '/home/enryu/Desktop/Path-Following-Robot/install/robot_description/share/robot_description/hook/ament_prefix_path.sh'
[0.362s] INFO:colcon.colcon_core.shell:Skip shell extension 'powershell' for command environment: Not usable outside of PowerShell
[0.362s] DEBUG:colcon.colcon_core.shell:Skip shell extension 'dsv' for command environment
[0.366s] INFO:colcon.colcon_ros.task.ament_cmake.build:Building ROS package in '/home/enryu/Desktop/Path-Following-Robot/src/simple_obstacle_avoidance' with build type 'ament_cmake'
[0.366s] INFO:colcon.colcon_cmake.task.cmake.build:Building CMake package in '/home/enryu/Desktop/Path-Following-Robot/src/simple_obstacle_avoidance'
[0.366s] INFO:colcon.colcon_core.shell:Skip shell extension 'powershell' for command environment: Not usable outside of PowerShell
[0.366s] DEBUG:colcon.colcon_core.shell:Skip shell extension 'dsv' for command environment
[0.370s] INFO:colcon.colcon_ros.task.ament_cmake.build:Building ROS package in '/home/enryu/Desktop/Path-Following-Robot/src/topic_pkg' with build type 'ament_cmake'
[0.370s] INFO:colcon.colcon_cmake.task.cmake.build:Building CMake package in '/home/enryu/Desktop/Path-Following-Robot/src/topic_pkg'
[0.370s] INFO:colcon.colcon_core.shell:Skip shell extension 'powershell' for command environment: Not usable outside of PowerShell
[0.370s] DEBUG:colcon.colcon_core.shell:Skip shell extension 'dsv' for command environment
[0.377s] DEBUG:colcon.colcon_core.event_handler.log_command:Invoking command in '/home/enryu/Desktop/Path-Following-Robot/build/custom_interfaces': CMAKE_PREFIX_PATH=${CMAKE_PREFIX_PATH}:/home/enryu/Desktop/Path-Following-Robot/install/robot_description:/opt/ros/humble /usr/bin/cmake /home/enryu/Desktop/Path-Following-Robot/src/custom_interfaces -DCMAKE_INSTALL_PREFIX=/home/enryu/Desktop/Path-Following-Robot/install/custom_interfaces
[0.379s] DEBUG:colcon.colcon_core.event_handler.log_command:Invoking command in '/home/enryu/Desktop/Path-Following-Robot/build/executor_pkg': CMAKE_PREFIX_PATH=${CMAKE_PREFIX_PATH}:/home/enryu/Desktop/Path-Following-Robot/install/robot_description:/opt/ros/humble /usr/bin/cmake /home/enryu/Desktop/Path-Following-Robot/src/executor_pkg -DCMAKE_INSTALL_PREFIX=/home/enryu/Desktop/Path-Following-Robot/install/executor_pkg
[0.639s] INFO:colcon.colcon_core.task.python.build:Building Python package in '/home/enryu/Desktop/Path-Following-Robot/src/robot_description'
[0.639s] INFO:colcon.colcon_core.shell:Skip shell extension 'powershell' for command environment: Not usable outside of PowerShell
[0.639s] DEBUG:colcon.colcon_core.shell:Skip shell extension 'dsv' for command environment
[0.647s] DEBUG:colcon.colcon_core.event_handler.log_command:Invoking command in '/home/enryu/Desktop/Path-Following-Robot/build/simple_obstacle_avoidance': CMAKE_PREFIX_PATH=${CMAKE_PREFIX_PATH}:/home/enryu/Desktop/Path-Following-Robot/install/robot_description:/opt/ros/humble /usr/bin/cmake /home/enryu/Desktop/Path-Following-Robot/src/simple_obstacle_avoidance -DCMAKE_INSTALL_PREFIX=/home/enryu/Desktop/Path-Following-Robot/install/simple_obstacle_avoidance
[0.653s] DEBUG:colcon.colcon_core.event_handler.log_command:Invoking command in '/home/enryu/Desktop/Path-Following-Robot/build/topic_pkg': CMAKE_PREFIX_PATH=${CMAKE_PREFIX_PATH}:/home/enryu/Desktop/Path-Following-Robot/install/robot_description:/opt/ros/humble /usr/bin/cmake /home/enryu/Desktop/Path-Following-Robot/src/topic_pkg -DCMAKE_INSTALL_PREFIX=/home/enryu/Desktop/Path-Following-Robot/install/topic_pkg
[1.057s] DEBUG:colcon.colcon_core.event_handler.log_command:Invoking command in '/home/enryu/Desktop/Path-Following-Robot/src/robot_description': PYTHONPATH=/home/enryu/Desktop/Path-Following-Robot/build/robot_description/prefix_override:/usr/lib/python3/dist-packages/colcon_core/task/python/colcon_distutils_commands:/home/enryu/Desktop/Path-Following-Robot/install/robot_description/lib/python3.10/site-packages:${PYTHONPATH} /usr/bin/python3 -W ignore:setup.py install is deprecated -W ignore:easy_install command is deprecated setup.py egg_info --egg-base ../../build/robot_description build --build-base /home/enryu/Desktop/Path-Following-Robot/build/robot_description/build install --record /home/enryu/Desktop/Path-Following-Robot/build/robot_description/install.log --single-version-externally-managed install_data
[1.409s] DEBUG:colcon.colcon_core.event_handler.log_command:Invoked command in '/home/enryu/Desktop/Path-Following-Robot/src/robot_description' returned '0': PYTHONPATH=/home/enryu/Desktop/Path-Following-Robot/build/robot_description/prefix_override:/usr/lib/python3/dist-packages/colcon_core/task/python/colcon_distutils_commands:/home/enryu/Desktop/Path-Following-Robot/install/robot_description/lib/python3.10/site-packages:${PYTHONPATH} /usr/bin/python3 -W ignore:setup.py install is deprecated -W ignore:easy_install command is deprecated setup.py egg_info --egg-base ../../build/robot_description build --build-base /home/enryu/Desktop/Path-Following-Robot/build/robot_description/build install --record /home/enryu/Desktop/Path-Following-Robot/build/robot_description/install.log --single-version-externally-managed install_data
[1.412s] Level 1:colcon.colcon_core.environment:checking '/home/enryu/Desktop/Path-Following-Robot/install/robot_description' for CMake module files
[1.413s] Level 1:colcon.colcon_core.environment:checking '/home/enryu/Desktop/Path-Following-Robot/install/robot_description' for CMake config files
[1.414s] Level 1:colcon.colcon_core.environment:checking '/home/enryu/Desktop/Path-Following-Robot/install/robot_description/lib'
[1.414s] Level 1:colcon.colcon_core.environment:checking '/home/enryu/Desktop/Path-Following-Robot/install/robot_description/bin'
[1.414s] Level 1:colcon.colcon_core.environment:checking '/home/enryu/Desktop/Path-Following-Robot/install/robot_description/lib/pkgconfig/robot_description.pc'
[1.415s] Level 1:colcon.colcon_core.environment:checking '/home/enryu/Desktop/Path-Following-Robot/install/robot_description/lib/python3.10/site-packages'
[1.415s] Level 1:colcon.colcon_core.shell:create_environment_hook('robot_description', 'pythonpath')
[1.415s] INFO:colcon.colcon_core.shell:Creating environment hook '/home/enryu/Desktop/Path-Following-Robot/install/robot_description/share/robot_description/hook/pythonpath.ps1'
[1.416s] INFO:colcon.colcon_core.shell:Creating environment descriptor '/home/enryu/Desktop/Path-Following-Robot/install/robot_description/share/robot_description/hook/pythonpath.dsv'
[1.416s] INFO:colcon.colcon_core.shell:Creating environment hook '/home/enryu/Desktop/Path-Following-Robot/install/robot_description/share/robot_description/hook/pythonpath.sh'
[1.417s] Level 1:colcon.colcon_core.environment:checking '/home/enryu/Desktop/Path-Following-Robot/install/robot_description/bin'
[1.417s] Level 1:colcon.colcon_core.environment:create_environment_scripts_only(robot_description)
[1.418s] INFO:colcon.colcon_core.shell:Creating package script '/home/enryu/Desktop/Path-Following-Robot/install/robot_description/share/robot_description/package.ps1'
[1.419s] INFO:colcon.colcon_core.shell:Creating package descriptor '/home/enryu/Desktop/Path-Following-Robot/install/robot_description/share/robot_description/package.dsv'
[1.420s] INFO:colcon.colcon_core.shell:Creating package script '/home/enryu/Desktop/Path-Following-Robot/install/robot_description/share/robot_description/package.sh'
[1.421s] INFO:colcon.colcon_core.shell:Creating package script '/home/enryu/Desktop/Path-Following-Robot/install/robot_description/share/robot_description/package.bash'
[1.423s] INFO:colcon.colcon_core.shell:Creating package script '/home/enryu/Desktop/Path-Following-Robot/install/robot_description/share/robot_description/package.zsh'
[1.424s] Level 1:colcon.colcon_core.environment:create_file_with_runtime_dependencies(/home/enryu/Desktop/Path-Following-Robot/install/robot_description/share/colcon-core/packages/robot_description)
[1.609s] DEBUG:colcon.colcon_core.event_handler.log_command:Invoked command in '/home/enryu/Desktop/Path-Following-Robot/build/executor_pkg' returned '0': CMAKE_PREFIX_PATH=${CMAKE_PREFIX_PATH}:/home/enryu/Desktop/Path-Following-Robot/install/robot_description:/opt/ros/humble /usr/bin/cmake /home/enryu/Desktop/Path-Following-Robot/src/executor_pkg -DCMAKE_INSTALL_PREFIX=/home/enryu/Desktop/Path-Following-Robot/install/executor_pkg
[1.611s] DEBUG:colcon.colcon_core.event_handler.log_command:Invoking command in '/home/enryu/Desktop/Path-Following-Robot/build/executor_pkg': CMAKE_PREFIX_PATH=${CMAKE_PREFIX_PATH}:/home/enryu/Desktop/Path-Following-Robot/install/robot_description:/opt/ros/humble /usr/bin/cmake --build /home/enryu/Desktop/Path-Following-Robot/build/executor_pkg -- -j12 -l12
[1.656s] DEBUG:colcon.colcon_core.event_handler.log_command:Invoked command in '/home/enryu/Desktop/Path-Following-Robot/build/executor_pkg' returned '0': CMAKE_PREFIX_PATH=${CMAKE_PREFIX_PATH}:/home/enryu/Desktop/Path-Following-Robot/install/robot_description:/opt/ros/humble /usr/bin/cmake --build /home/enryu/Desktop/Path-Following-Robot/build/executor_pkg -- -j12 -l12
[1.667s] DEBUG:colcon.colcon_core.event_handler.log_command:Invoking command in '/home/enryu/Desktop/Path-Following-Robot/build/executor_pkg': CMAKE_PREFIX_PATH=${CMAKE_PREFIX_PATH}:/home/enryu/Desktop/Path-Following-Robot/install/robot_description:/opt/ros/humble /usr/bin/cmake --install /home/enryu/Desktop/Path-Following-Robot/build/executor_pkg
[1.678s] Level 1:colcon.colcon_core.environment:create_environment_scripts_only(executor_pkg)
[1.678s] DEBUG:colcon.colcon_core.event_handler.log_command:Invoked command in '/home/enryu/Desktop/Path-Following-Robot/build/executor_pkg' returned '0': CMAKE_PREFIX_PATH=${CMAKE_PREFIX_PATH}:/home/enryu/Desktop/Path-Following-Robot/install/robot_description:/opt/ros/humble /usr/bin/cmake --install /home/enryu/Desktop/Path-Following-Robot/build/executor_pkg
[1.679s] Level 1:colcon.colcon_core.environment:checking '/home/enryu/Desktop/Path-Following-Robot/install/executor_pkg' for CMake module files
[1.679s] Level 1:colcon.colcon_core.environment:checking '/home/enryu/Desktop/Path-Following-Robot/install/executor_pkg' for CMake config files
[1.679s] Level 1:colcon.colcon_core.shell:create_environment_hook('executor_pkg', 'cmake_prefix_path')
[1.680s] INFO:colcon.colcon_core.shell:Creating environment hook '/home/enryu/Desktop/Path-Following-Robot/install/executor_pkg/share/executor_pkg/hook/cmake_prefix_path.ps1'
[1.680s] INFO:colcon.colcon_core.shell:Creating environment descriptor '/home/enryu/Desktop/Path-Following-Robot/install/executor_pkg/share/executor_pkg/hook/cmake_prefix_path.dsv'
[1.680s] INFO:colcon.colcon_core.shell:Creating environment hook '/home/enryu/Desktop/Path-Following-Robot/install/executor_pkg/share/executor_pkg/hook/cmake_prefix_path.sh'
[1.681s] Level 1:colcon.colcon_core.environment:checking '/home/enryu/Desktop/Path-Following-Robot/install/executor_pkg/bin'
[1.681s] Level 1:colcon.colcon_core.environment:checking '/home/enryu/Desktop/Path-Following-Robot/install/executor_pkg/lib/pkgconfig/executor_pkg.pc'
[1.681s] Level 1:colcon.colcon_core.environment:checking '/home/enryu/Desktop/Path-Following-Robot/install/executor_pkg/lib/python3.10/site-packages'
[1.681s] Level 1:colcon.colcon_core.environment:checking '/home/enryu/Desktop/Path-Following-Robot/install/executor_pkg/bin'
[1.682s] INFO:colcon.colcon_core.shell:Creating package script '/home/enryu/Desktop/Path-Following-Robot/install/executor_pkg/share/executor_pkg/package.ps1'
[1.682s] INFO:colcon.colcon_core.shell:Creating package descriptor '/home/enryu/Desktop/Path-Following-Robot/install/executor_pkg/share/executor_pkg/package.dsv'
[1.683s] INFO:colcon.colcon_core.shell:Creating package script '/home/enryu/Desktop/Path-Following-Robot/install/executor_pkg/share/executor_pkg/package.sh'
[1.683s] INFO:colcon.colcon_core.shell:Creating package script '/home/enryu/Desktop/Path-Following-Robot/install/executor_pkg/share/executor_pkg/package.bash'
[1.684s] INFO:colcon.colcon_core.shell:Creating package script '/home/enryu/Desktop/Path-Following-Robot/install/executor_pkg/share/executor_pkg/package.zsh'
[1.684s] Level 1:colcon.colcon_core.environment:create_file_with_runtime_dependencies(/home/enryu/Desktop/Path-Following-Robot/install/executor_pkg/share/colcon-core/packages/executor_pkg)
[1.685s] Level 1:colcon.colcon_core.environment:create_environment_scripts_only(executor_pkg)
[1.685s] Level 1:colcon.colcon_core.environment:checking '/home/enryu/Desktop/Path-Following-Robot/install/executor_pkg' for CMake module files
[1.685s] Level 1:colcon.colcon_core.environment:checking '/home/enryu/Desktop/Path-Following-Robot/install/executor_pkg' for CMake config files
[1.685s] Level 1:colcon.colcon_core.shell:create_environment_hook('executor_pkg', 'cmake_prefix_path')
[1.686s] INFO:colcon.colcon_core.shell:Creating environment hook '/home/enryu/Desktop/Path-Following-Robot/install/executor_pkg/share/executor_pkg/hook/cmake_prefix_path.ps1'
[1.686s] INFO:colcon.colcon_core.shell:Creating environment descriptor '/home/enryu/Desktop/Path-Following-Robot/install/executor_pkg/share/executor_pkg/hook/cmake_prefix_path.dsv'
[1.686s] INFO:colcon.colcon_core.shell:Creating environment hook '/home/enryu/Desktop/Path-Following-Robot/install/executor_pkg/share/executor_pkg/hook/cmake_prefix_path.sh'
[1.687s] Level 1:colcon.colcon_core.environment:checking '/home/enryu/Desktop/Path-Following-Robot/install/executor_pkg/bin'
[1.687s] Level 1:colcon.colcon_core.environment:checking '/home/enryu/Desktop/Path-Following-Robot/install/executor_pkg/lib/pkgconfig/executor_pkg.pc'
[1.687s] Level 1:colcon.colcon_core.environment:checking '/home/enryu/Desktop/Path-Following-Robot/install/executor_pkg/lib/python3.10/site-packages'
[1.687s] Level 1:colcon.colcon_core.environment:checking '/home/enryu/Desktop/Path-Following-Robot/install/executor_pkg/bin'
[1.688s] INFO:colcon.colcon_core.shell:Creating package script '/home/enryu/Desktop/Path-Following-Robot/install/executor_pkg/share/executor_pkg/package.ps1'
[1.688s] INFO:colcon.colcon_core.shell:Creating package descriptor '/home/enryu/Desktop/Path-Following-Robot/install/executor_pkg/share/executor_pkg/package.dsv'
[1.689s] INFO:colcon.colcon_core.shell:Creating package script '/home/enryu/Desktop/Path-Following-Robot/install/executor_pkg/share/executor_pkg/package.sh'
[1.689s] INFO:colcon.colcon_core.shell:Creating package script '/home/enryu/Desktop/Path-Following-Robot/install/executor_pkg/share/executor_pkg/package.bash'
[1.689s] INFO:colcon.colcon_core.shell:Creating package script '/home/enryu/Desktop/Path-Following-Robot/install/executor_pkg/share/executor_pkg/package.zsh'
[1.690s] Level 1:colcon.colcon_core.environment:create_file_with_runtime_dependencies(/home/enryu/Desktop/Path-Following-Robot/install/executor_pkg/share/colcon-core/packages/executor_pkg)
[1.899s] DEBUG:colcon.colcon_core.event_handler.log_command:Invoked command in '/home/enryu/Desktop/Path-Following-Robot/build/simple_obstacle_avoidance' returned '0': CMAKE_PREFIX_PATH=${CMAKE_PREFIX_PATH}:/home/enryu/Desktop/Path-Following-Robot/install/robot_description:/opt/ros/humble /usr/bin/cmake /home/enryu/Desktop/Path-Following-Robot/src/simple_obstacle_avoidance -DCMAKE_INSTALL_PREFIX=/home/enryu/Desktop/Path-Following-Robot/install/simple_obstacle_avoidance
[1.901s] DEBUG:colcon.colcon_core.event_handler.log_command:Invoking command in '/home/enryu/Desktop/Path-Following-Robot/build/simple_obstacle_avoidance': CMAKE_PREFIX_PATH=${CMAKE_PREFIX_PATH}:/home/enryu/Desktop/Path-Following-Robot/install/robot_description:/opt/ros/humble /usr/bin/cmake --build /home/enryu/Desktop/Path-Following-Robot/build/simple_obstacle_avoidance -- -j12 -l12
[1.955s] DEBUG:colcon.colcon_core.event_handler.log_command:Invoked command in '/home/enryu/Desktop/Path-Following-Robot/build/topic_pkg' returned '0': CMAKE_PREFIX_PATH=${CMAKE_PREFIX_PATH}:/home/enryu/Desktop/Path-Following-Robot/install/robot_description:/opt/ros/humble /usr/bin/cmake /home/enryu/Desktop/Path-Following-Robot/src/topic_pkg -DCMAKE_INSTALL_PREFIX=/home/enryu/Desktop/Path-Following-Robot/install/topic_pkg
[1.958s] DEBUG:colcon.colcon_core.event_handler.log_command:Invoking command in '/home/enryu/Desktop/Path-Following-Robot/build/topic_pkg': CMAKE_PREFIX_PATH=${CMAKE_PREFIX_PATH}:/home/enryu/Desktop/Path-Following-Robot/install/robot_description:/opt/ros/humble /usr/bin/cmake --build /home/enryu/Desktop/Path-Following-Robot/build/topic_pkg -- -j12 -l12
[2.426s] DEBUG:colcon.colcon_core.event_handler.log_command:Invoked command in '/home/enryu/Desktop/Path-Following-Robot/build/custom_interfaces' returned '0': CMAKE_PREFIX_PATH=${CMAKE_PREFIX_PATH}:/home/enryu/Desktop/Path-Following-Robot/install/robot_description:/opt/ros/humble /usr/bin/cmake /home/enryu/Desktop/Path-Following-Robot/src/custom_interfaces -DCMAKE_INSTALL_PREFIX=/home/enryu/Desktop/Path-Following-Robot/install/custom_interfaces
[2.428s] DEBUG:colcon.colcon_core.event_handler.log_command:Invoking command in '/home/enryu/Desktop/Path-Following-Robot/build/custom_interfaces': CMAKE_PREFIX_PATH=${CMAKE_PREFIX_PATH}:/home/enryu/Desktop/Path-Following-Robot/install/robot_description:/opt/ros/humble /usr/bin/cmake --build /home/enryu/Desktop/Path-Following-Robot/build/custom_interfaces -- -j12 -l12
[4.466s] DEBUG:colcon.colcon_core.event_handler.log_command:Invoked command in '/home/enryu/Desktop/Path-Following-Robot/build/custom_interfaces' returned '0': CMAKE_PREFIX_PATH=${CMAKE_PREFIX_PATH}:/home/enryu/Desktop/Path-Following-Robot/install/robot_description:/opt/ros/humble /usr/bin/cmake --build /home/enryu/Desktop/Path-Following-Robot/build/custom_interfaces -- -j12 -l12
[4.467s] DEBUG:colcon.colcon_core.event_handler.log_command:Invoking command in '/home/enryu/Desktop/Path-Following-Robot/build/custom_interfaces': CMAKE_PREFIX_PATH=${CMAKE_PREFIX_PATH}:/home/enryu/Desktop/Path-Following-Robot/install/robot_description:/opt/ros/humble /usr/bin/cmake --install /home/enryu/Desktop/Path-Following-Robot/build/custom_interfaces
[4.535s] Level 1:colcon.colcon_core.environment:create_environment_scripts_only(custom_interfaces)
[4.536s] Level 1:colcon.colcon_core.environment:checking '/home/enryu/Desktop/Path-Following-Robot/install/custom_interfaces' for CMake module files
[4.536s] DEBUG:colcon.colcon_core.event_handler.log_command:Invoked command in '/home/enryu/Desktop/Path-Following-Robot/build/custom_interfaces' returned '0': CMAKE_PREFIX_PATH=${CMAKE_PREFIX_PATH}:/home/enryu/Desktop/Path-Following-Robot/install/robot_description:/opt/ros/humble /usr/bin/cmake --install /home/enryu/Desktop/Path-Following-Robot/build/custom_interfaces
[4.537s] Level 1:colcon.colcon_core.environment:checking '/home/enryu/Desktop/Path-Following-Robot/install/custom_interfaces' for CMake config files
[4.537s] Level 1:colcon.colcon_core.shell:create_environment_hook('custom_interfaces', 'cmake_prefix_path')
[4.538s] INFO:colcon.colcon_core.shell:Creating environment hook '/home/enryu/Desktop/Path-Following-Robot/install/custom_interfaces/share/custom_interfaces/hook/cmake_prefix_path.ps1'
[4.538s] INFO:colcon.colcon_core.shell:Creating environment descriptor '/home/enryu/Desktop/Path-Following-Robot/install/custom_interfaces/share/custom_interfaces/hook/cmake_prefix_path.dsv'
[4.538s] INFO:colcon.colcon_core.shell:Creating environment hook '/home/enryu/Desktop/Path-Following-Robot/install/custom_interfaces/share/custom_interfaces/hook/cmake_prefix_path.sh'
[4.539s] Level 1:colcon.colcon_core.environment:checking '/home/enryu/Desktop/Path-Following-Robot/install/custom_interfaces/lib'
[4.539s] Level 1:colcon.colcon_core.shell:create_environment_hook('custom_interfaces', 'ld_library_path_lib')
[4.539s] INFO:colcon.colcon_core.shell:Creating environment hook '/home/enryu/Desktop/Path-Following-Robot/install/custom_interfaces/share/custom_interfaces/hook/ld_library_path_lib.ps1'
[4.539s] INFO:colcon.colcon_core.shell:Creating environment descriptor '/home/enryu/Desktop/Path-Following-Robot/install/custom_interfaces/share/custom_interfaces/hook/ld_library_path_lib.dsv'
[4.540s] INFO:colcon.colcon_core.shell:Creating environment hook '/home/enryu/Desktop/Path-Following-Robot/install/custom_interfaces/share/custom_interfaces/hook/ld_library_path_lib.sh'
[4.540s] Level 1:colcon.colcon_core.environment:checking '/home/enryu/Desktop/Path-Following-Robot/install/custom_interfaces/bin'
[4.540s] Level 1:colcon.colcon_core.environment:checking '/home/enryu/Desktop/Path-Following-Robot/install/custom_interfaces/lib/pkgconfig/custom_interfaces.pc'
[4.540s] Level 1:colcon.colcon_core.environment:checking '/home/enryu/Desktop/Path-Following-Robot/install/custom_interfaces/lib/python3.10/site-packages'
[4.540s] Level 1:colcon.colcon_core.environment:checking '/home/enryu/Desktop/Path-Following-Robot/install/custom_interfaces/bin'
[4.541s] INFO:colcon.colcon_core.shell:Creating package script '/home/enryu/Desktop/Path-Following-Robot/install/custom_interfaces/share/custom_interfaces/package.ps1'
[4.541s] INFO:colcon.colcon_core.shell:Creating package descriptor '/home/enryu/Desktop/Path-Following-Robot/install/custom_interfaces/share/custom_interfaces/package.dsv'
[4.542s] INFO:colcon.colcon_core.shell:Creating package script '/home/enryu/Desktop/Path-Following-Robot/install/custom_interfaces/share/custom_interfaces/package.sh'
[4.542s] INFO:colcon.colcon_core.shell:Creating package script '/home/enryu/Desktop/Path-Following-Robot/install/custom_interfaces/share/custom_interfaces/package.bash'
[4.542s] INFO:colcon.colcon_core.shell:Creating package script '/home/enryu/Desktop/Path-Following-Robot/install/custom_interfaces/share/custom_interfaces/package.zsh'
[4.543s] Level 1:colcon.colcon_core.environment:create_file_with_runtime_dependencies(/home/enryu/Desktop/Path-Following-Robot/install/custom_interfaces/share/colcon-core/packages/custom_interfaces)
[4.543s] Level 1:colcon.colcon_core.environment:create_environment_scripts_only(custom_interfaces)
[4.543s] Level 1:colcon.colcon_core.environment:checking '/home/enryu/Desktop/Path-Following-Robot/install/custom_interfaces' for CMake module files
[4.544s] Level 1:colcon.colcon_core.environment:checking '/home/enryu/Desktop/Path-Following-Robot/install/custom_interfaces' for CMake config files
[4.545s] Level 1:colcon.colcon_core.shell:create_environment_hook('custom_interfaces', 'cmake_prefix_path')
[4.545s] INFO:colcon.colcon_core.shell:Creating environment hook '/home/enryu/Desktop/Path-Following-Robot/install/custom_interfaces/share/custom_interfaces/hook/cmake_prefix_path.ps1'
[4.545s] INFO:colcon.colcon_core.shell:Creating environment descriptor '/home/enryu/Desktop/Path-Following-Robot/install/custom_interfaces/share/custom_interfaces/hook/cmake_prefix_path.dsv'
[4.545s] INFO:colcon.colcon_core.shell:Creating environment hook '/home/enryu/Desktop/Path-Following-Robot/install/custom_interfaces/share/custom_interfaces/hook/cmake_prefix_path.sh'
[4.546s] Level 1:colcon.colcon_core.environment:checking '/home/enryu/Desktop/Path-Following-Robot/install/custom_interfaces/lib'
[4.546s] Level 1:colcon.colcon_core.shell:create_environment_hook('custom_interfaces', 'ld_library_path_lib')
[4.546s] INFO:colcon.colcon_core.shell:Creating environment hook '/home/enryu/Desktop/Path-Following-Robot/install/custom_interfaces/share/custom_interfaces/hook/ld_library_path_lib.ps1'
[4.547s] INFO:colcon.colcon_core.shell:Creating environment descriptor '/home/enryu/Desktop/Path-Following-Robot/install/custom_interfaces/share/custom_interfaces/hook/ld_library_path_lib.dsv'
[4.547s] INFO:colcon.colcon_core.shell:Creating environment hook '/home/enryu/Desktop/Path-Following-Robot/install/custom_interfaces/share/custom_interfaces/hook/ld_library_path_lib.sh'
[4.547s] Level 1:colcon.colcon_core.environment:checking '/home/enryu/Desktop/Path-Following-Robot/install/custom_interfaces/bin'
[4.547s] Level 1:colcon.colcon_core.environment:checking '/home/enryu/Desktop/Path-Following-Robot/install/custom_interfaces/lib/pkgconfig/custom_interfaces.pc'
[4.548s] Level 1:colcon.colcon_core.environment:checking '/home/enryu/Desktop/Path-Following-Robot/install/custom_interfaces/lib/python3.10/site-packages'
[4.548s] Level 1:colcon.colcon_core.environment:checking '/home/enryu/Desktop/Path-Following-Robot/install/custom_interfaces/bin'
[4.548s] INFO:colcon.colcon_core.shell:Creating package script '/home/enryu/Desktop/Path-Following-Robot/install/custom_interfaces/share/custom_interfaces/package.ps1'
[4.549s] INFO:colcon.colcon_core.shell:Creating package descriptor '/home/enryu/Desktop/Path-Following-Robot/install/custom_interfaces/share/custom_interfaces/package.dsv'
[4.549s] INFO:colcon.colcon_core.shell:Creating package script '/home/enryu/Desktop/Path-Following-Robot/install/custom_interfaces/share/custom_interfaces/package.sh'
[4.549s] INFO:colcon.colcon_core.shell:Creating package script '/home/enryu/Desktop/Path-Following-Robot/install/custom_interfaces/share/custom_interfaces/package.bash'
[4.550s] INFO:colcon.colcon_core.shell:Creating package script '/home/enryu/Desktop/Path-Following-Robot/install/custom_interfaces/share/custom_interfaces/package.zsh'
[4.550s] Level 1:colcon.colcon_core.environment:create_file_with_runtime_dependencies(/home/enryu/Desktop/Path-Following-Robot/install/custom_interfaces/share/colcon-core/packages/custom_interfaces)
[10.050s] DEBUG:colcon.colcon_core.event_handler.log_command:Invoked command in '/home/enryu/Desktop/Path-Following-Robot/build/topic_pkg' returned '0': CMAKE_PREFIX_PATH=${CMAKE_PREFIX_PATH}:/home/enryu/Desktop/Path-Following-Robot/install/robot_description:/opt/ros/humble /usr/bin/cmake --build /home/enryu/Desktop/Path-Following-Robot/build/topic_pkg -- -j12 -l12
[10.052s] DEBUG:colcon.colcon_core.event_handler.log_command:Invoking command in '/home/enryu/Desktop/Path-Following-Robot/build/topic_pkg': CMAKE_PREFIX_PATH=${CMAKE_PREFIX_PATH}:/home/enryu/Desktop/Path-Following-Robot/install/robot_description:/opt/ros/humble /usr/bin/cmake --install /home/enryu/Desktop/Path-Following-Robot/build/topic_pkg
[10.069s] Level 1:colcon.colcon_core.environment:create_environment_scripts_only(topic_pkg)
[10.069s] Level 1:colcon.colcon_core.environment:checking '/home/enryu/Desktop/Path-Following-Robot/install/topic_pkg' for CMake module files
[10.069s] DEBUG:colcon.colcon_core.event_handler.log_command:Invoked command in '/home/enryu/Desktop/Path-Following-Robot/build/topic_pkg' returned '0': CMAKE_PREFIX_PATH=${CMAKE_PREFIX_PATH}:/home/enryu/Desktop/Path-Following-Robot/install/robot_description:/opt/ros/humble /usr/bin/cmake --install /home/enryu/Desktop/Path-Following-Robot/build/topic_pkg
[10.070s] Level 1:colcon.colcon_core.environment:checking '/home/enryu/Desktop/Path-Following-Robot/install/topic_pkg' for CMake config files
[10.070s] Level 1:colcon.colcon_core.shell:create_environment_hook('topic_pkg', 'cmake_prefix_path')
[10.070s] INFO:colcon.colcon_core.shell:Creating environment hook '/home/enryu/Desktop/Path-Following-Robot/install/topic_pkg/share/topic_pkg/hook/cmake_prefix_path.ps1'
[10.070s] INFO:colcon.colcon_core.shell:Creating environment descriptor '/home/enryu/Desktop/Path-Following-Robot/install/topic_pkg/share/topic_pkg/hook/cmake_prefix_path.dsv'
[10.071s] INFO:colcon.colcon_core.shell:Creating environment hook '/home/enryu/Desktop/Path-Following-Robot/install/topic_pkg/share/topic_pkg/hook/cmake_prefix_path.sh'
[10.071s] Level 1:colcon.colcon_core.environment:checking '/home/enryu/Desktop/Path-Following-Robot/install/topic_pkg/lib'
[10.071s] Level 1:colcon.colcon_core.environment:checking '/home/enryu/Desktop/Path-Following-Robot/install/topic_pkg/bin'
[10.071s] Level 1:colcon.colcon_core.environment:checking '/home/enryu/Desktop/Path-Following-Robot/install/topic_pkg/lib/pkgconfig/topic_pkg.pc'
[10.072s] Level 1:colcon.colcon_core.environment:checking '/home/enryu/Desktop/Path-Following-Robot/install/topic_pkg/lib/python3.10/site-packages'
[10.072s] Level 1:colcon.colcon_core.environment:checking '/home/enryu/Desktop/Path-Following-Robot/install/topic_pkg/bin'
[10.072s] INFO:colcon.colcon_core.shell:Creating package script '/home/enryu/Desktop/Path-Following-Robot/install/topic_pkg/share/topic_pkg/package.ps1'
[10.072s] INFO:colcon.colcon_core.shell:Creating package descriptor '/home/enryu/Desktop/Path-Following-Robot/install/topic_pkg/share/topic_pkg/package.dsv'
[10.073s] INFO:colcon.colcon_core.shell:Creating package script '/home/enryu/Desktop/Path-Following-Robot/install/topic_pkg/share/topic_pkg/package.sh'
[10.073s] INFO:colcon.colcon_core.shell:Creating package script '/home/enryu/Desktop/Path-Following-Robot/install/topic_pkg/share/topic_pkg/package.bash'
[10.073s] INFO:colcon.colcon_core.shell:Creating package script '/home/enryu/Desktop/Path-Following-Robot/install/topic_pkg/share/topic_pkg/package.zsh'
[10.074s] Level 1:colcon.colcon_core.environment:create_file_with_runtime_dependencies(/home/enryu/Desktop/Path-Following-Robot/install/topic_pkg/share/colcon-core/packages/topic_pkg)
[10.074s] Level 1:colcon.colcon_core.environment:create_environment_scripts_only(topic_pkg)
[10.075s] Level 1:colcon.colcon_core.environment:checking '/home/enryu/Desktop/Path-Following-Robot/install/topic_pkg' for CMake module files
[10.075s] Level 1:colcon.colcon_core.environment:checking '/home/enryu/Desktop/Path-Following-Robot/install/topic_pkg' for CMake config files
[10.075s] Level 1:colcon.colcon_core.shell:create_environment_hook('topic_pkg', 'cmake_prefix_path')
[10.076s] INFO:colcon.colcon_core.shell:Creating environment hook '/home/enryu/Desktop/Path-Following-Robot/install/topic_pkg/share/topic_pkg/hook/cmake_prefix_path.ps1'
[10.076s] INFO:colcon.colcon_core.shell:Creating environment descriptor '/home/enryu/Desktop/Path-Following-Robot/install/topic_pkg/share/topic_pkg/hook/cmake_prefix_path.dsv'
[10.076s] INFO:colcon.colcon_core.shell:Creating environment hook '/home/enryu/Desktop/Path-Following-Robot/install/topic_pkg/share/topic_pkg/hook/cmake_prefix_path.sh'
[10.077s] Level 1:colcon.colcon_core.environment:checking '/home/enryu/Desktop/Path-Following-Robot/install/topic_pkg/lib'
[10.077s] Level 1:colcon.colcon_core.environment:checking '/home/enryu/Desktop/Path-Following-Robot/install/topic_pkg/bin'
[10.077s] Level 1:colcon.colcon_core.environment:checking '/home/enryu/Desktop/Path-Following-Robot/install/topic_pkg/lib/pkgconfig/topic_pkg.pc'
[10.077s] Level 1:colcon.colcon_core.environment:checking '/home/enryu/Desktop/Path-Following-Robot/install/topic_pkg/lib/python3.10/site-packages'
[10.077s] Level 1:colcon.colcon_core.environment:checking '/home/enryu/Desktop/Path-Following-Robot/install/topic_pkg/bin'
[10.078s] INFO:colcon.colcon_core.shell:Creating package script '/home/enryu/Desktop/Path-Following-Robot/install/topic_pkg/share/topic_pkg/package.ps1'
[10.078s] INFO:colcon.colcon_core.shell:Creating package descriptor '/home/enryu/Desktop/Path-Following-Robot/install/topic_pkg/share/topic_pkg/package.dsv'
[10.079s] INFO:colcon.colcon_core.shell:Creating package script '/home/enryu/Desktop/Path-Following-Robot/install/topic_pkg/share/topic_pkg/package.sh'
[10.079s] INFO:colcon.colcon_core.shell:Creating package script '/home/enryu/Desktop/Path-Following-Robot/install/topic_pkg/share/topic_pkg/package.bash'
[10.079s] INFO:colcon.colcon_core.shell:Creating package script '/home/enryu/Desktop/Path-Following-Robot/install/topic_pkg/share/topic_pkg/package.zsh'
[10.080s] Level 1:colcon.colcon_core.environment:create_file_with_runtime_dependencies(/home/enryu/Desktop/Path-Following-Robot/install/topic_pkg/share/colcon-core/packages/topic_pkg)
[10.350s] DEBUG:colcon.colcon_core.event_handler.log_command:Invoked command in '/home/enryu/Desktop/Path-Following-Robot/build/simple_obstacle_avoidance' returned '0': CMAKE_PREFIX_PATH=${CMAKE_PREFIX_PATH}:/home/enryu/Desktop/Path-Following-Robot/install/robot_description:/opt/ros/humble /usr/bin/cmake --build /home/enryu/Desktop/Path-Following-Robot/build/simple_obstacle_avoidance -- -j12 -l12
[10.351s] DEBUG:colcon.colcon_core.event_handler.log_command:Invoking command in '/home/enryu/Desktop/Path-Following-Robot/build/simple_obstacle_avoidance': CMAKE_PREFIX_PATH=${CMAKE_PREFIX_PATH}:/home/enryu/Desktop/Path-Following-Robot/install/robot_description:/opt/ros/humble /usr/bin/cmake --install /home/enryu/Desktop/Path-Following-Robot/build/simple_obstacle_avoidance
[10.365s] Level 1:colcon.colcon_core.environment:create_environment_scripts_only(simple_obstacle_avoidance)
[10.365s] Level 1:colcon.colcon_core.environment:checking '/home/enryu/Desktop/Path-Following-Robot/install/simple_obstacle_avoidance' for CMake module files
[10.366s] DEBUG:colcon.colcon_core.event_handler.log_command:Invoked command in '/home/enryu/Desktop/Path-Following-Robot/build/simple_obstacle_avoidance' returned '0': CMAKE_PREFIX_PATH=${CMAKE_PREFIX_PATH}:/home/enryu/Desktop/Path-Following-Robot/install/robot_description:/opt/ros/humble /usr/bin/cmake --install /home/enryu/Desktop/Path-Following-Robot/build/simple_obstacle_avoidance
[10.366s] Level 1:colcon.colcon_core.environment:checking '/home/enryu/Desktop/Path-Following-Robot/install/simple_obstacle_avoidance' for CMake config files
[10.366s] Level 1:colcon.colcon_core.shell:create_environment_hook('simple_obstacle_avoidance', 'cmake_prefix_path')
[10.366s] INFO:colcon.colcon_core.shell:Creating environment hook '/home/enryu/Desktop/Path-Following-Robot/install/simple_obstacle_avoidance/share/simple_obstacle_avoidance/hook/cmake_prefix_path.ps1'
[10.367s] INFO:colcon.colcon_core.shell:Creating environment descriptor '/home/enryu/Desktop/Path-Following-Robot/install/simple_obstacle_avoidance/share/simple_obstacle_avoidance/hook/cmake_prefix_path.dsv'
[10.367s] INFO:colcon.colcon_core.shell:Creating environment hook '/home/enryu/Desktop/Path-Following-Robot/install/simple_obstacle_avoidance/share/simple_obstacle_avoidance/hook/cmake_prefix_path.sh'
[10.367s] Level 1:colcon.colcon_core.environment:checking '/home/enryu/Desktop/Path-Following-Robot/install/simple_obstacle_avoidance/lib'
[10.368s] Level 1:colcon.colcon_core.environment:checking '/home/enryu/Desktop/Path-Following-Robot/install/simple_obstacle_avoidance/bin'
[10.368s] Level 1:colcon.colcon_core.environment:checking '/home/enryu/Desktop/Path-Following-Robot/install/simple_obstacle_avoidance/lib/pkgconfig/simple_obstacle_avoidance.pc'
[10.368s] Level 1:colcon.colcon_core.environment:checking '/home/enryu/Desktop/Path-Following-Robot/install/simple_obstacle_avoidance/lib/python3.10/site-packages'
[10.368s] Level 1:colcon.colcon_core.environment:checking '/home/enryu/Desktop/Path-Following-Robot/install/simple_obstacle_avoidance/bin'
[10.368s] INFO:colcon.colcon_core.shell:Creating package script '/home/enryu/Desktop/Path-Following-Robot/install/simple_obstacle_avoidance/share/simple_obstacle_avoidance/package.ps1'
[10.369s] INFO:colcon.colcon_core.shell:Creating package descriptor '/home/enryu/Desktop/Path-Following-Robot/install/simple_obstacle_avoidance/share/simple_obstacle_avoidance/package.dsv'
[10.369s] INFO:colcon.colcon_core.shell:Creating package script '/home/enryu/Desktop/Path-Following-Robot/install/simple_obstacle_avoidance/share/simple_obstacle_avoidance/package.sh'
[10.369s] INFO:colcon.colcon_core.shell:Creating package script '/home/enryu/Desktop/Path-Following-Robot/install/simple_obstacle_avoidance/share/simple_obstacle_avoidance/package.bash'
[10.370s] INFO:colcon.colcon_core.shell:Creating package script '/home/enryu/Desktop/Path-Following-Robot/install/simple_obstacle_avoidance/share/simple_obstacle_avoidance/package.zsh'
[10.370s] Level 1:colcon.colcon_core.environment:create_file_with_runtime_dependencies(/home/enryu/Desktop/Path-Following-Robot/install/simple_obstacle_avoidance/share/colcon-core/packages/simple_obstacle_avoidance)
[10.371s] Level 1:colcon.colcon_core.environment:create_environment_scripts_only(simple_obstacle_avoidance)
[10.371s] Level 1:colcon.colcon_core.environment:checking '/home/enryu/Desktop/Path-Following-Robot/install/simple_obstacle_avoidance' for CMake module files
[10.371s] Level 1:colcon.colcon_core.environment:checking '/home/enryu/Desktop/Path-Following-Robot/install/simple_obstacle_avoidance' for CMake config files
[10.371s] Level 1:colcon.colcon_core.shell:create_environment_hook('simple_obstacle_avoidance', 'cmake_prefix_path')
[10.371s] INFO:colcon.colcon_core.shell:Creating environment hook '/home/enryu/Desktop/Path-Following-Robot/install/simple_obstacle_avoidance/share/simple_obstacle_avoidance/hook/cmake_prefix_path.ps1'
[10.372s] INFO:colcon.colcon_core.shell:Creating environment descriptor '/home/enryu/Desktop/Path-Following-Robot/install/simple_obstacle_avoidance/share/simple_obstacle_avoidance/hook/cmake_prefix_path.dsv'
[10.372s] INFO:colcon.colcon_core.shell:Creating environment hook '/home/enryu/Desktop/Path-Following-Robot/install/simple_obstacle_avoidance/share/simple_obstacle_avoidance/hook/cmake_prefix_path.sh'
[10.373s] Level 1:colcon.colcon_core.environment:checking '/home/enryu/Desktop/Path-Following-Robot/install/simple_obstacle_avoidance/lib'
[10.373s] Level 1:colcon.colcon_core.environment:checking '/home/enryu/Desktop/Path-Following-Robot/install/simple_obstacle_avoidance/bin'
[10.373s] Level 1:colcon.colcon_core.environment:checking '/home/enryu/Desktop/Path-Following-Robot/install/simple_obstacle_avoidance/lib/pkgconfig/simple_obstacle_avoidance.pc'
[10.373s] Level 1:colcon.colcon_core.environment:checking '/home/enryu/Desktop/Path-Following-Robot/install/simple_obstacle_avoidance/lib/python3.10/site-packages'
[10.373s] Level 1:colcon.colcon_core.environment:checking '/home/enryu/Desktop/Path-Following-Robot/install/simple_obstacle_avoidance/bin'
[10.373s] INFO:colcon.colcon_core.shell:Creating package script '/home/enryu/Desktop/Path-Following-Robot/install/simple_obstacle_avoidance/share/simple_obstacle_avoidance/package.ps1'
[10.374s] INFO:colcon.colcon_core.shell:Creating package descriptor '/home/enryu/Desktop/Path-Following-Robot/install/simple_obstacle_avoidance/share/simple_obstacle_avoidance/package.dsv'
[10.374s] INFO:colcon.colcon_core.shell:Creating package script '/home/enryu/Desktop/Path-Following-Robot/install/simple_obstacle_avoidance/share/simple_obstacle_avoidance/package.sh'
[10.375s] INFO:colcon.colcon_core.shell:Creating package script '/home/enryu/Desktop/Path-Following-Robot/install/simple_obstacle_avoidance/share/simple_obstacle_avoidance/package.bash'
[10.375s] INFO:colcon.colcon_core.shell:Creating package script '/home/enryu/Desktop/Path-Following-Robot/install/simple_obstacle_avoidance/share/simple_obstacle_avoidance/package.zsh'
[10.376s] Level 1:colcon.colcon_core.environment:create_file_with_runtime_dependencies(/home/enryu/Desktop/Path-Following-Robot/install/simple_obstacle_avoidance/share/colcon-core/packages/simple_obstacle_avoidance)
[10.376s] DEBUG:colcon.colcon_parallel_executor.executor.parallel:closing loop
[10.376s] DEBUG:colcon.colcon_parallel_executor.executor.parallel:loop closed
[10.376s] DEBUG:colcon.colcon_parallel_executor.executor.parallel:run_until_complete finished with '0'
[10.376s] DEBUG:colcon.colcon_core.event_reactor:joining thread
[10.381s] INFO:colcon.colcon_core.plugin_system:Skipping extension 'colcon_notification.desktop_notification.terminal_notifier': Not used on non-Darwin systems
[10.382s] INFO:colcon.colcon_core.plugin_system:Skipping extension 'colcon_notification.desktop_notification.win32': Not used on non-Windows systems
[10.382s] INFO:colcon.colcon_notification.desktop_notification:Sending desktop notification using 'notify2'
[10.392s] DEBUG:colcon.colcon_core.event_reactor:joined thread
[10.392s] INFO:colcon.colcon_core.shell:Creating prefix script '/home/enryu/Desktop/Path-Following-Robot/install/local_setup.ps1'
[10.393s] INFO:colcon.colcon_core.shell:Creating prefix util module '/home/enryu/Desktop/Path-Following-Robot/install/_local_setup_util_ps1.py'
[10.395s] INFO:colcon.colcon_core.shell:Creating prefix chain script '/home/enryu/Desktop/Path-Following-Robot/install/setup.ps1'
[10.396s] INFO:colcon.colcon_core.shell:Creating prefix script '/home/enryu/Desktop/Path-Following-Robot/install/local_setup.sh'
[10.397s] INFO:colcon.colcon_core.shell:Creating prefix util module '/home/enryu/Desktop/Path-Following-Robot/install/_local_setup_util_sh.py'
[10.397s] INFO:colcon.colcon_core.shell:Creating prefix chain script '/home/enryu/Desktop/Path-Following-Robot/install/setup.sh'
[10.398s] INFO:colcon.colcon_core.shell:Creating prefix script '/home/enryu/Desktop/Path-Following-Robot/install/local_setup.bash'
[10.399s] INFO:colcon.colcon_core.shell:Creating prefix chain script '/home/enryu/Desktop/Path-Following-Robot/install/setup.bash'
[10.400s] INFO:colcon.colcon_core.shell:Creating prefix script '/home/enryu/Desktop/Path-Following-Robot/install/local_setup.zsh'
[10.400s] INFO:colcon.colcon_core.shell:Creating prefix chain script '/home/enryu/Desktop/Path-Following-Robot/install/setup.zsh'
